<?xml version="1.0" encoding="UTF-8"?>
<!-- Generated by org.testng.reporters.JUnitXMLReporter -->
<testsuite hostname="IVF111" ignored="0" name="Default test" tests="3" failures="0" timestamp="18 Sep 2018 06:24:16 GMT" time="68.219" errors="0">
  <testcase name="GetPrescriptionTestTitleTest" time="0.453" classname="com_Milan_Test.PrescriptionPageTest"/>
  <testcase name="TodaysPrescriptionTest" time="1.618" classname="com_Milan_Test.PrescriptionPageTest"/>
  <testcase name="SetFavoriteDrugsTest" time="3.388" classname="com_Milan_Test.PrescriptionPageTest"/>
</testsuite> <!-- Default test -->
