<?xml version="1.0" encoding="UTF-8"?>
<!-- Generated by org.testng.reporters.JUnitXMLReporter -->
<testsuite hostname="IVF111" ignored="1" name="Default test" tests="10" failures="0" timestamp="21 Jun 2018 16:14:04 GMT" time="842.485" errors="0">
  <testcase name="ClickonNewCycleTest" time="5.577" classname="com_Milan_Test.CycleListPageTest"/>
  <testcase name="CycleListTitleTest" time="0.261" classname="com_Milan_Test.CycleListPageTest"/>
  <testcase name="NewCycleButtonEnableConditionTest" time="0.573" classname="com_Milan_Test.CycleListPageTest"/>
  <testcase name="EnabledconditionARTTypeTest" time="5.52" classname="com_Milan_Test.CycleListPageTest"/>
  <testcase name="ProtocolandselectionTest" time="7.919" classname="com_Milan_Test.CycleListPageTest"/>
  <testcase name="MethodOfSemenCollectionTest" time="5.934" classname="com_Milan_Test.CycleListPageTest"/>
  <testcase name="SourceofspermPartnerTest" time="5.772" classname="com_Milan_Test.CycleListPageTest"/>
  <testcase name="SourceofSpermselectionDonorTest" time="6.106" classname="com_Milan_Test.CycleListPageTest"/>
  <testcase name="SimulationDrugTest" time="7.24" classname="com_Milan_Test.CycleListPageTest"/>
  <testcase name="SaveTheCycleTest" time="52.166" classname="com_Milan_Test.CycleListPageTest"/>
  <testcase name="ARTTypeOptionTest" time="0.0" classname="com_Milan_Test.CycleListPageTest">
    <ignored/>
  </testcase> <!-- ARTTypeOptionTest -->
</testsuite> <!-- Default test -->
