<?xml version="1.0" encoding="UTF-8"?>
<!-- Generated by org.testng.reporters.JUnitXMLReporter -->
<testsuite hostname="IVF111" ignored="3" tests="0" failures="0" timestamp="12 Aug 2018 13:11:13 GMT" time="0.015" errors="0">
  <testcase name="BMITest" time="0.0" classname="com_Milan_Test.WVitalsTest">
    <ignored/>
  </testcase> <!-- BMITest -->
  <testcase name="BPSystolicBundryValueTest" time="0.0" classname="com_Milan_Test.WVitalsTest">
    <ignored/>
  </testcase> <!-- BPSystolicBundryValueTest -->
  <testcase name="SaveAllVitalsValuesTest" time="0.0" classname="com_Milan_Test.WVitalsTest">
    <ignored/>
  </testcase> <!-- SaveAllVitalsValuesTest -->
</testsuite>
