<?xml version="1.0" encoding="UTF-8"?>
<!-- Generated by org.testng.reporters.JUnitXMLReporter -->
<testsuite hostname="IVF111" ignored="0" name="Default test" tests="6" failures="0" timestamp="01 Jun 2018 06:47:39 GMT" time="256.289" errors="0">
  <testcase name="SearchcycleTest" time="3.691" classname="com_Milan_Test.WOPUCycyclePageTest"/>
  <testcase name="NoofCyclesTest" time="36.627" classname="com_Milan_Test.WOPUCycyclePageTest"/>
  <testcase name="OPUsubtypeICSITest" time="35.142" classname="com_Milan_Test.WOPUCycyclePageTest"/>
  <testcase name="ARTCycleAvailabilityMessageTest" time="5.9" classname="com_Milan_Test.WOPUCycyclePageTest"/>
  <testcase name="DeleteARTCycleTest" time="3.475" classname="com_Milan_Test.WOPUCycyclePageTest"/>
  <testcase name="ClickonCycletabTest" time="36.347" classname="com_Milan_Test.WOPUCycyclePageTest"/>
</testsuite> <!-- Default test -->
