<?xml version="1.0" encoding="UTF-8"?>
<!-- Generated by org.testng.reporters.JUnitXMLReporter -->
<testsuite hostname="IVF111" ignored="0" name="Default test" tests="21" failures="1" timestamp="15 Jul 2018 13:40:58 GMT" time="42.498" errors="0">
  <testcase name="@BeforeMethod Setup" time="34.761" classname="com_Milan_Test.WAddictionsTest">
    <failure type="org.openqa.selenium.StaleElementReferenceException" message="stale element reference: element is not attached to the page document
  (Session info: chrome=67.0.3396.99)
  (Driver info: chromedriver=2.36.540470 (e522d04694c7ebea4ba8821272dbef4f9b818c91),platform=Windows NT 6.3.9600 x86_64) (WARNING: The server did not provide any stacktrace information)
Command duration or timeout: 0 milliseconds
For documentation on this error, please visit: http://seleniumhq.org/exceptions/stale_element_reference.html
Build info: version: &amp;apos;3.5.3&amp;apos;, revision: &amp;apos;a88d25fe6b&amp;apos;, time: &amp;apos;2017-08-29T12:42:44.417Z&amp;apos;
System info: host: &amp;apos;IVF111&amp;apos;, ip: &amp;apos;192.168.1.56&amp;apos;, os.name: &amp;apos;Windows 8.1&amp;apos;, os.arch: &amp;apos;amd64&amp;apos;, os.version: &amp;apos;6.3&amp;apos;, java.version: &amp;apos;1.8.0_161&amp;apos;
Driver info: org.openqa.selenium.chrome.ChromeDriver
Capabilities [{mobileEmulationEnabled=false, hasTouchScreen=false, platform=WIN8_1, acceptSslCerts=false, acceptInsecureCerts=false, webStorageEnabled=true, browserName=chrome, takesScreenshot=true, javascriptEnabled=true, platformName=WIN8_1, setWindowRect=true, unexpectedAlertBehaviour=, applicationCacheEnabled=false, rotatable=false, networkConnectionEnabled=false, chrome={chromedriverVersion=2.36.540470 (e522d04694c7ebea4ba8821272dbef4f9b818c91), userDataDir=C:\Users\paragb\AppData\Local\Temp\scoped_dir23544_15435}, takesHeapSnapshot=true, pageLoadStrategy=normal, unhandledPromptBehavior=, databaseEnabled=false, handlesAlerts=true, version=67.0.3396.99, browserConnectionEnabled=false, nativeEvents=true, locationContextEnabled=true, cssSelectorsEnabled=true}]
Session ID: c2e334fea6885bf4daabfbafeb421bd1">
      <![CDATA[org.openqa.selenium.StaleElementReferenceException: stale element reference: element is not attached to the page document
  (Session info: chrome=67.0.3396.99)
  (Driver info: chromedriver=2.36.540470 (e522d04694c7ebea4ba8821272dbef4f9b818c91),platform=Windows NT 6.3.9600 x86_64) (WARNING: The server did not provide any stacktrace information)
Command duration or timeout: 0 milliseconds
For documentation on this error, please visit: http://seleniumhq.org/exceptions/stale_element_reference.html
Build info: version: '3.5.3', revision: 'a88d25fe6b', time: '2017-08-29T12:42:44.417Z'
System info: host: 'IVF111', ip: '192.168.1.56', os.name: 'Windows 8.1', os.arch: 'amd64', os.version: '6.3', java.version: '1.8.0_161'
Driver info: org.openqa.selenium.chrome.ChromeDriver
Capabilities [{mobileEmulationEnabled=false, hasTouchScreen=false, platform=WIN8_1, acceptSslCerts=false, acceptInsecureCerts=false, webStorageEnabled=true, browserName=chrome, takesScreenshot=true, javascriptEnabled=true, platformName=WIN8_1, setWindowRect=true, unexpectedAlertBehaviour=, applicationCacheEnabled=false, rotatable=false, networkConnectionEnabled=false, chrome={chromedriverVersion=2.36.540470 (e522d04694c7ebea4ba8821272dbef4f9b818c91), userDataDir=C:\Users\paragb\AppData\Local\Temp\scoped_dir23544_15435}, takesHeapSnapshot=true, pageLoadStrategy=normal, unhandledPromptBehavior=, databaseEnabled=false, handlesAlerts=true, version=67.0.3396.99, browserConnectionEnabled=false, nativeEvents=true, locationContextEnabled=true, cssSelectorsEnabled=true}]
Session ID: c2e334fea6885bf4daabfbafeb421bd1
	at sun.reflect.NativeConstructorAccessorImpl.newInstance0(Native Method)
	at sun.reflect.NativeConstructorAccessorImpl.newInstance(Unknown Source)
	at sun.reflect.DelegatingConstructorAccessorImpl.newInstance(Unknown Source)
	at java.lang.reflect.Constructor.newInstance(Unknown Source)
	at org.openqa.selenium.remote.ErrorHandler.createThrowable(ErrorHandler.java:215)
	at org.openqa.selenium.remote.ErrorHandler.throwIfResponseFailed(ErrorHandler.java:167)
	at org.openqa.selenium.remote.http.JsonHttpResponseCodec.reconstructValue(JsonHttpResponseCodec.java:40)
	at org.openqa.selenium.remote.http.AbstractHttpResponseCodec.decode(AbstractHttpResponseCodec.java:82)
	at org.openqa.selenium.remote.http.AbstractHttpResponseCodec.decode(AbstractHttpResponseCodec.java:45)
	at org.openqa.selenium.remote.HttpCommandExecutor.execute(HttpCommandExecutor.java:164)
	at org.openqa.selenium.remote.service.DriverCommandExecutor.execute(DriverCommandExecutor.java:82)
	at org.openqa.selenium.remote.RemoteWebDriver.execute(RemoteWebDriver.java:646)
	at org.openqa.selenium.remote.RemoteWebElement.execute(RemoteWebElement.java:275)
	at org.openqa.selenium.remote.RemoteWebElement.getText(RemoteWebElement.java:159)
	at sun.reflect.NativeMethodAccessorImpl.invoke0(Native Method)
	at sun.reflect.NativeMethodAccessorImpl.invoke(Unknown Source)
	at sun.reflect.DelegatingMethodAccessorImpl.invoke(Unknown Source)
	at java.lang.reflect.Method.invoke(Unknown Source)
	at org.openqa.selenium.support.events.EventFiringWebDriver$EventFiringWebElement$1.invoke(EventFiringWebDriver.java:350)
	at com.sun.proxy.$Proxy14.getText(Unknown Source)
	at org.openqa.selenium.support.events.EventFiringWebDriver$EventFiringWebElement.getText(EventFiringWebDriver.java:400)
	at com_milan_POM.HomePage.searchPaient(HomePage.java:285)
	at com_Milan_Test.WAddictionsTest.Setup(WAddictionsTest.java:49)
	at sun.reflect.NativeMethodAccessorImpl.invoke0(Native Method)
	at sun.reflect.NativeMethodAccessorImpl.invoke(Unknown Source)
	at sun.reflect.DelegatingMethodAccessorImpl.invoke(Unknown Source)
	at java.lang.reflect.Method.invoke(Unknown Source)
	at org.testng.internal.MethodInvocationHelper.invokeMethod(MethodInvocationHelper.java:108)
	at org.testng.internal.Invoker.invokeConfigurationMethod(Invoker.java:523)
	at org.testng.internal.Invoker.invokeConfigurations(Invoker.java:224)
	at org.testng.internal.Invoker.invokeMethod(Invoker.java:599)
	at org.testng.internal.Invoker.invokeTestMethod(Invoker.java:869)
	at org.testng.internal.Invoker.invokeTestMethods(Invoker.java:1193)
	at org.testng.internal.TestMethodWorker.invokeTestMethods(TestMethodWorker.java:126)
	at org.testng.internal.TestMethodWorker.run(TestMethodWorker.java:109)
	at org.testng.TestRunner.privateRun(TestRunner.java:744)
	at org.testng.TestRunner.run(TestRunner.java:602)
	at org.testng.SuiteRunner.runTest(SuiteRunner.java:380)
	at org.testng.SuiteRunner.runSequentially(SuiteRunner.java:375)
	at org.testng.SuiteRunner.privateRun(SuiteRunner.java:340)
	at org.testng.SuiteRunner.run(SuiteRunner.java:289)
	at org.testng.SuiteRunnerWorker.runSuite(SuiteRunnerWorker.java:52)
	at org.testng.SuiteRunnerWorker.run(SuiteRunnerWorker.java:86)
	at org.testng.TestNG.runSuitesSequentially(TestNG.java:1301)
	at org.testng.TestNG.runSuitesLocally(TestNG.java:1226)
	at org.testng.TestNG.runSuites(TestNG.java:1144)
	at org.testng.TestNG.run(TestNG.java:1115)
	at org.testng.remote.AbstractRemoteTestNG.run(AbstractRemoteTestNG.java:114)
	at org.testng.remote.RemoteTestNG.initAndRun(RemoteTestNG.java:251)
	at org.testng.remote.RemoteTestNG.main(RemoteTestNG.java:77)
]]>
    </failure>
  </testcase> <!-- @BeforeMethod Setup -->
  <testcase name="@BeforeMethod Setup" time="0.0" classname="com_Milan_Test.WAddictionsTest">
    <skipped/>
  </testcase> <!-- @BeforeMethod Setup -->
  <testcase name="@BeforeMethod Setup" time="0.0" classname="com_Milan_Test.WAddictionsTest">
    <skipped/>
  </testcase> <!-- @BeforeMethod Setup -->
  <testcase name="@BeforeMethod Setup" time="0.0" classname="com_Milan_Test.WAddictionsTest">
    <skipped/>
  </testcase> <!-- @BeforeMethod Setup -->
  <testcase name="@BeforeMethod Setup" time="0.0" classname="com_Milan_Test.WAddictionsTest">
    <skipped/>
  </testcase> <!-- @BeforeMethod Setup -->
  <testcase name="@BeforeMethod Setup" time="0.0" classname="com_Milan_Test.WAddictionsTest">
    <skipped/>
  </testcase> <!-- @BeforeMethod Setup -->
  <testcase name="@BeforeMethod Setup" time="0.0" classname="com_Milan_Test.WAddictionsTest">
    <skipped/>
  </testcase> <!-- @BeforeMethod Setup -->
  <testcase name="@BeforeMethod Setup" time="0.0" classname="com_Milan_Test.WAddictionsTest">
    <skipped/>
  </testcase> <!-- @BeforeMethod Setup -->
  <testcase name="@BeforeMethod Setup" time="0.0" classname="com_Milan_Test.WAddictionsTest">
    <skipped/>
  </testcase> <!-- @BeforeMethod Setup -->
  <testcase name="@BeforeMethod Setup" time="0.0" classname="com_Milan_Test.WAddictionsTest">
    <skipped/>
  </testcase> <!-- @BeforeMethod Setup -->
  <testcase name="@BeforeMethod Setup" time="0.0" classname="com_Milan_Test.WAddictionsTest">
    <skipped/>
  </testcase> <!-- @BeforeMethod Setup -->
  <testcase name="@BeforeMethod Setup" time="0.0" classname="com_Milan_Test.WAddictionsTest">
    <skipped/>
  </testcase> <!-- @BeforeMethod Setup -->
  <testcase name="@BeforeMethod Setup" time="0.0" classname="com_Milan_Test.WAddictionsTest">
    <skipped/>
  </testcase> <!-- @BeforeMethod Setup -->
  <testcase name="@BeforeMethod Setup" time="0.0" classname="com_Milan_Test.WAddictionsTest">
    <skipped/>
  </testcase> <!-- @BeforeMethod Setup -->
  <testcase name="@BeforeMethod Setup" time="0.0" classname="com_Milan_Test.WAddictionsTest">
    <skipped/>
  </testcase> <!-- @BeforeMethod Setup -->
  <testcase name="@BeforeMethod Setup" time="0.0" classname="com_Milan_Test.WAddictionsTest">
    <skipped/>
  </testcase> <!-- @BeforeMethod Setup -->
  <testcase name="@BeforeMethod Setup" time="0.0" classname="com_Milan_Test.WAddictionsTest">
    <skipped/>
  </testcase> <!-- @BeforeMethod Setup -->
  <testcase name="@BeforeMethod Setup" time="0.0" classname="com_Milan_Test.WAddictionsTest">
    <skipped/>
  </testcase> <!-- @BeforeMethod Setup -->
  <testcase name="@BeforeMethod Setup" time="0.0" classname="com_Milan_Test.WAddictionsTest">
    <skipped/>
  </testcase> <!-- @BeforeMethod Setup -->
  <testcase name="@BeforeMethod Setup" time="0.0" classname="com_Milan_Test.WAddictionsTest">
    <skipped/>
  </testcase> <!-- @BeforeMethod Setup -->
  <testcase name="CurrentStatusEnableConditionSmokeTest" time="0.0" classname="com_Milan_Test.WAddictionsTest">
    <skipped/>
  </testcase> <!-- CurrentStatusEnableConditionSmokeTest -->
  <testcase name="CurrentStatusEnableConditionAlkoholTest" time="0.0" classname="com_Milan_Test.WAddictionsTest">
    <skipped/>
  </testcase> <!-- CurrentStatusEnableConditionAlkoholTest -->
  <testcase name="CurrentStatusEnableConditionTobacoTest" time="0.0" classname="com_Milan_Test.WAddictionsTest">
    <skipped/>
  </testcase> <!-- CurrentStatusEnableConditionTobacoTest -->
  <testcase name="CurrentStatusEnableConditionAdictionTest" time="0.0" classname="com_Milan_Test.WAddictionsTest">
    <skipped/>
  </testcase> <!-- CurrentStatusEnableConditionAdictionTest -->
  <testcase name="CurrentStatusEnableConditionCaffeineAddictionTest" time="0.0" classname="com_Milan_Test.WAddictionsTest">
    <skipped/>
  </testcase> <!-- CurrentStatusEnableConditionCaffeineAddictionTest -->
  <testcase name="SenceWhenEnableconditionSinceWhenYearSmokeTest" time="0.0" classname="com_Milan_Test.WAddictionsTest">
    <skipped/>
  </testcase> <!-- SenceWhenEnableconditionSinceWhenYearSmokeTest -->
  <testcase name="SenceWhenEnableconditionSinceWhenYearAlkoholTest" time="0.0" classname="com_Milan_Test.WAddictionsTest">
    <skipped/>
  </testcase> <!-- SenceWhenEnableconditionSinceWhenYearAlkoholTest -->
  <testcase name="SenceWhenEnableconditionSinceWhenYearTobacoTest" time="0.0" classname="com_Milan_Test.WAddictionsTest">
    <skipped/>
  </testcase> <!-- SenceWhenEnableconditionSinceWhenYearTobacoTest -->
  <testcase name="SenceWhenEnableconditionSinceWhenDrugAddictionYearTest" time="0.0" classname="com_Milan_Test.WAddictionsTest">
    <skipped/>
  </testcase> <!-- SenceWhenEnableconditionSinceWhenDrugAddictionYearTest -->
  <testcase name="SinceWhenEnableconditionSinceWhenCaffeineAddictionTest" time="0.0" classname="com_Milan_Test.WAddictionsTest">
    <skipped/>
  </testcase> <!-- SinceWhenEnableconditionSinceWhenCaffeineAddictionTest -->
  <testcase name="SinceWhenEnableconditionSinceWhenMonthSmokeTest" time="0.0" classname="com_Milan_Test.WAddictionsTest">
    <skipped/>
  </testcase> <!-- SinceWhenEnableconditionSinceWhenMonthSmokeTest -->
  <testcase name="SinceWhenEnableconditionSinceWhenMonthAlkoholTest" time="0.0" classname="com_Milan_Test.WAddictionsTest">
    <skipped/>
  </testcase> <!-- SinceWhenEnableconditionSinceWhenMonthAlkoholTest -->
  <testcase name="SinceWhenEnableconditionSinceWhenMonthTobocoTest" time="0.0" classname="com_Milan_Test.WAddictionsTest">
    <skipped/>
  </testcase> <!-- SinceWhenEnableconditionSinceWhenMonthTobocoTest -->
  <testcase name="SinceWhenEnableconditionSinceWhenMonthForDrugAdictionTest" time="0.0" classname="com_Milan_Test.WAddictionsTest">
    <skipped/>
  </testcase> <!-- SinceWhenEnableconditionSinceWhenMonthForDrugAdictionTest -->
  <testcase name="SinceWhenEnableconditionSinceWhenMonthForCaffeineAddictionTest" time="0.0" classname="com_Milan_Test.WAddictionsTest">
    <skipped/>
  </testcase> <!-- SinceWhenEnableconditionSinceWhenMonthForCaffeineAddictionTest -->
  <testcase name="saveAdictionsTest" time="0.0" classname="com_Milan_Test.WAddictionsTest">
    <skipped/>
  </testcase> <!-- saveAdictionsTest -->
  <testcase name="saveAdictionsTest" time="0.0" classname="com_Milan_Test.WAddictionsTest">
    <skipped/>
  </testcase> <!-- saveAdictionsTest -->
  <testcase name="saveAdictionsTest" time="0.0" classname="com_Milan_Test.WAddictionsTest">
    <skipped/>
  </testcase> <!-- saveAdictionsTest -->
  <testcase name="saveAdictionsTest" time="0.0" classname="com_Milan_Test.WAddictionsTest">
    <skipped/>
  </testcase> <!-- saveAdictionsTest -->
  <testcase name="saveAdictionsTest" time="0.0" classname="com_Milan_Test.WAddictionsTest">
    <skipped/>
  </testcase> <!-- saveAdictionsTest -->
  <testcase name="saveNewAdictions" time="0.0" classname="com_Milan_Test.WAddictionsTest">
    <failure type="org.testng.TestNGException" message="
Cannot inject @Test annotated Method [saveNewAdictions] with [class java.lang.String, class java.lang.String, class java.lang.String, class java.lang.String, class java.lang.String, class java.lang.String].
For more information on native dependency injection please refer to http://testng.org/doc/documentation-main.html#native-dependency-injection">
      <![CDATA[org.testng.TestNGException: 
Cannot inject @Test annotated Method [saveNewAdictions] with [class java.lang.String, class java.lang.String, class java.lang.String, class java.lang.String, class java.lang.String, class java.lang.String].
For more information on native dependency injection please refer to http://testng.org/doc/documentation-main.html#native-dependency-injection
	at org.testng.internal.Parameters.checkParameterTypes(Parameters.java:244)
	at org.testng.internal.Parameters.createParameters(Parameters.java:172)
	at org.testng.internal.Parameters.createParameters(Parameters.java:458)
	at org.testng.internal.Parameters.handleParameters(Parameters.java:569)
	at org.testng.internal.Invoker.handleParameters(Invoker.java:1308)
	at org.testng.internal.Invoker.createParameters(Invoker.java:1036)
	at org.testng.internal.Invoker.invokeTestMethods(Invoker.java:1126)
	at org.testng.internal.TestMethodWorker.invokeTestMethods(TestMethodWorker.java:126)
	at org.testng.internal.TestMethodWorker.run(TestMethodWorker.java:109)
	at org.testng.TestRunner.privateRun(TestRunner.java:744)
	at org.testng.TestRunner.run(TestRunner.java:602)
	at org.testng.SuiteRunner.runTest(SuiteRunner.java:380)
	at org.testng.SuiteRunner.runSequentially(SuiteRunner.java:375)
	at org.testng.SuiteRunner.privateRun(SuiteRunner.java:340)
	at org.testng.SuiteRunner.run(SuiteRunner.java:289)
	at org.testng.SuiteRunnerWorker.runSuite(SuiteRunnerWorker.java:52)
	at org.testng.SuiteRunnerWorker.run(SuiteRunnerWorker.java:86)
	at org.testng.TestNG.runSuitesSequentially(TestNG.java:1301)
	at org.testng.TestNG.runSuitesLocally(TestNG.java:1226)
	at org.testng.TestNG.runSuites(TestNG.java:1144)
	at org.testng.TestNG.run(TestNG.java:1115)
	at org.testng.remote.AbstractRemoteTestNG.run(AbstractRemoteTestNG.java:114)
	at org.testng.remote.RemoteTestNG.initAndRun(RemoteTestNG.java:251)
	at org.testng.remote.RemoteTestNG.main(RemoteTestNG.java:77)
]]>
    </failure>
  </testcase> <!-- saveNewAdictions -->
</testsuite> <!-- Default test -->
