<?xml version="1.0" encoding="UTF-8"?>
<!-- Generated by org.testng.reporters.JUnitXMLReporter -->
<testsuite hostname="IVF111" ignored="1" name="Default test" tests="3" failures="0" timestamp="12 May 2018 19:01:19 GMT" time="73.498" errors="0">
  <testcase name="ClickOnCmrTest" time="13.931" classname="com_Milan_Test.HomePageTest"/>
  <testcase name="SearchPatientUsingCalenderTest" time="16.331" classname="com_Milan_Test.HomePageTest"/>
  <testcase name="SearchPatientUsingPatientTabTest" time="12.131" classname="com_Milan_Test.HomePageTest"/>
  <testcase name="DatacreationTest" time="0.0" classname="com_Milan_Test.HomePageTest">
    <ignored/>
  </testcase> <!-- DatacreationTest -->
</testsuite> <!-- Default test -->
