<?xml version="1.0" encoding="UTF-8"?>
<!-- Generated by org.testng.reporters.JUnitXMLReporter -->
<testsuite hostname="IVF111" ignored="2" name="Default test" tests="4" failures="0" timestamp="01 Jun 2018 13:07:35 GMT" time="89.885" errors="0">
  <testcase name="ClickonNewCycleTest" time="1.204" classname="com_Milan_Test.CycleListPageTest"/>
  <testcase name="CycleListTitleTest" time="0.183" classname="com_Milan_Test.CycleListPageTest"/>
  <testcase name="ARTTypeOptionTest" time="0.908" classname="com_Milan_Test.CycleListPageTest"/>
  <testcase name="NoofProtocolandselectionTest" time="4.646" classname="com_Milan_Test.CycleListPageTest"/>
  <testcase name="EnabledconditionARTTypeTest" time="0.0" classname="com_Milan_Test.CycleListPageTest">
    <ignored/>
  </testcase> <!-- EnabledconditionARTTypeTest -->
  <testcase name="NewCycleButtonEnableConditionTest" time="0.0" classname="com_Milan_Test.CycleListPageTest">
    <ignored/>
  </testcase> <!-- NewCycleButtonEnableConditionTest -->
</testsuite> <!-- Default test -->
