<?xml version="1.0" encoding="UTF-8"?>
<!-- Generated by org.testng.reporters.JUnitXMLReporter -->
<testsuite hostname="IVF111" ignored="0" name="Default test" tests="2" failures="0" timestamp="04 Jun 2018 17:43:51 GMT" time="47.306" errors="0">
  <testcase name="SearchPatientUsingCalenderTest" time="16.382" classname="com_Milan_Test.SearchPageTest"/>
  <testcase name="SearchPatientUsingPatientTabTest" time="9.696" classname="com_Milan_Test.SearchPageTest"/>
</testsuite> <!-- Default test -->
