<?xml version="1.0" encoding="UTF-8"?>
<!-- Generated by org.testng.reporters.JUnitXMLReporter -->
<testsuite hostname="IVF111" ignored="1" name="Default test" tests="1" failures="0" timestamp="21 May 2018 18:26:39 GMT" time="28.412" errors="0">
  <testcase name="subcycle" time="5.486" classname="com_Milan_Test.WInvestigationPageTest"/>
  <testcase name="CycleCreationTest" time="0.0" classname="com_Milan_Test.WInvestigationPageTest">
    <ignored/>
  </testcase> <!-- CycleCreationTest -->
</testsuite> <!-- Default test -->
