<?xml version="1.0" encoding="UTF-8"?>
<!-- Generated by org.testng.reporters.JUnitXMLReporter -->
<testsuite hostname="IVF111" ignored="0" name="Default test" tests="4" failures="0" timestamp="11 Jun 2018 09:52:51 GMT" time="52.302" errors="0">
  <testcase name="InvalidusernameTest" time="3.333" classname="com_Milan_Test.LoginPageTest"/>
  <testcase name="InvalidPasswordTest" time="6.708" classname="com_Milan_Test.LoginPageTest"/>
  <testcase name="ButtonEnableConditionTest" time="0.193" classname="com_Milan_Test.LoginPageTest"/>
  <testcase name="LoginTest" time="2.698" classname="com_Milan_Test.LoginPageTest"/>
</testsuite> <!-- Default test -->
