<?xml version="1.0" encoding="UTF-8"?>
<!-- Generated by org.testng.reporters.JUnitXMLReporter -->
<testsuite hostname="IVF11" ignored="4" name="Default test" tests="3" failures="0" timestamp="03 May 2018 06:58:45 GMT" time="160.973" errors="0">
  <testcase name="AddFavoriteFromListTest" time="7.071" classname="com_Milan_Test.FemaleDiagnosisTest"/>
  <testcase name="UnFavoriteTheFavioriteTest" time="8.512" classname="com_Milan_Test.FemaleDiagnosisTest"/>
  <testcase name="checkboxclickTest" time="7.33" classname="com_Milan_Test.FemaleDiagnosisTest"/>
  <testcase name="CodevalueTest" time="0.0" classname="com_Milan_Test.FemaleDiagnosisTest">
    <ignored/>
  </testcase> <!-- CodevalueTest -->
  <testcase name="ClickOnOtherDiagnosisTest" time="0.0" classname="com_Milan_Test.FemaleDiagnosisTest">
    <ignored/>
  </testcase> <!-- ClickOnOtherDiagnosisTest -->
  <testcase name="DeleteFromFavoriteTest" time="0.0" classname="com_Milan_Test.FemaleDiagnosisTest">
    <ignored/>
  </testcase> <!-- DeleteFromFavoriteTest -->
  <testcase name="TypeSelectionboxEnableconditionForOtherfavorireTest" time="0.0" classname="com_Milan_Test.FemaleDiagnosisTest">
    <ignored/>
  </testcase> <!-- TypeSelectionboxEnableconditionForOtherfavorireTest -->
</testsuite> <!-- Default test -->
