<?xml version="1.0" encoding="UTF-8"?>
<!-- Generated by org.testng.reporters.JUnitXMLReporter -->
<testsuite hostname="IVF111" ignored="15" name="Default test" tests="5" failures="0" timestamp="17 May 2018 13:28:58 GMT" time="20.252" errors="0">
  <testcase name="@BeforeMethod Setup" time="19.882" classname="com_Milan_Test.WAddictionsTest">
    <failure type="java.lang.NullPointerException">
      <![CDATA[java.lang.NullPointerException
	at org.openqa.selenium.support.events.EventFiringWebDriver.extractInterfaces(EventFiringWebDriver.java:121)
	at org.openqa.selenium.support.events.EventFiringWebDriver.access$500(EventFiringWebDriver.java:67)
	at org.openqa.selenium.support.events.EventFiringWebDriver$EventFiringWebElement.<init>(EventFiringWebDriver.java:343)
	at org.openqa.selenium.support.events.EventFiringWebDriver$EventFiringWebElement.<init>(EventFiringWebDriver.java:335)
	at org.openqa.selenium.support.events.EventFiringWebDriver.createWebElement(EventFiringWebDriver.java:308)
	at org.openqa.selenium.support.events.EventFiringWebDriver.findElement(EventFiringWebDriver.java:191)
	at org.openqa.selenium.support.pagefactory.DefaultElementLocator.findElement(DefaultElementLocator.java:69)
	at org.openqa.selenium.support.pagefactory.internal.LocatingElementHandler.invoke(LocatingElementHandler.java:38)
	at com.sun.proxy.$Proxy13.isDisplayed(Unknown Source)
	at com_milan_POM.HomePage.searchPaient(HomePage.java:197)
	at com_Milan_Test.WAddictionsTest.Setup(WAddictionsTest.java:48)
	at sun.reflect.NativeMethodAccessorImpl.invoke0(Native Method)
	at sun.reflect.NativeMethodAccessorImpl.invoke(Unknown Source)
	at sun.reflect.DelegatingMethodAccessorImpl.invoke(Unknown Source)
	at java.lang.reflect.Method.invoke(Unknown Source)
	at org.testng.internal.MethodInvocationHelper.invokeMethod(MethodInvocationHelper.java:108)
	at org.testng.internal.Invoker.invokeConfigurationMethod(Invoker.java:523)
	at org.testng.internal.Invoker.invokeConfigurations(Invoker.java:224)
	at org.testng.internal.Invoker.invokeMethod(Invoker.java:599)
	at org.testng.internal.Invoker.invokeTestMethod(Invoker.java:869)
	at org.testng.internal.Invoker.invokeTestMethods(Invoker.java:1193)
	at org.testng.internal.TestMethodWorker.invokeTestMethods(TestMethodWorker.java:126)
	at org.testng.internal.TestMethodWorker.run(TestMethodWorker.java:109)
	at org.testng.TestRunner.privateRun(TestRunner.java:744)
	at org.testng.TestRunner.run(TestRunner.java:602)
	at org.testng.SuiteRunner.runTest(SuiteRunner.java:380)
	at org.testng.SuiteRunner.runSequentially(SuiteRunner.java:375)
	at org.testng.SuiteRunner.privateRun(SuiteRunner.java:340)
	at org.testng.SuiteRunner.run(SuiteRunner.java:289)
	at org.testng.SuiteRunnerWorker.runSuite(SuiteRunnerWorker.java:52)
	at org.testng.SuiteRunnerWorker.run(SuiteRunnerWorker.java:86)
	at org.testng.TestNG.runSuitesSequentially(TestNG.java:1301)
	at org.testng.TestNG.runSuitesLocally(TestNG.java:1226)
	at org.testng.TestNG.runSuites(TestNG.java:1144)
	at org.testng.TestNG.run(TestNG.java:1115)
	at org.testng.remote.AbstractRemoteTestNG.run(AbstractRemoteTestNG.java:114)
	at org.testng.remote.RemoteTestNG.initAndRun(RemoteTestNG.java:251)
	at org.testng.remote.RemoteTestNG.main(RemoteTestNG.java:77)
]]>
    </failure>
  </testcase> <!-- @BeforeMethod Setup -->
  <testcase name="@BeforeMethod Setup" time="0.0" classname="com_Milan_Test.WAddictionsTest">
    <skipped/>
  </testcase> <!-- @BeforeMethod Setup -->
  <testcase name="@BeforeMethod Setup" time="0.0" classname="com_Milan_Test.WAddictionsTest">
    <skipped/>
  </testcase> <!-- @BeforeMethod Setup -->
  <testcase name="@BeforeMethod Setup" time="0.0" classname="com_Milan_Test.WAddictionsTest">
    <skipped/>
  </testcase> <!-- @BeforeMethod Setup -->
  <testcase name="@BeforeMethod Setup" time="0.0" classname="com_Milan_Test.WAddictionsTest">
    <skipped/>
  </testcase> <!-- @BeforeMethod Setup -->
  <testcase name="saveAdictions" time="0.0" classname="com_Milan_Test.WAddictionsTest">
    <skipped/>
  </testcase> <!-- saveAdictions -->
  <testcase name="saveAdictions" time="0.0" classname="com_Milan_Test.WAddictionsTest">
    <skipped/>
  </testcase> <!-- saveAdictions -->
  <testcase name="saveAdictions" time="0.0" classname="com_Milan_Test.WAddictionsTest">
    <skipped/>
  </testcase> <!-- saveAdictions -->
  <testcase name="saveAdictions" time="0.0" classname="com_Milan_Test.WAddictionsTest">
    <skipped/>
  </testcase> <!-- saveAdictions -->
  <testcase name="saveAdictions" time="0.0" classname="com_Milan_Test.WAddictionsTest">
    <skipped/>
  </testcase> <!-- saveAdictions -->
  <testcase name="SinceWhenEnableconditionSinceWhenCaffeineAddictionTest" time="0.0" classname="com_Milan_Test.WAddictionsTest">
    <ignored/>
  </testcase> <!-- SinceWhenEnableconditionSinceWhenCaffeineAddictionTest -->
  <testcase name="CurrentStatusEnableConditionAlkoholTest" time="0.0" classname="com_Milan_Test.WAddictionsTest">
    <ignored/>
  </testcase> <!-- CurrentStatusEnableConditionAlkoholTest -->
  <testcase name="SinceWhenEnableconditionSinceWhenMonthAlkoholTest" time="0.0" classname="com_Milan_Test.WAddictionsTest">
    <ignored/>
  </testcase> <!-- SinceWhenEnableconditionSinceWhenMonthAlkoholTest -->
  <testcase name="SenceWhenEnableconditionSinceWhenYearAlkoholTest" time="0.0" classname="com_Milan_Test.WAddictionsTest">
    <ignored/>
  </testcase> <!-- SenceWhenEnableconditionSinceWhenYearAlkoholTest -->
  <testcase name="CurrentStatusEnableConditionCaffeineAddictionTest" time="0.0" classname="com_Milan_Test.WAddictionsTest">
    <ignored/>
  </testcase> <!-- CurrentStatusEnableConditionCaffeineAddictionTest -->
  <testcase name="SinceWhenEnableconditionSinceWhenMonthForCaffeineAddiction" time="0.0" classname="com_Milan_Test.WAddictionsTest">
    <ignored/>
  </testcase> <!-- SinceWhenEnableconditionSinceWhenMonthForCaffeineAddiction -->
  <testcase name="SinceWhenEnableconditionSinceWhenMonthForDrugAdictionTest" time="0.0" classname="com_Milan_Test.WAddictionsTest">
    <ignored/>
  </testcase> <!-- SinceWhenEnableconditionSinceWhenMonthForDrugAdictionTest -->
  <testcase name="CurrentStatusEnableConditionAdictionTest" time="0.0" classname="com_Milan_Test.WAddictionsTest">
    <ignored/>
  </testcase> <!-- CurrentStatusEnableConditionAdictionTest -->
  <testcase name="CurrentStatusEnableConditionSmokeTest" time="0.0" classname="com_Milan_Test.WAddictionsTest">
    <ignored/>
  </testcase> <!-- CurrentStatusEnableConditionSmokeTest -->
  <testcase name="SenceWhenEnableconditionSinceWhenDrugAddictionYearTest" time="0.0" classname="com_Milan_Test.WAddictionsTest">
    <ignored/>
  </testcase> <!-- SenceWhenEnableconditionSinceWhenDrugAddictionYearTest -->
  <testcase name="SenceWhenEnableconditionSinceWhenYearSmokeTest" time="0.0" classname="com_Milan_Test.WAddictionsTest">
    <ignored/>
  </testcase> <!-- SenceWhenEnableconditionSinceWhenYearSmokeTest -->
  <testcase name="SinceWhenEnableconditionSinceWhenMonthTobocoTest" time="0.0" classname="com_Milan_Test.WAddictionsTest">
    <ignored/>
  </testcase> <!-- SinceWhenEnableconditionSinceWhenMonthTobocoTest -->
  <testcase name="SenceWhenEnableconditionSinceWhenYearTobacoTest" time="0.0" classname="com_Milan_Test.WAddictionsTest">
    <ignored/>
  </testcase> <!-- SenceWhenEnableconditionSinceWhenYearTobacoTest -->
  <testcase name="CurrentStatusEnableConditionTobacoTest" time="0.0" classname="com_Milan_Test.WAddictionsTest">
    <ignored/>
  </testcase> <!-- CurrentStatusEnableConditionTobacoTest -->
  <testcase name="SinceWhenEnableconditionSinceWhenMonthSmokeTest" time="0.0" classname="com_Milan_Test.WAddictionsTest">
    <ignored/>
  </testcase> <!-- SinceWhenEnableconditionSinceWhenMonthSmokeTest -->
</testsuite> <!-- Default test -->
