<?xml version="1.0" encoding="UTF-8"?>
<!-- Generated by org.testng.reporters.JUnitXMLReporter -->
<testsuite hostname="IVF11" ignored="2" name="Default test" tests="1" failures="0" timestamp="06 May 2018 17:53:50 GMT" time="60.583" errors="0">
  <testcase name="NextFollowUpTest" time="0.365" classname="com_Milan_Test.WcomplaintsTest"/>
  <testcase name="NewPatientPresentingComplaintsTest" time="0.0" classname="com_Milan_Test.WcomplaintsTest">
    <ignored/>
  </testcase> <!-- NewPatientPresentingComplaintsTest -->
  <testcase name="SaveTheComplaintsTest" time="0.0" classname="com_Milan_Test.WcomplaintsTest">
    <ignored/>
  </testcase> <!-- SaveTheComplaintsTest -->
</testsuite> <!-- Default test -->
