<?xml version="1.0" encoding="UTF-8"?>
<!-- Generated by org.testng.reporters.JUnitXMLReporter -->
<testsuite hostname="IVF111" ignored="6" name="Default test" tests="1" failures="1" timestamp="04 Jun 2018 13:10:23 GMT" time="26.087" errors="0">
  <testcase name="MethodofSemenCollectionTest" time="2.404" classname="com_Milan_Test.CycleListPageTest">
    <failure type="java.lang.IndexOutOfBoundsException" message="Index: 5, Size: 5">
      <![CDATA[java.lang.IndexOutOfBoundsException: Index: 5, Size: 5
	at java.util.ArrayList.rangeCheck(Unknown Source)
	at java.util.ArrayList.get(Unknown Source)
	at com_milan_POM.CycleListPage.MethodofSemenCollection(CycleListPage.java:145)
	at com_Milan_Test.CycleListPageTest.MethodofSemenCollectionTest(CycleListPageTest.java:102)
	at sun.reflect.NativeMethodAccessorImpl.invoke0(Native Method)
	at sun.reflect.NativeMethodAccessorImpl.invoke(Unknown Source)
	at sun.reflect.DelegatingMethodAccessorImpl.invoke(Unknown Source)
	at java.lang.reflect.Method.invoke(Unknown Source)
	at org.testng.internal.MethodInvocationHelper.invokeMethod(MethodInvocationHelper.java:108)
	at org.testng.internal.Invoker.invokeMethod(Invoker.java:661)
	at org.testng.internal.Invoker.invokeTestMethod(Invoker.java:869)
	at org.testng.internal.Invoker.invokeTestMethods(Invoker.java:1193)
	at org.testng.internal.TestMethodWorker.invokeTestMethods(TestMethodWorker.java:126)
	at org.testng.internal.TestMethodWorker.run(TestMethodWorker.java:109)
	at org.testng.TestRunner.privateRun(TestRunner.java:744)
	at org.testng.TestRunner.run(TestRunner.java:602)
	at org.testng.SuiteRunner.runTest(SuiteRunner.java:380)
	at org.testng.SuiteRunner.runSequentially(SuiteRunner.java:375)
	at org.testng.SuiteRunner.privateRun(SuiteRunner.java:340)
	at org.testng.SuiteRunner.run(SuiteRunner.java:289)
	at org.testng.SuiteRunnerWorker.runSuite(SuiteRunnerWorker.java:52)
	at org.testng.SuiteRunnerWorker.run(SuiteRunnerWorker.java:86)
	at org.testng.TestNG.runSuitesSequentially(TestNG.java:1301)
	at org.testng.TestNG.runSuitesLocally(TestNG.java:1226)
	at org.testng.TestNG.runSuites(TestNG.java:1144)
	at org.testng.TestNG.run(TestNG.java:1115)
	at org.testng.remote.AbstractRemoteTestNG.run(AbstractRemoteTestNG.java:114)
	at org.testng.remote.RemoteTestNG.initAndRun(RemoteTestNG.java:251)
	at org.testng.remote.RemoteTestNG.main(RemoteTestNG.java:77)
]]>
    </failure>
  </testcase> <!-- MethodofSemenCollectionTest -->
  <testcase name="CycleListTitleTest" time="0.0" classname="com_Milan_Test.CycleListPageTest">
    <ignored/>
  </testcase> <!-- CycleListTitleTest -->
  <testcase name="EnabledconditionARTTypeTest" time="0.0" classname="com_Milan_Test.CycleListPageTest">
    <ignored/>
  </testcase> <!-- EnabledconditionARTTypeTest -->
  <testcase name="ARTTypeOptionTest" time="0.0" classname="com_Milan_Test.CycleListPageTest">
    <ignored/>
  </testcase> <!-- ARTTypeOptionTest -->
  <testcase name="NewCycleButtonEnableConditionTest" time="0.0" classname="com_Milan_Test.CycleListPageTest">
    <ignored/>
  </testcase> <!-- NewCycleButtonEnableConditionTest -->
  <testcase name="ClickonNewCycleTest" time="0.0" classname="com_Milan_Test.CycleListPageTest">
    <ignored/>
  </testcase> <!-- ClickonNewCycleTest -->
  <testcase name="NoofProtocolandselectionTest" time="0.0" classname="com_Milan_Test.CycleListPageTest">
    <ignored/>
  </testcase> <!-- NoofProtocolandselectionTest -->
</testsuite> <!-- Default test -->
