<?xml version="1.0" encoding="UTF-8"?>
<!-- Generated by org.testng.reporters.JUnitXMLReporter -->
<testsuite hostname="IVF111" ignored="2" name="Default test" tests="0" failures="0" timestamp="12 Sep 2018 04:42:25 GMT" time="0.344" errors="0">
  <testcase name="FemaleReportUploadTitleTest" time="0.0" classname="com_Milan_Test.FemaleReportUploadPageTest">
    <ignored/>
  </testcase> <!-- FemaleReportUploadTitleTest -->
  <testcase name="MessageForInvalidUploadTest" time="0.0" classname="com_Milan_Test.FemaleReportUploadPageTest">
    <ignored/>
  </testcase> <!-- MessageForInvalidUploadTest -->
</testsuite> <!-- Default test -->
