<?xml version="1.0" encoding="UTF-8"?>
<!-- Generated by org.testng.reporters.JUnitXMLReporter -->
<testsuite hostname="IVF111" ignored="3" name="Default test" tests="5" failures="0" timestamp="11 May 2018 06:06:20 GMT" time="141.44" errors="0">
  <testcase name="BMITest" time="3.467" classname="com_Milan_Test.WVitalsTest"/>
  <testcase name="BMITest" time="3.588" classname="com_Milan_Test.WVitalsTest"/>
  <testcase name="BMITest" time="3.054" classname="com_Milan_Test.WVitalsTest"/>
  <testcase name="BMITest" time="3.514" classname="com_Milan_Test.WVitalsTest"/>
  <testcase name="BMITest" time="3.54" classname="com_Milan_Test.WVitalsTest"/>
  <testcase name="AllvaluesSaveTest" time="0.0" classname="com_Milan_Test.WVitalsTest">
    <ignored/>
  </testcase> <!-- AllvaluesSaveTest -->
  <testcase name="HRValueTest" time="0.0" classname="com_Milan_Test.WVitalsTest">
    <ignored/>
  </testcase> <!-- HRValueTest -->
  <testcase name="BPSystolicBundryValueTest" time="0.0" classname="com_Milan_Test.WVitalsTest">
    <ignored/>
  </testcase> <!-- BPSystolicBundryValueTest -->
</testsuite> <!-- Default test -->
