<?xml version="1.0" encoding="UTF-8"?>
<!-- Generated by org.testng.reporters.JUnitXMLReporter -->
<testsuite hostname="IVF111" ignored="0" name="Default test" tests="4" failures="0" timestamp="25 Jul 2018 05:44:22 GMT" time="369.161" errors="0">
  <testcase name="ValueInSourceofSpermOptionTest" time="11.275" classname="com_Milan_Test.CycleOverviewPageTest"/>
  <testcase name="ValueInMethodOfSemenCollectionOptionTest" time="11.374" classname="com_Milan_Test.CycleOverviewPageTest"/>
  <testcase name="ValueInProtocolTest" time="1.143" classname="com_Milan_Test.CycleOverviewPageTest"/>
  <testcase name="ValueInARTTypeTest" time="4.933" classname="com_Milan_Test.CycleOverviewPageTest"/>
</testsuite> <!-- Default test -->
