<?xml version="1.0" encoding="UTF-8"?>
<!-- Generated by org.testng.reporters.JUnitXMLReporter -->
<testsuite hostname="IVF11" ignored="4" name="Default test" tests="1" failures="0" timestamp="01 May 2018 14:14:16 GMT" time="42.782" errors="0">
  <testcase name="TypeSelectionboxEnableconditionTest" time="1.979" classname="com_Milan_Test.FemaleDiagnosisTest"/>
  <testcase name="FavoriteTheFavoriteIconTest" time="0.0" classname="com_Milan_Test.FemaleDiagnosisTest">
    <ignored/>
  </testcase> <!-- FavoriteTheFavoriteIconTest -->
  <testcase name="CodevalueTest" time="0.0" classname="com_Milan_Test.FemaleDiagnosisTest">
    <ignored/>
  </testcase> <!-- CodevalueTest -->
  <testcase name="ClickOnOtherDiagnosisTest" time="0.0" classname="com_Milan_Test.FemaleDiagnosisTest">
    <ignored/>
  </testcase> <!-- ClickOnOtherDiagnosisTest -->
  <testcase name="UnFavoriteTheFavioriteTest" time="0.0" classname="com_Milan_Test.FemaleDiagnosisTest">
    <ignored/>
  </testcase> <!-- UnFavoriteTheFavioriteTest -->
</testsuite> <!-- Default test -->
