<?xml version="1.0" encoding="UTF-8"?>
<!-- Generated by org.testng.reporters.JUnitXMLReporter -->
<testsuite hostname="IVF111" ignored="1" name="Default test" tests="3" failures="0" timestamp="20 Jun 2018 16:59:05 GMT" time="250.65" errors="0">
  <testcase name="ValueInSourceofSpermOptionTest" time="6.941" classname="com_Milan_Test.CycleOverviewPageTest"/>
  <testcase name="ValueInMethodOfSemenCollectionOptionTest" time="5.466" classname="com_Milan_Test.CycleOverviewPageTest"/>
  <testcase name="ValueInProtocolTest" time="7.975" classname="com_Milan_Test.CycleOverviewPageTest"/>
  <testcase name="EnableconditionAddSimulationDrugTest" time="0.0" classname="com_Milan_Test.CycleOverviewPageTest">
    <ignored/>
  </testcase> <!-- EnableconditionAddSimulationDrugTest -->
</testsuite> <!-- Default test -->
