<?xml version="1.0" encoding="UTF-8"?>
<!-- Generated by org.testng.reporters.JUnitXMLReporter -->
<testsuite hostname="IVF111" ignored="0" name="Default test" tests="5" failures="0" timestamp="30 May 2018 18:34:41 GMT" time="271.37" errors="0">
  <testcase name="NoofCyclesTest" time="5.661" classname="com_Milan_Test.WOPUCycyclePageTest"/>
  <testcase name="SelectSubTypeCycleTest" time="37.023" classname="com_Milan_Test.WOPUCycyclePageTest"/>
  <testcase name="ARTCycleAvailabilityMessageTest" time="3.985" classname="com_Milan_Test.WOPUCycyclePageTest"/>
  <testcase name="DeleteARTCycleTest" time="4.269" classname="com_Milan_Test.WOPUCycyclePageTest"/>
  <testcase name="ClickonCycletabTest" time="91.401" classname="com_Milan_Test.WOPUCycyclePageTest"/>
</testsuite> <!-- Default test -->
