<?xml version="1.0" encoding="UTF-8"?>
<!-- Generated by org.testng.reporters.JUnitXMLReporter -->
<testsuite hostname="IVF111" ignored="2" name="Default test" tests="1" failures="0" timestamp="23 May 2018 13:53:34 GMT" time="32.414" errors="0">
  <testcase name="OUIARTSubTypesTest" time="7.784" classname="com_Milan_Test.WInvestigationPageTest"/>
  <testcase name="IVFPACKAGEARTCyclecountTest" time="0.0" classname="com_Milan_Test.WInvestigationPageTest">
    <ignored/>
  </testcase> <!-- IVFPACKAGEARTCyclecountTest -->
  <testcase name="CycleCreationTest" time="0.0" classname="com_Milan_Test.WInvestigationPageTest">
    <ignored/>
  </testcase> <!-- CycleCreationTest -->
</testsuite> <!-- Default test -->
