<?xml version="1.0" encoding="UTF-8"?>
<!-- Generated by org.testng.reporters.JUnitXMLReporter -->
<testsuite hostname="IVF111" ignored="0" name="Default test" tests="2" failures="0" timestamp="28 May 2018 18:05:42 GMT" time="48.152" errors="0">
  <testcase name="SearchPatientUsingCalenderTest" time="16.355" classname="com_Milan_Test.SearchPageTest"/>
  <testcase name="SearchPatientUsingPatientTabTest" time="10.687" classname="com_Milan_Test.SearchPageTest"/>
</testsuite> <!-- Default test -->
