<?xml version="1.0" encoding="UTF-8"?>
<!-- Generated by org.testng.reporters.JUnitXMLReporter -->
<testsuite hostname="IVF11" ignored="0" name="Default test" tests="2" failures="0" timestamp="25 Apr 2018 05:46:47 GMT" time="104.388" errors="0">
  <testcase name="DrugNameTest" time="4.197" classname="com_Milan_Test.WPastMedicationHistoryTest"/>
  <testcase name="DrugNameFieldEnablecondition" time="4.192" classname="com_Milan_Test.WPastMedicationHistoryTest"/>
</testsuite> <!-- Default test -->
