<?xml version="1.0" encoding="UTF-8"?>
<!-- Generated by org.testng.reporters.JUnitXMLReporter -->
<testsuite hostname="IVF111" ignored="1" name="Default test" tests="3" failures="0" timestamp="16 May 2018 14:35:35 GMT" time="95.959" errors="0">
  <testcase name="ClickOnCmrTest" time="34.755" classname="com_Milan_Test.HomePageTest"/>
  <testcase name="SearchPatientUsingCalenderTest" time="21.822" classname="com_Milan_Test.HomePageTest"/>
  <testcase name="SearchPatientUsingPatientTabTest" time="9.698" classname="com_Milan_Test.HomePageTest"/>
  <testcase name="DatacreationTest" time="0.0" classname="com_Milan_Test.HomePageTest">
    <ignored/>
  </testcase> <!-- DatacreationTest -->
</testsuite> <!-- Default test -->
