<?xml version="1.0" encoding="UTF-8"?>
<!-- Generated by org.testng.reporters.JUnitXMLReporter -->
<testsuite hostname="IVF11" ignored="1" name="Default test" tests="3" failures="0" timestamp="30 Apr 2018 18:35:02 GMT" time="37.171" errors="0">
  <testcase name="@BeforeMethod Setup" time="37.031" classname="com_Milan_Test.FemaleDiagnosisTest">
    <failure type="java.lang.NullPointerException">
      <![CDATA[java.lang.NullPointerException
	at org.openqa.selenium.support.events.EventFiringWebDriver.extractInterfaces(EventFiringWebDriver.java:121)
	at org.openqa.selenium.support.events.EventFiringWebDriver.access$500(EventFiringWebDriver.java:67)
	at org.openqa.selenium.support.events.EventFiringWebDriver$EventFiringWebElement.<init>(EventFiringWebDriver.java:343)
	at org.openqa.selenium.support.events.EventFiringWebDriver$EventFiringWebElement.<init>(EventFiringWebDriver.java:335)
	at org.openqa.selenium.support.events.EventFiringWebDriver.createWebElement(EventFiringWebDriver.java:308)
	at org.openqa.selenium.support.events.EventFiringWebDriver.findElement(EventFiringWebDriver.java:191)
	at com_milan_POM.HomePage.ClickonEMR(HomePage.java:86)
	at com_Milan_Test.FemaleDiagnosisTest.Setup(FemaleDiagnosisTest.java:41)
	at sun.reflect.NativeMethodAccessorImpl.invoke0(Native Method)
	at sun.reflect.NativeMethodAccessorImpl.invoke(Unknown Source)
	at sun.reflect.DelegatingMethodAccessorImpl.invoke(Unknown Source)
	at java.lang.reflect.Method.invoke(Unknown Source)
	at org.testng.internal.MethodInvocationHelper.invokeMethod(MethodInvocationHelper.java:108)
	at org.testng.internal.Invoker.invokeConfigurationMethod(Invoker.java:523)
	at org.testng.internal.Invoker.invokeConfigurations(Invoker.java:224)
	at org.testng.internal.Invoker.invokeMethod(Invoker.java:599)
	at org.testng.internal.Invoker.invokeTestMethod(Invoker.java:869)
	at org.testng.internal.Invoker.invokeTestMethods(Invoker.java:1193)
	at org.testng.internal.TestMethodWorker.invokeTestMethods(TestMethodWorker.java:126)
	at org.testng.internal.TestMethodWorker.run(TestMethodWorker.java:109)
	at org.testng.TestRunner.privateRun(TestRunner.java:744)
	at org.testng.TestRunner.run(TestRunner.java:602)
	at org.testng.SuiteRunner.runTest(SuiteRunner.java:380)
	at org.testng.SuiteRunner.runSequentially(SuiteRunner.java:375)
	at org.testng.SuiteRunner.privateRun(SuiteRunner.java:340)
	at org.testng.SuiteRunner.run(SuiteRunner.java:289)
	at org.testng.SuiteRunnerWorker.runSuite(SuiteRunnerWorker.java:52)
	at org.testng.SuiteRunnerWorker.run(SuiteRunnerWorker.java:86)
	at org.testng.TestNG.runSuitesSequentially(TestNG.java:1301)
	at org.testng.TestNG.runSuitesLocally(TestNG.java:1226)
	at org.testng.TestNG.runSuites(TestNG.java:1144)
	at org.testng.TestNG.run(TestNG.java:1115)
	at org.testng.remote.AbstractRemoteTestNG.run(AbstractRemoteTestNG.java:114)
	at org.testng.remote.RemoteTestNG.initAndRun(RemoteTestNG.java:251)
	at org.testng.remote.RemoteTestNG.main(RemoteTestNG.java:77)
]]>
    </failure>
  </testcase> <!-- @BeforeMethod Setup -->
  <testcase name="@BeforeMethod Setup" time="0.0" classname="com_Milan_Test.FemaleDiagnosisTest">
    <skipped/>
  </testcase> <!-- @BeforeMethod Setup -->
  <testcase name="@BeforeMethod Setup" time="0.0" classname="com_Milan_Test.FemaleDiagnosisTest">
    <skipped/>
  </testcase> <!-- @BeforeMethod Setup -->
  <testcase name="CodevalueTest" time="0.005" classname="com_Milan_Test.FemaleDiagnosisTest">
    <skipped/>
  </testcase> <!-- CodevalueTest -->
  <testcase name="FavoriteEnabledConditionDislikeTest" time="0.0" classname="com_Milan_Test.FemaleDiagnosisTest">
    <skipped/>
  </testcase> <!-- FavoriteEnabledConditionDislikeTest -->
  <testcase name="FavoriteEnabledConditionLikeTest" time="0.0" classname="com_Milan_Test.FemaleDiagnosisTest">
    <skipped/>
  </testcase> <!-- FavoriteEnabledConditionLikeTest -->
  <testcase name="ClickOnOtherDiagnosisTest" time="0.0" classname="com_Milan_Test.FemaleDiagnosisTest">
    <ignored/>
  </testcase> <!-- ClickOnOtherDiagnosisTest -->
</testsuite> <!-- Default test -->
