<?xml version="1.0" encoding="UTF-8"?>
<!-- Generated by org.testng.reporters.JUnitXMLReporter -->
<testsuite hostname="IVF111" ignored="0" name="Default test" tests="2" failures="0" timestamp="22 May 2018 04:38:04 GMT" time="78.491" errors="0">
  <testcase name="SearchPatientUsingCalenderTest" time="18.128" classname="com_Milan_Test.SearchPageTest"/>
  <testcase name="SearchPatientUsingPatientTabTest" time="39.703" classname="com_Milan_Test.SearchPageTest"/>
</testsuite> <!-- Default test -->
