<?xml version="1.0" encoding="UTF-8"?>
<!-- Generated by org.testng.reporters.JUnitXMLReporter -->
<testsuite hostname="IVF111" ignored="0" name="Default test" tests="5" failures="0" timestamp="12 Jul 2018 11:38:05 GMT" time="632.29" errors="0">
  <testcase name="AddDrugNames" time="25.467" classname="com_Milan_Test.SimulationChartPageTest"/>
  <testcase name="EnableconditionAddSimulationDrugTest" time="1.994" classname="com_Milan_Test.SimulationChartPageTest"/>
  <testcase name="SaveSimulationTest" time="7.353" classname="com_Milan_Test.SimulationChartPageTest"/>
  <testcase name="SimulationDrugValidationTest" time="14.016" classname="com_Milan_Test.SimulationChartPageTest"/>
  <testcase name="InvalidDateTest" time="44.141" classname="com_Milan_Test.SimulationChartPageTest"/>
</testsuite> <!-- Default test -->
