<?xml version="1.0" encoding="UTF-8"?>
<!-- Generated by org.testng.reporters.JUnitXMLReporter -->
<testsuite hostname="IVF111" ignored="16" name="Default test" tests="5" failures="0" timestamp="13 Aug 2018 10:14:18 GMT" time="290.849" errors="0">
  <testcase name="saveAdictionsTest" time="8.306" classname="com_Milan_Test.WAddictionsTest"/>
  <testcase name="saveAdictionsTest" time="7.187" classname="com_Milan_Test.WAddictionsTest"/>
  <testcase name="saveAdictionsTest" time="6.716" classname="com_Milan_Test.WAddictionsTest"/>
  <testcase name="saveAdictionsTest" time="6.811" classname="com_Milan_Test.WAddictionsTest"/>
  <testcase name="saveAdictionsTest" time="6.903" classname="com_Milan_Test.WAddictionsTest"/>
  <testcase name="SinceWhenEnableconditionSinceWhenCaffeineAddictionTest" time="0.0" classname="com_Milan_Test.WAddictionsTest">
    <ignored/>
  </testcase> <!-- SinceWhenEnableconditionSinceWhenCaffeineAddictionTest -->
  <testcase name="CurrentStatusEnableConditionAlkoholTest" time="0.0" classname="com_Milan_Test.WAddictionsTest">
    <ignored/>
  </testcase> <!-- CurrentStatusEnableConditionAlkoholTest -->
  <testcase name="SinceWhenEnableconditionSinceWhenMonthForCaffeineAddictionTest" time="0.0" classname="com_Milan_Test.WAddictionsTest">
    <ignored/>
  </testcase> <!-- SinceWhenEnableconditionSinceWhenMonthForCaffeineAddictionTest -->
  <testcase name="SaveNewAdictionsTest" time="0.0" classname="com_Milan_Test.WAddictionsTest">
    <ignored/>
  </testcase> <!-- SaveNewAdictionsTest -->
  <testcase name="SinceWhenEnableconditionSinceWhenMonthAlkoholTest" time="0.0" classname="com_Milan_Test.WAddictionsTest">
    <ignored/>
  </testcase> <!-- SinceWhenEnableconditionSinceWhenMonthAlkoholTest -->
  <testcase name="SenceWhenEnableconditionSinceWhenYearAlkoholTest" time="0.0" classname="com_Milan_Test.WAddictionsTest">
    <ignored/>
  </testcase> <!-- SenceWhenEnableconditionSinceWhenYearAlkoholTest -->
  <testcase name="CurrentStatusEnableConditionCaffeineAddictionTest" time="0.0" classname="com_Milan_Test.WAddictionsTest">
    <ignored/>
  </testcase> <!-- CurrentStatusEnableConditionCaffeineAddictionTest -->
  <testcase name="SinceWhenEnableconditionSinceWhenMonthForDrugAdictionTest" time="0.0" classname="com_Milan_Test.WAddictionsTest">
    <ignored/>
  </testcase> <!-- SinceWhenEnableconditionSinceWhenMonthForDrugAdictionTest -->
  <testcase name="CurrentStatusEnableConditionAdictionTest" time="0.0" classname="com_Milan_Test.WAddictionsTest">
    <ignored/>
  </testcase> <!-- CurrentStatusEnableConditionAdictionTest -->
  <testcase name="CurrentStatusEnableConditionSmokeTest" time="0.0" classname="com_Milan_Test.WAddictionsTest">
    <ignored/>
  </testcase> <!-- CurrentStatusEnableConditionSmokeTest -->
  <testcase name="SenceWhenEnableconditionSinceWhenDrugAddictionYearTest" time="0.0" classname="com_Milan_Test.WAddictionsTest">
    <ignored/>
  </testcase> <!-- SenceWhenEnableconditionSinceWhenDrugAddictionYearTest -->
  <testcase name="SenceWhenEnableconditionSinceWhenYearSmokeTest" time="0.0" classname="com_Milan_Test.WAddictionsTest">
    <ignored/>
  </testcase> <!-- SenceWhenEnableconditionSinceWhenYearSmokeTest -->
  <testcase name="SinceWhenEnableconditionSinceWhenMonthTobocoTest" time="0.0" classname="com_Milan_Test.WAddictionsTest">
    <ignored/>
  </testcase> <!-- SinceWhenEnableconditionSinceWhenMonthTobocoTest -->
  <testcase name="SenceWhenEnableconditionSinceWhenYearTobacoTest" time="0.0" classname="com_Milan_Test.WAddictionsTest">
    <ignored/>
  </testcase> <!-- SenceWhenEnableconditionSinceWhenYearTobacoTest -->
  <testcase name="CurrentStatusEnableConditionTobacoTest" time="0.0" classname="com_Milan_Test.WAddictionsTest">
    <ignored/>
  </testcase> <!-- CurrentStatusEnableConditionTobacoTest -->
  <testcase name="SinceWhenEnableconditionSinceWhenMonthSmokeTest" time="0.0" classname="com_Milan_Test.WAddictionsTest">
    <ignored/>
  </testcase> <!-- SinceWhenEnableconditionSinceWhenMonthSmokeTest -->
</testsuite> <!-- Default test -->
