<?xml version="1.0" encoding="UTF-8"?>
<!-- Generated by org.testng.reporters.JUnitXMLReporter -->
<testsuite hostname="IVF11" ignored="18" tests="0" failures="0" timestamp="23 Apr 2018 11:41:50 GMT" time="0.016" errors="0">
  <testcase name="BirthWeightEnableConditionTest" time="0.0" classname="com_Milan_Test.WObstetricHistoryPageTest">
    <ignored/>
  </testcase> <!-- BirthWeightEnableConditionTest -->
  <testcase name="RowGridEnableTest" time="0.0" classname="com_Milan_Test.WObstetricHistoryPageTest">
    <ignored/>
  </testcase> <!-- RowGridEnableTest -->
  <testcase name="DeliveryTypeEnableconditionTest" time="0.0" classname="com_Milan_Test.WObstetricHistoryPageTest">
    <ignored/>
  </testcase> <!-- DeliveryTypeEnableconditionTest -->
  <testcase name="EctopiccEnableCondititionTest" time="0.0" classname="com_Milan_Test.WObstetricHistoryPageTest">
    <ignored/>
  </testcase> <!-- EctopiccEnableCondititionTest -->
  <testcase name="LiveBirthAbovePostTermconditionTest" time="0.0" classname="com_Milan_Test.WObstetricHistoryPageTest">
    <ignored/>
  </testcase> <!-- LiveBirthAbovePostTermconditionTest -->
  <testcase name="BirthWeightValueTextTest" time="0.0" classname="com_Milan_Test.WObstetricHistoryPageTest">
    <ignored/>
  </testcase> <!-- BirthWeightValueTextTest -->
  <testcase name="ComplicationsEnableCondititionTest" time="0.0" classname="com_Milan_Test.WObstetricHistoryPageTest">
    <ignored/>
  </testcase> <!-- ComplicationsEnableCondititionTest -->
  <testcase name="LiveBirthEnableTest" time="0.0" classname="com_Milan_Test.WObstetricHistoryPageTest">
    <ignored/>
  </testcase> <!-- LiveBirthEnableTest -->
  <testcase name="ValueInAbortiontionTest" time="0.0" classname="com_Milan_Test.WObstetricHistoryPageTest">
    <ignored/>
  </testcase> <!-- ValueInAbortiontionTest -->
  <testcase name="StillBornEnableTest" time="0.0" classname="com_Milan_Test.WObstetricHistoryPageTest">
    <ignored/>
  </testcase> <!-- StillBornEnableTest -->
  <testcase name="LiveBirthPretermconditionTest" time="0.0" classname="com_Milan_Test.WObstetricHistoryPageTest">
    <ignored/>
  </testcase> <!-- LiveBirthPretermconditionTest -->
  <testcase name="ValueInLivebirthoptionTest" time="0.0" classname="com_Milan_Test.WObstetricHistoryPageTest">
    <ignored/>
  </testcase> <!-- ValueInLivebirthoptionTest -->
  <testcase name="CongenitalAnamolyEnableCondititionTest" time="0.0" classname="com_Milan_Test.WObstetricHistoryPageTest">
    <ignored/>
  </testcase> <!-- CongenitalAnamolyEnableCondititionTest -->
  <testcase name="AbortionEnableCondititionTest" time="0.0" classname="com_Milan_Test.WObstetricHistoryPageTest">
    <ignored/>
  </testcase> <!-- AbortionEnableCondititionTest -->
  <testcase name="LiveBirthFullTermconditionTest" time="0.0" classname="com_Milan_Test.WObstetricHistoryPageTest">
    <ignored/>
  </testcase> <!-- LiveBirthFullTermconditionTest -->
  <testcase name="ValueInEctopicTest" time="0.0" classname="com_Milan_Test.WObstetricHistoryPageTest">
    <ignored/>
  </testcase> <!-- ValueInEctopicTest -->
  <testcase name="DeliveryEnableCondititionTest" time="0.0" classname="com_Milan_Test.WObstetricHistoryPageTest">
    <ignored/>
  </testcase> <!-- DeliveryEnableCondititionTest -->
  <testcase name="SaveOutcometypesTest" time="0.0" classname="com_Milan_Test.WObstetricHistoryPageTest">
    <ignored/>
  </testcase> <!-- SaveOutcometypesTest -->
</testsuite>
