<?xml version="1.0" encoding="UTF-8"?>
<!-- Generated by org.testng.reporters.JUnitXMLReporter -->
<testsuite hostname="IVF111" ignored="11" name="Default test" tests="1" failures="0" timestamp="26 Jul 2018 05:25:54 GMT" time="108.168" errors="0">
  <testcase name="SimulationDrugTest" time="4.614" classname="com_Milan_Test.CycleListPageTest"/>
  <testcase name="SourceofSpermselectionDonorTest" time="0.0" classname="com_Milan_Test.CycleListPageTest">
    <ignored/>
  </testcase> <!-- SourceofSpermselectionDonorTest -->
  <testcase name="CycleListTitleTest" time="0.0" classname="com_Milan_Test.CycleListPageTest">
    <ignored/>
  </testcase> <!-- CycleListTitleTest -->
  <testcase name="EnabledconditionARTTypeTest" time="0.0" classname="com_Milan_Test.CycleListPageTest">
    <ignored/>
  </testcase> <!-- EnabledconditionARTTypeTest -->
  <testcase name="ARTTypeOptionTest" time="0.0" classname="com_Milan_Test.CycleListPageTest">
    <ignored/>
  </testcase> <!-- ARTTypeOptionTest -->
  <testcase name="ProtocolandselectionTest" time="0.0" classname="com_Milan_Test.CycleListPageTest">
    <ignored/>
  </testcase> <!-- ProtocolandselectionTest -->
  <testcase name="SaveTheCycleTest" time="0.0" classname="com_Milan_Test.CycleListPageTest">
    <ignored/>
  </testcase> <!-- SaveTheCycleTest -->
  <testcase name="NewCycleButtonEnableConditionTest" time="0.0" classname="com_Milan_Test.CycleListPageTest">
    <ignored/>
  </testcase> <!-- NewCycleButtonEnableConditionTest -->
  <testcase name="SourceofspermPartnerTest" time="0.0" classname="com_Milan_Test.CycleListPageTest">
    <ignored/>
  </testcase> <!-- SourceofspermPartnerTest -->
  <testcase name="ClickonNewCycleTest" time="0.0" classname="com_Milan_Test.CycleListPageTest">
    <ignored/>
  </testcase> <!-- ClickonNewCycleTest -->
  <testcase name="MethodOfSemenCollectionTest" time="0.0" classname="com_Milan_Test.CycleListPageTest">
    <ignored/>
  </testcase> <!-- MethodOfSemenCollectionTest -->
  <testcase name="LMPDateTest" time="0.0" classname="com_Milan_Test.CycleListPageTest">
    <ignored/>
  </testcase> <!-- LMPDateTest -->
</testsuite> <!-- Default test -->
