<?xml version="1.0" encoding="UTF-8"?>
<!-- Generated by org.testng.reporters.JUnitXMLReporter -->
<testsuite hostname="IVF111" ignored="0" name="Default test" tests="5" failures="0" timestamp="30 May 2018 13:10:14 GMT" time="229.54" errors="0">
  <testcase name="NoofCyclesTest" time="35.887" classname="com_Milan_Test.WOPUCycyclePageTest"/>
  <testcase name="SelectSubTypeCycleTest" time="37.945" classname="com_Milan_Test.WOPUCycyclePageTest"/>
  <testcase name="ARTCycleAvailabilityMessageTest" time="3.875" classname="com_Milan_Test.WOPUCycyclePageTest"/>
  <testcase name="DeleteARTCycleTest" time="3.405" classname="com_Milan_Test.WOPUCycyclePageTest"/>
  <testcase name="ClickonCycletabTest" time="38.001" classname="com_Milan_Test.WOPUCycyclePageTest"/>
</testsuite> <!-- Default test -->
