<?xml version="1.0" encoding="UTF-8"?>
<!-- Generated by org.testng.reporters.JUnitXMLReporter -->
<testsuite hostname="IVF111" ignored="10" name="Default test(failed)" tests="1" failures="0" timestamp="12 May 2018 12:37:36 GMT" time="21.768" errors="0">
  <testcase name="@BeforeMethod Seup" time="21.288" classname="com_Milan_Test.WSexsualHistoryTest">
    <failure type="org.openqa.selenium.WebDriverException" message="unknown error: Element &amp;lt;a href=&amp;quot;&amp;quot; class=&amp;quot;icoLink femaleHistory&amp;quot; ng-if=&amp;quot;item.MenuFor==2&amp;quot; title=&amp;quot;History&amp;quot; ng-click=&amp;quot;Navigate(CoupleDetails.FemalePatient.GenderID,item.Path,item.Title,item.ModuleId)&amp;quot;&amp;gt;&amp;lt;/a&amp;gt; is not clickable at point (142, 314). Other element would receive the click: &amp;lt;a href=&amp;quot;&amp;quot; id=&amp;quot;menuField_men&amp;quot; ng-show=&amp;quot;IsMale&amp;quot; class=&amp;quot;&amp;quot;&amp;gt;...&amp;lt;/a&amp;gt;
  (Session info: chrome=66.0.3359.170)
  (Driver info: chromedriver=2.36.540470 (e522d04694c7ebea4ba8821272dbef4f9b818c91),platform=Windows NT 6.3.9600 x86_64) (WARNING: The server did not provide any stacktrace information)
Command duration or timeout: 0 milliseconds
Build info: version: &amp;apos;3.5.3&amp;apos;, revision: &amp;apos;a88d25fe6b&amp;apos;, time: &amp;apos;2017-08-29T12:42:44.417Z&amp;apos;
System info: host: &amp;apos;IVF111&amp;apos;, ip: &amp;apos;192.168.1.56&amp;apos;, os.name: &amp;apos;Windows 8.1&amp;apos;, os.arch: &amp;apos;amd64&amp;apos;, os.version: &amp;apos;6.3&amp;apos;, java.version: &amp;apos;1.8.0_161&amp;apos;
Driver info: org.openqa.selenium.chrome.ChromeDriver
Capabilities [{mobileEmulationEnabled=false, hasTouchScreen=false, platform=WIN8_1, acceptSslCerts=false, acceptInsecureCerts=false, webStorageEnabled=true, browserName=chrome, takesScreenshot=true, javascriptEnabled=true, platformName=WIN8_1, setWindowRect=true, unexpectedAlertBehaviour=, applicationCacheEnabled=false, rotatable=false, networkConnectionEnabled=false, chrome={chromedriverVersion=2.36.540470 (e522d04694c7ebea4ba8821272dbef4f9b818c91), userDataDir=C:\Users\paragb\AppData\Local\Temp\scoped_dir6024_2858}, takesHeapSnapshot=true, pageLoadStrategy=normal, unhandledPromptBehavior=, databaseEnabled=false, handlesAlerts=true, version=66.0.3359.170, browserConnectionEnabled=false, nativeEvents=true, locationContextEnabled=true, cssSelectorsEnabled=true}]
Session ID: f482bc517d9329d2f3ad857e0f12a93e">
      <![CDATA[org.openqa.selenium.WebDriverException: unknown error: Element <a href="" class="icoLink femaleHistory" ng-if="item.MenuFor==2" title="History" ng-click="Navigate(CoupleDetails.FemalePatient.GenderID,item.Path,item.Title,item.ModuleId)"></a> is not clickable at point (142, 314). Other element would receive the click: <a href="" id="menuField_men" ng-show="IsMale" class="">...</a>
  (Session info: chrome=66.0.3359.170)
  (Driver info: chromedriver=2.36.540470 (e522d04694c7ebea4ba8821272dbef4f9b818c91),platform=Windows NT 6.3.9600 x86_64) (WARNING: The server did not provide any stacktrace information)
Command duration or timeout: 0 milliseconds
Build info: version: '3.5.3', revision: 'a88d25fe6b', time: '2017-08-29T12:42:44.417Z'
System info: host: 'IVF111', ip: '192.168.1.56', os.name: 'Windows 8.1', os.arch: 'amd64', os.version: '6.3', java.version: '1.8.0_161'
Driver info: org.openqa.selenium.chrome.ChromeDriver
Capabilities [{mobileEmulationEnabled=false, hasTouchScreen=false, platform=WIN8_1, acceptSslCerts=false, acceptInsecureCerts=false, webStorageEnabled=true, browserName=chrome, takesScreenshot=true, javascriptEnabled=true, platformName=WIN8_1, setWindowRect=true, unexpectedAlertBehaviour=, applicationCacheEnabled=false, rotatable=false, networkConnectionEnabled=false, chrome={chromedriverVersion=2.36.540470 (e522d04694c7ebea4ba8821272dbef4f9b818c91), userDataDir=C:\Users\paragb\AppData\Local\Temp\scoped_dir6024_2858}, takesHeapSnapshot=true, pageLoadStrategy=normal, unhandledPromptBehavior=, databaseEnabled=false, handlesAlerts=true, version=66.0.3359.170, browserConnectionEnabled=false, nativeEvents=true, locationContextEnabled=true, cssSelectorsEnabled=true}]
Session ID: f482bc517d9329d2f3ad857e0f12a93e
	at org.openqa.selenium.remote.ErrorHandler.createThrowable(ErrorHandler.java:215)
	at org.openqa.selenium.remote.ErrorHandler.throwIfResponseFailed(ErrorHandler.java:167)
	at org.openqa.selenium.remote.http.JsonHttpResponseCodec.reconstructValue(JsonHttpResponseCodec.java:40)
	at org.openqa.selenium.remote.http.AbstractHttpResponseCodec.decode(AbstractHttpResponseCodec.java:82)
	at org.openqa.selenium.remote.http.AbstractHttpResponseCodec.decode(AbstractHttpResponseCodec.java:45)
	at org.openqa.selenium.remote.HttpCommandExecutor.execute(HttpCommandExecutor.java:164)
	at org.openqa.selenium.remote.service.DriverCommandExecutor.execute(DriverCommandExecutor.java:82)
	at org.openqa.selenium.remote.RemoteWebDriver.execute(RemoteWebDriver.java:646)
	at org.openqa.selenium.remote.RemoteWebElement.execute(RemoteWebElement.java:275)
	at org.openqa.selenium.remote.RemoteWebElement.click(RemoteWebElement.java:82)
	at org.openqa.selenium.support.events.EventFiringWebDriver$EventFiringWebElement$1.invoke(EventFiringWebDriver.java:350)
	at com.sun.proxy.$Proxy13.click(Unknown Source)
	at org.openqa.selenium.support.events.EventFiringWebDriver$EventFiringWebElement.click(EventFiringWebDriver.java:363)
	at org.openqa.selenium.support.pagefactory.internal.LocatingElementHandler.invoke(LocatingElementHandler.java:51)
	at com.sun.proxy.$Proxy12.click(Unknown Source)
	at com_milan_POM.EMRDashBoardPage.clickOnWomenField(EMRDashBoardPage.java:54)
	at com_Milan_Test.WSexsualHistoryTest.Seup(WSexsualHistoryTest.java:47)
... Removed 39 stack frames]]>
    </failure>
  </testcase> <!-- @BeforeMethod Seup -->
  <testcase name="TryingToConcieveSinceMonthTest" time="0.0" classname="com_Milan_Test.WSexsualHistoryTest">
    <skipped/>
  </testcase> <!-- TryingToConcieveSinceMonthTest -->
  <testcase name="testRelationtlists" time="0.0" classname="com_Milan_Test.WSexsualHistoryTest">
    <ignored/>
  </testcase> <!-- testRelationtlists -->
  <testcase name="FillSexsuslHistorytest" time="0.0" classname="com_Milan_Test.WSexsualHistoryTest">
    <ignored/>
  </testcase> <!-- FillSexsuslHistorytest -->
  <testcase name="DyspareuniatextTest" time="0.0" classname="com_Milan_Test.WSexsualHistoryTest">
    <ignored/>
  </testcase> <!-- DyspareuniatextTest -->
  <testcase name="Remarktexttest" time="0.0" classname="com_Milan_Test.WSexsualHistoryTest">
    <ignored/>
  </testcase> <!-- Remarktexttest -->
  <testcase name="SexInrelationshipsinceMonthsTest" time="0.0" classname="com_Milan_Test.WSexsualHistoryTest">
    <ignored/>
  </testcase> <!-- SexInrelationshipsinceMonthsTest -->
  <testcase name="numberofcharacterexualDysfunctionTest" time="0.0" classname="com_Milan_Test.WSexsualHistoryTest">
    <ignored/>
  </testcase> <!-- numberofcharacterexualDysfunctionTest -->
  <testcase name="TryingToConcieveSinceYearTest" time="0.0" classname="com_Milan_Test.WSexsualHistoryTest">
    <ignored/>
  </testcase> <!-- TryingToConcieveSinceYearTest -->
  <testcase name="textboxSexualDysfunctionTest" time="0.0" classname="com_Milan_Test.WSexsualHistoryTest">
    <ignored/>
  </testcase> <!-- textboxSexualDysfunctionTest -->
  <testcase name="Lubricationusedtext" time="0.0" classname="com_Milan_Test.WSexsualHistoryTest">
    <ignored/>
  </testcase> <!-- Lubricationusedtext -->
  <testcase name="InrelationshipsinceYearsTest" time="0.0" classname="com_Milan_Test.WSexsualHistoryTest">
    <ignored/>
  </testcase> <!-- InrelationshipsinceYearsTest -->
</testsuite> <!-- Default test(failed) -->
