<?xml version="1.0" encoding="UTF-8"?>
<!-- Generated by org.testng.reporters.JUnitXMLReporter -->
<testsuite hostname="IVF11" ignored="5" name="Default test(failed)" tests="6" failures="0" timestamp="27 Apr 2018 11:29:22 GMT" time="65.04" errors="0">
  <testcase name="@BeforeMethod setup" time="62.797" classname="com_Milan_Test.WomenHistoryPageTest">
    <failure type="org.openqa.selenium.TimeoutException" message="Expected condition failed: waiting for visibility of Proxy element for: DefaultElementLocator &amp;apos;By.xpath: (//table[@class=&amp;apos;table table-hover table-striped selectPatient_item&amp;apos;]/tbody//tr/td//input[@type=&amp;apos;checkbox&amp;apos;])[1]&amp;apos; (tried for 30 second(s) with 500 MILLISECONDS interval)">
      <![CDATA[org.openqa.selenium.TimeoutException: Expected condition failed: waiting for visibility of Proxy element for: DefaultElementLocator 'By.xpath: (//table[@class='table table-hover table-striped selectPatient_item']/tbody//tr/td//input[@type='checkbox'])[1]' (tried for 30 second(s) with 500 MILLISECONDS interval)
	at org.openqa.selenium.support.ui.WebDriverWait.timeoutException(WebDriverWait.java:80)
	at org.openqa.selenium.support.ui.FluentWait.until(FluentWait.java:232)
	at com_Milan_util.TestUtil.VisibleOn(TestUtil.java:34)
	at com_milan_POM.EMRDashBoardPage.clickOnWomenField(EMRDashBoardPage.java:49)
	at com_Milan_Test.WomenHistoryPageTest.setup(WomenHistoryPageTest.java:56)
Caused by: org.openqa.selenium.NoSuchElementException: no such element: Unable to locate element: {"method":"xpath","selector":"(//table[@class='table table-hover table-striped selectPatient_item']/tbody//tr/td//input[@type='checkbox'])[1]"}
  (Session info: chrome=66.0.3359.139)
  (Driver info: chromedriver=2.36.540470 (e522d04694c7ebea4ba8821272dbef4f9b818c91),platform=Windows NT 6.3.9600 x86_64) (WARNING: The server did not provide any stacktrace information)
Command duration or timeout: 0 milliseconds
For documentation on this error, please visit: http://seleniumhq.org/exceptions/no_such_element.html
Build info: version: '3.5.3', revision: 'a88d25fe6b', time: '2017-08-29T12:42:44.417Z'
System info: host: 'IVF11', ip: '192.168.1.56', os.name: 'Windows 8.1', os.arch: 'amd64', os.version: '6.3', java.version: '1.8.0_161'
Driver info: org.openqa.selenium.chrome.ChromeDriver
Capabilities [{mobileEmulationEnabled=false, hasTouchScreen=false, platform=WIN8_1, acceptSslCerts=false, acceptInsecureCerts=false, webStorageEnabled=true, browserName=chrome, takesScreenshot=true, javascriptEnabled=true, platformName=WIN8_1, setWindowRect=true, unexpectedAlertBehaviour=, applicationCacheEnabled=false, rotatable=false, networkConnectionEnabled=false, chrome={chromedriverVersion=2.36.540470 (e522d04694c7ebea4ba8821272dbef4f9b818c91), userDataDir=C:\Users\pranavc\AppData\Local\Temp\scoped_dir13672_427}, takesHeapSnapshot=true, pageLoadStrategy=normal, unhandledPromptBehavior=, databaseEnabled=false, handlesAlerts=true, version=66.0.3359.139, browserConnectionEnabled=false, nativeEvents=true, locationContextEnabled=true, cssSelectorsEnabled=true}]
Session ID: 6003042b975842db68275d7bff4257a3
*** Element info: {Using=xpath, value=(//table[@class='table table-hover table-striped selectPatient_item']/tbody//tr/td//input[@type='checkbox'])[1]}
	at org.openqa.selenium.remote.ErrorHandler.createThrowable(ErrorHandler.java:215)
	at org.openqa.selenium.remote.ErrorHandler.throwIfResponseFailed(ErrorHandler.java:167)
	at org.openqa.selenium.remote.http.JsonHttpResponseCodec.reconstructValue(JsonHttpResponseCodec.java:40)
	at org.openqa.selenium.remote.http.AbstractHttpResponseCodec.decode(AbstractHttpResponseCodec.java:82)
	at org.openqa.selenium.remote.http.AbstractHttpResponseCodec.decode(AbstractHttpResponseCodec.java:45)
	at org.openqa.selenium.remote.HttpCommandExecutor.execute(HttpCommandExecutor.java:164)
	at org.openqa.selenium.remote.service.DriverCommandExecutor.execute(DriverCommandExecutor.java:82)
	at org.openqa.selenium.remote.RemoteWebDriver.execute(RemoteWebDriver.java:646)
	at org.openqa.selenium.remote.RemoteWebDriver.findElement(RemoteWebDriver.java:416)
	at org.openqa.selenium.remote.RemoteWebDriver.findElementByXPath(RemoteWebDriver.java:518)
	at org.openqa.selenium.By$ByXPath.findElement(By.java:361)
	at org.openqa.selenium.remote.RemoteWebDriver.findElement(RemoteWebDriver.java:408)
	at org.openqa.selenium.support.events.EventFiringWebDriver$2.invoke(EventFiringWebDriver.java:105)
	at com.sun.proxy.$Proxy8.findElement(Unknown Source)
	at org.openqa.selenium.support.events.EventFiringWebDriver.findElement(EventFiringWebDriver.java:189)
	at org.openqa.selenium.support.pagefactory.DefaultElementLocator.findElement(DefaultElementLocator.java:69)
	at org.openqa.selenium.support.pagefactory.internal.LocatingElementHandler.invoke(LocatingElementHandler.java:38)
	at com.sun.proxy.$Proxy12.isDisplayed(Unknown Source)
	at org.openqa.selenium.support.ui.ExpectedConditions.elementIfVisible(ExpectedConditions.java:302)
	at org.openqa.selenium.support.ui.ExpectedConditions.access$100(ExpectedConditions.java:44)
	at org.openqa.selenium.support.ui.ExpectedConditions$10.apply(ExpectedConditions.java:288)
	at org.openqa.selenium.support.ui.ExpectedConditions$10.apply(ExpectedConditions.java:285)
	at org.openqa.selenium.support.ui.FluentWait.until(FluentWait.java:209)
	... 30 more
... Removed 33 stack frames]]>
    </failure>
  </testcase> <!-- @BeforeMethod setup -->
  <testcase name="@BeforeMethod setup" time="0.0" classname="com_Milan_Test.WomenHistoryPageTest">
    <skipped/>
  </testcase> <!-- @BeforeMethod setup -->
  <testcase name="@BeforeMethod setup" time="0.0" classname="com_Milan_Test.WomenHistoryPageTest">
    <skipped/>
  </testcase> <!-- @BeforeMethod setup -->
  <testcase name="@BeforeMethod setup" time="0.0" classname="com_Milan_Test.WomenHistoryPageTest">
    <skipped/>
  </testcase> <!-- @BeforeMethod setup -->
  <testcase name="@BeforeMethod setup" time="0.0" classname="com_Milan_Test.WomenHistoryPageTest">
    <skipped/>
  </testcase> <!-- @BeforeMethod setup -->
  <testcase name="@BeforeMethod setup" time="0.0" classname="com_Milan_Test.WomenHistoryPageTest">
    <skipped/>
  </testcase> <!-- @BeforeMethod setup -->
  <testcase name="PreviousTreatmentHistoryTest" time="0.0" classname="com_Milan_Test.WomenHistoryPageTest">
    <skipped/>
  </testcase> <!-- PreviousTreatmentHistoryTest -->
  <testcase name="pastMedicationHistoryTest" time="0.0" classname="com_Milan_Test.WomenHistoryPageTest">
    <skipped/>
  </testcase> <!-- pastMedicationHistoryTest -->
  <testcase name="AllergiesTest" time="0.0" classname="com_Milan_Test.WomenHistoryPageTest">
    <skipped/>
  </testcase> <!-- AllergiesTest -->
  <testcase name="VaccinationTest" time="0.0" classname="com_Milan_Test.WomenHistoryPageTest">
    <skipped/>
  </testcase> <!-- VaccinationTest -->
  <testcase name="AddictionsTest" time="0.0" classname="com_Milan_Test.WomenHistoryPageTest">
    <skipped/>
  </testcase> <!-- AddictionsTest -->
  <testcase name="socialHistoryTest" time="0.0" classname="com_Milan_Test.WomenHistoryPageTest">
    <skipped/>
  </testcase> <!-- socialHistoryTest -->
  <testcase name="MedicalHistoryTest" time="0.0" classname="com_Milan_Test.WomenHistoryPageTest">
    <ignored/>
  </testcase> <!-- MedicalHistoryTest -->
  <testcase name="FamilyHistoryTest" time="0.0" classname="com_Milan_Test.WomenHistoryPageTest">
    <ignored/>
  </testcase> <!-- FamilyHistoryTest -->
  <testcase name="ObstetricHistoryTest" time="0.0" classname="com_Milan_Test.WomenHistoryPageTest">
    <ignored/>
  </testcase> <!-- ObstetricHistoryTest -->
  <testcase name="SexualHistoryTest" time="0.0" classname="com_Milan_Test.WomenHistoryPageTest">
    <ignored/>
  </testcase> <!-- SexualHistoryTest -->
  <testcase name="SurgicalHistoryTest" time="0.0" classname="com_Milan_Test.WomenHistoryPageTest">
    <ignored/>
  </testcase> <!-- SurgicalHistoryTest -->
</testsuite> <!-- Default test(failed) -->
