<?xml version="1.0" encoding="UTF-8"?>
<!-- Generated by org.testng.reporters.JUnitXMLReporter -->
<testsuite hostname="IVF11" ignored="5" name="Default test(failed)" tests="1" failures="1" timestamp="20 Apr 2018 13:09:36 GMT" time="59.172" errors="0">
  <testcase name="OptionSelectedOnAllergyCurrentStstusTest" time="0.168" classname="com_Milan_Test.WAllergiesTest">
    <failure type="java.lang.AssertionError" message="expected [Present] but found []">
      <![CDATA[java.lang.AssertionError: expected [Present] but found []
at com_Milan_Test.WAllergiesTest.OptionSelectedOnAllergyCurrentStstusTest(WAllergiesTest.java:80)
... Removed 31 stack frames]]>
    </failure>
  </testcase> <!-- OptionSelectedOnAllergyCurrentStstusTest -->
  <testcase name="AddNewAllergiesTest" time="0.0" classname="com_Milan_Test.WAllergiesTest">
    <ignored/>
  </testcase> <!-- AddNewAllergiesTest -->
  <testcase name="FoodAllergyvalidationTest" time="0.0" classname="com_Milan_Test.WAllergiesTest">
    <ignored/>
  </testcase> <!-- FoodAllergyvalidationTest -->
  <testcase name="FormFillCheck" time="0.0" classname="com_Milan_Test.WAllergiesTest">
    <ignored/>
  </testcase> <!-- FormFillCheck -->
  <testcase name="DrugAllergyType" time="0.0" classname="com_Milan_Test.WAllergiesTest">
    <ignored/>
  </testcase> <!-- DrugAllergyType -->
  <testcase name="OptionSelectedOnAllergyformTest" time="0.0" classname="com_Milan_Test.WAllergiesTest">
    <ignored/>
  </testcase> <!-- OptionSelectedOnAllergyformTest -->
</testsuite> <!-- Default test(failed) -->
