<?xml version="1.0" encoding="UTF-8"?>
<testng-results skipped="0" failed="0" ignored="1" total="2" passed="1">
  <reporter-output>
  </reporter-output>
  <suite name="Default suite" duration-ms="28412" started-at="2018-05-21T18:26:10Z" finished-at="2018-05-21T18:26:39Z">
    <groups>
    </groups>
    <test name="Default test" duration-ms="28412" started-at="2018-05-21T18:26:10Z" finished-at="2018-05-21T18:26:39Z">
      <class name="com_Milan_Test.WInvestigationPageTest">
        <test-method status="PASS" signature="Setup()[pri:0, instance:com_Milan_Test.WInvestigationPageTest@58ea606c]" name="Setup" is-config="true" duration-ms="22891" started-at="2018-05-21T23:56:10Z" finished-at="2018-05-21T23:56:33Z">
          <reporter-output>
          </reporter-output>
        </test-method> <!-- Setup -->
        <test-method status="PASS" signature="subcycle()[pri:2, instance:com_Milan_Test.WInvestigationPageTest@58ea606c]" name="subcycle" duration-ms="5486" started-at="2018-05-21T23:56:33Z" finished-at="2018-05-21T23:56:39Z">
          <reporter-output>
          </reporter-output>
        </test-method> <!-- subcycle -->
      </class> <!-- com_Milan_Test.WInvestigationPageTest -->
    </test> <!-- Default test -->
  </suite> <!-- Default suite -->
</testng-results>
