<?xml version="1.0" encoding="UTF-8"?>
<testng-results skipped="0" failed="0" ignored="2" total="6" passed="4">
  <reporter-output>
  </reporter-output>
  <suite name="Default suite" duration-ms="89885" started-at="2018-06-01T13:06:05Z" finished-at="2018-06-01T13:07:35Z">
    <groups>
    </groups>
    <test name="Default test" duration-ms="89885" started-at="2018-06-01T13:06:05Z" finished-at="2018-06-01T13:07:35Z">
      <class name="com_Milan_Test.CycleListPageTest">
        <test-method status="PASS" signature="Setup()[pri:0, instance:com_Milan_Test.CycleListPageTest@2638011]" name="Setup" is-config="true" duration-ms="20366" started-at="2018-06-01T18:36:05Z" finished-at="2018-06-01T18:36:25Z">
          <reporter-output>
          </reporter-output>
        </test-method> <!-- Setup -->
        <test-method status="PASS" signature="ClickonNewCycleTest()[pri:1, instance:com_Milan_Test.CycleListPageTest@2638011]" name="ClickonNewCycleTest" duration-ms="1204" started-at="2018-06-01T18:36:25Z" finished-at="2018-06-01T18:36:27Z">
          <reporter-output>
          </reporter-output>
        </test-method> <!-- ClickonNewCycleTest -->
        <test-method status="PASS" signature="Teardown()[pri:0, instance:com_Milan_Test.CycleListPageTest@2638011]" name="Teardown" is-config="true" duration-ms="738" started-at="2018-06-01T18:36:27Z" finished-at="2018-06-01T18:36:27Z">
          <reporter-output>
          </reporter-output>
        </test-method> <!-- Teardown -->
        <test-method status="PASS" signature="Setup()[pri:0, instance:com_Milan_Test.CycleListPageTest@2638011]" name="Setup" is-config="true" duration-ms="20406" started-at="2018-06-01T18:36:27Z" finished-at="2018-06-01T18:36:48Z">
          <reporter-output>
          </reporter-output>
        </test-method> <!-- Setup -->
        <test-method status="PASS" signature="CycleListTitleTest()[pri:2, instance:com_Milan_Test.CycleListPageTest@2638011]" name="CycleListTitleTest" duration-ms="183" started-at="2018-06-01T18:36:48Z" finished-at="2018-06-01T18:36:48Z">
          <reporter-output>
          </reporter-output>
        </test-method> <!-- CycleListTitleTest -->
        <test-method status="PASS" signature="Teardown()[pri:0, instance:com_Milan_Test.CycleListPageTest@2638011]" name="Teardown" is-config="true" duration-ms="737" started-at="2018-06-01T18:36:48Z" finished-at="2018-06-01T18:36:49Z">
          <reporter-output>
          </reporter-output>
        </test-method> <!-- Teardown -->
        <test-method status="PASS" signature="Setup()[pri:0, instance:com_Milan_Test.CycleListPageTest@2638011]" name="Setup" is-config="true" duration-ms="20798" started-at="2018-06-01T18:36:49Z" finished-at="2018-06-01T18:37:10Z">
          <reporter-output>
          </reporter-output>
        </test-method> <!-- Setup -->
        <test-method status="PASS" signature="ARTTypeOptionTest()[pri:5, instance:com_Milan_Test.CycleListPageTest@2638011]" name="ARTTypeOptionTest" duration-ms="908" started-at="2018-06-01T18:37:10Z" finished-at="2018-06-01T18:37:10Z">
          <reporter-output>
          </reporter-output>
        </test-method> <!-- ARTTypeOptionTest -->
        <test-method status="PASS" signature="Teardown()[pri:0, instance:com_Milan_Test.CycleListPageTest@2638011]" name="Teardown" is-config="true" duration-ms="797" started-at="2018-06-01T18:37:10Z" finished-at="2018-06-01T18:37:11Z">
          <reporter-output>
          </reporter-output>
        </test-method> <!-- Teardown -->
        <test-method status="PASS" signature="Setup()[pri:0, instance:com_Milan_Test.CycleListPageTest@2638011]" name="Setup" is-config="true" duration-ms="18312" started-at="2018-06-01T18:37:11Z" finished-at="2018-06-01T18:37:30Z">
          <reporter-output>
          </reporter-output>
        </test-method> <!-- Setup -->
        <test-method status="PASS" signature="NoofProtocolandselectionTest()[pri:6, instance:com_Milan_Test.CycleListPageTest@2638011]" name="NoofProtocolandselectionTest" duration-ms="4646" started-at="2018-06-01T18:37:30Z" finished-at="2018-06-01T18:37:34Z">
          <reporter-output>
          </reporter-output>
        </test-method> <!-- NoofProtocolandselectionTest -->
        <test-method status="PASS" signature="Teardown()[pri:0, instance:com_Milan_Test.CycleListPageTest@2638011]" name="Teardown" is-config="true" duration-ms="745" started-at="2018-06-01T18:37:34Z" finished-at="2018-06-01T18:37:35Z">
          <reporter-output>
          </reporter-output>
        </test-method> <!-- Teardown -->
      </class> <!-- com_Milan_Test.CycleListPageTest -->
    </test> <!-- Default test -->
  </suite> <!-- Default suite -->
</testng-results>
