<?xml version="1.0" encoding="UTF-8"?>
<testng-results skipped="0" failed="0" ignored="9" total="11" passed="2">
  <reporter-output>
  </reporter-output>
  <suite name="Default suite" duration-ms="205367" started-at="2018-06-19T10:36:43Z" finished-at="2018-06-19T10:40:08Z">
    <groups>
    </groups>
    <test name="Default test" duration-ms="205367" started-at="2018-06-19T10:36:43Z" finished-at="2018-06-19T10:40:08Z">
      <class name="com_Milan_Test.CycleListPageTest">
        <test-method status="PASS" signature="Setup()[pri:0, instance:com_Milan_Test.CycleListPageTest@11fc564b]" name="Setup" is-config="true" duration-ms="74278" started-at="2018-06-19T16:06:43Z" finished-at="2018-06-19T16:07:57Z">
          <reporter-output>
          </reporter-output>
        </test-method> <!-- Setup -->
        <test-method status="PASS" signature="EnabledconditionARTTypeTest()[pri:4, instance:com_Milan_Test.CycleListPageTest@11fc564b]" name="EnabledconditionARTTypeTest" duration-ms="5531" started-at="2018-06-19T16:07:57Z" finished-at="2018-06-19T16:08:03Z">
          <reporter-output>
          </reporter-output>
        </test-method> <!-- EnabledconditionARTTypeTest -->
        <test-method status="PASS" signature="Teardown()[pri:0, instance:com_Milan_Test.CycleListPageTest@11fc564b]" name="Teardown" is-config="true" duration-ms="687" started-at="2018-06-19T16:08:03Z" finished-at="2018-06-19T16:08:03Z">
          <reporter-output>
          </reporter-output>
        </test-method> <!-- Teardown -->
        <test-method status="PASS" signature="Setup()[pri:0, instance:com_Milan_Test.CycleListPageTest@11fc564b]" name="Setup" is-config="true" duration-ms="72717" started-at="2018-06-19T16:08:03Z" finished-at="2018-06-19T16:09:16Z">
          <reporter-output>
          </reporter-output>
        </test-method> <!-- Setup -->
        <test-method status="PASS" signature="SaveTheCycleTest()[pri:11, instance:com_Milan_Test.CycleListPageTest@11fc564b]" name="SaveTheCycleTest" duration-ms="51439" started-at="2018-06-19T16:09:16Z" depends-on-methods="com_Milan_Test.CycleListPageTest.EnabledconditionARTTypeTest" finished-at="2018-06-19T16:10:07Z">
          <reporter-output>
          </reporter-output>
        </test-method> <!-- SaveTheCycleTest -->
        <test-method status="PASS" signature="Teardown()[pri:0, instance:com_Milan_Test.CycleListPageTest@11fc564b]" name="Teardown" is-config="true" duration-ms="666" started-at="2018-06-19T16:10:07Z" finished-at="2018-06-19T16:10:08Z">
          <reporter-output>
          </reporter-output>
        </test-method> <!-- Teardown -->
      </class> <!-- com_Milan_Test.CycleListPageTest -->
    </test> <!-- Default test -->
  </suite> <!-- Default suite -->
</testng-results>
