<?xml version="1.0" encoding="UTF-8"?>
<testng-results skipped="0" failed="0" ignored="4" total="5" passed="1">
  <reporter-output>
  </reporter-output>
  <suite name="Default suite" duration-ms="42782" started-at="2018-05-01T14:13:33Z" finished-at="2018-05-01T14:14:16Z">
    <groups>
    </groups>
    <test name="Default test" duration-ms="42782" started-at="2018-05-01T14:13:33Z" finished-at="2018-05-01T14:14:16Z">
      <class name="com_Milan_Test.FemaleDiagnosisTest">
        <test-method status="PASS" signature="Setup()[pri:0, instance:com_Milan_Test.FemaleDiagnosisTest@5f341870]" name="Setup" is-config="true" duration-ms="40080" started-at="2018-05-01T19:43:33Z" finished-at="2018-05-01T19:44:13Z">
          <reporter-output>
          </reporter-output>
        </test-method> <!-- Setup -->
        <test-method status="PASS" signature="TypeSelectionboxEnableconditionTest()[pri:5, instance:com_Milan_Test.FemaleDiagnosisTest@5f341870]" name="TypeSelectionboxEnableconditionTest" duration-ms="1979" started-at="2018-05-01T19:44:13Z" finished-at="2018-05-01T19:44:15Z">
          <reporter-output>
          </reporter-output>
        </test-method> <!-- TypeSelectionboxEnableconditionTest -->
        <test-method status="PASS" signature="TearDown()[pri:0, instance:com_Milan_Test.FemaleDiagnosisTest@5f341870]" name="TearDown" is-config="true" duration-ms="695" started-at="2018-05-01T19:44:15Z" finished-at="2018-05-01T19:44:16Z">
          <reporter-output>
          </reporter-output>
        </test-method> <!-- TearDown -->
      </class> <!-- com_Milan_Test.FemaleDiagnosisTest -->
    </test> <!-- Default test -->
  </suite> <!-- Default suite -->
</testng-results>
