<?xml version="1.0" encoding="UTF-8"?>
<testng-results skipped="0" failed="0" ignored="0" total="3" passed="3">
  <reporter-output>
  </reporter-output>
  <suite name="Default suite" duration-ms="68219" started-at="2018-09-18T06:23:08Z" finished-at="2018-09-18T06:24:16Z">
    <groups>
    </groups>
    <test name="Default test" duration-ms="68219" started-at="2018-09-18T06:23:08Z" finished-at="2018-09-18T06:24:16Z">
      <class name="com_Milan_Test.PrescriptionPageTest">
        <test-method status="PASS" signature="Setup()[pri:0, instance:com_Milan_Test.PrescriptionPageTest@78c03f1f]" name="Setup" is-config="true" duration-ms="21289" started-at="2018-09-18T11:53:08Z" finished-at="2018-09-18T11:53:29Z">
          <reporter-output>
          </reporter-output>
        </test-method> <!-- Setup -->
        <test-method status="PASS" signature="GetPrescriptionTestTitleTest()[pri:1, instance:com_Milan_Test.PrescriptionPageTest@78c03f1f]" name="GetPrescriptionTestTitleTest" duration-ms="453" started-at="2018-09-18T11:53:29Z" finished-at="2018-09-18T11:53:30Z">
          <reporter-output>
          </reporter-output>
        </test-method> <!-- GetPrescriptionTestTitleTest -->
        <test-method status="PASS" signature="TearDown()[pri:0, instance:com_Milan_Test.PrescriptionPageTest@78c03f1f]" name="TearDown" is-config="true" duration-ms="676" started-at="2018-09-18T11:53:30Z" finished-at="2018-09-18T11:53:30Z">
          <reporter-output>
          </reporter-output>
        </test-method> <!-- TearDown -->
        <test-method status="PASS" signature="Setup()[pri:0, instance:com_Milan_Test.PrescriptionPageTest@78c03f1f]" name="Setup" is-config="true" duration-ms="19561" started-at="2018-09-18T11:53:30Z" finished-at="2018-09-18T11:53:50Z">
          <reporter-output>
          </reporter-output>
        </test-method> <!-- Setup -->
        <test-method status="PASS" signature="TodaysPrescriptionTest()[pri:2, instance:com_Milan_Test.PrescriptionPageTest@78c03f1f]" name="TodaysPrescriptionTest" duration-ms="1618" started-at="2018-09-18T11:53:50Z" finished-at="2018-09-18T11:53:52Z">
          <reporter-output>
          </reporter-output>
        </test-method> <!-- TodaysPrescriptionTest -->
        <test-method status="PASS" signature="TearDown()[pri:0, instance:com_Milan_Test.PrescriptionPageTest@78c03f1f]" name="TearDown" is-config="true" duration-ms="671" started-at="2018-09-18T11:53:52Z" finished-at="2018-09-18T11:53:52Z">
          <reporter-output>
          </reporter-output>
        </test-method> <!-- TearDown -->
        <test-method status="PASS" signature="Setup()[pri:0, instance:com_Milan_Test.PrescriptionPageTest@78c03f1f]" name="Setup" is-config="true" duration-ms="19860" started-at="2018-09-18T11:53:52Z" finished-at="2018-09-18T11:54:12Z">
          <reporter-output>
          </reporter-output>
        </test-method> <!-- Setup -->
        <test-method status="PASS" signature="SetFavoriteDrugsTest()[pri:3, instance:com_Milan_Test.PrescriptionPageTest@78c03f1f]" name="SetFavoriteDrugsTest" duration-ms="3388" started-at="2018-09-18T11:54:12Z" finished-at="2018-09-18T11:54:16Z">
          <reporter-output>
          </reporter-output>
        </test-method> <!-- SetFavoriteDrugsTest -->
        <test-method status="PASS" signature="TearDown()[pri:0, instance:com_Milan_Test.PrescriptionPageTest@78c03f1f]" name="TearDown" is-config="true" duration-ms="665" started-at="2018-09-18T11:54:16Z" finished-at="2018-09-18T11:54:16Z">
          <reporter-output>
          </reporter-output>
        </test-method> <!-- TearDown -->
      </class> <!-- com_Milan_Test.PrescriptionPageTest -->
    </test> <!-- Default test -->
  </suite> <!-- Default suite -->
</testng-results>
