<?xml version="1.0" encoding="UTF-8"?>
<testng-results skipped="0" failed="1" ignored="0" total="5" passed="4">
  <reporter-output>
  </reporter-output>
  <suite name="Default suite" duration-ms="481900" started-at="2018-09-07T15:11:23Z" finished-at="2018-09-07T15:19:25Z">
    <groups>
    </groups>
    <test name="Default test" duration-ms="481900" started-at="2018-09-07T15:11:23Z" finished-at="2018-09-07T15:19:25Z">
      <class name="com_Milan_Test.CycleOverviewPageTest">
        <test-method status="PASS" signature="Setup()[pri:0, instance:com_Milan_Test.CycleOverviewPageTest@3972a855]" name="Setup" is-config="true" duration-ms="86612" started-at="2018-09-07T20:41:23Z" finished-at="2018-09-07T20:42:49Z">
          <reporter-output>
          </reporter-output>
        </test-method> <!-- Setup -->
        <test-method status="PASS" signature="ValueInSourceofSpermOptionTest()[pri:1, instance:com_Milan_Test.CycleOverviewPageTest@3972a855]" name="ValueInSourceofSpermOptionTest" duration-ms="11246" started-at="2018-09-07T20:42:49Z" finished-at="2018-09-07T20:43:01Z">
          <reporter-output>
          </reporter-output>
        </test-method> <!-- ValueInSourceofSpermOptionTest -->
        <test-method status="PASS" signature="TearDown()[pri:0, instance:com_Milan_Test.CycleOverviewPageTest@3972a855]" name="TearDown" is-config="true" duration-ms="727" started-at="2018-09-07T20:43:01Z" finished-at="2018-09-07T20:43:01Z">
          <reporter-output>
          </reporter-output>
        </test-method> <!-- TearDown -->
        <test-method status="PASS" signature="Setup()[pri:0, instance:com_Milan_Test.CycleOverviewPageTest@3972a855]" name="Setup" is-config="true" duration-ms="86389" started-at="2018-09-07T20:43:01Z" finished-at="2018-09-07T20:44:28Z">
          <reporter-output>
          </reporter-output>
        </test-method> <!-- Setup -->
        <test-method status="FAIL" signature="ValueInMethodOfSemenCollectionOptionTest()[pri:2, instance:com_Milan_Test.CycleOverviewPageTest@3972a855]" name="ValueInMethodOfSemenCollectionOptionTest" duration-ms="11401" started-at="2018-09-07T20:44:28Z" finished-at="2018-09-07T20:44:39Z">
          <exception class="java.lang.AssertionError">
            <message>
              <![CDATA[expected [Electrostimulation] but found [Select]]]>
            </message>
            <full-stacktrace>
              <![CDATA[java.lang.AssertionError: expected [Electrostimulation] but found [Select]
	at org.testng.Assert.fail(Assert.java:93)
	at org.testng.Assert.failNotEquals(Assert.java:512)
	at org.testng.Assert.assertEqualsImpl(Assert.java:134)
	at org.testng.Assert.assertEquals(Assert.java:115)
	at org.testng.Assert.assertEquals(Assert.java:189)
	at org.testng.Assert.assertEquals(Assert.java:199)
	at com_Milan_Test.CycleOverviewPageTest.ValueInMethodOfSemenCollectionOptionTest(CycleOverviewPageTest.java:120)
	at sun.reflect.NativeMethodAccessorImpl.invoke0(Native Method)
	at sun.reflect.NativeMethodAccessorImpl.invoke(NativeMethodAccessorImpl.java:62)
	at sun.reflect.DelegatingMethodAccessorImpl.invoke(DelegatingMethodAccessorImpl.java:43)
	at java.lang.reflect.Method.invoke(Method.java:498)
	at org.testng.internal.MethodInvocationHelper.invokeMethod(MethodInvocationHelper.java:108)
	at org.testng.internal.Invoker.invokeMethod(Invoker.java:661)
	at org.testng.internal.Invoker.invokeTestMethod(Invoker.java:869)
	at org.testng.internal.Invoker.invokeTestMethods(Invoker.java:1193)
	at org.testng.internal.TestMethodWorker.invokeTestMethods(TestMethodWorker.java:126)
	at org.testng.internal.TestMethodWorker.run(TestMethodWorker.java:109)
	at org.testng.TestRunner.privateRun(TestRunner.java:744)
	at org.testng.TestRunner.run(TestRunner.java:602)
	at org.testng.SuiteRunner.runTest(SuiteRunner.java:380)
	at org.testng.SuiteRunner.runSequentially(SuiteRunner.java:375)
	at org.testng.SuiteRunner.privateRun(SuiteRunner.java:340)
	at org.testng.SuiteRunner.run(SuiteRunner.java:289)
	at org.testng.SuiteRunnerWorker.runSuite(SuiteRunnerWorker.java:52)
	at org.testng.SuiteRunnerWorker.run(SuiteRunnerWorker.java:86)
	at org.testng.TestNG.runSuitesSequentially(TestNG.java:1301)
	at org.testng.TestNG.runSuitesLocally(TestNG.java:1226)
	at org.testng.TestNG.runSuites(TestNG.java:1144)
	at org.testng.TestNG.run(TestNG.java:1115)
	at org.testng.remote.AbstractRemoteTestNG.run(AbstractRemoteTestNG.java:114)
	at org.testng.remote.RemoteTestNG.initAndRun(RemoteTestNG.java:251)
	at org.testng.remote.RemoteTestNG.main(RemoteTestNG.java:77)
]]>
            </full-stacktrace>
          </exception> <!-- java.lang.AssertionError -->
          <reporter-output>
          </reporter-output>
        </test-method> <!-- ValueInMethodOfSemenCollectionOptionTest -->
        <test-method status="PASS" signature="TearDown()[pri:0, instance:com_Milan_Test.CycleOverviewPageTest@3972a855]" name="TearDown" is-config="true" duration-ms="730" started-at="2018-09-07T20:44:40Z" finished-at="2018-09-07T20:44:40Z">
          <reporter-output>
          </reporter-output>
        </test-method> <!-- TearDown -->
        <test-method status="PASS" signature="Setup()[pri:0, instance:com_Milan_Test.CycleOverviewPageTest@3972a855]" name="Setup" is-config="true" duration-ms="91175" started-at="2018-09-07T20:44:40Z" finished-at="2018-09-07T20:46:11Z">
          <reporter-output>
          </reporter-output>
        </test-method> <!-- Setup -->
        <test-method status="PASS" signature="ValueInProtocolTest()[pri:3, instance:com_Milan_Test.CycleOverviewPageTest@3972a855]" name="ValueInProtocolTest" duration-ms="1487" started-at="2018-09-07T20:46:11Z" finished-at="2018-09-07T20:46:13Z">
          <reporter-output>
          </reporter-output>
        </test-method> <!-- ValueInProtocolTest -->
        <test-method status="PASS" signature="TearDown()[pri:0, instance:com_Milan_Test.CycleOverviewPageTest@3972a855]" name="TearDown" is-config="true" duration-ms="740" started-at="2018-09-07T20:46:13Z" finished-at="2018-09-07T20:46:14Z">
          <reporter-output>
          </reporter-output>
        </test-method> <!-- TearDown -->
        <test-method status="PASS" signature="Setup()[pri:0, instance:com_Milan_Test.CycleOverviewPageTest@3972a855]" name="Setup" is-config="true" duration-ms="84646" started-at="2018-09-07T20:46:14Z" finished-at="2018-09-07T20:47:38Z">
          <reporter-output>
          </reporter-output>
        </test-method> <!-- Setup -->
        <test-method status="PASS" signature="ValueInARTTypeTest()[pri:4, instance:com_Milan_Test.CycleOverviewPageTest@3972a855]" name="ValueInARTTypeTest" duration-ms="5869" started-at="2018-09-07T20:47:38Z" finished-at="2018-09-07T20:47:44Z">
          <reporter-output>
          </reporter-output>
        </test-method> <!-- ValueInARTTypeTest -->
        <test-method status="PASS" signature="TearDown()[pri:0, instance:com_Milan_Test.CycleOverviewPageTest@3972a855]" name="TearDown" is-config="true" duration-ms="750" started-at="2018-09-07T20:47:44Z" finished-at="2018-09-07T20:47:45Z">
          <reporter-output>
          </reporter-output>
        </test-method> <!-- TearDown -->
        <test-method status="PASS" signature="Setup()[pri:0, instance:com_Milan_Test.CycleOverviewPageTest@3972a855]" name="Setup" is-config="true" duration-ms="86327" started-at="2018-09-07T20:47:45Z" finished-at="2018-09-07T20:49:11Z">
          <reporter-output>
          </reporter-output>
        </test-method> <!-- Setup -->
        <test-method status="PASS" signature="ConcentTest()[pri:5, instance:com_Milan_Test.CycleOverviewPageTest@3972a855]" name="ConcentTest" duration-ms="12584" started-at="2018-09-07T20:49:11Z" finished-at="2018-09-07T20:49:24Z">
          <reporter-output>
          </reporter-output>
        </test-method> <!-- ConcentTest -->
        <test-method status="PASS" signature="TearDown()[pri:0, instance:com_Milan_Test.CycleOverviewPageTest@3972a855]" name="TearDown" is-config="true" duration-ms="760" started-at="2018-09-07T20:49:24Z" finished-at="2018-09-07T20:49:25Z">
          <reporter-output>
          </reporter-output>
        </test-method> <!-- TearDown -->
      </class> <!-- com_Milan_Test.CycleOverviewPageTest -->
    </test> <!-- Default test -->
  </suite> <!-- Default suite -->
</testng-results>
