<?xml version="1.0" encoding="UTF-8"?>
<testng-results skipped="0" failed="0" ignored="1" total="4" passed="3">
  <reporter-output>
  </reporter-output>
  <suite name="Default suite" duration-ms="95959" started-at="2018-05-16T14:33:59Z" finished-at="2018-05-16T14:35:35Z">
    <groups>
    </groups>
    <test name="Default test" duration-ms="95959" started-at="2018-05-16T14:33:59Z" finished-at="2018-05-16T14:35:35Z">
      <class name="com_Milan_Test.HomePageTest">
        <test-method status="PASS" signature="Setup()[pri:0, instance:com_Milan_Test.HomePageTest@5f341870]" name="Setup" is-config="true" duration-ms="10321" started-at="2018-05-16T20:03:59Z" finished-at="2018-05-16T20:04:09Z">
          <reporter-output>
          </reporter-output>
        </test-method> <!-- Setup -->
        <test-method status="PASS" signature="ClickOnCmrTest()[pri:2, instance:com_Milan_Test.HomePageTest@5f341870]" name="ClickOnCmrTest" duration-ms="34755" started-at="2018-05-16T20:04:09Z" finished-at="2018-05-16T20:04:44Z">
          <reporter-output>
          </reporter-output>
        </test-method> <!-- ClickOnCmrTest -->
        <test-method status="PASS" signature="teardown()[pri:0, instance:com_Milan_Test.HomePageTest@5f341870]" name="teardown" is-config="true" duration-ms="672" started-at="2018-05-16T20:04:44Z" finished-at="2018-05-16T20:04:45Z">
          <reporter-output>
          </reporter-output>
        </test-method> <!-- teardown -->
        <test-method status="PASS" signature="Setup()[pri:0, instance:com_Milan_Test.HomePageTest@5f341870]" name="Setup" is-config="true" duration-ms="8612" started-at="2018-05-16T20:04:45Z" finished-at="2018-05-16T20:04:53Z">
          <reporter-output>
          </reporter-output>
        </test-method> <!-- Setup -->
        <test-method status="PASS" signature="SearchPatientUsingCalenderTest()[pri:3, instance:com_Milan_Test.HomePageTest@5f341870]" name="SearchPatientUsingCalenderTest" duration-ms="21822" started-at="2018-05-16T20:04:53Z" finished-at="2018-05-16T20:05:15Z">
          <reporter-output>
          </reporter-output>
        </test-method> <!-- SearchPatientUsingCalenderTest -->
        <test-method status="PASS" signature="teardown()[pri:0, instance:com_Milan_Test.HomePageTest@5f341870]" name="teardown" is-config="true" duration-ms="652" started-at="2018-05-16T20:05:15Z" finished-at="2018-05-16T20:05:16Z">
          <reporter-output>
          </reporter-output>
        </test-method> <!-- teardown -->
        <test-method status="PASS" signature="Setup()[pri:0, instance:com_Milan_Test.HomePageTest@5f341870]" name="Setup" is-config="true" duration-ms="8735" started-at="2018-05-16T20:05:16Z" finished-at="2018-05-16T20:05:25Z">
          <reporter-output>
          </reporter-output>
        </test-method> <!-- Setup -->
        <test-method status="PASS" signature="SearchPatientUsingPatientTabTest()[pri:4, instance:com_Milan_Test.HomePageTest@5f341870]" name="SearchPatientUsingPatientTabTest" duration-ms="9698" started-at="2018-05-16T20:05:25Z" finished-at="2018-05-16T20:05:34Z">
          <reporter-output>
          </reporter-output>
        </test-method> <!-- SearchPatientUsingPatientTabTest -->
        <test-method status="PASS" signature="teardown()[pri:0, instance:com_Milan_Test.HomePageTest@5f341870]" name="teardown" is-config="true" duration-ms="662" started-at="2018-05-16T20:05:34Z" finished-at="2018-05-16T20:05:35Z">
          <reporter-output>
          </reporter-output>
        </test-method> <!-- teardown -->
      </class> <!-- com_Milan_Test.HomePageTest -->
    </test> <!-- Default test -->
  </suite> <!-- Default suite -->
</testng-results>
