<?xml version="1.0" encoding="UTF-8"?>
<testng-results skipped="0" failed="0" ignored="0" total="2" passed="2">
  <reporter-output>
  </reporter-output>
  <suite name="Default suite" duration-ms="104388" started-at="2018-04-25T05:45:03Z" finished-at="2018-04-25T05:46:47Z">
    <groups>
    </groups>
    <test name="Default test" duration-ms="104388" started-at="2018-04-25T05:45:03Z" finished-at="2018-04-25T05:46:47Z">
      <class name="com_Milan_Test.WPastMedicationHistoryTest">
        <test-method status="PASS" signature="Setup()[pri:0, instance:com_Milan_Test.WPastMedicationHistoryTest@7cbd213e]" name="Setup" is-config="true" duration-ms="44610" started-at="2018-04-25T05:45:03Z" finished-at="2018-04-25T05:45:47Z">
          <reporter-output>
          </reporter-output>
        </test-method> <!-- Setup -->
        <test-method status="PASS" signature="DrugNameTest()[pri:1, instance:com_Milan_Test.WPastMedicationHistoryTest@7cbd213e]" name="DrugNameTest" duration-ms="4197" started-at="2018-04-25T05:45:47Z" finished-at="2018-04-25T05:45:52Z">
          <reporter-output>
          </reporter-output>
        </test-method> <!-- DrugNameTest -->
        <test-method status="PASS" signature="Teardown()[pri:0, instance:com_Milan_Test.WPastMedicationHistoryTest@7cbd213e]" name="Teardown" is-config="true" duration-ms="691" started-at="2018-04-25T05:45:52Z" finished-at="2018-04-25T05:45:52Z">
          <reporter-output>
          </reporter-output>
        </test-method> <!-- Teardown -->
        <test-method status="PASS" signature="Setup()[pri:0, instance:com_Milan_Test.WPastMedicationHistoryTest@7cbd213e]" name="Setup" is-config="true" duration-ms="50003" started-at="2018-04-25T05:45:52Z" finished-at="2018-04-25T05:46:42Z">
          <reporter-output>
          </reporter-output>
        </test-method> <!-- Setup -->
        <test-method status="PASS" signature="DrugNameFieldEnablecondition()[pri:2, instance:com_Milan_Test.WPastMedicationHistoryTest@7cbd213e]" name="DrugNameFieldEnablecondition" duration-ms="4192" started-at="2018-04-25T05:46:42Z" finished-at="2018-04-25T05:46:46Z">
          <reporter-output>
          </reporter-output>
        </test-method> <!-- DrugNameFieldEnablecondition -->
        <test-method status="PASS" signature="Teardown()[pri:0, instance:com_Milan_Test.WPastMedicationHistoryTest@7cbd213e]" name="Teardown" is-config="true" duration-ms="661" started-at="2018-04-25T05:46:46Z" finished-at="2018-04-25T05:46:47Z">
          <reporter-output>
          </reporter-output>
        </test-method> <!-- Teardown -->
      </class> <!-- com_Milan_Test.WPastMedicationHistoryTest -->
    </test> <!-- Default test -->
  </suite> <!-- Default suite -->
</testng-results>
