<?xml version="1.0" encoding="UTF-8"?>
<testng-results skipped="0" failed="0" ignored="17" total="18" passed="1">
  <reporter-output>
  </reporter-output>
  <suite name="Default suite" duration-ms="69306" started-at="2018-07-20T10:01:55Z" finished-at="2018-07-20T10:03:04Z">
    <groups>
    </groups>
    <test name="Default test" duration-ms="69306" started-at="2018-07-20T10:01:55Z" finished-at="2018-07-20T10:03:04Z">
      <class name="com_Milan_Test.WObstetricHistoryPageTest">
        <test-method status="PASS" signature="Setup()[pri:0, instance:com_Milan_Test.WObstetricHistoryPageTest@55f616cf]" name="Setup" is-config="true" duration-ms="51284" started-at="2018-07-20T15:31:55Z" finished-at="2018-07-20T15:32:46Z">
          <reporter-output>
          </reporter-output>
        </test-method> <!-- Setup -->
        <test-method status="PASS" signature="SaveOutcometypesTest()[pri:18, instance:com_Milan_Test.WObstetricHistoryPageTest@55f616cf]" name="SaveOutcometypesTest" duration-ms="17148" started-at="2018-07-20T15:32:46Z" finished-at="2018-07-20T15:33:04Z">
          <reporter-output>
          </reporter-output>
        </test-method> <!-- SaveOutcometypesTest -->
        <test-method status="PASS" signature="Teardown()[pri:0, instance:com_Milan_Test.WObstetricHistoryPageTest@55f616cf]" name="Teardown" is-config="true" duration-ms="841" started-at="2018-07-20T15:33:04Z" finished-at="2018-07-20T15:33:04Z">
          <reporter-output>
          </reporter-output>
        </test-method> <!-- Teardown -->
      </class> <!-- com_Milan_Test.WObstetricHistoryPageTest -->
    </test> <!-- Default test -->
  </suite> <!-- Default suite -->
</testng-results>
