<?xml version="1.0" encoding="UTF-8"?>
<testng-results skipped="0" failed="1" ignored="2" total="14" passed="11">
  <reporter-output>
  </reporter-output>
  <suite name="Default suite" duration-ms="1076584" started-at="2018-04-23T09:32:50Z" finished-at="2018-04-23T09:50:46Z">
    <groups>
    </groups>
    <test name="Default test" duration-ms="1076584" started-at="2018-04-23T09:32:50Z" finished-at="2018-04-23T09:50:46Z">
      <class name="com_Milan_Test.WObstetricHistoryPageTest">
        <test-method status="PASS" signature="Setup()[pri:0, instance:com_Milan_Test.WObstetricHistoryPageTest@192d3247]" name="Setup" is-config="true" duration-ms="62074" started-at="2018-04-23T09:32:50Z" finished-at="2018-04-23T09:33:52Z">
          <reporter-output>
          </reporter-output>
        </test-method> <!-- Setup -->
        <test-method status="PASS" signature="BirthWeightValueTextTest()[pri:1, instance:com_Milan_Test.WObstetricHistoryPageTest@192d3247]" name="BirthWeightValueTextTest" duration-ms="356" started-at="2018-04-23T09:33:52Z" finished-at="2018-04-23T09:33:52Z">
          <reporter-output>
          </reporter-output>
        </test-method> <!-- BirthWeightValueTextTest -->
        <test-method status="PASS" signature="Teardown()[pri:0, instance:com_Milan_Test.WObstetricHistoryPageTest@192d3247]" name="Teardown" is-config="true" duration-ms="685" started-at="2018-04-23T09:33:52Z" finished-at="2018-04-23T09:33:53Z">
          <reporter-output>
          </reporter-output>
        </test-method> <!-- Teardown -->
        <test-method status="PASS" signature="Setup()[pri:0, instance:com_Milan_Test.WObstetricHistoryPageTest@192d3247]" name="Setup" is-config="true" duration-ms="90049" started-at="2018-04-23T09:33:53Z" finished-at="2018-04-23T09:35:23Z">
          <reporter-output>
          </reporter-output>
        </test-method> <!-- Setup -->
        <test-method status="PASS" signature="BirthWeightEnableConditionTest()[pri:2, instance:com_Milan_Test.WObstetricHistoryPageTest@192d3247]" name="BirthWeightEnableConditionTest" duration-ms="290" started-at="2018-04-23T09:35:23Z" finished-at="2018-04-23T09:35:23Z">
          <reporter-output>
          </reporter-output>
        </test-method> <!-- BirthWeightEnableConditionTest -->
        <test-method status="PASS" signature="Teardown()[pri:0, instance:com_Milan_Test.WObstetricHistoryPageTest@192d3247]" name="Teardown" is-config="true" duration-ms="661" started-at="2018-04-23T09:35:23Z" finished-at="2018-04-23T09:35:24Z">
          <reporter-output>
          </reporter-output>
        </test-method> <!-- Teardown -->
        <test-method status="PASS" signature="Setup()[pri:0, instance:com_Milan_Test.WObstetricHistoryPageTest@192d3247]" name="Setup" is-config="true" duration-ms="88639" started-at="2018-04-23T09:35:24Z" finished-at="2018-04-23T09:36:52Z">
          <reporter-output>
          </reporter-output>
        </test-method> <!-- Setup -->
        <test-method status="PASS" signature="ValueInAbortiontionTest()[pri:4, instance:com_Milan_Test.WObstetricHistoryPageTest@192d3247]" name="ValueInAbortiontionTest" duration-ms="297" started-at="2018-04-23T09:36:52Z" finished-at="2018-04-23T09:36:53Z">
          <reporter-output>
          </reporter-output>
        </test-method> <!-- ValueInAbortiontionTest -->
        <test-method status="PASS" signature="Teardown()[pri:0, instance:com_Milan_Test.WObstetricHistoryPageTest@192d3247]" name="Teardown" is-config="true" duration-ms="676" started-at="2018-04-23T09:36:53Z" finished-at="2018-04-23T09:36:53Z">
          <reporter-output>
          </reporter-output>
        </test-method> <!-- Teardown -->
        <test-method status="PASS" signature="Setup()[pri:0, instance:com_Milan_Test.WObstetricHistoryPageTest@192d3247]" name="Setup" is-config="true" duration-ms="69369" started-at="2018-04-23T09:36:53Z" finished-at="2018-04-23T09:38:03Z">
          <reporter-output>
          </reporter-output>
        </test-method> <!-- Setup -->
        <test-method status="PASS" signature="LiveBirthEnableTest()[pri:7, instance:com_Milan_Test.WObstetricHistoryPageTest@192d3247]" name="LiveBirthEnableTest" duration-ms="63" started-at="2018-04-23T09:38:03Z" finished-at="2018-04-23T09:38:03Z">
          <reporter-output>
          </reporter-output>
        </test-method> <!-- LiveBirthEnableTest -->
        <test-method status="PASS" signature="Teardown()[pri:0, instance:com_Milan_Test.WObstetricHistoryPageTest@192d3247]" name="Teardown" is-config="true" duration-ms="688" started-at="2018-04-23T09:38:03Z" finished-at="2018-04-23T09:38:03Z">
          <reporter-output>
          </reporter-output>
        </test-method> <!-- Teardown -->
        <test-method status="PASS" signature="Setup()[pri:0, instance:com_Milan_Test.WObstetricHistoryPageTest@192d3247]" name="Setup" is-config="true" duration-ms="88042" started-at="2018-04-23T09:38:03Z" finished-at="2018-04-23T09:39:31Z">
          <reporter-output>
          </reporter-output>
        </test-method> <!-- Setup -->
        <test-method status="PASS" signature="RowGridEnableTest()[pri:8, instance:com_Milan_Test.WObstetricHistoryPageTest@192d3247]" name="RowGridEnableTest" duration-ms="56" started-at="2018-04-23T09:39:31Z" finished-at="2018-04-23T09:39:32Z">
          <reporter-output>
          </reporter-output>
        </test-method> <!-- RowGridEnableTest -->
        <test-method status="PASS" signature="Teardown()[pri:0, instance:com_Milan_Test.WObstetricHistoryPageTest@192d3247]" name="Teardown" is-config="true" duration-ms="680" started-at="2018-04-23T09:39:32Z" finished-at="2018-04-23T09:39:32Z">
          <reporter-output>
          </reporter-output>
        </test-method> <!-- Teardown -->
        <test-method status="PASS" signature="Setup()[pri:0, instance:com_Milan_Test.WObstetricHistoryPageTest@192d3247]" name="Setup" is-config="true" duration-ms="102997" started-at="2018-04-23T09:39:32Z" finished-at="2018-04-23T09:41:15Z">
          <reporter-output>
          </reporter-output>
        </test-method> <!-- Setup -->
        <test-method status="PASS" signature="StillBornEnableTest()[pri:9, instance:com_Milan_Test.WObstetricHistoryPageTest@192d3247]" name="StillBornEnableTest" duration-ms="46" started-at="2018-04-23T09:41:15Z" finished-at="2018-04-23T09:41:15Z">
          <reporter-output>
          </reporter-output>
        </test-method> <!-- StillBornEnableTest -->
        <test-method status="PASS" signature="Teardown()[pri:0, instance:com_Milan_Test.WObstetricHistoryPageTest@192d3247]" name="Teardown" is-config="true" duration-ms="703" started-at="2018-04-23T09:41:15Z" finished-at="2018-04-23T09:41:16Z">
          <reporter-output>
          </reporter-output>
        </test-method> <!-- Teardown -->
        <test-method status="PASS" signature="Setup()[pri:0, instance:com_Milan_Test.WObstetricHistoryPageTest@192d3247]" name="Setup" is-config="true" duration-ms="89810" started-at="2018-04-23T09:41:16Z" finished-at="2018-04-23T09:42:46Z">
          <reporter-output>
          </reporter-output>
        </test-method> <!-- Setup -->
        <test-method status="PASS" signature="EctopiccEnableCondititionTest()[pri:10, instance:com_Milan_Test.WObstetricHistoryPageTest@192d3247]" name="EctopiccEnableCondititionTest" duration-ms="77" started-at="2018-04-23T09:42:46Z" finished-at="2018-04-23T09:42:46Z">
          <reporter-output>
          </reporter-output>
        </test-method> <!-- EctopiccEnableCondititionTest -->
        <test-method status="PASS" signature="Teardown()[pri:0, instance:com_Milan_Test.WObstetricHistoryPageTest@192d3247]" name="Teardown" is-config="true" duration-ms="693" started-at="2018-04-23T09:42:46Z" finished-at="2018-04-23T09:42:47Z">
          <reporter-output>
          </reporter-output>
        </test-method> <!-- Teardown -->
        <test-method status="PASS" signature="Setup()[pri:0, instance:com_Milan_Test.WObstetricHistoryPageTest@192d3247]" name="Setup" is-config="true" duration-ms="105252" started-at="2018-04-23T09:42:47Z" finished-at="2018-04-23T09:44:32Z">
          <reporter-output>
          </reporter-output>
        </test-method> <!-- Setup -->
        <test-method status="FAIL" signature="ObstetricHistoryPageTest()[pri:10, instance:com_Milan_Test.WObstetricHistoryPageTest@192d3247]" name="ObstetricHistoryPageTest" duration-ms="32131" started-at="2018-04-23T09:44:32Z" finished-at="2018-04-23T09:45:04Z">
          <exception class="org.openqa.selenium.TimeoutException">
            <message>
              <![CDATA[Expected condition failed: waiting for visibility of element located by By.xpath: (//table[@id='ObstetricHistory']/tbody/tr[2]//td//select)[5] (tried for 30 second(s) with 500 MILLISECONDS interval)]]>
            </message>
            <full-stacktrace>
              <![CDATA[org.openqa.selenium.TimeoutException: Expected condition failed: waiting for visibility of element located by By.xpath: (//table[@id='ObstetricHistory']/tbody/tr[2]//td//select)[5] (tried for 30 second(s) with 500 MILLISECONDS interval)
at org.openqa.selenium.support.ui.WebDriverWait.timeoutException(WebDriverWait.java:80)
at org.openqa.selenium.support.ui.FluentWait.until(FluentWait.java:232)
at com_milan_POM.ObstetricHistoryPage.SaveOutcometypes(ObstetricHistoryPage.java:84)
at com_Milan_Test.WObstetricHistoryPageTest.ObstetricHistoryPageTest(WObstetricHistoryPageTest.java:62)
at sun.reflect.NativeMethodAccessorImpl.invoke0(Native Method)
at sun.reflect.NativeMethodAccessorImpl.invoke(Unknown Source)
at sun.reflect.DelegatingMethodAccessorImpl.invoke(Unknown Source)
at java.lang.reflect.Method.invoke(Unknown Source)
at org.testng.internal.MethodInvocationHelper.invokeMethod(MethodInvocationHelper.java:124)
at org.testng.internal.Invoker.invokeMethod(Invoker.java:580)
at org.testng.internal.Invoker.invokeTestMethod(Invoker.java:716)
at org.testng.internal.Invoker.invokeTestMethods(Invoker.java:988)
at org.testng.internal.TestMethodWorker.invokeTestMethods(TestMethodWorker.java:125)
at org.testng.internal.TestMethodWorker.run(TestMethodWorker.java:109)
at org.testng.TestRunner.privateRun(TestRunner.java:648)
at org.testng.TestRunner.run(TestRunner.java:505)
at org.testng.SuiteRunner.runTest(SuiteRunner.java:455)
at org.testng.SuiteRunner.runSequentially(SuiteRunner.java:450)
at org.testng.SuiteRunner.privateRun(SuiteRunner.java:415)
at org.testng.SuiteRunner.run(SuiteRunner.java:364)
at org.testng.SuiteRunnerWorker.runSuite(SuiteRunnerWorker.java:52)
at org.testng.SuiteRunnerWorker.run(SuiteRunnerWorker.java:84)
at org.testng.TestNG.runSuitesSequentially(TestNG.java:1208)
at org.testng.TestNG.runSuitesLocally(TestNG.java:1137)
at org.testng.TestNG.runSuites(TestNG.java:1049)
at org.testng.TestNG.run(TestNG.java:1017)
at org.testng.remote.AbstractRemoteTestNG.run(AbstractRemoteTestNG.java:114)
at org.testng.remote.RemoteTestNG.initAndRun(RemoteTestNG.java:251)
at org.testng.remote.RemoteTestNG.main(RemoteTestNG.java:77)
Caused by: org.openqa.selenium.NoSuchElementException: Cannot locate an element using By.xpath: (//table[@id='ObstetricHistory']/tbody/tr[2]//td//select)[5]
For documentation on this error, please visit: http://seleniumhq.org/exceptions/no_such_element.html
Build info: version: '3.5.3', revision: 'a88d25fe6b', time: '2017-08-29T12:42:44.417Z'
System info: host: 'IVF11', ip: '192.168.1.56', os.name: 'Windows 8.1', os.arch: 'amd64', os.version: '6.3', java.version: '1.8.0_161'
Driver info: driver.version: unknown
at org.openqa.selenium.support.ui.ExpectedConditions.lambda$findElement$0(ExpectedConditions.java:883)
at java.util.Optional.orElseThrow(Unknown Source)
at org.openqa.selenium.support.ui.ExpectedConditions.findElement(ExpectedConditions.java:882)
at org.openqa.selenium.support.ui.ExpectedConditions.access$000(ExpectedConditions.java:44)
at org.openqa.selenium.support.ui.ExpectedConditions$7.apply(ExpectedConditions.java:206)
at org.openqa.selenium.support.ui.ExpectedConditions$7.apply(ExpectedConditions.java:202)
at org.openqa.selenium.support.ui.FluentWait.until(FluentWait.java:209)
... 27 more
]]>
            </full-stacktrace>
          </exception> <!-- org.openqa.selenium.TimeoutException -->
          <reporter-output>
          </reporter-output>
        </test-method> <!-- ObstetricHistoryPageTest -->
        <test-method status="PASS" signature="Teardown()[pri:0, instance:com_Milan_Test.WObstetricHistoryPageTest@192d3247]" name="Teardown" is-config="true" duration-ms="687" started-at="2018-04-23T09:45:04Z" finished-at="2018-04-23T09:45:05Z">
          <reporter-output>
          </reporter-output>
        </test-method> <!-- Teardown -->
        <test-method status="PASS" signature="Setup()[pri:0, instance:com_Milan_Test.WObstetricHistoryPageTest@192d3247]" name="Setup" is-config="true" duration-ms="87629" started-at="2018-04-23T09:45:05Z" finished-at="2018-04-23T09:46:32Z">
          <reporter-output>
          </reporter-output>
        </test-method> <!-- Setup -->
        <test-method status="PASS" signature="AbortionEnableCondititionTest()[pri:11, instance:com_Milan_Test.WObstetricHistoryPageTest@192d3247]" name="AbortionEnableCondititionTest" duration-ms="77" started-at="2018-04-23T09:46:32Z" finished-at="2018-04-23T09:46:32Z">
          <reporter-output>
          </reporter-output>
        </test-method> <!-- AbortionEnableCondititionTest -->
        <test-method status="PASS" signature="Teardown()[pri:0, instance:com_Milan_Test.WObstetricHistoryPageTest@192d3247]" name="Teardown" is-config="true" duration-ms="695" started-at="2018-04-23T09:46:32Z" finished-at="2018-04-23T09:46:33Z">
          <reporter-output>
          </reporter-output>
        </test-method> <!-- Teardown -->
        <test-method status="PASS" signature="Setup()[pri:0, instance:com_Milan_Test.WObstetricHistoryPageTest@192d3247]" name="Setup" is-config="true" duration-ms="89559" started-at="2018-04-23T09:46:33Z" finished-at="2018-04-23T09:48:03Z">
          <reporter-output>
          </reporter-output>
        </test-method> <!-- Setup -->
        <test-method status="PASS" signature="DeliveryEnableCondititionTest()[pri:12, instance:com_Milan_Test.WObstetricHistoryPageTest@192d3247]" name="DeliveryEnableCondititionTest" duration-ms="256" started-at="2018-04-23T09:48:03Z" finished-at="2018-04-23T09:48:03Z">
          <reporter-output>
          </reporter-output>
        </test-method> <!-- DeliveryEnableCondititionTest -->
        <test-method status="PASS" signature="Teardown()[pri:0, instance:com_Milan_Test.WObstetricHistoryPageTest@192d3247]" name="Teardown" is-config="true" duration-ms="684" started-at="2018-04-23T09:48:03Z" finished-at="2018-04-23T09:48:04Z">
          <reporter-output>
          </reporter-output>
        </test-method> <!-- Teardown -->
        <test-method status="PASS" signature="Setup()[pri:0, instance:com_Milan_Test.WObstetricHistoryPageTest@192d3247]" name="Setup" is-config="true" duration-ms="73958" started-at="2018-04-23T09:48:04Z" finished-at="2018-04-23T09:49:17Z">
          <reporter-output>
          </reporter-output>
        </test-method> <!-- Setup -->
        <test-method status="PASS" signature="ComplicationsEnableCondititionTest()[pri:13, instance:com_Milan_Test.WObstetricHistoryPageTest@192d3247]" name="ComplicationsEnableCondititionTest" duration-ms="307" started-at="2018-04-23T09:49:17Z" finished-at="2018-04-23T09:49:18Z">
          <reporter-output>
          </reporter-output>
        </test-method> <!-- ComplicationsEnableCondititionTest -->
        <test-method status="PASS" signature="Teardown()[pri:0, instance:com_Milan_Test.WObstetricHistoryPageTest@192d3247]" name="Teardown" is-config="true" duration-ms="678" started-at="2018-04-23T09:49:18Z" finished-at="2018-04-23T09:49:18Z">
          <reporter-output>
          </reporter-output>
        </test-method> <!-- Teardown -->
        <test-method status="PASS" signature="Setup()[pri:0, instance:com_Milan_Test.WObstetricHistoryPageTest@192d3247]" name="Setup" is-config="true" duration-ms="86745" started-at="2018-04-23T09:49:18Z" finished-at="2018-04-23T09:50:45Z">
          <reporter-output>
          </reporter-output>
        </test-method> <!-- Setup -->
        <test-method status="PASS" signature="CongenitalAnamolyEnableCondititionTest()[pri:14, instance:com_Milan_Test.WObstetricHistoryPageTest@192d3247]" name="CongenitalAnamolyEnableCondititionTest" duration-ms="288" started-at="2018-04-23T09:50:45Z" finished-at="2018-04-23T09:50:45Z">
          <reporter-output>
          </reporter-output>
        </test-method> <!-- CongenitalAnamolyEnableCondititionTest -->
        <test-method status="PASS" signature="Teardown()[pri:0, instance:com_Milan_Test.WObstetricHistoryPageTest@192d3247]" name="Teardown" is-config="true" duration-ms="657" started-at="2018-04-23T09:50:45Z" finished-at="2018-04-23T09:50:46Z">
          <reporter-output>
          </reporter-output>
        </test-method> <!-- Teardown -->
      </class> <!-- com_Milan_Test.WObstetricHistoryPageTest -->
    </test> <!-- Default test -->
  </suite> <!-- Default suite -->
</testng-results>
