<?xml version="1.0" encoding="UTF-8"?>
<testng-results skipped="27" failed="2" ignored="9" total="165" passed="127">
  <reporter-output>
  </reporter-output>
  <suite name="ApolloIVFTestSuite" duration-ms="10957265" started-at="2018-07-28T19:00:33Z" finished-at="2018-07-28T22:03:10Z">
    <groups>
      <group name="functional">
        <method signature="WAddictionsTest.saveAdictionsTest(java.lang.String, java.lang.String, java.lang.String, java.lang.String, java.lang.String, java.lang.String)[pri:16, instance:com_Milan_Test.WAddictionsTest@13b3d178]" name="saveAdictionsTest" class="com_Milan_Test.WAddictionsTest"/>
        <method signature="WAddictionsTest.saveNewAdictions(java.lang.String, java.lang.String, java.lang.String, java.lang.String, java.lang.String, java.lang.String)[pri:17, instance:com_Milan_Test.WAddictionsTest@13b3d178]" name="saveNewAdictions" class="com_Milan_Test.WAddictionsTest"/>
        <method signature="WOPUCycyclePageTest.DeleteTheSeviceBeforeSaveThecycleTest()[pri:7, instance:com_Milan_Test.WOPUCycyclePageTest@24c4ddae]" name="DeleteTheSeviceBeforeSaveThecycleTest" class="com_Milan_Test.WOPUCycyclePageTest"/>
        <method signature="WOPUCycyclePageTest.NoofCyclesTest()[pri:8, instance:com_Milan_Test.WOPUCycyclePageTest@24c4ddae]" name="NoofCyclesTest" class="com_Milan_Test.WOPUCycyclePageTest"/>
        <method signature="WOPUCycyclePageTest.SaveOPUsubtypeICSITest()[pri:3, instance:com_Milan_Test.WOPUCycyclePageTest@24c4ddae]" name="SaveOPUsubtypeICSITest" class="com_Milan_Test.WOPUCycyclePageTest"/>
        <method signature="WcomplaintsTest.SaveTheComplaintsTest()[pri:2, instance:com_Milan_Test.WcomplaintsTest@62833051]" name="SaveTheComplaintsTest" class="com_Milan_Test.WcomplaintsTest"/>
      </group> <!-- functional -->
      <group name="smoketest">
        <method signature="FemaleDiagnosisTest.TypeSelectionboxEnableconditionForOtherfavorireTest()[pri:5, instance:com_Milan_Test.FemaleDiagnosisTest@a37aefe]" name="TypeSelectionboxEnableconditionForOtherfavorireTest" class="com_Milan_Test.FemaleDiagnosisTest"/>
        <method signature="FemaleDiagnosisTest.checkboxclickTest()[pri:7, instance:com_Milan_Test.FemaleDiagnosisTest@a37aefe]" name="checkboxclickTest" class="com_Milan_Test.FemaleDiagnosisTest"/>
        <method signature="WAddictionsTest.CurrentStatusEnableConditionAdictionTest()[pri:4, instance:com_Milan_Test.WAddictionsTest@13b3d178]" name="CurrentStatusEnableConditionAdictionTest" class="com_Milan_Test.WAddictionsTest"/>
        <method signature="WAddictionsTest.CurrentStatusEnableConditionAlkoholTest()[pri:2, instance:com_Milan_Test.WAddictionsTest@13b3d178]" name="CurrentStatusEnableConditionAlkoholTest" class="com_Milan_Test.WAddictionsTest"/>
        <method signature="WAddictionsTest.CurrentStatusEnableConditionCaffeineAddictionTest()[pri:5, instance:com_Milan_Test.WAddictionsTest@13b3d178]" name="CurrentStatusEnableConditionCaffeineAddictionTest" class="com_Milan_Test.WAddictionsTest"/>
        <method signature="WAddictionsTest.CurrentStatusEnableConditionSmokeTest()[pri:1, instance:com_Milan_Test.WAddictionsTest@13b3d178]" name="CurrentStatusEnableConditionSmokeTest" class="com_Milan_Test.WAddictionsTest"/>
        <method signature="WAddictionsTest.CurrentStatusEnableConditionTobacoTest()[pri:3, instance:com_Milan_Test.WAddictionsTest@13b3d178]" name="CurrentStatusEnableConditionTobacoTest" class="com_Milan_Test.WAddictionsTest"/>
        <method signature="WAddictionsTest.SenceWhenEnableconditionSinceWhenDrugAddictionYearTest()[pri:9, instance:com_Milan_Test.WAddictionsTest@13b3d178]" name="SenceWhenEnableconditionSinceWhenDrugAddictionYearTest" class="com_Milan_Test.WAddictionsTest"/>
        <method signature="WAddictionsTest.SenceWhenEnableconditionSinceWhenYearAlkoholTest()[pri:7, instance:com_Milan_Test.WAddictionsTest@13b3d178]" name="SenceWhenEnableconditionSinceWhenYearAlkoholTest" class="com_Milan_Test.WAddictionsTest"/>
        <method signature="WAddictionsTest.SenceWhenEnableconditionSinceWhenYearSmokeTest()[pri:6, instance:com_Milan_Test.WAddictionsTest@13b3d178]" name="SenceWhenEnableconditionSinceWhenYearSmokeTest" class="com_Milan_Test.WAddictionsTest"/>
        <method signature="WAddictionsTest.SenceWhenEnableconditionSinceWhenYearTobacoTest()[pri:8, instance:com_Milan_Test.WAddictionsTest@13b3d178]" name="SenceWhenEnableconditionSinceWhenYearTobacoTest" class="com_Milan_Test.WAddictionsTest"/>
        <method signature="WAddictionsTest.SinceWhenEnableconditionSinceWhenCaffeineAddictionTest()[pri:10, instance:com_Milan_Test.WAddictionsTest@13b3d178]" name="SinceWhenEnableconditionSinceWhenCaffeineAddictionTest" class="com_Milan_Test.WAddictionsTest"/>
        <method signature="WAddictionsTest.SinceWhenEnableconditionSinceWhenMonthAlkoholTest()[pri:12, instance:com_Milan_Test.WAddictionsTest@13b3d178]" name="SinceWhenEnableconditionSinceWhenMonthAlkoholTest" class="com_Milan_Test.WAddictionsTest"/>
        <method signature="WAddictionsTest.SinceWhenEnableconditionSinceWhenMonthForCaffeineAddictionTest()[pri:15, instance:com_Milan_Test.WAddictionsTest@13b3d178]" name="SinceWhenEnableconditionSinceWhenMonthForCaffeineAddictionTest" class="com_Milan_Test.WAddictionsTest"/>
        <method signature="WAddictionsTest.SinceWhenEnableconditionSinceWhenMonthForDrugAdictionTest()[pri:14, instance:com_Milan_Test.WAddictionsTest@13b3d178]" name="SinceWhenEnableconditionSinceWhenMonthForDrugAdictionTest" class="com_Milan_Test.WAddictionsTest"/>
        <method signature="WAddictionsTest.SinceWhenEnableconditionSinceWhenMonthSmokeTest()[pri:11, instance:com_Milan_Test.WAddictionsTest@13b3d178]" name="SinceWhenEnableconditionSinceWhenMonthSmokeTest" class="com_Milan_Test.WAddictionsTest"/>
        <method signature="WAddictionsTest.SinceWhenEnableconditionSinceWhenMonthTobocoTest()[pri:13, instance:com_Milan_Test.WAddictionsTest@13b3d178]" name="SinceWhenEnableconditionSinceWhenMonthTobocoTest" class="com_Milan_Test.WAddictionsTest"/>
        <method signature="WOPUCycyclePageTest.ARTCycleAvailabilityMessageBeforeSaveTheCycleTest()[pri:5, instance:com_Milan_Test.WOPUCycyclePageTest@24c4ddae]" name="ARTCycleAvailabilityMessageBeforeSaveTheCycleTest" class="com_Milan_Test.WOPUCycyclePageTest"/>
        <method signature="WOPUCycyclePageTest.AddOneServiceAtleastMessageTest()[pri:1, instance:com_Milan_Test.WOPUCycyclePageTest@24c4ddae]" name="AddOneServiceAtleastMessageTest" class="com_Milan_Test.WOPUCycyclePageTest"/>
        <method signature="WOPUCycyclePageTest.AleadySavedCycleTest()[pri:2, instance:com_Milan_Test.WOPUCycyclePageTest@24c4ddae]" name="AleadySavedCycleTest" class="com_Milan_Test.WOPUCycyclePageTest"/>
        <method signature="WOPUCycyclePageTest.ClickonCycletabTest()[pri:9, instance:com_Milan_Test.WOPUCycyclePageTest@24c4ddae]" name="ClickonCycletabTest" class="com_Milan_Test.WOPUCycyclePageTest"/>
        <method signature="WOPUCycyclePageTest.MessageforAlreadtyavailableCycleTest()[pri:4, instance:com_Milan_Test.WOPUCycyclePageTest@24c4ddae]" name="MessageforAlreadtyavailableCycleTest" class="com_Milan_Test.WOPUCycyclePageTest"/>
        <method signature="WOPUCycyclePageTest.SearchcycleTest()[pri:6, instance:com_Milan_Test.WOPUCycyclePageTest@24c4ddae]" name="SearchcycleTest" class="com_Milan_Test.WOPUCycyclePageTest"/>
        <method signature="WVitalsTest.BMITest(java.lang.String, java.lang.String, java.lang.String, java.lang.String, java.lang.String, java.lang.String)[pri:1, instance:com_Milan_Test.WVitalsTest@266374ef]" name="BMITest" class="com_Milan_Test.WVitalsTest"/>
        <method signature="WVitalsTest.SaveAllVitalsValuesTest(java.lang.String, java.lang.String, java.lang.String, java.lang.String, java.lang.String, java.lang.String)[pri:2, instance:com_Milan_Test.WVitalsTest@266374ef]" name="SaveAllVitalsValuesTest" class="com_Milan_Test.WVitalsTest"/>
        <method signature="EMRDashBoardPageTest.ClickOnComplaintTest()[pri:6, instance:com_Milan_Test.EMRDashBoardPageTest@12299890]" name="ClickOnComplaintTest" class="com_Milan_Test.EMRDashBoardPageTest"/>
        <method signature="EMRDashBoardPageTest.ClickOnDiagnosisTest()[pri:3, instance:com_Milan_Test.EMRDashBoardPageTest@12299890]" name="ClickOnDiagnosisTest" class="com_Milan_Test.EMRDashBoardPageTest"/>
        <method signature="EMRDashBoardPageTest.ClickOnInvestigationTest()[pri:4, instance:com_Milan_Test.EMRDashBoardPageTest@12299890]" name="ClickOnInvestigationTest" class="com_Milan_Test.EMRDashBoardPageTest"/>
        <method signature="EMRDashBoardPageTest.ClickOnMenPaientHistory()[pri:2, instance:com_Milan_Test.EMRDashBoardPageTest@12299890]" name="ClickOnMenPaientHistory" class="com_Milan_Test.EMRDashBoardPageTest"/>
        <method signature="EMRDashBoardPageTest.ClickOnVitalTest()[pri:5, instance:com_Milan_Test.EMRDashBoardPageTest@12299890]" name="ClickOnVitalTest" class="com_Milan_Test.EMRDashBoardPageTest"/>
        <method signature="EMRDashBoardPageTest.ClickonWoomenPaientFieldTest()[pri:1, instance:com_Milan_Test.EMRDashBoardPageTest@12299890]" name="ClickonWoomenPaientFieldTest" class="com_Milan_Test.EMRDashBoardPageTest"/>
        <method signature="WSexsualHistoryTest.DyspareuniatextTest()[pri:7, instance:com_Milan_Test.WSexsualHistoryTest@420a85c4]" name="DyspareuniatextTest" class="com_Milan_Test.WSexsualHistoryTest"/>
        <method signature="WSexsualHistoryTest.FillSexsuslHistorytest()[pri:4, instance:com_Milan_Test.WSexsualHistoryTest@420a85c4]" name="FillSexsuslHistorytest" class="com_Milan_Test.WSexsualHistoryTest"/>
        <method signature="WSexsualHistoryTest.InrelationshipsinceYearsTest()[pri:1, instance:com_Milan_Test.WSexsualHistoryTest@420a85c4]" name="InrelationshipsinceYearsTest" class="com_Milan_Test.WSexsualHistoryTest"/>
        <method signature="WSexsualHistoryTest.Lubricationusedtext()[pri:8, instance:com_Milan_Test.WSexsualHistoryTest@420a85c4]" name="Lubricationusedtext" class="com_Milan_Test.WSexsualHistoryTest"/>
        <method signature="WSexsualHistoryTest.Remarktexttest()[pri:9, instance:com_Milan_Test.WSexsualHistoryTest@420a85c4]" name="Remarktexttest" class="com_Milan_Test.WSexsualHistoryTest"/>
        <method signature="WSexsualHistoryTest.SexInrelationshipsinceMonthsTest()[pri:5, instance:com_Milan_Test.WSexsualHistoryTest@420a85c4]" name="SexInrelationshipsinceMonthsTest" class="com_Milan_Test.WSexsualHistoryTest"/>
        <method signature="WSexsualHistoryTest.TryingToConcieveSinceMonthTest()[pri:11, instance:com_Milan_Test.WSexsualHistoryTest@420a85c4]" name="TryingToConcieveSinceMonthTest" class="com_Milan_Test.WSexsualHistoryTest"/>
        <method signature="WSexsualHistoryTest.TryingToConcieveSinceYearTest()[pri:10, instance:com_Milan_Test.WSexsualHistoryTest@420a85c4]" name="TryingToConcieveSinceYearTest" class="com_Milan_Test.WSexsualHistoryTest"/>
        <method signature="WSexsualHistoryTest.numberofcharacterexualDysfunctionTest()[pri:6, instance:com_Milan_Test.WSexsualHistoryTest@420a85c4]" name="numberofcharacterexualDysfunctionTest" class="com_Milan_Test.WSexsualHistoryTest"/>
        <method signature="WSexsualHistoryTest.testRelationtlists()[pri:2, instance:com_Milan_Test.WSexsualHistoryTest@420a85c4]" name="testRelationtlists" class="com_Milan_Test.WSexsualHistoryTest"/>
        <method signature="WSexsualHistoryTest.textboxSexualDysfunctionTest()[pri:3, instance:com_Milan_Test.WSexsualHistoryTest@420a85c4]" name="textboxSexualDysfunctionTest" class="com_Milan_Test.WSexsualHistoryTest"/>
        <method signature="WcomplaintsTest.NextFollowUpTest()[pri:3, instance:com_Milan_Test.WcomplaintsTest@62833051]" name="NextFollowUpTest" class="com_Milan_Test.WcomplaintsTest"/>
        <method signature="WcomplaintsTest.NumberOfComplaintsTest()[pri:1, instance:com_Milan_Test.WcomplaintsTest@62833051]" name="NumberOfComplaintsTest" class="com_Milan_Test.WcomplaintsTest"/>
      </group> <!-- smoketest -->
      <group name="Boundryvalue">
        <method signature="WVitalsTest.BPSystolicBundryValueTest(java.lang.String, java.lang.String, java.lang.String, java.lang.String, java.lang.String, java.lang.String)[pri:1, instance:com_Milan_Test.WVitalsTest@266374ef]" name="BPSystolicBundryValueTest" class="com_Milan_Test.WVitalsTest"/>
      </group> <!-- Boundryvalue -->
    </groups>
    <test name="ApolloIVFTest" duration-ms="10957265" started-at="2018-07-28T19:00:33Z" finished-at="2018-07-28T22:03:10Z">
      <class name="com_Milan_Test.WMenstrualHistoryTest">
        <test-method status="PASS" signature="Setup()[pri:0, instance:com_Milan_Test.WMenstrualHistoryTest@4bf48f6]" name="Setup" is-config="true" duration-ms="52167" started-at="2018-07-29T00:32:56Z" finished-at="2018-07-29T00:33:48Z">
          <reporter-output>
          </reporter-output>
        </test-method> <!-- Setup -->
        <test-method status="PASS" signature="AgeOfMenarcheRangeSartTest()[pri:1, instance:com_Milan_Test.WMenstrualHistoryTest@4bf48f6]" name="AgeOfMenarcheRangeSartTest" duration-ms="240" started-at="2018-07-29T00:33:48Z" finished-at="2018-07-29T00:33:49Z">
          <reporter-output>
          </reporter-output>
        </test-method> <!-- AgeOfMenarcheRangeSartTest -->
        <test-method status="PASS" signature="Teardown()[pri:0, instance:com_Milan_Test.WMenstrualHistoryTest@4bf48f6]" name="Teardown" is-config="true" duration-ms="646" started-at="2018-07-29T00:33:49Z" finished-at="2018-07-29T00:33:49Z">
          <reporter-output>
          </reporter-output>
        </test-method> <!-- Teardown -->
        <test-method status="PASS" signature="Setup()[pri:0, instance:com_Milan_Test.WMenstrualHistoryTest@4bf48f6]" name="Setup" is-config="true" duration-ms="51091" started-at="2018-07-29T01:11:26Z" finished-at="2018-07-29T01:12:17Z">
          <reporter-output>
          </reporter-output>
        </test-method> <!-- Setup -->
        <test-method status="PASS" signature="MenarcheRangeEndTest()[pri:2, instance:com_Milan_Test.WMenstrualHistoryTest@4bf48f6]" name="MenarcheRangeEndTest" duration-ms="276" started-at="2018-07-29T01:12:17Z" finished-at="2018-07-29T01:12:18Z">
          <reporter-output>
          </reporter-output>
        </test-method> <!-- MenarcheRangeEndTest -->
        <test-method status="PASS" signature="Teardown()[pri:0, instance:com_Milan_Test.WMenstrualHistoryTest@4bf48f6]" name="Teardown" is-config="true" duration-ms="627" started-at="2018-07-29T01:12:18Z" finished-at="2018-07-29T01:12:18Z">
          <reporter-output>
          </reporter-output>
        </test-method> <!-- Teardown -->
        <test-method status="PASS" signature="Setup()[pri:0, instance:com_Milan_Test.WMenstrualHistoryTest@4bf48f6]" name="Setup" is-config="true" duration-ms="48951" started-at="2018-07-29T01:33:32Z" finished-at="2018-07-29T01:34:21Z">
          <reporter-output>
          </reporter-output>
        </test-method> <!-- Setup -->
        <test-method status="PASS" signature="LMPcalenderdateSelectionTest()[pri:3, instance:com_Milan_Test.WMenstrualHistoryTest@4bf48f6]" name="LMPcalenderdateSelectionTest" duration-ms="1517" started-at="2018-07-29T01:34:21Z" finished-at="2018-07-29T01:34:22Z">
          <reporter-output>
          </reporter-output>
        </test-method> <!-- LMPcalenderdateSelectionTest -->
        <test-method status="PASS" signature="Teardown()[pri:0, instance:com_Milan_Test.WMenstrualHistoryTest@4bf48f6]" name="Teardown" is-config="true" duration-ms="635" started-at="2018-07-29T01:34:22Z" finished-at="2018-07-29T01:34:23Z">
          <reporter-output>
          </reporter-output>
        </test-method> <!-- Teardown -->
        <test-method status="PASS" signature="Setup()[pri:0, instance:com_Milan_Test.WMenstrualHistoryTest@4bf48f6]" name="Setup" is-config="true" duration-ms="48535" started-at="2018-07-29T01:52:40Z" finished-at="2018-07-29T01:53:29Z">
          <reporter-output>
          </reporter-output>
        </test-method> <!-- Setup -->
        <test-method status="PASS" signature="AmenorrheaTypeTest()[pri:4, instance:com_Milan_Test.WMenstrualHistoryTest@4bf48f6]" name="AmenorrheaTypeTest" duration-ms="268" started-at="2018-07-29T01:53:29Z" finished-at="2018-07-29T01:53:29Z">
          <reporter-output>
          </reporter-output>
        </test-method> <!-- AmenorrheaTypeTest -->
        <test-method status="PASS" signature="Teardown()[pri:0, instance:com_Milan_Test.WMenstrualHistoryTest@4bf48f6]" name="Teardown" is-config="true" duration-ms="638" started-at="2018-07-29T01:53:29Z" finished-at="2018-07-29T01:53:30Z">
          <reporter-output>
          </reporter-output>
        </test-method> <!-- Teardown -->
        <test-method status="PASS" signature="Setup()[pri:0, instance:com_Milan_Test.WMenstrualHistoryTest@4bf48f6]" name="Setup" is-config="true" duration-ms="50018" started-at="2018-07-29T02:05:36Z" finished-at="2018-07-29T02:06:26Z">
          <reporter-output>
          </reporter-output>
        </test-method> <!-- Setup -->
        <test-method status="PASS" signature="SavevaluesTest()[pri:5, instance:com_Milan_Test.WMenstrualHistoryTest@4bf48f6]" name="SavevaluesTest" duration-ms="326" started-at="2018-07-29T02:06:26Z" finished-at="2018-07-29T02:06:27Z">
          <reporter-output>
          </reporter-output>
        </test-method> <!-- SavevaluesTest -->
        <test-method status="PASS" signature="Teardown()[pri:0, instance:com_Milan_Test.WMenstrualHistoryTest@4bf48f6]" name="Teardown" is-config="true" duration-ms="651" started-at="2018-07-29T02:06:27Z" finished-at="2018-07-29T02:06:27Z">
          <reporter-output>
          </reporter-output>
        </test-method> <!-- Teardown -->
        <test-method status="PASS" signature="Setup()[pri:0, instance:com_Milan_Test.WMenstrualHistoryTest@4bf48f6]" name="Setup" is-config="true" duration-ms="48940" started-at="2018-07-29T02:18:44Z" finished-at="2018-07-29T02:19:33Z">
          <reporter-output>
          </reporter-output>
        </test-method> <!-- Setup -->
        <test-method status="PASS" signature="CycleDurationTest()[pri:6, instance:com_Milan_Test.WMenstrualHistoryTest@4bf48f6]" name="CycleDurationTest" duration-ms="206" started-at="2018-07-29T02:19:33Z" finished-at="2018-07-29T02:19:33Z">
          <reporter-output>
          </reporter-output>
        </test-method> <!-- CycleDurationTest -->
        <test-method status="PASS" signature="Teardown()[pri:0, instance:com_Milan_Test.WMenstrualHistoryTest@4bf48f6]" name="Teardown" is-config="true" duration-ms="652" started-at="2018-07-29T02:19:33Z" finished-at="2018-07-29T02:19:34Z">
          <reporter-output>
          </reporter-output>
        </test-method> <!-- Teardown -->
        <test-method status="PASS" signature="Setup()[pri:0, instance:com_Milan_Test.WMenstrualHistoryTest@4bf48f6]" name="Setup" is-config="true" duration-ms="47932" started-at="2018-07-29T02:26:10Z" finished-at="2018-07-29T02:26:58Z">
          <reporter-output>
          </reporter-output>
        </test-method> <!-- Setup -->
        <test-method status="PASS" signature="MenstruationTest1()[pri:7, instance:com_Milan_Test.WMenstrualHistoryTest@4bf48f6]" name="MenstruationTest1" duration-ms="189" started-at="2018-07-29T02:26:58Z" finished-at="2018-07-29T02:26:58Z">
          <reporter-output>
          </reporter-output>
        </test-method> <!-- MenstruationTest1 -->
        <test-method status="PASS" signature="Teardown()[pri:0, instance:com_Milan_Test.WMenstrualHistoryTest@4bf48f6]" name="Teardown" is-config="true" duration-ms="647" started-at="2018-07-29T02:26:58Z" finished-at="2018-07-29T02:26:59Z">
          <reporter-output>
          </reporter-output>
        </test-method> <!-- Teardown -->
        <test-method status="PASS" signature="Setup()[pri:0, instance:com_Milan_Test.WMenstrualHistoryTest@4bf48f6]" name="Setup" is-config="true" duration-ms="52110" started-at="2018-07-29T02:33:37Z" finished-at="2018-07-29T02:34:29Z">
          <reporter-output>
          </reporter-output>
        </test-method> <!-- Setup -->
        <test-method status="PASS" signature="MenstrualFlowtextTest()[pri:8, instance:com_Milan_Test.WMenstrualHistoryTest@4bf48f6]" name="MenstrualFlowtextTest" duration-ms="260" started-at="2018-07-29T02:34:29Z" finished-at="2018-07-29T02:34:29Z">
          <reporter-output>
          </reporter-output>
        </test-method> <!-- MenstrualFlowtextTest -->
        <test-method status="PASS" signature="Teardown()[pri:0, instance:com_Milan_Test.WMenstrualHistoryTest@4bf48f6]" name="Teardown" is-config="true" duration-ms="652" started-at="2018-07-29T02:34:29Z" finished-at="2018-07-29T02:34:30Z">
          <reporter-output>
          </reporter-output>
        </test-method> <!-- Teardown -->
        <test-method status="PASS" signature="Setup()[pri:0, instance:com_Milan_Test.WMenstrualHistoryTest@4bf48f6]" name="Setup" is-config="true" duration-ms="51822" started-at="2018-07-29T02:46:13Z" finished-at="2018-07-29T02:47:05Z">
          <reporter-output>
          </reporter-output>
        </test-method> <!-- Setup -->
        <test-method status="PASS" signature="MenstrualFlowTextTest()[pri:9, instance:com_Milan_Test.WMenstrualHistoryTest@4bf48f6]" name="MenstrualFlowTextTest" duration-ms="298" started-at="2018-07-29T02:47:05Z" finished-at="2018-07-29T02:47:05Z">
          <reporter-output>
          </reporter-output>
        </test-method> <!-- MenstrualFlowTextTest -->
        <test-method status="PASS" signature="Teardown()[pri:0, instance:com_Milan_Test.WMenstrualHistoryTest@4bf48f6]" name="Teardown" is-config="true" duration-ms="647" started-at="2018-07-29T02:47:05Z" finished-at="2018-07-29T02:47:06Z">
          <reporter-output>
          </reporter-output>
        </test-method> <!-- Teardown -->
        <test-method status="PASS" signature="Setup()[pri:0, instance:com_Milan_Test.WMenstrualHistoryTest@4bf48f6]" name="Setup" is-config="true" duration-ms="53060" started-at="2018-07-29T02:54:39Z" finished-at="2018-07-29T02:55:32Z">
          <reporter-output>
          </reporter-output>
        </test-method> <!-- Setup -->
        <test-method status="PASS" signature="SaveWMenstrualHistoryTest()[pri:10, instance:com_Milan_Test.WMenstrualHistoryTest@4bf48f6]" name="SaveWMenstrualHistoryTest" duration-ms="4149" started-at="2018-07-29T02:55:32Z" finished-at="2018-07-29T02:55:36Z">
          <reporter-output>
          </reporter-output>
        </test-method> <!-- SaveWMenstrualHistoryTest -->
        <test-method status="PASS" signature="Teardown()[pri:0, instance:com_Milan_Test.WMenstrualHistoryTest@4bf48f6]" name="Teardown" is-config="true" duration-ms="652" started-at="2018-07-29T02:55:36Z" finished-at="2018-07-29T02:55:37Z">
          <reporter-output>
          </reporter-output>
        </test-method> <!-- Teardown -->
      </class> <!-- com_Milan_Test.WMenstrualHistoryTest -->
      <class name="com_Milan_Test.CycleListPageTest">
        <test-method status="PASS" signature="Setup()[pri:0, instance:com_Milan_Test.CycleListPageTest@37fb0bed]" name="Setup" is-config="true" duration-ms="250974" started-at="2018-07-29T00:52:04Z" finished-at="2018-07-29T00:56:15Z">
          <reporter-output>
          </reporter-output>
        </test-method> <!-- Setup -->
        <test-method status="PASS" signature="NewCycleButtonEnableConditionTest()[pri:1, instance:com_Milan_Test.CycleListPageTest@37fb0bed]" name="NewCycleButtonEnableConditionTest" duration-ms="691" started-at="2018-07-29T00:56:15Z" finished-at="2018-07-29T00:56:16Z">
          <reporter-output>
          </reporter-output>
        </test-method> <!-- NewCycleButtonEnableConditionTest -->
        <test-method status="PASS" signature="Teardown()[pri:0, instance:com_Milan_Test.CycleListPageTest@37fb0bed]" name="Teardown" is-config="true" duration-ms="633" started-at="2018-07-29T00:56:16Z" finished-at="2018-07-29T00:56:16Z">
          <reporter-output>
          </reporter-output>
        </test-method> <!-- Teardown -->
        <test-method status="PASS" signature="Setup()[pri:0, instance:com_Milan_Test.CycleListPageTest@37fb0bed]" name="Setup" is-config="true" duration-ms="100450" started-at="2018-07-29T01:41:02Z" finished-at="2018-07-29T01:42:43Z">
          <reporter-output>
          </reporter-output>
        </test-method> <!-- Setup -->
        <test-method status="PASS" signature="ClickonNewCycleTest()[pri:3, instance:com_Milan_Test.CycleListPageTest@37fb0bed]" name="ClickonNewCycleTest" duration-ms="588" started-at="2018-07-29T01:42:43Z" finished-at="2018-07-29T01:42:43Z">
          <reporter-output>
          </reporter-output>
        </test-method> <!-- ClickonNewCycleTest -->
        <test-method status="PASS" signature="Teardown()[pri:0, instance:com_Milan_Test.CycleListPageTest@37fb0bed]" name="Teardown" is-config="true" duration-ms="636" started-at="2018-07-29T01:42:43Z" finished-at="2018-07-29T01:42:44Z">
          <reporter-output>
          </reporter-output>
        </test-method> <!-- Teardown -->
        <test-method status="PASS" signature="Setup()[pri:0, instance:com_Milan_Test.CycleListPageTest@37fb0bed]" name="Setup" is-config="true" duration-ms="102928" started-at="2018-07-29T02:00:12Z" finished-at="2018-07-29T02:01:54Z">
          <reporter-output>
          </reporter-output>
        </test-method> <!-- Setup -->
        <test-method status="PASS" signature="EnabledconditionARTTypeTest()[pri:4, instance:com_Milan_Test.CycleListPageTest@37fb0bed]" name="EnabledconditionARTTypeTest" duration-ms="1099" started-at="2018-07-29T02:01:54Z" finished-at="2018-07-29T02:01:56Z">
          <reporter-output>
          </reporter-output>
        </test-method> <!-- EnabledconditionARTTypeTest -->
        <test-method status="PASS" signature="Teardown()[pri:0, instance:com_Milan_Test.CycleListPageTest@37fb0bed]" name="Teardown" is-config="true" duration-ms="640" started-at="2018-07-29T02:01:56Z" finished-at="2018-07-29T02:01:56Z">
          <reporter-output>
          </reporter-output>
        </test-method> <!-- Teardown -->
        <test-method status="PASS" signature="Setup()[pri:0, instance:com_Milan_Test.CycleListPageTest@37fb0bed]" name="Setup" is-config="true" duration-ms="104526" started-at="2018-07-29T02:13:06Z" finished-at="2018-07-29T02:14:50Z">
          <reporter-output>
          </reporter-output>
        </test-method> <!-- Setup -->
        <test-method status="PASS" signature="ARTTypeOptionTest()[pri:5, instance:com_Milan_Test.CycleListPageTest@37fb0bed]" name="ARTTypeOptionTest" duration-ms="6890" started-at="2018-07-29T02:14:50Z" finished-at="2018-07-29T02:14:57Z">
          <reporter-output>
          </reporter-output>
        </test-method> <!-- ARTTypeOptionTest -->
        <test-method status="PASS" signature="Teardown()[pri:0, instance:com_Milan_Test.CycleListPageTest@37fb0bed]" name="Teardown" is-config="true" duration-ms="653" started-at="2018-07-29T02:14:57Z" finished-at="2018-07-29T02:14:58Z">
          <reporter-output>
          </reporter-output>
        </test-method> <!-- Teardown -->
        <test-method status="PASS" signature="Setup()[pri:0, instance:com_Milan_Test.CycleListPageTest@37fb0bed]" name="Setup" is-config="true" duration-ms="106253" started-at="2018-07-29T02:23:25Z" finished-at="2018-07-29T02:25:11Z">
          <reporter-output>
          </reporter-output>
        </test-method> <!-- Setup -->
        <test-method status="PASS" signature="ProtocolandselectionTest()[pri:6, instance:com_Milan_Test.CycleListPageTest@37fb0bed]" name="ProtocolandselectionTest" duration-ms="8812" started-at="2018-07-29T02:25:11Z" finished-at="2018-07-29T02:25:20Z">
          <reporter-output>
          </reporter-output>
        </test-method> <!-- ProtocolandselectionTest -->
        <test-method status="PASS" signature="Teardown()[pri:0, instance:com_Milan_Test.CycleListPageTest@37fb0bed]" name="Teardown" is-config="true" duration-ms="673" started-at="2018-07-29T02:25:20Z" finished-at="2018-07-29T02:25:21Z">
          <reporter-output>
          </reporter-output>
        </test-method> <!-- Teardown -->
        <test-method status="PASS" signature="Setup()[pri:0, instance:com_Milan_Test.CycleListPageTest@37fb0bed]" name="Setup" is-config="true" duration-ms="102016" started-at="2018-07-29T02:31:02Z" finished-at="2018-07-29T02:32:44Z">
          <reporter-output>
          </reporter-output>
        </test-method> <!-- Setup -->
        <test-method status="PASS" signature="MethodOfSemenCollectionTest()[pri:7, instance:com_Milan_Test.CycleListPageTest@37fb0bed]" name="MethodOfSemenCollectionTest" duration-ms="2693" started-at="2018-07-29T02:32:44Z" finished-at="2018-07-29T02:32:46Z">
          <reporter-output>
          </reporter-output>
        </test-method> <!-- MethodOfSemenCollectionTest -->
        <test-method status="PASS" signature="Teardown()[pri:0, instance:com_Milan_Test.CycleListPageTest@37fb0bed]" name="Teardown" is-config="true" duration-ms="650" started-at="2018-07-29T02:32:46Z" finished-at="2018-07-29T02:32:47Z">
          <reporter-output>
          </reporter-output>
        </test-method> <!-- Teardown -->
        <test-method status="PASS" signature="Setup()[pri:0, instance:com_Milan_Test.CycleListPageTest@37fb0bed]" name="Setup" is-config="true" duration-ms="106531" started-at="2018-07-29T02:37:57Z" finished-at="2018-07-29T02:39:44Z">
          <reporter-output>
          </reporter-output>
        </test-method> <!-- Setup -->
        <test-method status="SKIP" signature="SourceofspermPartnerTest()[pri:8, instance:com_Milan_Test.CycleListPageTest@37fb0bed]" name="SourceofspermPartnerTest" duration-ms="6005" started-at="2018-07-29T02:39:44Z" finished-at="2018-07-29T02:39:50Z">
          <exception class="java.lang.AssertionError">
            <message>
              <![CDATA[expected [Partner] but found [Select]]]>
            </message>
            <full-stacktrace>
              <![CDATA[java.lang.AssertionError: expected [Partner] but found [Select]
	at org.testng.Assert.fail(Assert.java:93)
	at org.testng.Assert.failNotEquals(Assert.java:512)
	at org.testng.Assert.assertEqualsImpl(Assert.java:134)
	at org.testng.Assert.assertEquals(Assert.java:115)
	at org.testng.Assert.assertEquals(Assert.java:189)
	at org.testng.Assert.assertEquals(Assert.java:199)
	at com_Milan_Test.CycleListPageTest.SourceofspermPartnerTest(CycleListPageTest.java:248)
	at sun.reflect.NativeMethodAccessorImpl.invoke0(Native Method)
	at sun.reflect.NativeMethodAccessorImpl.invoke(NativeMethodAccessorImpl.java:62)
	at sun.reflect.DelegatingMethodAccessorImpl.invoke(DelegatingMethodAccessorImpl.java:43)
	at java.lang.reflect.Method.invoke(Method.java:498)
	at org.testng.internal.MethodInvocationHelper.invokeMethod(MethodInvocationHelper.java:108)
	at org.testng.internal.Invoker.invokeMethod(Invoker.java:661)
	at org.testng.internal.Invoker.invokeTestMethod(Invoker.java:869)
	at org.testng.internal.Invoker.invokeTestMethods(Invoker.java:1193)
	at org.testng.internal.TestMethodWorker.invokeTestMethods(TestMethodWorker.java:126)
	at org.testng.internal.TestMethodWorker.run(TestMethodWorker.java:109)
	at org.testng.TestRunner.privateRun(TestRunner.java:744)
	at org.testng.TestRunner.run(TestRunner.java:602)
	at org.testng.SuiteRunner.runTest(SuiteRunner.java:380)
	at org.testng.SuiteRunner.access$000(SuiteRunner.java:39)
	at org.testng.SuiteRunner$SuiteWorker.run(SuiteRunner.java:414)
	at org.testng.internal.thread.ThreadUtil$1.call(ThreadUtil.java:52)
	at java.util.concurrent.FutureTask.run(FutureTask.java:266)
	at java.util.concurrent.ThreadPoolExecutor.runWorker(ThreadPoolExecutor.java:1149)
	at java.util.concurrent.ThreadPoolExecutor$Worker.run(ThreadPoolExecutor.java:624)
	at java.lang.Thread.run(Thread.java:748)
]]>
            </full-stacktrace>
          </exception> <!-- java.lang.AssertionError -->
          <reporter-output>
          </reporter-output>
        </test-method> <!-- SourceofspermPartnerTest -->
        <test-method status="PASS" signature="Teardown()[pri:0, instance:com_Milan_Test.CycleListPageTest@37fb0bed]" name="Teardown" is-config="true" duration-ms="657" started-at="2018-07-29T02:39:50Z" finished-at="2018-07-29T02:39:51Z">
          <reporter-output>
          </reporter-output>
        </test-method> <!-- Teardown -->
        <test-method status="PASS" signature="Setup()[pri:0, instance:com_Milan_Test.CycleListPageTest@37fb0bed]" name="Setup" is-config="true" duration-ms="102228" started-at="2018-07-29T02:39:51Z" finished-at="2018-07-29T02:41:33Z">
          <reporter-output>
          </reporter-output>
        </test-method> <!-- Setup -->
        <test-method status="SKIP" signature="SourceofspermPartnerTest()[pri:8, instance:com_Milan_Test.CycleListPageTest@37fb0bed]" name="SourceofspermPartnerTest" duration-ms="6766" started-at="2018-07-29T02:41:33Z" finished-at="2018-07-29T02:41:40Z">
          <exception class="java.lang.AssertionError">
            <message>
              <![CDATA[expected [Partner] but found [Select]]]>
            </message>
            <full-stacktrace>
              <![CDATA[java.lang.AssertionError: expected [Partner] but found [Select]
	at org.testng.Assert.fail(Assert.java:93)
	at org.testng.Assert.failNotEquals(Assert.java:512)
	at org.testng.Assert.assertEqualsImpl(Assert.java:134)
	at org.testng.Assert.assertEquals(Assert.java:115)
	at org.testng.Assert.assertEquals(Assert.java:189)
	at org.testng.Assert.assertEquals(Assert.java:199)
	at com_Milan_Test.CycleListPageTest.SourceofspermPartnerTest(CycleListPageTest.java:248)
	at sun.reflect.NativeMethodAccessorImpl.invoke0(Native Method)
	at sun.reflect.NativeMethodAccessorImpl.invoke(NativeMethodAccessorImpl.java:62)
	at sun.reflect.DelegatingMethodAccessorImpl.invoke(DelegatingMethodAccessorImpl.java:43)
	at java.lang.reflect.Method.invoke(Method.java:498)
	at org.testng.internal.MethodInvocationHelper.invokeMethod(MethodInvocationHelper.java:108)
	at org.testng.internal.Invoker.invokeMethod(Invoker.java:661)
	at org.testng.internal.Invoker.retryFailed(Invoker.java:1014)
	at org.testng.internal.Invoker.invokeTestMethods(Invoker.java:1215)
	at org.testng.internal.TestMethodWorker.invokeTestMethods(TestMethodWorker.java:126)
	at org.testng.internal.TestMethodWorker.run(TestMethodWorker.java:109)
	at org.testng.TestRunner.privateRun(TestRunner.java:744)
	at org.testng.TestRunner.run(TestRunner.java:602)
	at org.testng.SuiteRunner.runTest(SuiteRunner.java:380)
	at org.testng.SuiteRunner.access$000(SuiteRunner.java:39)
	at org.testng.SuiteRunner$SuiteWorker.run(SuiteRunner.java:414)
	at org.testng.internal.thread.ThreadUtil$1.call(ThreadUtil.java:52)
	at java.util.concurrent.FutureTask.run(FutureTask.java:266)
	at java.util.concurrent.ThreadPoolExecutor.runWorker(ThreadPoolExecutor.java:1149)
	at java.util.concurrent.ThreadPoolExecutor$Worker.run(ThreadPoolExecutor.java:624)
	at java.lang.Thread.run(Thread.java:748)
]]>
            </full-stacktrace>
          </exception> <!-- java.lang.AssertionError -->
          <reporter-output>
          </reporter-output>
        </test-method> <!-- SourceofspermPartnerTest -->
        <test-method status="PASS" signature="Teardown()[pri:0, instance:com_Milan_Test.CycleListPageTest@37fb0bed]" name="Teardown" is-config="true" duration-ms="675" started-at="2018-07-29T02:41:40Z" finished-at="2018-07-29T02:41:41Z">
          <reporter-output>
          </reporter-output>
        </test-method> <!-- Teardown -->
        <test-method status="PASS" signature="Setup()[pri:0, instance:com_Milan_Test.CycleListPageTest@37fb0bed]" name="Setup" is-config="true" duration-ms="101838" started-at="2018-07-29T02:41:41Z" finished-at="2018-07-29T02:43:22Z">
          <reporter-output>
          </reporter-output>
        </test-method> <!-- Setup -->
        <test-method status="SKIP" signature="SourceofspermPartnerTest()[pri:8, instance:com_Milan_Test.CycleListPageTest@37fb0bed]" name="SourceofspermPartnerTest" duration-ms="5407" started-at="2018-07-29T02:43:22Z" finished-at="2018-07-29T02:43:28Z">
          <exception class="java.lang.AssertionError">
            <message>
              <![CDATA[expected [Partner] but found [Select]]]>
            </message>
            <full-stacktrace>
              <![CDATA[java.lang.AssertionError: expected [Partner] but found [Select]
	at org.testng.Assert.fail(Assert.java:93)
	at org.testng.Assert.failNotEquals(Assert.java:512)
	at org.testng.Assert.assertEqualsImpl(Assert.java:134)
	at org.testng.Assert.assertEquals(Assert.java:115)
	at org.testng.Assert.assertEquals(Assert.java:189)
	at org.testng.Assert.assertEquals(Assert.java:199)
	at com_Milan_Test.CycleListPageTest.SourceofspermPartnerTest(CycleListPageTest.java:248)
	at sun.reflect.NativeMethodAccessorImpl.invoke0(Native Method)
	at sun.reflect.NativeMethodAccessorImpl.invoke(NativeMethodAccessorImpl.java:62)
	at sun.reflect.DelegatingMethodAccessorImpl.invoke(DelegatingMethodAccessorImpl.java:43)
	at java.lang.reflect.Method.invoke(Method.java:498)
	at org.testng.internal.MethodInvocationHelper.invokeMethod(MethodInvocationHelper.java:108)
	at org.testng.internal.Invoker.invokeMethod(Invoker.java:661)
	at org.testng.internal.Invoker.retryFailed(Invoker.java:1014)
	at org.testng.internal.Invoker.invokeTestMethods(Invoker.java:1215)
	at org.testng.internal.TestMethodWorker.invokeTestMethods(TestMethodWorker.java:126)
	at org.testng.internal.TestMethodWorker.run(TestMethodWorker.java:109)
	at org.testng.TestRunner.privateRun(TestRunner.java:744)
	at org.testng.TestRunner.run(TestRunner.java:602)
	at org.testng.SuiteRunner.runTest(SuiteRunner.java:380)
	at org.testng.SuiteRunner.access$000(SuiteRunner.java:39)
	at org.testng.SuiteRunner$SuiteWorker.run(SuiteRunner.java:414)
	at org.testng.internal.thread.ThreadUtil$1.call(ThreadUtil.java:52)
	at java.util.concurrent.FutureTask.run(FutureTask.java:266)
	at java.util.concurrent.ThreadPoolExecutor.runWorker(ThreadPoolExecutor.java:1149)
	at java.util.concurrent.ThreadPoolExecutor$Worker.run(ThreadPoolExecutor.java:624)
	at java.lang.Thread.run(Thread.java:748)
]]>
            </full-stacktrace>
          </exception> <!-- java.lang.AssertionError -->
          <reporter-output>
          </reporter-output>
        </test-method> <!-- SourceofspermPartnerTest -->
        <test-method status="PASS" signature="Teardown()[pri:0, instance:com_Milan_Test.CycleListPageTest@37fb0bed]" name="Teardown" is-config="true" duration-ms="670" started-at="2018-07-29T02:43:28Z" finished-at="2018-07-29T02:43:29Z">
          <reporter-output>
          </reporter-output>
        </test-method> <!-- Teardown -->
        <test-method status="PASS" signature="Setup()[pri:0, instance:com_Milan_Test.CycleListPageTest@37fb0bed]" name="Setup" is-config="true" duration-ms="103821" started-at="2018-07-29T02:43:29Z" finished-at="2018-07-29T02:45:13Z">
          <reporter-output>
          </reporter-output>
        </test-method> <!-- Setup -->
        <test-method status="PASS" signature="SourceofspermPartnerTest()[pri:8, instance:com_Milan_Test.CycleListPageTest@37fb0bed]" name="SourceofspermPartnerTest" duration-ms="7111" started-at="2018-07-29T02:45:13Z" finished-at="2018-07-29T02:45:20Z">
          <reporter-output>
          </reporter-output>
        </test-method> <!-- SourceofspermPartnerTest -->
        <test-method status="PASS" signature="Teardown()[pri:0, instance:com_Milan_Test.CycleListPageTest@37fb0bed]" name="Teardown" is-config="true" duration-ms="637" started-at="2018-07-29T02:45:20Z" finished-at="2018-07-29T02:45:20Z">
          <reporter-output>
          </reporter-output>
        </test-method> <!-- Teardown -->
        <test-method status="PASS" signature="Setup()[pri:0, instance:com_Milan_Test.CycleListPageTest@37fb0bed]" name="Setup" is-config="true" duration-ms="101440" started-at="2018-07-29T02:51:59Z" finished-at="2018-07-29T02:53:40Z">
          <reporter-output>
          </reporter-output>
        </test-method> <!-- Setup -->
        <test-method status="PASS" signature="SourceofSpermselectionDonorTest()[pri:9, instance:com_Milan_Test.CycleListPageTest@37fb0bed]" name="SourceofSpermselectionDonorTest" duration-ms="7810" started-at="2018-07-29T02:53:40Z" finished-at="2018-07-29T02:53:48Z">
          <reporter-output>
          </reporter-output>
        </test-method> <!-- SourceofSpermselectionDonorTest -->
        <test-method status="PASS" signature="Teardown()[pri:0, instance:com_Milan_Test.CycleListPageTest@37fb0bed]" name="Teardown" is-config="true" duration-ms="646" started-at="2018-07-29T02:53:48Z" finished-at="2018-07-29T02:53:49Z">
          <reporter-output>
          </reporter-output>
        </test-method> <!-- Teardown -->
        <test-method status="PASS" signature="Setup()[pri:0, instance:com_Milan_Test.CycleListPageTest@37fb0bed]" name="Setup" is-config="true" duration-ms="104200" started-at="2018-07-29T02:57:37Z" finished-at="2018-07-29T02:59:21Z">
          <reporter-output>
          </reporter-output>
        </test-method> <!-- Setup -->
        <test-method status="SKIP" signature="SimulationDrugTest()[pri:10, instance:com_Milan_Test.CycleListPageTest@37fb0bed]" name="SimulationDrugTest" duration-ms="3574" started-at="2018-07-29T02:59:21Z" finished-at="2018-07-29T02:59:25Z">
          <exception class="java.lang.AssertionError">
            <message>
              <![CDATA[expected [ 1,4-Dithiothreitol] but found []]]>
            </message>
            <full-stacktrace>
              <![CDATA[java.lang.AssertionError: expected [ 1,4-Dithiothreitol] but found []
	at org.testng.Assert.fail(Assert.java:93)
	at org.testng.Assert.failNotEquals(Assert.java:512)
	at org.testng.Assert.assertEqualsImpl(Assert.java:134)
	at org.testng.Assert.assertEquals(Assert.java:115)
	at org.testng.Assert.assertEquals(Assert.java:189)
	at org.testng.Assert.assertEquals(Assert.java:199)
	at com_Milan_Test.CycleListPageTest.SimulationDrugTest(CycleListPageTest.java:299)
	at sun.reflect.NativeMethodAccessorImpl.invoke0(Native Method)
	at sun.reflect.NativeMethodAccessorImpl.invoke(NativeMethodAccessorImpl.java:62)
	at sun.reflect.DelegatingMethodAccessorImpl.invoke(DelegatingMethodAccessorImpl.java:43)
	at java.lang.reflect.Method.invoke(Method.java:498)
	at org.testng.internal.MethodInvocationHelper.invokeMethod(MethodInvocationHelper.java:108)
	at org.testng.internal.Invoker.invokeMethod(Invoker.java:661)
	at org.testng.internal.Invoker.invokeTestMethod(Invoker.java:869)
	at org.testng.internal.Invoker.invokeTestMethods(Invoker.java:1193)
	at org.testng.internal.TestMethodWorker.invokeTestMethods(TestMethodWorker.java:126)
	at org.testng.internal.TestMethodWorker.run(TestMethodWorker.java:109)
	at org.testng.TestRunner.privateRun(TestRunner.java:744)
	at org.testng.TestRunner.run(TestRunner.java:602)
	at org.testng.SuiteRunner.runTest(SuiteRunner.java:380)
	at org.testng.SuiteRunner.access$000(SuiteRunner.java:39)
	at org.testng.SuiteRunner$SuiteWorker.run(SuiteRunner.java:414)
	at org.testng.internal.thread.ThreadUtil$1.call(ThreadUtil.java:52)
	at java.util.concurrent.FutureTask.run(FutureTask.java:266)
	at java.util.concurrent.ThreadPoolExecutor.runWorker(ThreadPoolExecutor.java:1149)
	at java.util.concurrent.ThreadPoolExecutor$Worker.run(ThreadPoolExecutor.java:624)
	at java.lang.Thread.run(Thread.java:748)
]]>
            </full-stacktrace>
          </exception> <!-- java.lang.AssertionError -->
          <reporter-output>
          </reporter-output>
        </test-method> <!-- SimulationDrugTest -->
        <test-method status="PASS" signature="Teardown()[pri:0, instance:com_Milan_Test.CycleListPageTest@37fb0bed]" name="Teardown" is-config="true" duration-ms="633" started-at="2018-07-29T02:59:25Z" finished-at="2018-07-29T02:59:26Z">
          <reporter-output>
          </reporter-output>
        </test-method> <!-- Teardown -->
        <test-method status="PASS" signature="Setup()[pri:0, instance:com_Milan_Test.CycleListPageTest@37fb0bed]" name="Setup" is-config="true" duration-ms="104647" started-at="2018-07-29T02:59:26Z" finished-at="2018-07-29T03:01:10Z">
          <reporter-output>
          </reporter-output>
        </test-method> <!-- Setup -->
        <test-method status="SKIP" signature="SimulationDrugTest()[pri:10, instance:com_Milan_Test.CycleListPageTest@37fb0bed]" name="SimulationDrugTest" duration-ms="3876" started-at="2018-07-29T03:01:10Z" finished-at="2018-07-29T03:01:14Z">
          <exception class="java.lang.AssertionError">
            <message>
              <![CDATA[expected [ 1,4-Dithiothreitol] but found []]]>
            </message>
            <full-stacktrace>
              <![CDATA[java.lang.AssertionError: expected [ 1,4-Dithiothreitol] but found []
	at org.testng.Assert.fail(Assert.java:93)
	at org.testng.Assert.failNotEquals(Assert.java:512)
	at org.testng.Assert.assertEqualsImpl(Assert.java:134)
	at org.testng.Assert.assertEquals(Assert.java:115)
	at org.testng.Assert.assertEquals(Assert.java:189)
	at org.testng.Assert.assertEquals(Assert.java:199)
	at com_Milan_Test.CycleListPageTest.SimulationDrugTest(CycleListPageTest.java:299)
	at sun.reflect.NativeMethodAccessorImpl.invoke0(Native Method)
	at sun.reflect.NativeMethodAccessorImpl.invoke(NativeMethodAccessorImpl.java:62)
	at sun.reflect.DelegatingMethodAccessorImpl.invoke(DelegatingMethodAccessorImpl.java:43)
	at java.lang.reflect.Method.invoke(Method.java:498)
	at org.testng.internal.MethodInvocationHelper.invokeMethod(MethodInvocationHelper.java:108)
	at org.testng.internal.Invoker.invokeMethod(Invoker.java:661)
	at org.testng.internal.Invoker.retryFailed(Invoker.java:1014)
	at org.testng.internal.Invoker.invokeTestMethods(Invoker.java:1215)
	at org.testng.internal.TestMethodWorker.invokeTestMethods(TestMethodWorker.java:126)
	at org.testng.internal.TestMethodWorker.run(TestMethodWorker.java:109)
	at org.testng.TestRunner.privateRun(TestRunner.java:744)
	at org.testng.TestRunner.run(TestRunner.java:602)
	at org.testng.SuiteRunner.runTest(SuiteRunner.java:380)
	at org.testng.SuiteRunner.access$000(SuiteRunner.java:39)
	at org.testng.SuiteRunner$SuiteWorker.run(SuiteRunner.java:414)
	at org.testng.internal.thread.ThreadUtil$1.call(ThreadUtil.java:52)
	at java.util.concurrent.FutureTask.run(FutureTask.java:266)
	at java.util.concurrent.ThreadPoolExecutor.runWorker(ThreadPoolExecutor.java:1149)
	at java.util.concurrent.ThreadPoolExecutor$Worker.run(ThreadPoolExecutor.java:624)
	at java.lang.Thread.run(Thread.java:748)
]]>
            </full-stacktrace>
          </exception> <!-- java.lang.AssertionError -->
          <reporter-output>
          </reporter-output>
        </test-method> <!-- SimulationDrugTest -->
        <test-method status="PASS" signature="Teardown()[pri:0, instance:com_Milan_Test.CycleListPageTest@37fb0bed]" name="Teardown" is-config="true" duration-ms="671" started-at="2018-07-29T03:01:15Z" finished-at="2018-07-29T03:01:15Z">
          <reporter-output>
          </reporter-output>
        </test-method> <!-- Teardown -->
        <test-method status="PASS" signature="Setup()[pri:0, instance:com_Milan_Test.CycleListPageTest@37fb0bed]" name="Setup" is-config="true" duration-ms="103179" started-at="2018-07-29T03:01:15Z" finished-at="2018-07-29T03:02:59Z">
          <reporter-output>
          </reporter-output>
        </test-method> <!-- Setup -->
        <test-method status="PASS" signature="SimulationDrugTest()[pri:10, instance:com_Milan_Test.CycleListPageTest@37fb0bed]" name="SimulationDrugTest" duration-ms="4801" started-at="2018-07-29T03:02:59Z" finished-at="2018-07-29T03:03:03Z">
          <reporter-output>
          </reporter-output>
        </test-method> <!-- SimulationDrugTest -->
        <test-method status="PASS" signature="Teardown()[pri:0, instance:com_Milan_Test.CycleListPageTest@37fb0bed]" name="Teardown" is-config="true" duration-ms="687" started-at="2018-07-29T03:03:03Z" finished-at="2018-07-29T03:03:04Z">
          <reporter-output>
          </reporter-output>
        </test-method> <!-- Teardown -->
        <test-method status="PASS" signature="Setup()[pri:0, instance:com_Milan_Test.CycleListPageTest@37fb0bed]" name="Setup" is-config="true" duration-ms="102078" started-at="2018-07-29T03:05:33Z" finished-at="2018-07-29T03:07:15Z">
          <reporter-output>
          </reporter-output>
        </test-method> <!-- Setup -->
        <test-method status="PASS" signature="LMPDateTest()[pri:11, instance:com_Milan_Test.CycleListPageTest@37fb0bed]" name="LMPDateTest" duration-ms="3913" started-at="2018-07-29T03:07:15Z" finished-at="2018-07-29T03:07:19Z">
          <reporter-output>
          </reporter-output>
        </test-method> <!-- LMPDateTest -->
        <test-method status="PASS" signature="Teardown()[pri:0, instance:com_Milan_Test.CycleListPageTest@37fb0bed]" name="Teardown" is-config="true" duration-ms="643" started-at="2018-07-29T03:07:19Z" finished-at="2018-07-29T03:07:20Z">
          <reporter-output>
          </reporter-output>
        </test-method> <!-- Teardown -->
        <test-method status="PASS" signature="Setup()[pri:0, instance:com_Milan_Test.CycleListPageTest@37fb0bed]" name="Setup" is-config="true" duration-ms="104391" started-at="2018-07-29T03:09:02Z" finished-at="2018-07-29T03:10:46Z">
          <reporter-output>
          </reporter-output>
        </test-method> <!-- Setup -->
        <test-method status="SKIP" signature="SaveTheCycleTest()[pri:12, instance:com_Milan_Test.CycleListPageTest@37fb0bed]" name="SaveTheCycleTest" duration-ms="5197" started-at="2018-07-29T03:10:46Z" finished-at="2018-07-29T03:10:51Z">
          <exception class="java.lang.AssertionError">
            <message>
              <![CDATA[expected [Record updated successfully.] but found [Cycle is closed,You can not update.]]]>
            </message>
            <full-stacktrace>
              <![CDATA[java.lang.AssertionError: expected [Record updated successfully.] but found [Cycle is closed,You can not update.]
	at org.testng.Assert.fail(Assert.java:93)
	at org.testng.Assert.failNotEquals(Assert.java:512)
	at org.testng.Assert.assertEqualsImpl(Assert.java:134)
	at org.testng.Assert.assertEquals(Assert.java:115)
	at org.testng.Assert.assertEquals(Assert.java:189)
	at org.testng.Assert.assertEquals(Assert.java:199)
	at com_Milan_Test.CycleListPageTest.SaveTheCycleTest(CycleListPageTest.java:356)
	at sun.reflect.NativeMethodAccessorImpl.invoke0(Native Method)
	at sun.reflect.NativeMethodAccessorImpl.invoke(NativeMethodAccessorImpl.java:62)
	at sun.reflect.DelegatingMethodAccessorImpl.invoke(DelegatingMethodAccessorImpl.java:43)
	at java.lang.reflect.Method.invoke(Method.java:498)
	at org.testng.internal.MethodInvocationHelper.invokeMethod(MethodInvocationHelper.java:108)
	at org.testng.internal.Invoker.invokeMethod(Invoker.java:661)
	at org.testng.internal.Invoker.invokeTestMethod(Invoker.java:869)
	at org.testng.internal.Invoker.invokeTestMethods(Invoker.java:1193)
	at org.testng.internal.TestMethodWorker.invokeTestMethods(TestMethodWorker.java:126)
	at org.testng.internal.TestMethodWorker.run(TestMethodWorker.java:109)
	at org.testng.TestRunner.privateRun(TestRunner.java:744)
	at org.testng.TestRunner.run(TestRunner.java:602)
	at org.testng.SuiteRunner.runTest(SuiteRunner.java:380)
	at org.testng.SuiteRunner.access$000(SuiteRunner.java:39)
	at org.testng.SuiteRunner$SuiteWorker.run(SuiteRunner.java:414)
	at org.testng.internal.thread.ThreadUtil$1.call(ThreadUtil.java:52)
	at java.util.concurrent.FutureTask.run(FutureTask.java:266)
	at java.util.concurrent.ThreadPoolExecutor.runWorker(ThreadPoolExecutor.java:1149)
	at java.util.concurrent.ThreadPoolExecutor$Worker.run(ThreadPoolExecutor.java:624)
	at java.lang.Thread.run(Thread.java:748)
]]>
            </full-stacktrace>
          </exception> <!-- java.lang.AssertionError -->
          <reporter-output>
          </reporter-output>
        </test-method> <!-- SaveTheCycleTest -->
        <test-method status="PASS" signature="Teardown()[pri:0, instance:com_Milan_Test.CycleListPageTest@37fb0bed]" name="Teardown" is-config="true" duration-ms="647" started-at="2018-07-29T03:10:52Z" finished-at="2018-07-29T03:10:52Z">
          <reporter-output>
          </reporter-output>
        </test-method> <!-- Teardown -->
        <test-method status="PASS" signature="Setup()[pri:0, instance:com_Milan_Test.CycleListPageTest@37fb0bed]" name="Setup" is-config="true" duration-ms="103000" started-at="2018-07-29T03:10:52Z" finished-at="2018-07-29T03:12:35Z">
          <reporter-output>
          </reporter-output>
        </test-method> <!-- Setup -->
        <test-method status="PASS" signature="SaveTheCycleTest()[pri:12, instance:com_Milan_Test.CycleListPageTest@37fb0bed]" name="SaveTheCycleTest" duration-ms="5749" started-at="2018-07-29T03:12:35Z" finished-at="2018-07-29T03:12:41Z">
          <reporter-output>
          </reporter-output>
        </test-method> <!-- SaveTheCycleTest -->
        <test-method status="PASS" signature="Teardown()[pri:0, instance:com_Milan_Test.CycleListPageTest@37fb0bed]" name="Teardown" is-config="true" duration-ms="654" started-at="2018-07-29T03:12:41Z" finished-at="2018-07-29T03:12:42Z">
          <reporter-output>
          </reporter-output>
        </test-method> <!-- Teardown -->
      </class> <!-- com_Milan_Test.CycleListPageTest -->
      <class name="com_Milan_Test.WObstetricHistoryPageTest">
        <test-method status="PASS" signature="Setup()[pri:0, instance:com_Milan_Test.WObstetricHistoryPageTest@5d99c6b5]" name="Setup" is-config="true" duration-ms="51357" started-at="2018-07-29T00:40:41Z" finished-at="2018-07-29T00:41:33Z">
          <reporter-output>
          </reporter-output>
        </test-method> <!-- Setup -->
        <test-method status="PASS" signature="BirthWeightValueTextTest()[pri:1, instance:com_Milan_Test.WObstetricHistoryPageTest@5d99c6b5]" name="BirthWeightValueTextTest" duration-ms="395" started-at="2018-07-29T00:41:33Z" finished-at="2018-07-29T00:41:33Z">
          <reporter-output>
          </reporter-output>
        </test-method> <!-- BirthWeightValueTextTest -->
        <test-method status="PASS" signature="Teardown()[pri:0, instance:com_Milan_Test.WObstetricHistoryPageTest@5d99c6b5]" name="Teardown" is-config="true" duration-ms="648" started-at="2018-07-29T00:41:33Z" finished-at="2018-07-29T00:41:34Z">
          <reporter-output>
          </reporter-output>
        </test-method> <!-- Teardown -->
        <test-method status="PASS" signature="Setup()[pri:0, instance:com_Milan_Test.WObstetricHistoryPageTest@5d99c6b5]" name="Setup" is-config="true" duration-ms="51380" started-at="2018-07-29T01:23:11Z" finished-at="2018-07-29T01:24:03Z">
          <reporter-output>
          </reporter-output>
        </test-method> <!-- Setup -->
        <test-method status="PASS" signature="BirthWeightEnableConditionTest()[pri:2, instance:com_Milan_Test.WObstetricHistoryPageTest@5d99c6b5]" name="BirthWeightEnableConditionTest" duration-ms="248" started-at="2018-07-29T01:24:03Z" finished-at="2018-07-29T01:24:03Z">
          <reporter-output>
          </reporter-output>
        </test-method> <!-- BirthWeightEnableConditionTest -->
        <test-method status="PASS" signature="Teardown()[pri:0, instance:com_Milan_Test.WObstetricHistoryPageTest@5d99c6b5]" name="Teardown" is-config="true" duration-ms="637" started-at="2018-07-29T01:24:03Z" finished-at="2018-07-29T01:24:03Z">
          <reporter-output>
          </reporter-output>
        </test-method> <!-- Teardown -->
        <test-method status="PASS" signature="Setup()[pri:0, instance:com_Milan_Test.WObstetricHistoryPageTest@5d99c6b5]" name="Setup" is-config="true" duration-ms="50478" started-at="2018-07-29T02:20:22Z" finished-at="2018-07-29T02:21:12Z">
          <reporter-output>
          </reporter-output>
        </test-method> <!-- Setup -->
        <test-method status="PASS" signature="DeliveryTypeEnableconditionTest()[pri:6, instance:com_Milan_Test.WObstetricHistoryPageTest@5d99c6b5]" name="DeliveryTypeEnableconditionTest" duration-ms="362" started-at="2018-07-29T02:21:12Z" finished-at="2018-07-29T02:21:13Z">
          <reporter-output>
          </reporter-output>
        </test-method> <!-- DeliveryTypeEnableconditionTest -->
        <test-method status="PASS" signature="Teardown()[pri:0, instance:com_Milan_Test.WObstetricHistoryPageTest@5d99c6b5]" name="Teardown" is-config="true" duration-ms="656" started-at="2018-07-29T02:21:13Z" finished-at="2018-07-29T02:21:13Z">
          <reporter-output>
          </reporter-output>
        </test-method> <!-- Teardown -->
        <test-method status="PASS" signature="Setup()[pri:0, instance:com_Milan_Test.WObstetricHistoryPageTest@5d99c6b5]" name="Setup" is-config="true" duration-ms="50761" started-at="2018-07-29T02:28:02Z" finished-at="2018-07-29T02:28:52Z">
          <reporter-output>
          </reporter-output>
        </test-method> <!-- Setup -->
        <test-method status="PASS" signature="LiveBirthEnableTest()[pri:7, instance:com_Milan_Test.WObstetricHistoryPageTest@5d99c6b5]" name="LiveBirthEnableTest" duration-ms="27" started-at="2018-07-29T02:28:52Z" finished-at="2018-07-29T02:28:52Z">
          <reporter-output>
          </reporter-output>
        </test-method> <!-- LiveBirthEnableTest -->
        <test-method status="PASS" signature="Teardown()[pri:0, instance:com_Milan_Test.WObstetricHistoryPageTest@5d99c6b5]" name="Teardown" is-config="true" duration-ms="658" started-at="2018-07-29T02:28:52Z" finished-at="2018-07-29T02:28:53Z">
          <reporter-output>
          </reporter-output>
        </test-method> <!-- Teardown -->
        <test-method status="PASS" signature="Setup()[pri:0, instance:com_Milan_Test.WObstetricHistoryPageTest@5d99c6b5]" name="Setup" is-config="true" duration-ms="49254" started-at="2018-07-29T02:34:30Z" finished-at="2018-07-29T02:35:19Z">
          <reporter-output>
          </reporter-output>
        </test-method> <!-- Setup -->
        <test-method status="PASS" signature="RowGridEnableTest()[pri:8, instance:com_Milan_Test.WObstetricHistoryPageTest@5d99c6b5]" name="RowGridEnableTest" duration-ms="49" started-at="2018-07-29T02:35:19Z" finished-at="2018-07-29T02:35:19Z">
          <reporter-output>
          </reporter-output>
        </test-method> <!-- RowGridEnableTest -->
        <test-method status="PASS" signature="Teardown()[pri:0, instance:com_Milan_Test.WObstetricHistoryPageTest@5d99c6b5]" name="Teardown" is-config="true" duration-ms="658" started-at="2018-07-29T02:35:19Z" finished-at="2018-07-29T02:35:20Z">
          <reporter-output>
          </reporter-output>
        </test-method> <!-- Teardown -->
        <test-method status="PASS" signature="Setup()[pri:0, instance:com_Milan_Test.WObstetricHistoryPageTest@5d99c6b5]" name="Setup" is-config="true" duration-ms="53528" started-at="2018-07-29T02:47:06Z" finished-at="2018-07-29T02:47:59Z">
          <reporter-output>
          </reporter-output>
        </test-method> <!-- Setup -->
        <test-method status="PASS" signature="StillBornEnableTest()[pri:9, instance:com_Milan_Test.WObstetricHistoryPageTest@5d99c6b5]" name="StillBornEnableTest" duration-ms="62" started-at="2018-07-29T02:47:59Z" finished-at="2018-07-29T02:47:59Z">
          <reporter-output>
          </reporter-output>
        </test-method> <!-- StillBornEnableTest -->
        <test-method status="PASS" signature="Teardown()[pri:0, instance:com_Milan_Test.WObstetricHistoryPageTest@5d99c6b5]" name="Teardown" is-config="true" duration-ms="646" started-at="2018-07-29T02:47:59Z" finished-at="2018-07-29T02:48:00Z">
          <reporter-output>
          </reporter-output>
        </test-method> <!-- Teardown -->
        <test-method status="PASS" signature="Setup()[pri:0, instance:com_Milan_Test.WObstetricHistoryPageTest@5d99c6b5]" name="Setup" is-config="true" duration-ms="49312" started-at="2018-07-29T02:55:37Z" finished-at="2018-07-29T02:56:26Z">
          <reporter-output>
          </reporter-output>
        </test-method> <!-- Setup -->
        <test-method status="PASS" signature="EctopiccEnableCondititionTest()[pri:10, instance:com_Milan_Test.WObstetricHistoryPageTest@5d99c6b5]" name="EctopiccEnableCondititionTest" duration-ms="125" started-at="2018-07-29T02:56:26Z" finished-at="2018-07-29T02:56:27Z">
          <reporter-output>
          </reporter-output>
        </test-method> <!-- EctopiccEnableCondititionTest -->
        <test-method status="PASS" signature="Teardown()[pri:0, instance:com_Milan_Test.WObstetricHistoryPageTest@5d99c6b5]" name="Teardown" is-config="true" duration-ms="660" started-at="2018-07-29T02:56:27Z" finished-at="2018-07-29T02:56:27Z">
          <reporter-output>
          </reporter-output>
        </test-method> <!-- Teardown -->
        <test-method status="PASS" signature="Setup()[pri:0, instance:com_Milan_Test.WObstetricHistoryPageTest@5d99c6b5]" name="Setup" is-config="true" duration-ms="50427" started-at="2018-07-29T03:03:53Z" finished-at="2018-07-29T03:04:43Z">
          <reporter-output>
          </reporter-output>
        </test-method> <!-- Setup -->
        <test-method status="PASS" signature="AbortionEnableCondititionTest()[pri:11, instance:com_Milan_Test.WObstetricHistoryPageTest@5d99c6b5]" name="AbortionEnableCondititionTest" duration-ms="59" started-at="2018-07-29T03:04:43Z" finished-at="2018-07-29T03:04:43Z">
          <reporter-output>
          </reporter-output>
        </test-method> <!-- AbortionEnableCondititionTest -->
        <test-method status="PASS" signature="Teardown()[pri:0, instance:com_Milan_Test.WObstetricHistoryPageTest@5d99c6b5]" name="Teardown" is-config="true" duration-ms="646" started-at="2018-07-29T03:04:43Z" finished-at="2018-07-29T03:04:44Z">
          <reporter-output>
          </reporter-output>
        </test-method> <!-- Teardown -->
        <test-method status="PASS" signature="Setup()[pri:0, instance:com_Milan_Test.WObstetricHistoryPageTest@5d99c6b5]" name="Setup" is-config="true" duration-ms="49611" started-at="2018-07-29T03:07:20Z" finished-at="2018-07-29T03:08:09Z">
          <reporter-output>
          </reporter-output>
        </test-method> <!-- Setup -->
        <test-method status="PASS" signature="DeliveryEnableCondititionTest()[pri:12, instance:com_Milan_Test.WObstetricHistoryPageTest@5d99c6b5]" name="DeliveryEnableCondititionTest" duration-ms="276" started-at="2018-07-29T03:08:09Z" finished-at="2018-07-29T03:08:10Z">
          <reporter-output>
          </reporter-output>
        </test-method> <!-- DeliveryEnableCondititionTest -->
        <test-method status="PASS" signature="Teardown()[pri:0, instance:com_Milan_Test.WObstetricHistoryPageTest@5d99c6b5]" name="Teardown" is-config="true" duration-ms="661" started-at="2018-07-29T03:08:10Z" finished-at="2018-07-29T03:08:10Z">
          <reporter-output>
          </reporter-output>
        </test-method> <!-- Teardown -->
        <test-method status="PASS" signature="Setup()[pri:0, instance:com_Milan_Test.WObstetricHistoryPageTest@5d99c6b5]" name="Setup" is-config="true" duration-ms="50713" started-at="2018-07-29T03:12:42Z" finished-at="2018-07-29T03:13:32Z">
          <reporter-output>
          </reporter-output>
        </test-method> <!-- Setup -->
        <test-method status="PASS" signature="ComplicationsEnableCondititionTest()[pri:13, instance:com_Milan_Test.WObstetricHistoryPageTest@5d99c6b5]" name="ComplicationsEnableCondititionTest" duration-ms="335" started-at="2018-07-29T03:13:32Z" finished-at="2018-07-29T03:13:33Z">
          <reporter-output>
          </reporter-output>
        </test-method> <!-- ComplicationsEnableCondititionTest -->
        <test-method status="PASS" signature="Teardown()[pri:0, instance:com_Milan_Test.WObstetricHistoryPageTest@5d99c6b5]" name="Teardown" is-config="true" duration-ms="653" started-at="2018-07-29T03:13:33Z" finished-at="2018-07-29T03:13:33Z">
          <reporter-output>
          </reporter-output>
        </test-method> <!-- Teardown -->
        <test-method status="PASS" signature="Setup()[pri:0, instance:com_Milan_Test.WObstetricHistoryPageTest@5d99c6b5]" name="Setup" is-config="true" duration-ms="52993" started-at="2018-07-29T03:14:27Z" finished-at="2018-07-29T03:15:20Z">
          <reporter-output>
          </reporter-output>
        </test-method> <!-- Setup -->
        <test-method status="PASS" signature="CongenitalAnamolyEnableCondititionTest()[pri:14, instance:com_Milan_Test.WObstetricHistoryPageTest@5d99c6b5]" name="CongenitalAnamolyEnableCondititionTest" duration-ms="274" started-at="2018-07-29T03:15:20Z" finished-at="2018-07-29T03:15:20Z">
          <reporter-output>
          </reporter-output>
        </test-method> <!-- CongenitalAnamolyEnableCondititionTest -->
        <test-method status="PASS" signature="Teardown()[pri:0, instance:com_Milan_Test.WObstetricHistoryPageTest@5d99c6b5]" name="Teardown" is-config="true" duration-ms="658" started-at="2018-07-29T03:15:20Z" finished-at="2018-07-29T03:15:21Z">
          <reporter-output>
          </reporter-output>
        </test-method> <!-- Teardown -->
        <test-method status="PASS" signature="Setup()[pri:0, instance:com_Milan_Test.WObstetricHistoryPageTest@5d99c6b5]" name="Setup" is-config="true" duration-ms="49888" started-at="2018-07-29T03:16:16Z" finished-at="2018-07-29T03:17:06Z">
          <reporter-output>
          </reporter-output>
        </test-method> <!-- Setup -->
        <test-method status="PASS" signature="LiveBirthPretermconditionTest()[pri:15, instance:com_Milan_Test.WObstetricHistoryPageTest@5d99c6b5]" name="LiveBirthPretermconditionTest" duration-ms="120788" started-at="2018-07-29T03:17:06Z" finished-at="2018-07-29T03:19:07Z">
          <reporter-output>
          </reporter-output>
        </test-method> <!-- LiveBirthPretermconditionTest -->
        <test-method status="PASS" signature="Teardown()[pri:0, instance:com_Milan_Test.WObstetricHistoryPageTest@5d99c6b5]" name="Teardown" is-config="true" duration-ms="638" started-at="2018-07-29T03:19:07Z" finished-at="2018-07-29T03:19:07Z">
          <reporter-output>
          </reporter-output>
        </test-method> <!-- Teardown -->
        <test-method status="PASS" signature="Setup()[pri:0, instance:com_Milan_Test.WObstetricHistoryPageTest@5d99c6b5]" name="Setup" is-config="true" duration-ms="50743" started-at="2018-07-29T03:19:58Z" finished-at="2018-07-29T03:20:49Z">
          <reporter-output>
          </reporter-output>
        </test-method> <!-- Setup -->
        <test-method status="PASS" signature="LiveBirthFullTermconditionTest()[pri:16, instance:com_Milan_Test.WObstetricHistoryPageTest@5d99c6b5]" name="LiveBirthFullTermconditionTest" duration-ms="120840" started-at="2018-07-29T03:20:49Z" finished-at="2018-07-29T03:22:50Z">
          <reporter-output>
          </reporter-output>
        </test-method> <!-- LiveBirthFullTermconditionTest -->
        <test-method status="PASS" signature="Teardown()[pri:0, instance:com_Milan_Test.WObstetricHistoryPageTest@5d99c6b5]" name="Teardown" is-config="true" duration-ms="655" started-at="2018-07-29T03:22:50Z" finished-at="2018-07-29T03:22:51Z">
          <reporter-output>
          </reporter-output>
        </test-method> <!-- Teardown -->
        <test-method status="PASS" signature="Setup()[pri:0, instance:com_Milan_Test.WObstetricHistoryPageTest@5d99c6b5]" name="Setup" is-config="true" duration-ms="51937" started-at="2018-07-29T03:29:09Z" finished-at="2018-07-29T03:30:01Z">
          <reporter-output>
          </reporter-output>
        </test-method> <!-- Setup -->
        <test-method status="PASS" signature="LiveBirthAbovePostTermconditionTest()[pri:17, instance:com_Milan_Test.WObstetricHistoryPageTest@5d99c6b5]" name="LiveBirthAbovePostTermconditionTest" duration-ms="120785" started-at="2018-07-29T03:30:01Z" finished-at="2018-07-29T03:32:02Z">
          <reporter-output>
          </reporter-output>
        </test-method> <!-- LiveBirthAbovePostTermconditionTest -->
        <test-method status="PASS" signature="Teardown()[pri:0, instance:com_Milan_Test.WObstetricHistoryPageTest@5d99c6b5]" name="Teardown" is-config="true" duration-ms="654" started-at="2018-07-29T03:32:02Z" finished-at="2018-07-29T03:32:02Z">
          <reporter-output>
          </reporter-output>
        </test-method> <!-- Teardown -->
        <test-method status="PASS" signature="Setup()[pri:0, instance:com_Milan_Test.WObstetricHistoryPageTest@5d99c6b5]" name="Setup" is-config="true" duration-ms="51857" started-at="2018-07-29T03:32:02Z" finished-at="2018-07-29T03:32:54Z">
          <reporter-output>
          </reporter-output>
        </test-method> <!-- Setup -->
        <test-method status="PASS" signature="SaveOutcometypesTest()[pri:18, instance:com_Milan_Test.WObstetricHistoryPageTest@5d99c6b5]" name="SaveOutcometypesTest" duration-ms="15696" started-at="2018-07-29T03:32:54Z" finished-at="2018-07-29T03:33:10Z">
          <reporter-output>
          </reporter-output>
        </test-method> <!-- SaveOutcometypesTest -->
        <test-method status="PASS" signature="Teardown()[pri:0, instance:com_Milan_Test.WObstetricHistoryPageTest@5d99c6b5]" name="Teardown" is-config="true" duration-ms="654" started-at="2018-07-29T03:33:10Z" finished-at="2018-07-29T03:33:10Z">
          <reporter-output>
          </reporter-output>
        </test-method> <!-- Teardown -->
      </class> <!-- com_Milan_Test.WObstetricHistoryPageTest -->
      <class name="com_Milan_Test.WcomplaintsTest">
        <test-method status="PASS" signature="Setup()[pri:0, instance:com_Milan_Test.WcomplaintsTest@62833051]" name="Setup" is-config="true" duration-ms="49562" started-at="2018-07-29T00:35:36Z" finished-at="2018-07-29T00:36:25Z">
          <reporter-output>
          </reporter-output>
        </test-method> <!-- Setup -->
        <test-method status="PASS" signature="NumberOfComplaintsTest()[pri:1, instance:com_Milan_Test.WcomplaintsTest@62833051]" name="NumberOfComplaintsTest" duration-ms="30430" started-at="2018-07-29T00:36:25Z" finished-at="2018-07-29T00:36:56Z">
          <reporter-output>
          </reporter-output>
        </test-method> <!-- NumberOfComplaintsTest -->
        <test-method status="PASS" signature="Teardown()[pri:0, instance:com_Milan_Test.WcomplaintsTest@62833051]" name="Teardown" is-config="true" duration-ms="660" started-at="2018-07-29T00:36:56Z" finished-at="2018-07-29T00:36:56Z">
          <reporter-output>
          </reporter-output>
        </test-method> <!-- Teardown -->
        <test-method status="PASS" signature="Setup()[pri:0, instance:com_Milan_Test.WcomplaintsTest@62833051]" name="Setup" is-config="true" duration-ms="51935" started-at="2018-07-29T01:16:03Z" finished-at="2018-07-29T01:16:55Z">
          <reporter-output>
          </reporter-output>
        </test-method> <!-- Setup -->
        <test-method status="SKIP" signature="SaveTheComplaintsTest()[pri:2, instance:com_Milan_Test.WcomplaintsTest@62833051]" name="SaveTheComplaintsTest" duration-ms="103164" started-at="2018-07-29T01:16:55Z" finished-at="2018-07-29T01:18:38Z">
          <exception class="java.lang.AssertionError">
            <message>
              <![CDATA[expected [Record updated successfully!] but found [Record saved successfully!]]]>
            </message>
            <full-stacktrace>
              <![CDATA[java.lang.AssertionError: expected [Record updated successfully!] but found [Record saved successfully!]
	at org.testng.Assert.fail(Assert.java:93)
	at org.testng.Assert.failNotEquals(Assert.java:512)
	at org.testng.Assert.assertEqualsImpl(Assert.java:134)
	at org.testng.Assert.assertEquals(Assert.java:115)
	at org.testng.Assert.assertEquals(Assert.java:189)
	at org.testng.Assert.assertEquals(Assert.java:199)
	at com_Milan_Test.WcomplaintsTest.SaveTheComplaintsTest(WcomplaintsTest.java:67)
	at sun.reflect.NativeMethodAccessorImpl.invoke0(Native Method)
	at sun.reflect.NativeMethodAccessorImpl.invoke(NativeMethodAccessorImpl.java:62)
	at sun.reflect.DelegatingMethodAccessorImpl.invoke(DelegatingMethodAccessorImpl.java:43)
	at java.lang.reflect.Method.invoke(Method.java:498)
	at org.testng.internal.MethodInvocationHelper.invokeMethod(MethodInvocationHelper.java:108)
	at org.testng.internal.Invoker.invokeMethod(Invoker.java:661)
	at org.testng.internal.Invoker.invokeTestMethod(Invoker.java:869)
	at org.testng.internal.Invoker.invokeTestMethods(Invoker.java:1193)
	at org.testng.internal.TestMethodWorker.invokeTestMethods(TestMethodWorker.java:126)
	at org.testng.internal.TestMethodWorker.run(TestMethodWorker.java:109)
	at org.testng.TestRunner.privateRun(TestRunner.java:744)
	at org.testng.TestRunner.run(TestRunner.java:602)
	at org.testng.SuiteRunner.runTest(SuiteRunner.java:380)
	at org.testng.SuiteRunner.access$000(SuiteRunner.java:39)
	at org.testng.SuiteRunner$SuiteWorker.run(SuiteRunner.java:414)
	at org.testng.internal.thread.ThreadUtil$1.call(ThreadUtil.java:52)
	at java.util.concurrent.FutureTask.run(FutureTask.java:266)
	at java.util.concurrent.ThreadPoolExecutor.runWorker(ThreadPoolExecutor.java:1149)
	at java.util.concurrent.ThreadPoolExecutor$Worker.run(ThreadPoolExecutor.java:624)
	at java.lang.Thread.run(Thread.java:748)
]]>
            </full-stacktrace>
          </exception> <!-- java.lang.AssertionError -->
          <reporter-output>
          </reporter-output>
        </test-method> <!-- SaveTheComplaintsTest -->
        <test-method status="PASS" signature="Teardown()[pri:0, instance:com_Milan_Test.WcomplaintsTest@62833051]" name="Teardown" is-config="true" duration-ms="663" started-at="2018-07-29T01:18:38Z" finished-at="2018-07-29T01:18:39Z">
          <reporter-output>
          </reporter-output>
        </test-method> <!-- Teardown -->
        <test-method status="PASS" signature="Setup()[pri:0, instance:com_Milan_Test.WcomplaintsTest@62833051]" name="Setup" is-config="true" duration-ms="23139" started-at="2018-07-29T01:18:39Z" finished-at="2018-07-29T01:19:02Z">
          <reporter-output>
          </reporter-output>
        </test-method> <!-- Setup -->
        <test-method status="SKIP" signature="SaveTheComplaintsTest()[pri:2, instance:com_Milan_Test.WcomplaintsTest@62833051]" name="SaveTheComplaintsTest" duration-ms="30134" started-at="2018-07-29T01:19:02Z" finished-at="2018-07-29T01:19:32Z">
          <exception class="org.openqa.selenium.NoSuchElementException">
            <message>
              <![CDATA[Cannot locate element with text: Sudden
For documentation on this error, please visit: http://seleniumhq.org/exceptions/no_such_element.html
Build info: version: '3.5.3', revision: 'a88d25fe6b', time: '2017-08-29T12:42:44.417Z'
System info: host: 'IVF111', ip: '192.168.1.56', os.name: 'Windows 8.1', os.arch: 'amd64', os.version: '6.3', java.version: '1.8.0_161'
Driver info: driver.version: unknown]]>
            </message>
            <full-stacktrace>
              <![CDATA[org.openqa.selenium.NoSuchElementException: Cannot locate element with text: Sudden
For documentation on this error, please visit: http://seleniumhq.org/exceptions/no_such_element.html
Build info: version: '3.5.3', revision: 'a88d25fe6b', time: '2017-08-29T12:42:44.417Z'
System info: host: 'IVF111', ip: '192.168.1.56', os.name: 'Windows 8.1', os.arch: 'amd64', os.version: '6.3', java.version: '1.8.0_161'
Driver info: driver.version: unknown
	at org.openqa.selenium.support.ui.Select.selectByVisibleText(Select.java:151)
	at com_milan_POM.WComplaintsPage.ExistingPatientPresentingComplaints(WComplaintsPage.java:123)
	at com_milan_POM.WComplaintsPage.SaveTheComplaints(WComplaintsPage.java:399)
	at com_Milan_Test.WcomplaintsTest.SaveTheComplaintsTest(WcomplaintsTest.java:55)
	at sun.reflect.NativeMethodAccessorImpl.invoke0(Native Method)
	at sun.reflect.NativeMethodAccessorImpl.invoke(NativeMethodAccessorImpl.java:62)
	at sun.reflect.DelegatingMethodAccessorImpl.invoke(DelegatingMethodAccessorImpl.java:43)
	at java.lang.reflect.Method.invoke(Method.java:498)
	at org.testng.internal.MethodInvocationHelper.invokeMethod(MethodInvocationHelper.java:108)
	at org.testng.internal.Invoker.invokeMethod(Invoker.java:661)
	at org.testng.internal.Invoker.retryFailed(Invoker.java:1014)
	at org.testng.internal.Invoker.invokeTestMethods(Invoker.java:1215)
	at org.testng.internal.TestMethodWorker.invokeTestMethods(TestMethodWorker.java:126)
	at org.testng.internal.TestMethodWorker.run(TestMethodWorker.java:109)
	at org.testng.TestRunner.privateRun(TestRunner.java:744)
	at org.testng.TestRunner.run(TestRunner.java:602)
	at org.testng.SuiteRunner.runTest(SuiteRunner.java:380)
	at org.testng.SuiteRunner.access$000(SuiteRunner.java:39)
	at org.testng.SuiteRunner$SuiteWorker.run(SuiteRunner.java:414)
	at org.testng.internal.thread.ThreadUtil$1.call(ThreadUtil.java:52)
	at java.util.concurrent.FutureTask.run(FutureTask.java:266)
	at java.util.concurrent.ThreadPoolExecutor.runWorker(ThreadPoolExecutor.java:1149)
	at java.util.concurrent.ThreadPoolExecutor$Worker.run(ThreadPoolExecutor.java:624)
	at java.lang.Thread.run(Thread.java:748)
]]>
            </full-stacktrace>
          </exception> <!-- org.openqa.selenium.NoSuchElementException -->
          <reporter-output>
          </reporter-output>
        </test-method> <!-- SaveTheComplaintsTest -->
        <test-method status="PASS" signature="Teardown()[pri:0, instance:com_Milan_Test.WcomplaintsTest@62833051]" name="Teardown" is-config="true" duration-ms="658" started-at="2018-07-29T01:19:33Z" finished-at="2018-07-29T01:19:33Z">
          <reporter-output>
          </reporter-output>
        </test-method> <!-- Teardown -->
        <test-method status="PASS" signature="Setup()[pri:0, instance:com_Milan_Test.WcomplaintsTest@62833051]" name="Setup" is-config="true" duration-ms="23310" started-at="2018-07-29T01:19:33Z" finished-at="2018-07-29T01:19:56Z">
          <reporter-output>
          </reporter-output>
        </test-method> <!-- Setup -->
        <test-method status="SKIP" signature="SaveTheComplaintsTest()[pri:2, instance:com_Milan_Test.WcomplaintsTest@62833051]" name="SaveTheComplaintsTest" duration-ms="30506" started-at="2018-07-29T01:19:56Z" finished-at="2018-07-29T01:20:27Z">
          <exception class="org.openqa.selenium.NoSuchElementException">
            <message>
              <![CDATA[Cannot locate element with text: Decreased
For documentation on this error, please visit: http://seleniumhq.org/exceptions/no_such_element.html
Build info: version: '3.5.3', revision: 'a88d25fe6b', time: '2017-08-29T12:42:44.417Z'
System info: host: 'IVF111', ip: '192.168.1.56', os.name: 'Windows 8.1', os.arch: 'amd64', os.version: '6.3', java.version: '1.8.0_161'
Driver info: driver.version: unknown]]>
            </message>
            <full-stacktrace>
              <![CDATA[org.openqa.selenium.NoSuchElementException: Cannot locate element with text: Decreased
For documentation on this error, please visit: http://seleniumhq.org/exceptions/no_such_element.html
[...]
          <reporter-output>
          </reporter-output>
        </test-method> <!-- Teardown -->
        <test-method status="PASS" signature="Setup()[pri:0, instance:com_Milan_Test.WAddictionsTest@13b3d178]" name="Setup" is-config="true" duration-ms="48886" started-at="2018-07-29T02:56:27Z" finished-at="2018-07-29T02:57:16Z">
          <reporter-output>
          </reporter-output>
        </test-method> <!-- Setup -->
        <test-method status="PASS" signature="SinceWhenEnableconditionSinceWhenCaffeineAddictionTest()[pri:10, instance:com_Milan_Test.WAddictionsTest@13b3d178]" name="SinceWhenEnableconditionSinceWhenCaffeineAddictionTest" duration-ms="20320" started-at="2018-07-29T02:57:16Z" finished-at="2018-07-29T02:57:36Z">
          <reporter-output>
          </reporter-output>
        </test-method> <!-- SinceWhenEnableconditionSinceWhenCaffeineAddictionTest -->
        <test-method status="PASS" signature="Teardown()[pri:0, instance:com_Milan_Test.WAddictionsTest@13b3d178]" name="Teardown" is-config="true" duration-ms="651" started-at="2018-07-29T02:57:36Z" finished-at="2018-07-29T02:57:37Z">
          <reporter-output>
          </reporter-output>
        </test-method> <!-- Teardown -->
        <test-method status="PASS" signature="Setup()[pri:0, instance:com_Milan_Test.WAddictionsTest@13b3d178]" name="Setup" is-config="true" duration-ms="48231" started-at="2018-07-29T03:04:44Z" finished-at="2018-07-29T03:05:32Z">
          <reporter-output>
          </reporter-output>
        </test-method> <!-- Setup -->
        <test-method status="PASS" signature="SinceWhenEnableconditionSinceWhenMonthSmokeTest()[pri:11, instance:com_Milan_Test.WAddictionsTest@13b3d178]" name="SinceWhenEnableconditionSinceWhenMonthSmokeTest" duration-ms="195" started-at="2018-07-29T03:05:32Z" finished-at="2018-07-29T03:05:32Z">
          <reporter-output>
          </reporter-output>
        </test-method> <!-- SinceWhenEnableconditionSinceWhenMonthSmokeTest -->
        <test-method status="PASS" signature="Teardown()[pri:0, instance:com_Milan_Test.WAddictionsTest@13b3d178]" name="Teardown" is-config="true" duration-ms="639" started-at="2018-07-29T03:05:32Z" finished-at="2018-07-29T03:05:33Z">
          <reporter-output>
          </reporter-output>
        </test-method> <!-- Teardown -->
        <test-method status="PASS" signature="Setup()[pri:0, instance:com_Milan_Test.WAddictionsTest@13b3d178]" name="Setup" is-config="true" duration-ms="50518" started-at="2018-07-29T03:08:10Z" finished-at="2018-07-29T03:09:01Z">
          <reporter-output>
          </reporter-output>
        </test-method> <!-- Setup -->
        <test-method status="PASS" signature="SinceWhenEnableconditionSinceWhenMonthAlkoholTest()[pri:12, instance:com_Milan_Test.WAddictionsTest@13b3d178]" name="SinceWhenEnableconditionSinceWhenMonthAlkoholTest" duration-ms="276" started-at="2018-07-29T03:09:01Z" finished-at="2018-07-29T03:09:01Z">
          <reporter-output>
          </reporter-output>
        </test-method> <!-- SinceWhenEnableconditionSinceWhenMonthAlkoholTest -->
        <test-method status="PASS" signature="Teardown()[pri:0, instance:com_Milan_Test.WAddictionsTest@13b3d178]" name="Teardown" is-config="true" duration-ms="653" started-at="2018-07-29T03:09:01Z" finished-at="2018-07-29T03:09:02Z">
          <reporter-output>
          </reporter-output>
        </test-method> <!-- Teardown -->
        <test-method status="PASS" signature="Setup()[pri:0, instance:com_Milan_Test.WAddictionsTest@13b3d178]" name="Setup" is-config="true" duration-ms="52790" started-at="2018-07-29T03:13:33Z" finished-at="2018-07-29T03:14:26Z">
          <reporter-output>
          </reporter-output>
        </test-method> <!-- Setup -->
        <test-method status="PASS" signature="SinceWhenEnableconditionSinceWhenMonthTobocoTest()[pri:13, instance:com_Milan_Test.WAddictionsTest@13b3d178]" name="SinceWhenEnableconditionSinceWhenMonthTobocoTest" duration-ms="194" started-at="2018-07-29T03:14:26Z" finished-at="2018-07-29T03:14:26Z">
          <reporter-output>
          </reporter-output>
        </test-method> <!-- SinceWhenEnableconditionSinceWhenMonthTobocoTest -->
        <test-method status="PASS" signature="Teardown()[pri:0, instance:com_Milan_Test.WAddictionsTest@13b3d178]" name="Teardown" is-config="true" duration-ms="659" started-at="2018-07-29T03:14:26Z" finished-at="2018-07-29T03:14:27Z">
          <reporter-output>
          </reporter-output>
        </test-method> <!-- Teardown -->
        <test-method status="PASS" signature="Setup()[pri:0, instance:com_Milan_Test.WAddictionsTest@13b3d178]" name="Setup" is-config="true" duration-ms="54248" started-at="2018-07-29T03:15:21Z" finished-at="2018-07-29T03:16:15Z">
          <reporter-output>
          </reporter-output>
        </test-method> <!-- Setup -->
        <test-method status="PASS" signature="SinceWhenEnableconditionSinceWhenMonthForDrugAdictionTest()[pri:14, instance:com_Milan_Test.WAddictionsTest@13b3d178]" name="SinceWhenEnableconditionSinceWhenMonthForDrugAdictionTest" duration-ms="175" started-at="2018-07-29T03:16:15Z" finished-at="2018-07-29T03:16:15Z">
          <reporter-output>
          </reporter-output>
        </test-method> <!-- SinceWhenEnableconditionSinceWhenMonthForDrugAdictionTest -->
        <test-method status="PASS" signature="Teardown()[pri:0, instance:com_Milan_Test.WAddictionsTest@13b3d178]" name="Teardown" is-config="true" duration-ms="663" started-at="2018-07-29T03:16:15Z" finished-at="2018-07-29T03:16:16Z">
          <reporter-output>
          </reporter-output>
        </test-method> <!-- Teardown -->
        <test-method status="PASS" signature="Setup()[pri:0, instance:com_Milan_Test.WAddictionsTest@13b3d178]" name="Setup" is-config="true" duration-ms="50012" started-at="2018-07-29T03:19:07Z" finished-at="2018-07-29T03:19:57Z">
          <reporter-output>
          </reporter-output>
        </test-method> <!-- Setup -->
        <test-method status="PASS" signature="SinceWhenEnableconditionSinceWhenMonthForCaffeineAddictionTest()[pri:15, instance:com_Milan_Test.WAddictionsTest@13b3d178]" name="SinceWhenEnableconditionSinceWhenMonthForCaffeineAddictionTest" duration-ms="297" started-at="2018-07-29T03:19:57Z" finished-at="2018-07-29T03:19:58Z">
          <reporter-output>
          </reporter-output>
        </test-method> <!-- SinceWhenEnableconditionSinceWhenMonthForCaffeineAddictionTest -->
        <test-method status="PASS" signature="Teardown()[pri:0, instance:com_Milan_Test.WAddictionsTest@13b3d178]" name="Teardown" is-config="true" duration-ms="667" started-at="2018-07-29T03:19:58Z" finished-at="2018-07-29T03:19:58Z">
          <reporter-output>
          </reporter-output>
        </test-method> <!-- Teardown -->
        <test-method status="PASS" signature="Setup()[pri:0, instance:com_Milan_Test.WAddictionsTest@13b3d178]" name="Setup" is-config="true" duration-ms="49808" started-at="2018-07-29T03:22:51Z" finished-at="2018-07-29T03:23:40Z">
          <reporter-output>
          </reporter-output>
        </test-method> <!-- Setup -->
        <test-method status="PASS" signature="saveAdictionsTest(java.lang.String, java.lang.String, java.lang.String, java.lang.String, java.lang.String, java.lang.String)[pri:16, instance:com_Milan_Test.WAddictionsTest@13b3d178]" name="saveAdictionsTest" duration-ms="100018" started-at="2018-07-29T03:23:40Z" data-provider="getTestData" finished-at="2018-07-29T03:25:20Z">
          <params>
            <param index="0">
              <value>
                <![CDATA[Smoking]]>
              </value>
            </param>
            <param index="1">
              <value>
                <![CDATA[Yes]]>
              </value>
            </param>
            <param index="2">
              <value>
                <![CDATA[1]]>
              </value>
            </param>
            <param index="3">
              <value>
                <![CDATA[1]]>
              </value>
            </param>
            <param index="4">
              <value>
                <![CDATA[Regular]]>
              </value>
            </param>
            <param index="5">
              <value>
                <![CDATA[1]]>
              </value>
            </param>
          </params>
          <reporter-output>
          </reporter-output>
        </test-method> <!-- saveAdictionsTest -->
        <test-method status="PASS" signature="Teardown()[pri:0, instance:com_Milan_Test.WAddictionsTest@13b3d178]" name="Teardown" is-config="true" duration-ms="646" started-at="2018-07-29T03:25:20Z" finished-at="2018-07-29T03:25:21Z">
          <reporter-output>
          </reporter-output>
        </test-method> <!-- Teardown -->
        <test-method status="PASS" signature="Setup()[pri:0, instance:com_Milan_Test.WAddictionsTest@13b3d178]" name="Setup" is-config="true" duration-ms="51986" started-at="2018-07-29T03:25:21Z" finished-at="2018-07-29T03:26:13Z">
          <reporter-output>
          </reporter-output>
        </test-method> <!-- Setup -->
        <test-method status="PASS" signature="saveAdictionsTest(java.lang.String, java.lang.String, java.lang.String, java.lang.String, java.lang.String, java.lang.String)[pri:16, instance:com_Milan_Test.WAddictionsTest@13b3d178]" name="saveAdictionsTest" duration-ms="6442" started-at="2018-07-29T03:26:13Z" data-provider="getTestData" finished-at="2018-07-29T03:26:20Z">
          <params>
            <param index="0">
              <value>
                <![CDATA[Alcohol]]>
              </value>
            </param>
            <param index="1">
              <value>
                <![CDATA[No]]>
              </value>
            </param>
            <param index="2">
              <value>
                <![CDATA[3]]>
              </value>
            </param>
            <param index="3">
              <value>
                <![CDATA[5]]>
              </value>
            </param>
            <param index="4">
              <value>
                <![CDATA[Irregular]]>
              </value>
            </param>
            <param index="5">
              <value>
                <![CDATA[100]]>
              </value>
            </param>
          </params>
          <reporter-output>
          </reporter-output>
        </test-method> <!-- saveAdictionsTest -->
        <test-method status="PASS" signature="Teardown()[pri:0, instance:com_Milan_Test.WAddictionsTest@13b3d178]" name="Teardown" is-config="true" duration-ms="657" started-at="2018-07-29T03:26:20Z" finished-at="2018-07-29T03:26:20Z">
          <reporter-output>
          </reporter-output>
        </test-method> <!-- Teardown -->
        <test-method status="PASS" signature="Setup()[pri:0, instance:com_Milan_Test.WAddictionsTest@13b3d178]" name="Setup" is-config="true" duration-ms="49317" started-at="2018-07-29T03:26:20Z" finished-at="2018-07-29T03:27:09Z">
          <reporter-output>
          </reporter-output>
        </test-method> <!-- Setup -->
        <test-method status="PASS" signature="saveAdictionsTest(java.lang.String, java.lang.String, java.lang.String, java.lang.String, java.lang.String, java.lang.String)[pri:16, instance:com_Milan_Test.WAddictionsTest@13b3d178]" name="saveAdictionsTest" duration-ms="5994" started-at="2018-07-29T03:27:09Z" data-provider="getTestData" finished-at="2018-07-29T03:27:15Z">
          <params>
            <param index="0">
              <value>
                <![CDATA[Tobacco]]>
              </value>
            </param>
            <param index="1">
              <value>
                <![CDATA[No]]>
              </value>
            </param>
            <param index="2">
              <value>
                <![CDATA[6]]>
              </value>
            </param>
            <param index="3">
              <value>
                <![CDATA[10]]>
              </value>
            </param>
            <param index="4">
              <value>
                <![CDATA[occasional]]>
              </value>
            </param>
            <param index="5">
              <value>
                <![CDATA[2]]>
              </value>
            </param>
          </params>
          <reporter-output>
          </reporter-output>
        </test-method> <!-- saveAdictionsTest -->
        <test-method status="PASS" signature="Teardown()[pri:0, instance:com_Milan_Test.WAddictionsTest@13b3d178]" name="Teardown" is-config="true" duration-ms="669" started-at="2018-07-29T03:27:15Z" finished-at="2018-07-29T03:27:16Z">
          <reporter-output>
          </reporter-output>
        </test-method> <!-- Teardown -->
        <test-method status="PASS" signature="Setup()[pri:0, instance:com_Milan_Test.WAddictionsTest@13b3d178]" name="Setup" is-config="true" duration-ms="50020" started-at="2018-07-29T03:27:16Z" finished-at="2018-07-29T03:28:06Z">
          <reporter-output>
          </reporter-output>
        </test-method> <!-- Setup -->
        <test-method status="PASS" signature="saveAdictionsTest(java.lang.String, java.lang.String, java.lang.String, java.lang.String, java.lang.String, java.lang.String)[pri:16, instance:com_Milan_Test.WAddictionsTest@13b3d178]" name="saveAdictionsTest" duration-ms="6083" started-at="2018-07-29T03:28:06Z" data-provider="getTestData" finished-at="2018-07-29T03:28:12Z">
          <params>
            <param index="0">
              <value>
                <![CDATA[Drug Addiction]]>
              </value>
            </param>
            <param index="1">
              <value>
                <![CDATA[Yes]]>
              </value>
            </param>
            <param index="2">
              <value>
                <![CDATA[9]]>
              </value>
            </param>
            <param index="3">
              <value>
                <![CDATA[15]]>
              </value>
            </param>
            <param index="4">
              <value>
                <![CDATA[Regular]]>
              </value>
            </param>
            <param index="5">
              <value>
                <![CDATA[2]]>
              </value>
            </param>
          </params>
          <reporter-output>
          </reporter-output>
        </test-method> <!-- saveAdictionsTest -->
        <test-method status="PASS" signature="Teardown()[pri:0, instance:com_Milan_Test.WAddictionsTest@13b3d178]" name="Teardown" is-config="true" duration-ms="660" started-at="2018-07-29T03:28:12Z" finished-at="2018-07-29T03:28:13Z">
          <reporter-output>
          </reporter-output>
        </test-method> <!-- Teardown -->
        <test-method status="PASS" signature="Setup()[pri:0, instance:com_Milan_Test.WAddictionsTest@13b3d178]" name="Setup" is-config="true" duration-ms="49108" started-at="2018-07-29T03:28:13Z" finished-at="2018-07-29T03:29:02Z">
          <reporter-output>
          </reporter-output>
        </test-method> <!-- Setup -->
        <test-method status="PASS" signature="saveAdictionsTest(java.lang.String, java.lang.String, java.lang.String, java.lang.String, java.lang.String, java.lang.String)[pri:16, instance:com_Milan_Test.WAddictionsTest@13b3d178]" name="saveAdictionsTest" duration-ms="6212" started-at="2018-07-29T03:29:02Z" data-provider="getTestData" finished-at="2018-07-29T03:29:08Z">
          <params>
            <param index="0">
              <value>
                <![CDATA[Caffeine Addiction]]>
              </value>
            </param>
            <param index="1">
              <value>
                <![CDATA[No]]>
              </value>
            </param>
            <param index="2">
              <value>
                <![CDATA[11]]>
              </value>
            </param>
            <param index="3">
              <value>
                <![CDATA[20]]>
              </value>
            </param>
            <param index="4">
              <value>
                <![CDATA[Irregular]]>
              </value>
            </param>
            <param index="5">
              <value>
                <![CDATA[4]]>
              </value>
            </param>
          </params>
          <reporter-output>
          </reporter-output>
        </test-method> <!-- saveAdictionsTest -->
        <test-method status="PASS" signature="Teardown()[pri:0, instance:com_Milan_Test.WAddictionsTest@13b3d178]" name="Teardown" is-config="true" duration-ms="646" started-at="2018-07-29T03:29:08Z" finished-at="2018-07-29T03:29:09Z">
          <reporter-output>
          </reporter-output>
        </test-method> <!-- Teardown -->
        <test-method status="FAIL" signature="saveNewAdictions(java.lang.String, java.lang.String, java.lang.String, java.lang.String, java.lang.String, java.lang.String)[pri:17, instance:com_Milan_Test.WAddictionsTest@13b3d178]" name="saveNewAdictions" duration-ms="0" started-at="2018-07-29T03:32:02Z" finished-at="2018-07-29T03:32:02Z">
          <exception class="org.testng.TestNGException">
            <message>
              <![CDATA[
Cannot inject @Test annotated Method [saveNewAdictions] with [class java.lang.String, class java.lang.String, class java.lang.String, class java.lang.String, class java.lang.String, class java.lang.String].
For more information on native dependency injection please refer to http://testng.org/doc/documentation-main.html#native-dependency-injection]]>
            </message>
            <full-stacktrace>
              <![CDATA[org.testng.TestNGException: 
Cannot inject @Test annotated Method [saveNewAdictions] with [class java.lang.String, class java.lang.String, class java.lang.String, class java.lang.String, class java.lang.String, class java.lang.String].
For more information on native dependency injection please refer to http://testng.org/doc/documentation-main.html#native-dependency-injection
	at org.testng.internal.Parameters.checkParameterTypes(Parameters.java:244)
	at org.testng.internal.Parameters.createParameters(Parameters.java:172)
	at org.testng.internal.Parameters.createParameters(Parameters.java:458)
	at org.testng.internal.Parameters.handleParameters(Parameters.java:569)
	at org.testng.internal.Invoker.handleParameters(Invoker.java:1308)
	at org.testng.internal.Invoker.createParameters(Invoker.java:1036)
	at org.testng.internal.Invoker.invokeTestMethods(Invoker.java:1126)
	at org.testng.internal.TestMethodWorker.invokeTestMethods(TestMethodWorker.java:126)
	at org.testng.internal.TestMethodWorker.run(TestMethodWorker.java:109)
	at org.testng.TestRunner.privateRun(TestRunner.java:744)
	at org.testng.TestRunner.run(TestRunner.java:602)
	at org.testng.SuiteRunner.runTest(SuiteRunner.java:380)
	at org.testng.SuiteRunner.access$000(SuiteRunner.java:39)
	at org.testng.SuiteRunner$SuiteWorker.run(SuiteRunner.java:414)
	at org.testng.internal.thread.ThreadUtil$1.call(ThreadUtil.java:52)
	at java.util.concurrent.FutureTask.run(FutureTask.java:266)
	at java.util.concurrent.ThreadPoolExecutor.runWorker(ThreadPoolExecutor.java:1149)
	at java.util.concurrent.ThreadPoolExecutor$Worker.run(ThreadPoolExecutor.java:624)
	at java.lang.Thread.run(Thread.java:748)
]]>
            </full-stacktrace>
          </exception> <!-- org.testng.TestNGException -->
          <reporter-output>
          </reporter-output>
        </test-method> <!-- saveNewAdictions -->
      </class> <!-- com_Milan_Test.WAddictionsTest -->
    </test> <!-- ApolloIVFTest -->
  </suite> <!-- ApolloIVFTestSuite -->
</testng-results>
