<?xml version="1.0" encoding="UTF-8"?>
<testng-results skipped="0" failed="0" ignored="2" total="3" passed="1">
  <reporter-output>
  </reporter-output>
  <suite name="Default suite" duration-ms="32414" started-at="2018-05-23T13:53:01Z" finished-at="2018-05-23T13:53:34Z">
    <groups>
    </groups>
    <test name="Default test" duration-ms="32414" started-at="2018-05-23T13:53:01Z" finished-at="2018-05-23T13:53:34Z">
      <class name="com_Milan_Test.WInvestigationPageTest">
        <test-method status="PASS" signature="Setup()[pri:0, instance:com_Milan_Test.WInvestigationPageTest@1ebd319f]" name="Setup" is-config="true" duration-ms="24593" started-at="2018-05-23T19:23:01Z" finished-at="2018-05-23T19:23:26Z">
          <reporter-output>
          </reporter-output>
        </test-method> <!-- Setup -->
        <test-method status="PASS" signature="OUIARTSubTypesTest()[pri:3, instance:com_Milan_Test.WInvestigationPageTest@1ebd319f]" name="OUIARTSubTypesTest" duration-ms="7784" started-at="2018-05-23T19:23:26Z" finished-at="2018-05-23T19:23:34Z">
          <reporter-output>
          </reporter-output>
        </test-method> <!-- OUIARTSubTypesTest -->
      </class> <!-- com_Milan_Test.WInvestigationPageTest -->
    </test> <!-- Default test -->
  </suite> <!-- Default suite -->
</testng-results>
