<?xml version="1.0" encoding="UTF-8"?>
<testng-results skipped="0" failed="0" ignored="2" total="2" passed="0">
  <reporter-output>
  </reporter-output>
  <suite name="Default suite" duration-ms="344" started-at="2018-09-12T04:42:25Z" finished-at="2018-09-12T04:42:25Z">
    <groups>
      <group name="functional">
        <method signature="FemaleReportUploadPageTest.SelectReportCategoryOptionTest(java.lang.String, java.lang.String)[pri:1, instance:com_Milan_Test.FemaleReportUploadPageTest@5a411614]" name="SelectReportCategoryOptionTest" class="com_Milan_Test.FemaleReportUploadPageTest"/>
      </group> <!-- functional -->
    </groups>
    <test name="Default test" duration-ms="344" started-at="2018-09-12T04:42:25Z" finished-at="2018-09-12T04:42:25Z">
    </test> <!-- Default test -->
  </suite> <!-- Default suite -->
</testng-results>
