<?xml version="1.0" encoding="UTF-8"?>
<testng-results skipped="0" failed="0" ignored="3" total="8" passed="5">
  <reporter-output>
  </reporter-output>
  <suite name="Default suite" duration-ms="141440" started-at="2018-05-11T06:03:59Z" finished-at="2018-05-11T06:06:20Z">
    <groups>
    </groups>
    <test name="Default test" duration-ms="141440" started-at="2018-05-11T06:03:59Z" finished-at="2018-05-11T06:06:20Z">
      <class name="com_Milan_Test.WVitalsTest">
        <test-method status="PASS" signature="setup()[pri:0, instance:com_Milan_Test.WVitalsTest@4f7d0008]" name="setup" is-config="true" duration-ms="24832" started-at="2018-05-11T11:33:59Z" finished-at="2018-05-11T11:34:24Z">
          <reporter-output>
          </reporter-output>
        </test-method> <!-- setup -->
        <test-method status="PASS" signature="BMITest(java.lang.String, java.lang.String, java.lang.String, java.lang.String, java.lang.String, java.lang.String)[pri:3, instance:com_Milan_Test.WVitalsTest@4f7d0008]" name="BMITest" duration-ms="3467" started-at="2018-05-11T11:34:24Z" data-provider="getTestData" finished-at="2018-05-11T11:34:28Z">
          <params>
            <param index="0">
              <value>
                <![CDATA[60.0]]>
              </value>
            </param>
            <param index="1">
              <value>
                <![CDATA[180.0]]>
              </value>
            </param>
            <param index="2">
              <value>
                <![CDATA["89"]]>
              </value>
            </param>
            <param index="3">
              <value>
                <![CDATA["59"]]>
              </value>
            </param>
            <param index="4">
              <value>
                <![CDATA[59.0]]>
              </value>
            </param>
            <param index="5">
              <value>
                <![CDATA[96.0]]>
              </value>
            </param>
          </params>
          <reporter-output>
          </reporter-output>
        </test-method> <!-- BMITest -->
        <test-method status="PASS" signature="TearDown()[pri:0, instance:com_Milan_Test.WVitalsTest@4f7d0008]" name="TearDown" is-config="true" duration-ms="688" started-at="2018-05-11T11:34:28Z" finished-at="2018-05-11T11:34:28Z">
          <reporter-output>
          </reporter-output>
        </test-method> <!-- TearDown -->
        <test-method status="PASS" signature="setup()[pri:0, instance:com_Milan_Test.WVitalsTest@4f7d0008]" name="setup" is-config="true" duration-ms="24405" started-at="2018-05-11T11:34:28Z" finished-at="2018-05-11T11:34:53Z">
          <reporter-output>
          </reporter-output>
        </test-method> <!-- setup -->
        <test-method status="PASS" signature="BMITest(java.lang.String, java.lang.String, java.lang.String, java.lang.String, java.lang.String, java.lang.String)[pri:3, instance:com_Milan_Test.WVitalsTest@4f7d0008]" name="BMITest" duration-ms="3588" started-at="2018-05-11T11:34:53Z" data-provider="getTestData" finished-at="2018-05-11T11:34:56Z">
          <params>
            <param index="0">
              <value>
                <![CDATA[80.0]]>
              </value>
            </param>
            <param index="1">
              <value>
                <![CDATA[170.0]]>
              </value>
            </param>
            <param index="2">
              <value>
                <![CDATA["90"]]>
              </value>
            </param>
            <param index="3">
              <value>
                <![CDATA["60"]]>
              </value>
            </param>
            <param index="4">
              <value>
                <![CDATA[60.0]]>
              </value>
            </param>
            <param index="5">
              <value>
                <![CDATA[97.8]]>
              </value>
            </param>
          </params>
          <reporter-output>
          </reporter-output>
        </test-method> <!-- BMITest -->
        <test-method status="PASS" signature="TearDown()[pri:0, instance:com_Milan_Test.WVitalsTest@4f7d0008]" name="TearDown" is-config="true" duration-ms="672" started-at="2018-05-11T11:34:56Z" finished-at="2018-05-11T11:34:57Z">
          <reporter-output>
          </reporter-output>
        </test-method> <!-- TearDown -->
        <test-method status="PASS" signature="setup()[pri:0, instance:com_Milan_Test.WVitalsTest@4f7d0008]" name="setup" is-config="true" duration-ms="24429" started-at="2018-05-11T11:34:57Z" finished-at="2018-05-11T11:35:21Z">
          <reporter-output>
          </reporter-output>
        </test-method> <!-- setup -->
        <test-method status="PASS" signature="BMITest(java.lang.String, java.lang.String, java.lang.String, java.lang.String, java.lang.String, java.lang.String)[pri:3, instance:com_Milan_Test.WVitalsTest@4f7d0008]" name="BMITest" duration-ms="3054" started-at="2018-05-11T11:35:21Z" data-provider="getTestData" finished-at="2018-05-11T11:35:24Z">
          <params>
            <param index="0">
              <value>
                <![CDATA[100.0]]>
              </value>
            </param>
            <param index="1">
              <value>
                <![CDATA[160.0]]>
              </value>
            </param>
            <param index="2">
              <value>
                <![CDATA["100"]]>
              </value>
            </param>
            <param index="3">
              <value>
                <![CDATA["70"]]>
              </value>
            </param>
            <param index="4">
              <value>
                <![CDATA[80.0]]>
              </value>
            </param>
            <param index="5">
              <value>
                <![CDATA[99.0]]>
              </value>
            </param>
          </params>
          <reporter-output>
          </reporter-output>
        </test-method> <!-- BMITest -->
        <test-method status="PASS" signature="TearDown()[pri:0, instance:com_Milan_Test.WVitalsTest@4f7d0008]" name="TearDown" is-config="true" duration-ms="673" started-at="2018-05-11T11:35:24Z" finished-at="2018-05-11T11:35:25Z">
          <reporter-output>
          </reporter-output>
        </test-method> <!-- TearDown -->
        <test-method status="PASS" signature="setup()[pri:0, instance:com_Milan_Test.WVitalsTest@4f7d0008]" name="setup" is-config="true" duration-ms="22471" started-at="2018-05-11T11:35:25Z" finished-at="2018-05-11T11:35:48Z">
          <reporter-output>
          </reporter-output>
        </test-method> <!-- setup -->
        <test-method status="PASS" signature="BMITest(java.lang.String, java.lang.String, java.lang.String, java.lang.String, java.lang.String, java.lang.String)[pri:3, instance:com_Milan_Test.WVitalsTest@4f7d0008]" name="BMITest" duration-ms="3514" started-at="2018-05-11T11:35:48Z" data-provider="getTestData" finished-at="2018-05-11T11:35:51Z">
          <params>
            <param index="0">
              <value>
                <![CDATA[90.0]]>
              </value>
            </param>
            <param index="1">
              <value>
                <![CDATA[150.0]]>
              </value>
            </param>
            <param index="2">
              <value>
                <![CDATA["120"]]>
              </value>
            </param>
            <param index="3">
              <value>
                <![CDATA["80"]]>
              </value>
            </param>
            <param index="4">
              <value>
                <![CDATA[99.0]]>
              </value>
            </param>
            <param index="5">
              <value>
                <![CDATA[100.0]]>
              </value>
            </param>
          </params>
          <reporter-output>
          </reporter-output>
        </test-method> <!-- BMITest -->
        <test-method status="PASS" signature="TearDown()[pri:0, instance:com_Milan_Test.WVitalsTest@4f7d0008]" name="TearDown" is-config="true" duration-ms="672" started-at="2018-05-11T11:35:51Z" finished-at="2018-05-11T11:35:52Z">
          <reporter-output>
          </reporter-output>
        </test-method> <!-- TearDown -->
        <test-method status="PASS" signature="setup()[pri:0, instance:com_Milan_Test.WVitalsTest@4f7d0008]" name="setup" is-config="true" duration-ms="23948" started-at="2018-05-11T11:35:52Z" finished-at="2018-05-11T11:36:16Z">
          <reporter-output>
          </reporter-output>
        </test-method> <!-- setup -->
        <test-method status="PASS" signature="BMITest(java.lang.String, java.lang.String, java.lang.String, java.lang.String, java.lang.String, java.lang.String)[pri:3, instance:com_Milan_Test.WVitalsTest@4f7d0008]" name="BMITest" duration-ms="3540" started-at="2018-05-11T11:36:16Z" data-provider="getTestData" finished-at="2018-05-11T11:36:19Z">
          <params>
            <param index="0">
              <value>
                <![CDATA[70.0]]>
              </value>
            </param>
            <param index="1">
              <value>
                <![CDATA[100.0]]>
              </value>
            </param>
            <param index="2">
              <value>
                <![CDATA["121"]]>
              </value>
            </param>
            <param index="3">
              <value>
                <![CDATA["81"]]>
              </value>
            </param>
            <param index="4">
              <value>
                <![CDATA[101.0]]>
              </value>
            </param>
            <param index="5">
              <value>
                <![CDATA[101.0]]>
              </value>
            </param>
          </params>
          <reporter-output>
          </reporter-output>
        </test-method> <!-- BMITest -->
        <test-method status="PASS" signature="TearDown()[pri:0, instance:com_Milan_Test.WVitalsTest@4f7d0008]" name="TearDown" is-config="true" duration-ms="656" started-at="2018-05-11T11:36:19Z" finished-at="2018-05-11T11:36:20Z">
          <reporter-output>
          </reporter-output>
        </test-method> <!-- TearDown -->
      </class> <!-- com_Milan_Test.WVitalsTest -->
    </test> <!-- Default test -->
  </suite> <!-- Default suite -->
</testng-results>
