<?xml version="1.0" encoding="UTF-8"?>
<testng-results skipped="0" failed="0" ignored="4" total="7" passed="3">
  <reporter-output>
  </reporter-output>
  <suite name="Default suite" duration-ms="160973" started-at="2018-05-03T06:56:04Z" finished-at="2018-05-03T06:58:45Z">
    <groups>
    </groups>
    <test name="Default test" duration-ms="160973" started-at="2018-05-03T06:56:04Z" finished-at="2018-05-03T06:58:45Z">
      <class name="com_Milan_Test.FemaleDiagnosisTest">
        <test-method status="PASS" signature="Setup()[pri:0, instance:com_Milan_Test.FemaleDiagnosisTest@5f341870]" name="Setup" is-config="true" duration-ms="41934" started-at="2018-05-03T12:26:04Z" finished-at="2018-05-03T12:26:46Z">
          <reporter-output>
          </reporter-output>
        </test-method> <!-- Setup -->
        <test-method status="PASS" signature="AddFavoriteFromListTest()[pri:3, instance:com_Milan_Test.FemaleDiagnosisTest@5f341870]" name="AddFavoriteFromListTest" duration-ms="7071" started-at="2018-05-03T12:26:46Z" finished-at="2018-05-03T12:26:53Z">
          <reporter-output>
          </reporter-output>
        </test-method> <!-- AddFavoriteFromListTest -->
        <test-method status="PASS" signature="TearDown()[pri:0, instance:com_Milan_Test.FemaleDiagnosisTest@5f341870]" name="TearDown" is-config="true" duration-ms="672" started-at="2018-05-03T12:26:53Z" finished-at="2018-05-03T12:26:54Z">
          <reporter-output>
          </reporter-output>
        </test-method> <!-- TearDown -->
        <test-method status="PASS" signature="Setup()[pri:0, instance:com_Milan_Test.FemaleDiagnosisTest@5f341870]" name="Setup" is-config="true" duration-ms="42478" started-at="2018-05-03T12:26:54Z" finished-at="2018-05-03T12:27:36Z">
          <reporter-output>
          </reporter-output>
        </test-method> <!-- Setup -->
        <test-method status="PASS" signature="UnFavoriteTheFavioriteTest()[pri:4, instance:com_Milan_Test.FemaleDiagnosisTest@5f341870]" name="UnFavoriteTheFavioriteTest" duration-ms="8512" started-at="2018-05-03T12:27:36Z" finished-at="2018-05-03T12:27:45Z">
          <reporter-output>
          </reporter-output>
        </test-method> <!-- UnFavoriteTheFavioriteTest -->
        <test-method status="PASS" signature="TearDown()[pri:0, instance:com_Milan_Test.FemaleDiagnosisTest@5f341870]" name="TearDown" is-config="true" duration-ms="667" started-at="2018-05-03T12:27:45Z" finished-at="2018-05-03T12:27:45Z">
          <reporter-output>
          </reporter-output>
        </test-method> <!-- TearDown -->
        <test-method status="PASS" signature="Setup()[pri:0, instance:com_Milan_Test.FemaleDiagnosisTest@5f341870]" name="Setup" is-config="true" duration-ms="51616" started-at="2018-05-03T12:27:45Z" finished-at="2018-05-03T12:28:37Z">
          <reporter-output>
          </reporter-output>
        </test-method> <!-- Setup -->
        <test-method status="PASS" signature="checkboxclickTest()[pri:7, instance:com_Milan_Test.FemaleDiagnosisTest@5f341870]" name="checkboxclickTest" duration-ms="7330" started-at="2018-05-03T12:28:37Z" finished-at="2018-05-03T12:28:44Z">
          <reporter-output>
          </reporter-output>
        </test-method> <!-- checkboxclickTest -->
        <test-method status="PASS" signature="TearDown()[pri:0, instance:com_Milan_Test.FemaleDiagnosisTest@5f341870]" name="TearDown" is-config="true" duration-ms="661" started-at="2018-05-03T12:28:44Z" finished-at="2018-05-03T12:28:45Z">
          <reporter-output>
          </reporter-output>
        </test-method> <!-- TearDown -->
      </class> <!-- com_Milan_Test.FemaleDiagnosisTest -->
    </test> <!-- Default test -->
  </suite> <!-- Default suite -->
</testng-results>
