<?xml version="1.0" encoding="UTF-8"?>
<testng-results skipped="0" failed="1" ignored="0" total="2" passed="1">
  <reporter-output>
  </reporter-output>
  <suite name="Default suite" duration-ms="145638" started-at="2018-04-24T13:42:01Z" finished-at="2018-04-24T13:44:27Z">
    <groups>
    </groups>
    <test name="Default test" duration-ms="145638" started-at="2018-04-24T13:42:01Z" finished-at="2018-04-24T13:44:27Z">
      <class name="com_Milan_Test.PastMedicationHistoryTest">
        <test-method status="PASS" signature="Setup()[pri:0, instance:com_Milan_Test.PastMedicationHistoryTest@7cbd213e]" name="Setup" is-config="true" duration-ms="59965" started-at="2018-04-24T13:42:02Z" finished-at="2018-04-24T13:43:01Z">
          <reporter-output>
          </reporter-output>
        </test-method> <!-- Setup -->
        <test-method status="FAIL" signature="DrugNameTest()[pri:1, instance:com_Milan_Test.PastMedicationHistoryTest@7cbd213e]" name="DrugNameTest" duration-ms="22476" started-at="2018-04-24T13:43:01Z" finished-at="2018-04-24T13:43:24Z">
          <exception class="java.lang.IndexOutOfBoundsException">
            <message>
              <![CDATA[Index: 0]]>
            </message>
            <full-stacktrace>
              <![CDATA[java.lang.IndexOutOfBoundsException: Index: 0
at java.util.Collections$EmptyList.get(Unknown Source)
at com_milan_POM.pastMedicationHistoryPage.DrugName(pastMedicationHistoryPage.java:79)
at com_Milan_Test.PastMedicationHistoryTest.DrugNameTest(PastMedicationHistoryTest.java:48)
at sun.reflect.NativeMethodAccessorImpl.invoke0(Native Method)
at sun.reflect.NativeMethodAccessorImpl.invoke(Unknown Source)
at sun.reflect.DelegatingMethodAccessorImpl.invoke(Unknown Source)
at java.lang.reflect.Method.invoke(Unknown Source)
at org.testng.internal.MethodInvocationHelper.invokeMethod(MethodInvocationHelper.java:124)
at org.testng.internal.Invoker.invokeMethod(Invoker.java:580)
at org.testng.internal.Invoker.invokeTestMethod(Invoker.java:716)
at org.testng.internal.Invoker.invokeTestMethods(Invoker.java:988)
at org.testng.internal.TestMethodWorker.invokeTestMethods(TestMethodWorker.java:125)
at org.testng.internal.TestMethodWorker.run(TestMethodWorker.java:109)
at org.testng.TestRunner.privateRun(TestRunner.java:648)
at org.testng.TestRunner.run(TestRunner.java:505)
at org.testng.SuiteRunner.runTest(SuiteRunner.java:455)
at org.testng.SuiteRunner.runSequentially(SuiteRunner.java:450)
at org.testng.SuiteRunner.privateRun(SuiteRunner.java:415)
at org.testng.SuiteRunner.run(SuiteRunner.java:364)
at org.testng.SuiteRunnerWorker.runSuite(SuiteRunnerWorker.java:52)
at org.testng.SuiteRunnerWorker.run(SuiteRunnerWorker.java:84)
at org.testng.TestNG.runSuitesSequentially(TestNG.java:1208)
at org.testng.TestNG.runSuitesLocally(TestNG.java:1137)
at org.testng.TestNG.runSuites(TestNG.java:1049)
at org.testng.TestNG.run(TestNG.java:1017)
at org.testng.remote.AbstractRemoteTestNG.run(AbstractRemoteTestNG.java:114)
at org.testng.remote.RemoteTestNG.initAndRun(RemoteTestNG.java:251)
at org.testng.remote.RemoteTestNG.main(RemoteTestNG.java:77)
]]>
            </full-stacktrace>
          </exception> <!-- java.lang.IndexOutOfBoundsException -->
          <reporter-output>
          </reporter-output>
        </test-method> <!-- DrugNameTest -->
        <test-method status="PASS" signature="Teardown()[pri:0, instance:com_Milan_Test.PastMedicationHistoryTest@7cbd213e]" name="Teardown" is-config="true" duration-ms="685" started-at="2018-04-24T13:43:24Z" finished-at="2018-04-24T13:43:25Z">
          <reporter-output>
          </reporter-output>
        </test-method> <!-- Teardown -->
        <test-method status="PASS" signature="Setup()[pri:0, instance:com_Milan_Test.PastMedicationHistoryTest@7cbd213e]" name="Setup" is-config="true" duration-ms="60463" started-at="2018-04-24T13:43:25Z" finished-at="2018-04-24T13:44:25Z">
          <reporter-output>
          </reporter-output>
        </test-method> <!-- Setup -->
        <test-method status="PASS" signature="DrugNameFieldEnablecondition()[pri:2, instance:com_Milan_Test.PastMedicationHistoryTest@7cbd213e]" name="DrugNameFieldEnablecondition" duration-ms="1318" started-at="2018-04-24T13:44:25Z" finished-at="2018-04-24T13:44:26Z">
          <reporter-output>
          </reporter-output>
        </test-method> <!-- DrugNameFieldEnablecondition -->
        <test-method status="PASS" signature="Teardown()[pri:0, instance:com_Milan_Test.PastMedicationHistoryTest@7cbd213e]" name="Teardown" is-config="true" duration-ms="694" started-at="2018-04-24T13:44:26Z" finished-at="2018-04-24T13:44:27Z">
          <reporter-output>
          </reporter-output>
        </test-method> <!-- Teardown -->
      </class> <!-- com_Milan_Test.PastMedicationHistoryTest -->
    </test> <!-- Default test -->
  </suite> <!-- Default suite -->
</testng-results>
