<?xml version="1.0" encoding="UTF-8"?>
<testng-results skipped="0" failed="0" ignored="0" total="5" passed="5">
  <reporter-output>
  </reporter-output>
  <suite name="Default suite" duration-ms="229540" started-at="2018-05-30T13:06:24Z" finished-at="2018-05-30T13:10:14Z">
    <groups>
    </groups>
    <test name="Default test" duration-ms="229540" started-at="2018-05-30T13:06:24Z" finished-at="2018-05-30T13:10:14Z">
      <class name="com_Milan_Test.WOPUCycyclePageTest">
        <test-method status="PASS" signature="Setup()[pri:0, instance:com_Milan_Test.WOPUCycyclePageTest@6e509ffa]" name="Setup" is-config="true" duration-ms="22393" started-at="2018-05-30T18:36:24Z" finished-at="2018-05-30T18:36:47Z">
          <reporter-output>
          </reporter-output>
        </test-method> <!-- Setup -->
        <test-method status="PASS" signature="NoofCyclesTest()[pri:1, instance:com_Milan_Test.WOPUCycyclePageTest@6e509ffa]" name="NoofCyclesTest" duration-ms="35887" started-at="2018-05-30T18:36:47Z" finished-at="2018-05-30T18:37:23Z">
          <reporter-output>
          </reporter-output>
        </test-method> <!-- NoofCyclesTest -->
        <test-method status="PASS" signature="TearDown()[pri:0, instance:com_Milan_Test.WOPUCycyclePageTest@6e509ffa]" name="TearDown" is-config="true" duration-ms="655" started-at="2018-05-30T18:37:23Z" finished-at="2018-05-30T18:37:23Z">
          <reporter-output>
          </reporter-output>
        </test-method> <!-- TearDown -->
        <test-method status="PASS" signature="Setup()[pri:0, instance:com_Milan_Test.WOPUCycyclePageTest@6e509ffa]" name="Setup" is-config="true" duration-ms="20300" started-at="2018-05-30T18:37:23Z" finished-at="2018-05-30T18:37:43Z">
          <reporter-output>
          </reporter-output>
        </test-method> <!-- Setup -->
        <test-method status="PASS" signature="SelectSubTypeCycleTest()[pri:2, instance:com_Milan_Test.WOPUCycyclePageTest@6e509ffa]" name="SelectSubTypeCycleTest" duration-ms="37945" started-at="2018-05-30T18:37:43Z" finished-at="2018-05-30T18:38:21Z">
          <reporter-output>
          </reporter-output>
        </test-method> <!-- SelectSubTypeCycleTest -->
        <test-method status="PASS" signature="TearDown()[pri:0, instance:com_Milan_Test.WOPUCycyclePageTest@6e509ffa]" name="TearDown" is-config="true" duration-ms="662" started-at="2018-05-30T18:38:21Z" finished-at="2018-05-30T18:38:22Z">
          <reporter-output>
          </reporter-output>
        </test-method> <!-- TearDown -->
        <test-method status="PASS" signature="Setup()[pri:0, instance:com_Milan_Test.WOPUCycyclePageTest@6e509ffa]" name="Setup" is-config="true" duration-ms="22011" started-at="2018-05-30T18:38:22Z" finished-at="2018-05-30T18:38:44Z">
          <reporter-output>
          </reporter-output>
        </test-method> <!-- Setup -->
        <test-method status="PASS" signature="ARTCycleAvailabilityMessageTest()[pri:3, instance:com_Milan_Test.WOPUCycyclePageTest@6e509ffa]" name="ARTCycleAvailabilityMessageTest" duration-ms="3875" started-at="2018-05-30T18:38:44Z" finished-at="2018-05-30T18:38:48Z">
          <reporter-output>
          </reporter-output>
        </test-method> <!-- ARTCycleAvailabilityMessageTest -->
        <test-method status="PASS" signature="TearDown()[pri:0, instance:com_Milan_Test.WOPUCycyclePageTest@6e509ffa]" name="TearDown" is-config="true" duration-ms="666" started-at="2018-05-30T18:38:48Z" finished-at="2018-05-30T18:38:49Z">
          <reporter-output>
          </reporter-output>
        </test-method> <!-- TearDown -->
        <test-method status="PASS" signature="Setup()[pri:0, instance:com_Milan_Test.WOPUCycyclePageTest@6e509ffa]" name="Setup" is-config="true" duration-ms="20195" started-at="2018-05-30T18:38:49Z" finished-at="2018-05-30T18:39:09Z">
          <reporter-output>
          </reporter-output>
        </test-method> <!-- Setup -->
        <test-method status="PASS" signature="DeleteARTCycleTest()[pri:4, instance:com_Milan_Test.WOPUCycyclePageTest@6e509ffa]" name="DeleteARTCycleTest" duration-ms="3405" started-at="2018-05-30T18:39:09Z" finished-at="2018-05-30T18:39:12Z">
          <reporter-output>
          </reporter-output>
        </test-method> <!-- DeleteARTCycleTest -->
        <test-method status="PASS" signature="TearDown()[pri:0, instance:com_Milan_Test.WOPUCycyclePageTest@6e509ffa]" name="TearDown" is-config="true" duration-ms="670" started-at="2018-05-30T18:39:12Z" finished-at="2018-05-30T18:39:13Z">
          <reporter-output>
          </reporter-output>
        </test-method> <!-- TearDown -->
        <test-method status="PASS" signature="Setup()[pri:0, instance:com_Milan_Test.WOPUCycyclePageTest@6e509ffa]" name="Setup" is-config="true" duration-ms="22155" started-at="2018-05-30T18:39:13Z" finished-at="2018-05-30T18:39:35Z">
          <reporter-output>
          </reporter-output>
        </test-method> <!-- Setup -->
        <test-method status="PASS" signature="ClickonCycletabTest()[pri:5, instance:com_Milan_Test.WOPUCycyclePageTest@6e509ffa]" name="ClickonCycletabTest" duration-ms="38001" started-at="2018-05-30T18:39:35Z" finished-at="2018-05-30T18:40:13Z">
          <reporter-output>
          </reporter-output>
        </test-method> <!-- ClickonCycletabTest -->
        <test-method status="PASS" signature="TearDown()[pri:0, instance:com_Milan_Test.WOPUCycyclePageTest@6e509ffa]" name="TearDown" is-config="true" duration-ms="683" started-at="2018-05-30T18:40:13Z" finished-at="2018-05-30T18:40:14Z">
          <reporter-output>
          </reporter-output>
        </test-method> <!-- TearDown -->
      </class> <!-- com_Milan_Test.WOPUCycyclePageTest -->
    </test> <!-- Default test -->
  </suite> <!-- Default suite -->
</testng-results>
