<?xml version="1.0" encoding="UTF-8"?>
<testng-results skipped="31" failed="7" ignored="26" total="164" passed="100">
  <reporter-output>
  </reporter-output>
  <suite name="IVFSuite" duration-ms="5833559" started-at="2018-06-25T17:14:34Z" finished-at="2018-06-25T18:51:47Z">
    <groups>
      <group name="functional">
        <method signature="WAddictionsTest.saveAdictions(java.lang.String, java.lang.String, java.lang.String, java.lang.String, java.lang.String, java.lang.String)[pri:16, instance:com_Milan_Test.WAddictionsTest@f1da57d]" name="saveAdictions" class="com_Milan_Test.WAddictionsTest"/>
        <method signature="WOPUCycyclePageTest.DeleteTheSeviceBeforeSaveTest()[pri:6, instance:com_Milan_Test.WOPUCycyclePageTest@5f8e8a9d]" name="DeleteTheSeviceBeforeSaveTest" class="com_Milan_Test.WOPUCycyclePageTest"/>
        <method signature="WOPUCycyclePageTest.NoofCyclesTest()[pri:7, instance:com_Milan_Test.WOPUCycyclePageTest@5f8e8a9d]" name="NoofCyclesTest" class="com_Milan_Test.WOPUCycyclePageTest"/>
        <method signature="WOPUCycyclePageTest.SaveOPUsubtypeICSITest()[pri:3, instance:com_Milan_Test.WOPUCycyclePageTest@5f8e8a9d]" name="SaveOPUsubtypeICSITest" class="com_Milan_Test.WOPUCycyclePageTest"/>
        <method signature="WcomplaintsTest.SaveTheComplaintsTest()[pri:2, instance:com_Milan_Test.WcomplaintsTest@17bffc17]" name="SaveTheComplaintsTest" class="com_Milan_Test.WcomplaintsTest"/>
      </group> <!-- functional -->
      <group name="smoketest">
        <method signature="EMRDashBoardPageTest.ClickOnComplaintTest()[pri:6, instance:com_Milan_Test.EMRDashBoardPageTest@194fad1]" name="ClickOnComplaintTest" class="com_Milan_Test.EMRDashBoardPageTest"/>
        <method signature="EMRDashBoardPageTest.ClickOnDiagnosisTest()[pri:3, instance:com_Milan_Test.EMRDashBoardPageTest@194fad1]" name="ClickOnDiagnosisTest" class="com_Milan_Test.EMRDashBoardPageTest"/>
        <method signature="EMRDashBoardPageTest.ClickOnInvestigationTest()[pri:4, instance:com_Milan_Test.EMRDashBoardPageTest@194fad1]" name="ClickOnInvestigationTest" class="com_Milan_Test.EMRDashBoardPageTest"/>
        <method signature="EMRDashBoardPageTest.ClickOnMenPaientHistory()[pri:2, instance:com_Milan_Test.EMRDashBoardPageTest@194fad1]" name="ClickOnMenPaientHistory" class="com_Milan_Test.EMRDashBoardPageTest"/>
        <method signature="EMRDashBoardPageTest.ClickOnVitalTest()[pri:5, instance:com_Milan_Test.EMRDashBoardPageTest@194fad1]" name="ClickOnVitalTest" class="com_Milan_Test.EMRDashBoardPageTest"/>
        <method signature="WSexsualHistoryTest.DyspareuniatextTest()[pri:7, instance:com_Milan_Test.WSexsualHistoryTest@26abb146]" name="DyspareuniatextTest" class="com_Milan_Test.WSexsualHistoryTest"/>
        <method signature="WSexsualHistoryTest.FillSexsuslHistorytest()[pri:4, instance:com_Milan_Test.WSexsualHistoryTest@26abb146]" name="FillSexsuslHistorytest" class="com_Milan_Test.WSexsualHistoryTest"/>
        <method signature="WSexsualHistoryTest.InrelationshipsinceYearsTest()[pri:1, instance:com_Milan_Test.WSexsualHistoryTest@26abb146]" name="InrelationshipsinceYearsTest" class="com_Milan_Test.WSexsualHistoryTest"/>
        <method signature="WSexsualHistoryTest.Lubricationusedtext()[pri:8, instance:com_Milan_Test.WSexsualHistoryTest@26abb146]" name="Lubricationusedtext" class="com_Milan_Test.WSexsualHistoryTest"/>
        <method signature="WSexsualHistoryTest.Remarktexttest()[pri:9, instance:com_Milan_Test.WSexsualHistoryTest@26abb146]" name="Remarktexttest" class="com_Milan_Test.WSexsualHistoryTest"/>
        <method signature="WSexsualHistoryTest.SexInrelationshipsinceMonthsTest()[pri:5, instance:com_Milan_Test.WSexsualHistoryTest@26abb146]" name="SexInrelationshipsinceMonthsTest" class="com_Milan_Test.WSexsualHistoryTest"/>
        <method signature="WSexsualHistoryTest.TryingToConcieveSinceMonthTest()[pri:11, instance:com_Milan_Test.WSexsualHistoryTest@26abb146]" name="TryingToConcieveSinceMonthTest" class="com_Milan_Test.WSexsualHistoryTest"/>
        <method signature="WSexsualHistoryTest.TryingToConcieveSinceYearTest()[pri:10, instance:com_Milan_Test.WSexsualHistoryTest@26abb146]" name="TryingToConcieveSinceYearTest" class="com_Milan_Test.WSexsualHistoryTest"/>
        <method signature="WSexsualHistoryTest.numberofcharacterexualDysfunctionTest()[pri:6, instance:com_Milan_Test.WSexsualHistoryTest@26abb146]" name="numberofcharacterexualDysfunctionTest" class="com_Milan_Test.WSexsualHistoryTest"/>
        <method signature="WSexsualHistoryTest.testRelationtlists()[pri:2, instance:com_Milan_Test.WSexsualHistoryTest@26abb146]" name="testRelationtlists" class="com_Milan_Test.WSexsualHistoryTest"/>
        <method signature="WSexsualHistoryTest.textboxSexualDysfunctionTest()[pri:3, instance:com_Milan_Test.WSexsualHistoryTest@26abb146]" name="textboxSexualDysfunctionTest" class="com_Milan_Test.WSexsualHistoryTest"/>
        <method signature="WVitalsTest.BMITest(java.lang.String, java.lang.String, java.lang.String, java.lang.String, java.lang.String, java.lang.String)[pri:1, instance:com_Milan_Test.WVitalsTest@1807e3f6]" name="BMITest" class="com_Milan_Test.WVitalsTest"/>
        <method signature="WVitalsTest.SaveAllVitalsValuesTest(java.lang.String, java.lang.String, java.lang.String, java.lang.String, java.lang.String, java.lang.String)[pri:2, instance:com_Milan_Test.WVitalsTest@1807e3f6]" name="SaveAllVitalsValuesTest" class="com_Milan_Test.WVitalsTest"/>
        <method signature="FemaleDiagnosisTest.TypeSelectionboxEnableconditionForOtherfavorireTest()[pri:5, instance:com_Milan_Test.FemaleDiagnosisTest@15a34df2]" name="TypeSelectionboxEnableconditionForOtherfavorireTest" class="com_Milan_Test.FemaleDiagnosisTest"/>
        <method signature="FemaleDiagnosisTest.checkboxclickTest()[pri:7, instance:com_Milan_Test.FemaleDiagnosisTest@15a34df2]" name="checkboxclickTest" class="com_Milan_Test.FemaleDiagnosisTest"/>
        <method signature="WInvestigationPageTest.IVFPACKAGEARTCyclecountTest()[pri:2, instance:com_Milan_Test.WInvestigationPageTest@3ad83a66]" name="IVFPACKAGEARTCyclecountTest" class="com_Milan_Test.WInvestigationPageTest"/>
        <method signature="WInvestigationPageTest.OUIARTSubTypesTest()[pri:3, instance:com_Milan_Test.WInvestigationPageTest@3ad83a66]" name="OUIARTSubTypesTest" class="com_Milan_Test.WInvestigationPageTest"/>
        <method signature="WOPUCycyclePageTest.ARTCycleAvailabilityMessageBeforeSaveTest()[pri:4, instance:com_Milan_Test.WOPUCycyclePageTest@5f8e8a9d]" name="ARTCycleAvailabilityMessageBeforeSaveTest" class="com_Milan_Test.WOPUCycyclePageTest"/>
        <method signature="WOPUCycyclePageTest.AleadySavedCycleTest()[pri:1, instance:com_Milan_Test.WOPUCycyclePageTest@5f8e8a9d]" name="AleadySavedCycleTest" class="com_Milan_Test.WOPUCycyclePageTest"/>
        <method signature="WOPUCycyclePageTest.ClickonCycletabTest()[pri:8, instance:com_Milan_Test.WOPUCycyclePageTest@5f8e8a9d]" name="ClickonCycletabTest" class="com_Milan_Test.WOPUCycyclePageTest"/>
        <method signature="WOPUCycyclePageTest.MessageforAlreadtyavailableCycleTest()[pri:2, instance:com_Milan_Test.WOPUCycyclePageTest@5f8e8a9d]" name="MessageforAlreadtyavailableCycleTest" class="com_Milan_Test.WOPUCycyclePageTest"/>
        <method signature="WOPUCycyclePageTest.SearchcycleTest()[pri:5, instance:com_Milan_Test.WOPUCycyclePageTest@5f8e8a9d]" name="SearchcycleTest" class="com_Milan_Test.WOPUCycyclePageTest"/>
        <method signature="WcomplaintsTest.NextFollowUpTest()[pri:3, instance:com_Milan_Test.WcomplaintsTest@17bffc17]" name="NextFollowUpTest" class="com_Milan_Test.WcomplaintsTest"/>
        <method signature="WcomplaintsTest.NumberOfComplaintsTest()[pri:1, instance:com_Milan_Test.WcomplaintsTest@17bffc17]" name="NumberOfComplaintsTest" class="com_Milan_Test.WcomplaintsTest"/>
      </group> <!-- smoketest -->
      <group name="Boundryvalue">
        <method signature="WVitalsTest.BPSystolicBundryValueTest(java.lang.String, java.lang.String, java.lang.String, java.lang.String, java.lang.String, java.lang.String)[pri:1, instance:com_Milan_Test.WVitalsTest@1807e3f6]" name="BPSystolicBundryValueTest" class="com_Milan_Test.WVitalsTest"/>
      </group> <!-- Boundryvalue -->
      <group name="smokeTest">
        <method signature="EMRDashBoardPageTest.ClickonWoomenPaientFieldTest()[pri:1, instance:com_Milan_Test.EMRDashBoardPageTest@194fad1]" name="ClickonWoomenPaientFieldTest" class="com_Milan_Test.EMRDashBoardPageTest"/>
      </group> <!-- smokeTest -->
    </groups>
    <test name="IVFTEST" duration-ms="5833559" started-at="2018-06-25T17:14:34Z" finished-at="2018-06-25T18:51:47Z">
      <class name="com_Milan_Test.WMenstrualHistoryTest">
        <test-method status="PASS" signature="Setup()[pri:0, instance:com_Milan_Test.WMenstrualHistoryTest@55cb6996]" name="Setup" is-config="true" duration-ms="50956" started-at="2018-06-25T22:52:24Z" finished-at="2018-06-25T22:53:15Z">
          <reporter-output>
          </reporter-output>
        </test-method> <!-- Setup -->
        <test-method status="PASS" signature="AgeOfMenarcheRangeSartTest()[pri:1, instance:com_Milan_Test.WMenstrualHistoryTest@55cb6996]" name="AgeOfMenarcheRangeSartTest" duration-ms="239" started-at="2018-06-25T22:53:15Z" finished-at="2018-06-25T22:53:15Z">
          <reporter-output>
          </reporter-output>
        </test-method> <!-- AgeOfMenarcheRangeSartTest -->
        <test-method status="PASS" signature="Teardown()[pri:0, instance:com_Milan_Test.WMenstrualHistoryTest@55cb6996]" name="Teardown" is-config="true" duration-ms="692" started-at="2018-06-25T22:53:15Z" finished-at="2018-06-25T22:53:16Z">
          <reporter-output>
          </reporter-output>
        </test-method> <!-- Teardown -->
        <test-method status="PASS" signature="Setup()[pri:0, instance:com_Milan_Test.WMenstrualHistoryTest@55cb6996]" name="Setup" is-config="true" duration-ms="48217" started-at="2018-06-25T23:15:53Z" finished-at="2018-06-25T23:16:42Z">
          <reporter-output>
          </reporter-output>
        </test-method> <!-- Setup -->
        <test-method status="PASS" signature="MenarcheRangeEndTest()[pri:2, instance:com_Milan_Test.WMenstrualHistoryTest@55cb6996]" name="MenarcheRangeEndTest" duration-ms="230" started-at="2018-06-25T23:16:42Z" finished-at="2018-06-25T23:16:42Z">
          <reporter-output>
          </reporter-output>
        </test-method> <!-- MenarcheRangeEndTest -->
        <test-method status="PASS" signature="Teardown()[pri:0, instance:com_Milan_Test.WMenstrualHistoryTest@55cb6996]" name="Teardown" is-config="true" duration-ms="677" started-at="2018-06-25T23:16:42Z" finished-at="2018-06-25T23:16:43Z">
          <reporter-output>
          </reporter-output>
        </test-method> <!-- Teardown -->
        <test-method status="PASS" signature="Setup()[pri:0, instance:com_Milan_Test.WMenstrualHistoryTest@55cb6996]" name="Setup" is-config="true" duration-ms="51221" started-at="2018-06-25T23:32:52Z" finished-at="2018-06-25T23:33:44Z">
          <reporter-output>
          </reporter-output>
        </test-method> <!-- Setup -->
        <test-method status="PASS" signature="LMPcalenderdateSelectionTest()[pri:3, instance:com_Milan_Test.WMenstrualHistoryTest@55cb6996]" name="LMPcalenderdateSelectionTest" duration-ms="1663" started-at="2018-06-25T23:33:44Z" finished-at="2018-06-25T23:33:45Z">
          <reporter-output>
          </reporter-output>
        </test-method> <!-- LMPcalenderdateSelectionTest -->
        <test-method status="PASS" signature="Teardown()[pri:0, instance:com_Milan_Test.WMenstrualHistoryTest@55cb6996]" name="Teardown" is-config="true" duration-ms="736" started-at="2018-06-25T23:33:45Z" finished-at="2018-06-25T23:33:46Z">
          <reporter-output>
          </reporter-output>
        </test-method> <!-- Teardown -->
        <test-method status="PASS" signature="Setup()[pri:0, instance:com_Milan_Test.WMenstrualHistoryTest@55cb6996]" name="Setup" is-config="true" duration-ms="52509" started-at="2018-06-25T23:42:11Z" finished-at="2018-06-25T23:43:03Z">
          <reporter-output>
          </reporter-output>
        </test-method> <!-- Setup -->
        <test-method status="PASS" signature="AmenorrheaTypeTest()[pri:4, instance:com_Milan_Test.WMenstrualHistoryTest@55cb6996]" name="AmenorrheaTypeTest" duration-ms="231" started-at="2018-06-25T23:43:03Z" finished-at="2018-06-25T23:43:03Z">
          <reporter-output>
          </reporter-output>
        </test-method> <!-- AmenorrheaTypeTest -->
        <test-method status="PASS" signature="Teardown()[pri:0, instance:com_Milan_Test.WMenstrualHistoryTest@55cb6996]" name="Teardown" is-config="true" duration-ms="679" started-at="2018-06-25T23:43:03Z" finished-at="2018-06-25T23:43:04Z">
          <reporter-output>
          </reporter-output>
        </test-method> <!-- Teardown -->
        <test-method status="PASS" signature="Setup()[pri:0, instance:com_Milan_Test.WMenstrualHistoryTest@55cb6996]" name="Setup" is-config="true" duration-ms="50999" started-at="2018-06-25T23:51:36Z" finished-at="2018-06-25T23:52:27Z">
          <reporter-output>
          </reporter-output>
        </test-method> <!-- Setup -->
        <test-method status="PASS" signature="CycleDurationTest()[pri:5, instance:com_Milan_Test.WMenstrualHistoryTest@55cb6996]" name="CycleDurationTest" duration-ms="159" started-at="2018-06-25T23:52:27Z" finished-at="2018-06-25T23:52:27Z">
          <reporter-output>
          </reporter-output>
        </test-method> <!-- CycleDurationTest -->
        <test-method status="PASS" signature="Teardown()[pri:0, instance:com_Milan_Test.WMenstrualHistoryTest@55cb6996]" name="Teardown" is-config="true" duration-ms="693" started-at="2018-06-25T23:52:27Z" finished-at="2018-06-25T23:52:28Z">
          <reporter-output>
          </reporter-output>
        </test-method> <!-- Teardown -->
        <test-method status="PASS" signature="Setup()[pri:0, instance:com_Milan_Test.WMenstrualHistoryTest@55cb6996]" name="Setup" is-config="true" duration-ms="49393" started-at="2018-06-25T23:56:19Z" finished-at="2018-06-25T23:57:09Z">
          <reporter-output>
          </reporter-output>
        </test-method> <!-- Setup -->
        <test-method status="PASS" signature="SavevaluesTest()[pri:6, instance:com_Milan_Test.WMenstrualHistoryTest@55cb6996]" name="SavevaluesTest" duration-ms="480" started-at="2018-06-25T23:57:09Z" finished-at="2018-06-25T23:57:09Z">
          <reporter-output>
          </reporter-output>
        </test-method> <!-- SavevaluesTest -->
        <test-method status="PASS" signature="Teardown()[pri:0, instance:com_Milan_Test.WMenstrualHistoryTest@55cb6996]" name="Teardown" is-config="true" duration-ms="742" started-at="2018-06-25T23:57:09Z" finished-at="2018-06-25T23:57:10Z">
          <reporter-output>
          </reporter-output>
        </test-method> <!-- Teardown -->
        <test-method status="PASS" signature="Setup()[pri:0, instance:com_Milan_Test.WMenstrualHistoryTest@55cb6996]" name="Setup" is-config="true" duration-ms="50606" started-at="2018-06-26T00:00:42Z" finished-at="2018-06-26T00:01:33Z">
          <reporter-output>
          </reporter-output>
        </test-method> <!-- Setup -->
        <test-method status="PASS" signature="MenstruationTest1()[pri:7, instance:com_Milan_Test.WMenstrualHistoryTest@55cb6996]" name="MenstruationTest1" duration-ms="137" started-at="2018-06-26T00:01:33Z" finished-at="2018-06-26T00:01:33Z">
          <reporter-output>
          </reporter-output>
        </test-method> <!-- MenstruationTest1 -->
        <test-method status="PASS" signature="Teardown()[pri:0, instance:com_Milan_Test.WMenstrualHistoryTest@55cb6996]" name="Teardown" is-config="true" duration-ms="684" started-at="2018-06-26T00:01:33Z" finished-at="2018-06-26T00:01:33Z">
          <reporter-output>
          </reporter-output>
        </test-method> <!-- Teardown -->
        <test-method status="PASS" signature="Setup()[pri:0, instance:com_Milan_Test.WMenstrualHistoryTest@55cb6996]" name="Setup" is-config="true" duration-ms="49867" started-at="2018-06-26T00:03:42Z" finished-at="2018-06-26T00:04:32Z">
          <reporter-output>
          </reporter-output>
        </test-method> <!-- Setup -->
        <test-method status="PASS" signature="MenstrualFlowtextTest()[pri:8, instance:com_Milan_Test.WMenstrualHistoryTest@55cb6996]" name="MenstrualFlowtextTest" duration-ms="244" started-at="2018-06-26T00:04:32Z" finished-at="2018-06-26T00:04:32Z">
          <reporter-output>
          </reporter-output>
        </test-method> <!-- MenstrualFlowtextTest -->
        <test-method status="PASS" signature="Teardown()[pri:0, instance:com_Milan_Test.WMenstrualHistoryTest@55cb6996]" name="Teardown" is-config="true" duration-ms="693" started-at="2018-06-26T00:04:32Z" finished-at="2018-06-26T00:04:33Z">
          <reporter-output>
          </reporter-output>
        </test-method> <!-- Teardown -->
      </class> <!-- com_Milan_Test.WMenstrualHistoryTest -->
      <class name="com_Milan_Test.CycleListPageTest">
        <test-method status="PASS" signature="Setup()[pri:0, instance:com_Milan_Test.CycleListPageTest@338fc1d8]" name="Setup" is-config="true" duration-ms="24911" started-at="2018-06-25T22:51:05Z" finished-at="2018-06-25T22:51:30Z">
          <reporter-output>
          </reporter-output>
        </test-method> <!-- Setup -->
        <test-method status="PASS" signature="ClickonNewCycleTest()[pri:1, instance:com_Milan_Test.CycleListPageTest@338fc1d8]" name="ClickonNewCycleTest" duration-ms="630" started-at="2018-06-25T22:51:30Z" finished-at="2018-06-25T22:51:31Z">
          <reporter-output>
          </reporter-output>
        </test-method> <!-- ClickonNewCycleTest -->
        <test-method status="PASS" signature="Teardown()[pri:0, instance:com_Milan_Test.CycleListPageTest@338fc1d8]" name="Teardown" is-config="true" duration-ms="685" started-at="2018-06-25T22:51:31Z" finished-at="2018-06-25T22:51:32Z">
          <reporter-output>
          </reporter-output>
        </test-method> <!-- Teardown -->
        <test-method status="PASS" signature="Setup()[pri:0, instance:com_Milan_Test.CycleListPageTest@338fc1d8]" name="Setup" is-config="true" duration-ms="24660" started-at="2018-06-25T23:14:34Z" finished-at="2018-06-25T23:14:59Z">
          <reporter-output>
          </reporter-output>
        </test-method> <!-- Setup -->
        <test-method status="PASS" signature="CycleListTitleTest()[pri:2, instance:com_Milan_Test.CycleListPageTest@338fc1d8]" name="CycleListTitleTest" duration-ms="1255" started-at="2018-06-25T23:14:59Z" finished-at="2018-06-25T23:15:00Z">
          <reporter-output>
          </reporter-output>
        </test-method> <!-- CycleListTitleTest -->
        <test-method status="PASS" signature="Teardown()[pri:0, instance:com_Milan_Test.CycleListPageTest@338fc1d8]" name="Teardown" is-config="true" duration-ms="734" started-at="2018-06-25T23:15:00Z" finished-at="2018-06-25T23:15:01Z">
          <reporter-output>
          </reporter-output>
        </test-method> <!-- Teardown -->
        <test-method status="PASS" signature="Setup()[pri:0, instance:com_Milan_Test.CycleListPageTest@338fc1d8]" name="Setup" is-config="true" duration-ms="24062" started-at="2018-06-25T23:31:36Z" finished-at="2018-06-25T23:32:00Z">
          <reporter-output>
          </reporter-output>
        </test-method> <!-- Setup -->
        <test-method status="PASS" signature="NewCycleButtonEnableConditionTest()[pri:3, instance:com_Milan_Test.CycleListPageTest@338fc1d8]" name="NewCycleButtonEnableConditionTest" duration-ms="594" started-at="2018-06-25T23:32:00Z" finished-at="2018-06-25T23:32:01Z">
          <reporter-output>
          </reporter-output>
        </test-method> <!-- NewCycleButtonEnableConditionTest -->
        <test-method status="PASS" signature="Teardown()[pri:0, instance:com_Milan_Test.CycleListPageTest@338fc1d8]" name="Teardown" is-config="true" duration-ms="678" started-at="2018-06-25T23:32:01Z" finished-at="2018-06-25T23:32:01Z">
          <reporter-output>
          </reporter-output>
        </test-method> <!-- Teardown -->
        <test-method status="PASS" signature="Setup()[pri:0, instance:com_Milan_Test.CycleListPageTest@338fc1d8]" name="Setup" is-config="true" duration-ms="22311" started-at="2018-06-25T23:39:41Z" finished-at="2018-06-25T23:40:03Z">
          <reporter-output>
          </reporter-output>
        </test-method> <!-- Setup -->
        <test-method status="SKIP" signature="EnabledconditionARTTypeTest()[pri:4, instance:com_Milan_Test.CycleListPageTest@338fc1d8]" name="EnabledconditionARTTypeTest" duration-ms="198" started-at="2018-06-25T23:40:03Z" finished-at="2018-06-25T23:40:03Z">
          <exception class="java.lang.AssertionError">
            <message>
              <![CDATA[expected [true] but found [false]]]>
            </message>
            <full-stacktrace>
              <![CDATA[java.lang.AssertionError: expected [true] but found [false]
	at org.testng.Assert.fail(Assert.java:93)
	at org.testng.Assert.failNotEquals(Assert.java:512)
	at org.testng.Assert.assertTrue(Assert.java:41)
	at org.testng.Assert.assertTrue(Assert.java:51)
	at com_Milan_Test.CycleListPageTest.EnabledconditionARTTypeTest(CycleListPageTest.java:154)
	at sun.reflect.NativeMethodAccessorImpl.invoke0(Native Method)
	at sun.reflect.NativeMethodAccessorImpl.invoke(Unknown Source)
	at sun.reflect.DelegatingMethodAccessorImpl.invoke(Unknown Source)
	at java.lang.reflect.Method.invoke(Unknown Source)
	at org.testng.internal.MethodInvocationHelper.invokeMethod(MethodInvocationHelper.java:108)
	at org.testng.internal.Invoker.invokeMethod(Invoker.java:661)
	at org.testng.internal.Invoker.invokeTestMethod(Invoker.java:869)
	at org.testng.internal.Invoker.invokeTestMethods(Invoker.java:1193)
	at org.testng.internal.TestMethodWorker.invokeTestMethods(TestMethodWorker.java:126)
	at org.testng.internal.TestMethodWorker.run(TestMethodWorker.java:109)
	at org.testng.TestRunner.privateRun(TestRunner.java:744)
	at org.testng.TestRunner.run(TestRunner.java:602)
	at org.testng.SuiteRunner.runTest(SuiteRunner.java:380)
	at org.testng.SuiteRunner.access$000(SuiteRunner.java:39)
	at org.testng.SuiteRunner$SuiteWorker.run(SuiteRunner.java:414)
	at org.testng.internal.thread.ThreadUtil$1.call(ThreadUtil.java:52)
	at java.util.concurrent.FutureTask.run(Unknown Source)
	at java.util.concurrent.ThreadPoolExecutor.runWorker(Unknown Source)
	at java.util.concurrent.ThreadPoolExecutor$Worker.run(Unknown Source)
	at java.lang.Thread.run(Unknown Source)
]]>
            </full-stacktrace>
          </exception> <!-- java.lang.AssertionError -->
          <reporter-output>
          </reporter-output>
        </test-method> <!-- EnabledconditionARTTypeTest -->
        <test-method status="PASS" signature="Teardown()[pri:0, instance:com_Milan_Test.CycleListPageTest@338fc1d8]" name="Teardown" is-config="true" duration-ms="679" started-at="2018-06-25T23:40:04Z" finished-at="2018-06-25T23:40:04Z">
          <reporter-output>
          </reporter-output>
        </test-method> <!-- Teardown -->
        <test-method status="PASS" signature="Setup()[pri:0, instance:com_Milan_Test.CycleListPageTest@338fc1d8]" name="Setup" is-config="true" duration-ms="24679" started-at="2018-06-25T23:40:04Z" finished-at="2018-06-25T23:40:29Z">
          <reporter-output>
          </reporter-output>
        </test-method> <!-- Setup -->
        <test-method status="SKIP" signature="EnabledconditionARTTypeTest()[pri:4, instance:com_Milan_Test.CycleListPageTest@338fc1d8]" name="EnabledconditionARTTypeTest" duration-ms="194" started-at="2018-06-25T23:40:29Z" finished-at="2018-06-25T23:40:29Z">
          <exception class="java.lang.AssertionError">
            <message>
              <![CDATA[expected [true] but found [false]]]>
            </message>
            <full-stacktrace>
              <![CDATA[java.lang.AssertionError: expected [true] but found [false]
	at org.testng.Assert.fail(Assert.java:93)
	at org.testng.Assert.failNotEquals(Assert.java:512)
	at org.testng.Assert.assertTrue(Assert.java:41)
	at org.testng.Assert.assertTrue(Assert.java:51)
	at com_Milan_Test.CycleListPageTest.EnabledconditionARTTypeTest(CycleListPageTest.java:154)
	at sun.reflect.NativeMethodAccessorImpl.invoke0(Native Method)
	at sun.reflect.NativeMethodAccessorImpl.invoke(Unknown Source)
	at sun.reflect.DelegatingMethodAccessorImpl.invoke(Unknown Source)
	at java.lang.reflect.Method.invoke(Unknown Source)
	at org.testng.internal.MethodInvocationHelper.invokeMethod(MethodInvocationHelper.java:108)
	at org.testng.internal.Invoker.invokeMethod(Invoker.java:661)
	at org.testng.internal.Invoker.retryFailed(Invoker.java:1014)
	at org.testng.internal.Invoker.invokeTestMethods(Invoker.java:1215)
	at org.testng.internal.TestMethodWorker.invokeTestMethods(TestMethodWorker.java:126)
	at org.testng.internal.TestMethodWorker.run(TestMethodWorker.java:109)
	at org.testng.TestRunner.privateRun(TestRunner.java:744)
	at org.testng.TestRunner.run(TestRunner.java:602)
	at org.testng.SuiteRunner.runTest(SuiteRunner.java:380)
	at org.testng.SuiteRunner.access$000(SuiteRunner.java:39)
	at org.testng.SuiteRunner$SuiteWorker.run(SuiteRunner.java:414)
	at org.testng.internal.thread.ThreadUtil$1.call(ThreadUtil.java:52)
	at java.util.concurrent.FutureTask.run(Unknown Source)
	at java.util.concurrent.ThreadPoolExecutor.runWorker(Unknown Source)
	at java.util.concurrent.ThreadPoolExecutor$Worker.run(Unknown Source)
	at java.lang.Thread.run(Unknown Source)
]]>
            </full-stacktrace>
          </exception> <!-- java.lang.AssertionError -->
          <reporter-output>
          </reporter-output>
        </test-method> <!-- EnabledconditionARTTypeTest -->
        <test-method status="PASS" signature="Teardown()[pri:0, instance:com_Milan_Test.CycleListPageTest@338fc1d8]" name="Teardown" is-config="true" duration-ms="678" started-at="2018-06-25T23:40:30Z" finished-at="2018-06-25T23:40:30Z">
          <reporter-output>
          </reporter-output>
        </test-method> <!-- Teardown -->
        <test-method status="PASS" signature="Setup()[pri:0, instance:com_Milan_Test.CycleListPageTest@338fc1d8]" name="Setup" is-config="true" duration-ms="22909" started-at="2018-06-25T23:40:30Z" finished-at="2018-06-25T23:40:53Z">
          <reporter-output>
          </reporter-output>
        </test-method> <!-- Setup -->
        <test-method status="SKIP" signature="EnabledconditionARTTypeTest()[pri:4, instance:com_Milan_Test.CycleListPageTest@338fc1d8]" name="EnabledconditionARTTypeTest" duration-ms="153" started-at="2018-06-25T23:40:53Z" finished-at="2018-06-25T23:40:53Z">
          <exception class="java.lang.AssertionError">
            <message>
              <![CDATA[expected [true] but found [false]]]>
            </message>
            <full-stacktrace>
              <![CDATA[java.lang.AssertionError: expected [true] but found [false]
	at org.testng.Assert.fail(Assert.java:93)
	at org.testng.Assert.failNotEquals(Assert.java:512)
	at org.testng.Assert.assertTrue(Assert.java:41)
	at org.testng.Assert.assertTrue(Assert.java:51)
	at com_Milan_Test.CycleListPageTest.EnabledconditionARTTypeTest(CycleListPageTest.java:154)
	at sun.reflect.NativeMethodAccessorImpl.invoke0(Native Method)
	at sun.reflect.NativeMethodAccessorImpl.invoke(Unknown Source)
	at sun.reflect.DelegatingMethodAccessorImpl.invoke(Unknown Source)
	at java.lang.reflect.Method.invoke(Unknown Source)
	at org.testng.internal.MethodInvocationHelper.invokeMethod(MethodInvocationHelper.java:108)
	at org.testng.internal.Invoker.invokeMethod(Invoker.java:661)
	at org.testng.internal.Invoker.retryFailed(Invoker.java:1014)
	at org.testng.internal.Invoker.invokeTestMethods(Invoker.java:1215)
	at org.testng.internal.TestMethodWorker.invokeTestMethods(TestMethodWorker.java:126)
	at org.testng.internal.TestMethodWorker.run(TestMethodWorker.java:109)
	at org.testng.TestRunner.privateRun(TestRunner.java:744)
	at org.testng.TestRunner.run(TestRunner.java:602)
	at org.testng.SuiteRunner.runTest(SuiteRunner.java:380)
	at org.testng.SuiteRunner.access$000(SuiteRunner.java:39)
	at org.testng.SuiteRunner$SuiteWorker.run(SuiteRunner.java:414)
	at org.testng.internal.thread.ThreadUtil$1.call(ThreadUtil.java:52)
	at java.util.concurrent.FutureTask.run(Unknown Source)
	at java.util.concurrent.ThreadPoolExecutor.runWorker(Unknown Source)
	at java.util.concurrent.ThreadPoolExecutor$Worker.run(Unknown Source)
	at java.lang.Thread.run(Unknown Source)
]]>
            </full-stacktrace>
          </exception> <!-- java.lang.AssertionError -->
          <reporter-output>
          </reporter-output>
        </test-method> <!-- EnabledconditionARTTypeTest -->
        <test-method status="PASS" signature="Teardown()[pri:0, instance:com_Milan_Test.CycleListPageTest@338fc1d8]" name="Teardown" is-config="true" duration-ms="688" started-at="2018-06-25T23:40:54Z" finished-at="2018-06-25T23:40:54Z">
          <reporter-output>
          </reporter-output>
        </test-method> <!-- Teardown -->
        <test-method status="PASS" signature="Setup()[pri:0, instance:com_Milan_Test.CycleListPageTest@338fc1d8]" name="Setup" is-config="true" duration-ms="23241" started-at="2018-06-25T23:40:54Z" finished-at="2018-06-25T23:41:18Z">
          <reporter-output>
          </reporter-output>
        </test-method> <!-- Setup -->
        <test-method status="FAIL" signature="EnabledconditionARTTypeTest()[pri:4, instance:com_Milan_Test.CycleListPageTest@338fc1d8]" name="EnabledconditionARTTypeTest" duration-ms="210" started-at="2018-06-25T23:41:18Z" finished-at="2018-06-25T23:41:18Z">
          <exception class="java.lang.AssertionError">
            <message>
              <![CDATA[expected [true] but found [false]]]>
            </message>
            <full-stacktrace>
              <![CDATA[java.lang.AssertionError: expected [true] but found [false]
	at org.testng.Assert.fail(Assert.java:93)
	at org.testng.Assert.failNotEquals(Assert.java:512)
	at org.testng.Assert.assertTrue(Assert.java:41)
	at org.testng.Assert.assertTrue(Assert.java:51)
	at com_Milan_Test.CycleListPageTest.EnabledconditionARTTypeTest(CycleListPageTest.java:154)
	at sun.reflect.NativeMethodAccessorImpl.invoke0(Native Method)
	at sun.reflect.NativeMethodAccessorImpl.invoke(Unknown Source)
	at sun.reflect.DelegatingMethodAccessorImpl.invoke(Unknown Source)
	at java.lang.reflect.Method.invoke(Unknown Source)
	at org.testng.internal.MethodInvocationHelper.invokeMethod(MethodInvocationHelper.java:108)
	at org.testng.internal.Invoker.invokeMethod(Invoker.java:661)
	at org.testng.internal.Invoker.retryFailed(Invoker.java:1014)
	at org.testng.internal.Invoker.invokeTestMethods(Invoker.java:1215)
	at org.testng.internal.TestMethodWorker.invokeTestMethods(TestMethodWorker.java:126)
	at org.testng.internal.TestMethodWorker.run(TestMethodWorker.java:109)
	at org.testng.TestRunner.privateRun(TestRunner.java:744)
	at org.testng.TestRunner.run(TestRunner.java:602)
	at org.testng.SuiteRunner.runTest(SuiteRunner.java:380)
	at org.testng.SuiteRunner.access$000(SuiteRunner.java:39)
	at org.testng.SuiteRunner$SuiteWorker.run(SuiteRunner.java:414)
	at org.testng.internal.thread.ThreadUtil$1.call(ThreadUtil.java:52)
	at java.util.concurrent.FutureTask.run(Unknown Source)
	at java.util.concurrent.ThreadPoolExecutor.runWorker(Unknown Source)
	at java.util.concurrent.ThreadPoolExecutor$Worker.run(Unknown Source)
	at java.lang.Thread.run(Unknown Source)
]]>
            </full-stacktrace>
          </exception> <!-- java.lang.AssertionError -->
          <reporter-output>
          </reporter-output>
        </test-method> <!-- EnabledconditionARTTypeTest -->
        <test-method status="PASS" signature="Teardown()[pri:0, instance:com_Milan_Test.CycleListPageTest@338fc1d8]" name="Teardown" is-config="true" duration-ms="688" started-at="2018-06-25T23:41:18Z" finished-at="2018-06-25T23:41:19Z">
          <reporter-output>
          </reporter-output>
        </test-method> <!-- Teardown -->
        <test-method status="SKIP" signature="ProtocolandselectionTest()[pri:6, instance:com_Milan_Test.CycleListPageTest@338fc1d8]" name="ProtocolandselectionTest" duration-ms="0" started-at="2018-06-25T23:55:27Z" depends-on-methods="com_Milan_Test.CycleListPageTest.EnabledconditionARTTypeTest" finished-at="2018-06-25T23:55:27Z">
          <exception class="java.lang.Throwable">
            <message>
              <![CDATA[Method CycleListPageTest.ProtocolandselectionTest()[pri:6, instance:com_Milan_Test.CycleListPageTest@338fc1d8] depends on not successfully finished methods]]>
            </message>
            <full-stacktrace>
              <![CDATA[java.lang.Throwable: Method CycleListPageTest.ProtocolandselectionTest()[pri:6, instance:com_Milan_Test.CycleListPageTest@338fc1d8] depends on not successfully finished methods
	at org.testng.internal.Invoker.invokeTestMethods(Invoker.java:1084)
	at org.testng.internal.TestMethodWorker.invokeTestMethods(TestMethodWorker.java:126)
	at org.testng.internal.TestMethodWorker.run(TestMethodWorker.java:109)
	at org.testng.TestRunner.privateRun(TestRunner.java:744)
	at org.testng.TestRunner.run(TestRunner.java:602)
	at org.testng.SuiteRunner.runTest(SuiteRunner.java:380)
	at org.testng.SuiteRunner.access$000(SuiteRunner.java:39)
	at org.testng.SuiteRunner$SuiteWorker.run(SuiteRunner.java:414)
	at org.testng.internal.thread.ThreadUtil$1.call(ThreadUtil.java:52)
	at java.util.concurrent.FutureTask.run(Unknown Source)
	at java.util.concurrent.ThreadPoolExecutor.runWorker(Unknown Source)
	at java.util.concurrent.ThreadPoolExecutor$Worker.run(Unknown Source)
	at java.lang.Thread.run(Unknown Source)
]]>
            </full-stacktrace>
          </exception> <!-- java.lang.Throwable -->
          <reporter-output>
          </reporter-output>
        </test-method> <!-- ProtocolandselectionTest -->
        <test-method status="SKIP" signature="MethodOfSemenCollectionTest()[pri:7, instance:com_Milan_Test.CycleListPageTest@338fc1d8]" name="MethodOfSemenCollectionTest" duration-ms="0" started-at="2018-06-25T23:59:50Z" depends-on-methods="com_Milan_Test.CycleListPageTest.EnabledconditionARTTypeTest" finished-at="2018-06-25T23:59:50Z">
          <exception class="java.lang.Throwable">
            <message>
              <![CDATA[Method CycleListPageTest.MethodOfSemenCollectionTest()[pri:7, instance:com_Milan_Test.CycleListPageTest@338fc1d8] depends on not successfully finished methods]]>
            </message>
            <full-stacktrace>
              <![CDATA[java.lang.Throwable: Method CycleListPageTest.MethodOfSemenCollectionTest()[pri:7, instance:com_Milan_Test.CycleListPageTest@338fc1d8] depends on not successfully finished methods
	at org.testng.internal.Invoker.invokeTestMethods(Invoker.java:1084)
	at org.testng.internal.TestMethodWorker.invokeTestMethods(TestMethodWorker.java:126)
	at org.testng.internal.TestMethodWorker.run(TestMethodWorker.java:109)
	at org.testng.TestRunner.privateRun(TestRunner.java:744)
	at org.testng.TestRunner.run(TestRunner.java:602)
	at org.testng.SuiteRunner.runTest(SuiteRunner.java:380)
	at org.testng.SuiteRunner.access$000(SuiteRunner.java:39)
	at org.testng.SuiteRunner$SuiteWorker.run(SuiteRunner.java:414)
	at org.testng.internal.thread.ThreadUtil$1.call(ThreadUtil.java:52)
	at java.util.concurrent.FutureTask.run(Unknown Source)
	at java.util.concurrent.ThreadPoolExecutor.runWorker(Unknown Source)
	at java.util.concurrent.ThreadPoolExecutor$Worker.run(Unknown Source)
	at java.lang.Thread.run(Unknown Source)
]]>
            </full-stacktrace>
          </exception> <!-- java.lang.Throwable -->
          <reporter-output>
          </reporter-output>
        </test-method> <!-- MethodOfSemenCollectionTest -->
        <test-method status="SKIP" signature="SourceofspermPartnerTest()[pri:8, instance:com_Milan_Test.CycleListPageTest@338fc1d8]" name="SourceofspermPartnerTest" duration-ms="0" started-at="2018-06-26T00:02:51Z" depends-on-methods="com_Milan_Test.CycleListPageTest.EnabledconditionARTTypeTest" finished-at="2018-06-26T00:02:51Z">
          <exception class="java.lang.Throwable">
            <message>
              <![CDATA[Method CycleListPageTest.SourceofspermPartnerTest()[pri:8, instance:com_Milan_Test.CycleListPageTest@338fc1d8] depends on not successfully finished methods]]>
            </message>
            <full-stacktrace>
              <![CDATA[java.lang.Throwable: Method CycleListPageTest.SourceofspermPartnerTest()[pri:8, instance:com_Milan_Test.CycleListPageTest@338fc1d8] depends on not successfully finished methods
	at org.testng.internal.Invoker.invokeTestMethods(Invoker.java:1084)
	at org.testng.internal.TestMethodWorker.invokeTestMethods(TestMethodWorker.java:126)
	at org.testng.internal.TestMethodWorker.run(TestMethodWorker.java:109)
	at org.testng.TestRunner.privateRun(TestRunner.java:744)
	at org.testng.TestRunner.run(TestRunner.java:602)
	at org.testng.SuiteRunner.runTest(SuiteRunner.java:380)
	at org.testng.SuiteRunner.access$000(SuiteRunner.java:39)
	at org.testng.SuiteRunner$SuiteWorker.run(SuiteRunner.java:414)
	at org.testng.internal.thread.ThreadUtil$1.call(ThreadUtil.java:52)
	at java.util.concurrent.FutureTask.run(Unknown Source)
	at java.util.concurrent.ThreadPoolExecutor.runWorker(Unknown Source)
	at java.util.concurrent.ThreadPoolExecutor$Worker.run(Unknown Source)
	at java.lang.Thread.run(Unknown Source)
]]>
            </full-stacktrace>
          </exception> <!-- java.lang.Throwable -->
          <reporter-output>
          </reporter-output>
        </test-method> <!-- SourceofspermPartnerTest -->
        <test-method status="SKIP" signature="SourceofSpermselectionDonorTest()[pri:9, instance:com_Milan_Test.CycleListPageTest@338fc1d8]" name="SourceofSpermselectionDonorTest" duration-ms="0" started-at="2018-06-26T00:06:13Z" depends-on-methods="com_Milan_Test.CycleListPageTest.EnabledconditionARTTypeTest" finished-at="2018-06-26T00:06:13Z">
          <exception class="java.lang.Throwable">
            <message>
              <![CDATA[Method CycleListPageTest.SourceofSpermselectionDonorTest()[pri:9, instance:com_Milan_Test.CycleListPageTest@338fc1d8] depends on not successfully finished methods]]>
            </message>
            <full-stacktrace>
              <![CDATA[java.lang.Throwable: Method CycleListPageTest.SourceofSpermselectionDonorTest()[pri:9, instance:com_Milan_Test.CycleListPageTest@338fc1d8] depends on not successfully finished methods
	at org.testng.internal.Invoker.invokeTestMethods(Invoker.java:1084)
	at org.testng.internal.TestMethodWorker.invokeTestMethods(TestMethodWorker.java:126)
	at org.testng.internal.TestMethodWorker.run(TestMethodWorker.java:109)
	at org.testng.TestRunner.privateRun(TestRunner.java:744)
	at org.testng.TestRunner.run(TestRunner.java:602)
	at org.testng.SuiteRunner.runTest(SuiteRunner.java:380)
	at org.testng.SuiteRunner.access$000(SuiteRunner.java:39)
	at org.testng.SuiteRunner$SuiteWorker.run(SuiteRunner.java:414)
	at org.testng.internal.thread.ThreadUtil$1.call(ThreadUtil.java:52)
	at java.util.concurrent.FutureTask.run(Unknown Source)
	at java.util.concurrent.ThreadPoolExecutor.runWorker(Unknown Source)
	at java.util.concurrent.ThreadPoolExecutor$Worker.run(Unknown Source)
	at java.lang.Thread.run(Unknown Source)
]]>
            </full-stacktrace>
          </exception> <!-- java.lang.Throwable -->
          <reporter-output>
          </reporter-output>
        </test-method> <!-- SourceofSpermselectionDonorTest -->
        <test-method status="SKIP" signature="SimulationDrugTest()[pri:10, instance:com_Milan_Test.CycleListPageTest@338fc1d8]" name="SimulationDrugTest" duration-ms="0" started-at="2018-06-26T00:07:54Z" depends-on-methods="com_Milan_Test.CycleListPageTest.EnabledconditionARTTypeTest" finished-at="2018-06-26T00:07:54Z">
          <exception class="java.lang.Throwable">
            <message>
              <![CDATA[Method CycleListPageTest.SimulationDrugTest()[pri:10, instance:com_Milan_Test.CycleListPageTest@338fc1d8] depends on not successfully finished methods]]>
            </message>
            <full-stacktrace>
              <![CDATA[java.lang.Throwable: Method CycleListPageTest.SimulationDrugTest()[pri:10, instance:com_Milan_Test.CycleListPageTest@338fc1d8] depends on not successfully finished methods
	at org.testng.internal.Invoker.invokeTestMethods(Invoker.java:1084)
	at org.testng.internal.TestMethodWorker.invokeTestMethods(TestMethodWorker.java:126)
	at org.testng.internal.TestMethodWorker.run(TestMethodWorker.java:109)
	at org.testng.TestRunner.privateRun(TestRunner.java:744)
	at org.testng.TestRunner.run(TestRunner.java:602)
	at org.testng.SuiteRunner.runTest(SuiteRunner.java:380)
	at org.testng.SuiteRunner.access$000(SuiteRunner.java:39)
	at org.testng.SuiteRunner$SuiteWorker.run(SuiteRunner.java:414)
	at org.testng.internal.thread.ThreadUtil$1.call(ThreadUtil.java:52)
	at java.util.concurrent.FutureTask.run(Unknown Source)
	at java.util.concurrent.ThreadPoolExecutor.runWorker(Unknown Source)
	at java.util.concurrent.ThreadPoolExecutor$Worker.run(Unknown Source)
	at java.lang.Thread.run(Unknown Source)
]]>
            </full-stacktrace>
          </exception> <!-- java.lang.Throwable -->
          <reporter-output>
          </reporter-output>
        </test-method> <!-- SimulationDrugTest -->
        <test-method status="SKIP" signature="SaveTheCycleTest()[pri:11, instance:com_Milan_Test.CycleListPageTest@338fc1d8]" name="SaveTheCycleTest" duration-ms="0" started-at="2018-06-26T00:08:47Z" depends-on-methods="com_Milan_Test.CycleListPageTest.EnabledconditionARTTypeTest" finished-at="2018-06-26T00:08:47Z">
          <exception class="java.lang.Throwable">
            <message>
              <![CDATA[Method CycleListPageTest.SaveTheCycleTest()[pri:11, instance:com_Milan_Test.CycleListPageTest@338fc1d8] depends on not successfully finished methods]]>
            </message>
            <full-stacktrace>
              <![CDATA[java.lang.Throwable: Method CycleListPageTest.SaveTheCycleTest()[pri:11, instance:com_Milan_Test.CycleListPageTest@338fc1d8] depends on not successfully finished methods
	at org.testng.internal.Invoker.invokeTestMethods(Invoker.java:1084)
	at org.testng.internal.TestMethodWorker.invokeTestMethods(TestMethodWorker.java:126)
	at org.testng.internal.TestMethodWorker.run(TestMethodWorker.java:109)
	at org.testng.TestRunner.privateRun(TestRunner.java:744)
	at org.testng.TestRunner.run(TestRunner.java:602)
	at org.testng.SuiteRunner.runTest(SuiteRunner.java:380)
	at org.testng.SuiteRunner.access$000(SuiteRunner.java:39)
	at org.testng.SuiteRunner$SuiteWorker.run(SuiteRunner.java:414)
	at org.testng.internal.thread.ThreadUtil$1.call(ThreadUtil.java:52)
	at java.util.concurrent.FutureTask.run(Unknown Source)
	at java.util.concurrent.ThreadPoolExecutor.runWorker(Unknown Source)
	at java.util.concurrent.ThreadPoolExecutor$Worker.run(Unknown Source)
	at java.lang.Thread.run(Unknown Source)
]]>
            </full-stacktrace>
          </exception> <!-- java.lang.Throwable -->
          <reporter-output>
          </reporter-output>
        </test-method> <!-- SaveTheCycleTest -->
      </class> <!-- com_Milan_Test.CycleListPageTest -->
      <class name="com_Milan_Test.WObstetricHistoryPageTest">
        <test-method status="PASS" signature="Setup()[pri:0, instance:com_Milan_Test.WObstetricHistoryPageTest@48e1f6c7]" name="Setup" is-config="true" duration-ms="51313" started-at="2018-06-25T22:51:32Z" finished-at="2018-06-25T22:52:23Z">
          <reporter-output>
          </reporter-output>
        </test-method> <!-- Setup -->
        <test-method status="PASS" signature="BirthWeightValueTextTest()[pri:1, instance:com_Milan_Test.WObstetricHistoryPageTest@48e1f6c7]" name="BirthWeightValueTextTest" duration-ms="327" started-at="2018-06-25T22:52:23Z" finished-at="2018-06-25T22:52:23Z">
          <reporter-output>
          </reporter-output>
        </test-method> <!-- BirthWeightValueTextTest -->
        <test-method status="PASS" signature="Teardown()[pri:0, instance:com_Milan_Test.WObstetricHistoryPageTest@48e1f6c7]" name="Teardown" is-config="true" duration-ms="665" started-at="2018-06-25T22:52:23Z" finished-at="2018-06-25T22:52:24Z">
          <reporter-output>
          </reporter-output>
        </test-method> <!-- Teardown -->
        <test-method status="PASS" signature="Setup()[pri:0, instance:com_Milan_Test.WObstetricHistoryPageTest@48e1f6c7]" name="Setup" is-config="true" duration-ms="51955" started-at="2018-06-25T23:15:01Z" finished-at="2018-06-25T23:15:53Z">
          <reporter-output>
          </reporter-output>
        </test-method> <!-- Setup -->
        <test-method status="PASS" signature="BirthWeightEnableConditionTest()[pri:2, instance:com_Milan_Test.WObstetricHistoryPageTest@48e1f6c7]" name="BirthWeightEnableConditionTest" duration-ms="260" started-at="2018-06-25T23:15:53Z" finished-at="2018-06-25T23:15:53Z">
          <reporter-output>
          </reporter-output>
        </test-method> <!-- BirthWeightEnableConditionTest -->
        <test-method status="PASS" signature="Teardown()[pri:0, instance:com_Milan_Test.WObstetricHistoryPageTest@48e1f6c7]" name="Teardown" is-config="true" duration-ms="679" started-at="2018-06-25T23:15:53Z" finished-at="2018-06-25T23:15:53Z">
          <reporter-output>
          </reporter-output>
        </test-method> <!-- Teardown -->
        <test-method status="PASS" signature="Setup()[pri:0, instance:com_Milan_Test.WObstetricHistoryPageTest@48e1f6c7]" name="Setup" is-config="true" duration-ms="50153" started-at="2018-06-25T23:32:01Z" finished-at="2018-06-25T23:32:52Z">
          <reporter-output>
          </reporter-output>
        </test-method> <!-- Setup -->
        <test-method status="PASS" signature="ValueInAbortiontionTest()[pri:3, instance:com_Milan_Test.WObstetricHistoryPageTest@48e1f6c7]" name="ValueInAbortiontionTest" duration-ms="235" started-at="2018-06-25T23:32:52Z" finished-at="2018-06-25T23:32:52Z">
          <reporter-output>
          </reporter-output>
        </test-method> <!-- ValueInAbortiontionTest -->
        <test-method status="PASS" signature="Teardown()[pri:0, instance:com_Milan_Test.WObstetricHistoryPageTest@48e1f6c7]" name="Teardown" is-config="true" duration-ms="667" started-at="2018-06-25T23:32:52Z" finished-at="2018-06-25T23:32:52Z">
          <reporter-output>
          </reporter-output>
        </test-method> <!-- Teardown -->
        <test-method status="PASS" signature="Setup()[pri:0, instance:com_Milan_Test.WObstetricHistoryPageTest@48e1f6c7]" name="Setup" is-config="true" duration-ms="50989" started-at="2018-06-25T23:41:19Z" finished-at="2018-06-25T23:42:10Z">
          <reporter-output>
          </reporter-output>
        </test-method> <!-- Setup -->
        <test-method status="PASS" signature="ValueInLivebirthoptionTest()[pri:4, instance:com_Milan_Test.WObstetricHistoryPageTest@48e1f6c7]" name="ValueInLivebirthoptionTest" duration-ms="223" started-at="2018-06-25T23:42:10Z" finished-at="2018-06-25T23:42:10Z">
          <reporter-output>
          </reporter-output>
        </test-method> <!-- ValueInLivebirthoptionTest -->
        <test-method status="PASS" signature="Teardown()[pri:0, instance:com_Milan_Test.WObstetricHistoryPageTest@48e1f6c7]" name="Teardown" is-config="true" duration-ms="680" started-at="2018-06-25T23:42:10Z" finished-at="2018-06-25T23:42:11Z">
          <reporter-output>
          </reporter-output>
        </test-method> <!-- Teardown -->
        <test-method status="PASS" signature="Setup()[pri:0, instance:com_Milan_Test.WObstetricHistoryPageTest@48e1f6c7]" name="Setup" is-config="true" duration-ms="51926" started-at="2018-06-25T23:50:43Z" finished-at="2018-06-25T23:51:35Z">
          <reporter-output>
          </reporter-output>
        </test-method> <!-- Setup -->
        <test-method status="PASS" signature="ValueInEctopicTest()[pri:5, instance:com_Milan_Test.WObstetricHistoryPageTest@48e1f6c7]" name="ValueInEctopicTest" duration-ms="205" started-at="2018-06-25T23:51:35Z" finished-at="2018-06-25T23:51:35Z">
          <reporter-output>
          </reporter-output>
        </test-method> <!-- ValueInEctopicTest -->
        <test-method status="PASS" signature="Teardown()[pri:0, instance:com_Milan_Test.WObstetricHistoryPageTest@48e1f6c7]" name="Teardown" is-config="true" duration-ms="712" started-at="2018-06-25T23:51:35Z" finished-at="2018-06-25T23:51:36Z">
          <reporter-output>
          </reporter-output>
        </test-method> <!-- Teardown -->
        <test-method status="PASS" signature="Setup()[pri:0, instance:com_Milan_Test.WObstetricHistoryPageTest@48e1f6c7]" name="Setup" is-config="true" duration-ms="51151" started-at="2018-06-25T23:55:27Z" finished-at="2018-06-25T23:56:19Z">
          <reporter-output>
          </reporter-output>
        </test-method> <!-- Setup -->
        <test-method status="PASS" signature="DeliveryTypeEnableconditionTest()[pri:6, instance:com_Milan_Test.WObstetricHistoryPageTest@48e1f6c7]" name="DeliveryTypeEnableconditionTest" duration-ms="222" started-at="2018-06-25T23:56:19Z" finished-at="2018-06-25T23:56:19Z">
          <reporter-output>
          </reporter-output>
        </test-method> <!-- DeliveryTypeEnableconditionTest -->
        <test-method status="PASS" signature="Teardown()[pri:0, instance:com_Milan_Test.WObstetricHistoryPageTest@48e1f6c7]" name="Teardown" is-config="true" duration-ms="677" started-at="2018-06-25T23:56:19Z" finished-at="2018-06-25T23:56:19Z">
          <reporter-output>
          </reporter-output>
        </test-method> <!-- Teardown -->
        <test-method status="PASS" signature="Setup()[pri:0, instance:com_Milan_Test.WObstetricHistoryPageTest@48e1f6c7]" name="Setup" is-config="true" duration-ms="50974" started-at="2018-06-25T23:59:50Z" finished-at="2018-06-26T00:00:41Z">
          <reporter-output>
          </reporter-output>
        </test-method> <!-- Setup -->
        <test-method status="PASS" signature="LiveBirthEnableTest()[pri:7, instance:com_Milan_Test.WObstetricHistoryPageTest@48e1f6c7]" name="LiveBirthEnableTest" duration-ms="42" started-at="2018-06-26T00:00:41Z" finished-at="2018-06-26T00:00:41Z">
          <reporter-output>
          </reporter-output>
        </test-method> <!-- LiveBirthEnableTest -->
        <test-method status="PASS" signature="Teardown()[pri:0, instance:com_Milan_Test.WObstetricHistoryPageTest@48e1f6c7]" name="Teardown" is-config="true" duration-ms="724" started-at="2018-06-26T00:00:41Z" finished-at="2018-06-26T00:00:42Z">
          <reporter-output>
          </reporter-output>
        </test-method> <!-- Teardown -->
        <test-method status="PASS" signature="Setup()[pri:0, instance:com_Milan_Test.WObstetricHistoryPageTest@48e1f6c7]" name="Setup" is-config="true" duration-ms="50091" started-at="2018-06-26T00:02:51Z" finished-at="2018-06-26T00:03:41Z">
          <reporter-output>
          </reporter-output>
        </test-method> <!-- Setup -->
        <test-method status="PASS" signature="RowGridEnableTest()[pri:8, instance:com_Milan_Test.WObstetricHistoryPageTest@48e1f6c7]" name="RowGridEnableTest" duration-ms="42" started-at="2018-06-26T00:03:41Z" finished-at="2018-06-26T00:03:41Z">
          <reporter-output>
          </reporter-output>
        </test-method> <!-- RowGridEnableTest -->
        <test-method status="PASS" signature="Teardown()[pri:0, instance:com_Milan_Test.WObstetricHistoryPageTest@48e1f6c7]" name="Teardown" is-config="true" duration-ms="705" started-at="2018-06-26T00:03:41Z" finished-at="2018-06-26T00:03:42Z">
          <reporter-output>
          </reporter-output>
        </test-method> <!-- Teardown -->
        <test-method status="PASS" signature="Setup()[pri:0, instance:com_Milan_Test.WObstetricHistoryPageTest@48e1f6c7]" name="Setup" is-config="true" duration-ms="48343" started-at="2018-06-26T00:06:13Z" finished-at="2018-06-26T00:07:02Z">
          <reporter-output>
          </reporter-output>
        </test-method> <!-- Setup -->
        <test-method status="PASS" signature="StillBornEnableTest()[pri:9, instance:com_Milan_Test.WObstetricHistoryPageTest@48e1f6c7]" name="StillBornEnableTest" duration-ms="45" started-at="2018-06-26T00:07:02Z" finished-at="2018-06-26T00:07:02Z">
          <reporter-output>
          </reporter-output>
        </test-method> <!-- StillBornEnableTest -->
        <test-method status="PASS" signature="Teardown()[pri:0, instance:com_Milan_Test.WObstetricHistoryPageTest@48e1f6c7]" name="Teardown" is-config="true" duration-ms="703" started-at="2018-06-26T00:07:02Z" finished-at="2018-06-26T00:07:02Z">
          <reporter-output>
          </reporter-output>
        </test-method> <!-- Teardown -->
        <test-method status="PASS" signature="Setup()[pri:0, instance:com_Milan_Test.WObstetricHistoryPageTest@48e1f6c7]" name="Setup" is-config="true" duration-ms="52273" started-at="2018-06-26T00:07:54Z" finished-at="2018-06-26T00:08:46Z">
          <reporter-output>
          </reporter-output>
        </test-method> <!-- Setup -->
        <test-method status="PASS" signature="EctopiccEnableCondititionTest()[pri:10, instance:com_Milan_Test.WObstetricHistoryPageTest@48e1f6c7]" name="EctopiccEnableCondititionTest" duration-ms="51" started-at="2018-06-26T00:08:46Z" finished-at="2018-06-26T00:08:46Z">
          <reporter-output>
          </reporter-output>
        </test-method> <!-- EctopiccEnableCondititionTest -->
        <test-method status="PASS" signature="Teardown()[pri:0, instance:com_Milan_Test.WObstetricHistoryPageTest@48e1f6c7]" name="Teardown" is-config="true" duration-ms="705" started-at="2018-06-26T00:08:46Z" finished-at="2018-06-26T00:08:47Z">
          <reporter-output>
          </reporter-output>
        </test-method> <!-- Teardown -->
        <test-method status="PASS" signature="Setup()[pri:0, instance:com_Milan_Test.WObstetricHistoryPageTest@48e1f6c7]" name="Setup" is-config="true" duration-ms="52045" started-at="2018-06-26T00:08:47Z" finished-at="2018-06-26T00:09:39Z">
          <reporter-output>
          </reporter-output>
        </test-method> <!-- Setup -->
        <test-method status="PASS" signature="AbortionEnableCondititionTest()[pri:11, instance:com_Milan_Test.WObstetricHistoryPageTest@48e1f6c7]" name="AbortionEnableCondititionTest" duration-ms="44" started-at="2018-06-26T00:09:39Z" finished-at="2018-06-26T00:09:39Z">
          <reporter-output>
          </reporter-output>
        </test-method> <!-- AbortionEnableCondititionTest -->
        <test-method status="PASS" signature="Teardown()[pri:0, instance:com_Milan_Test.WObstetricHistoryPageTest@48e1f6c7]" name="Teardown" is-config="true" duration-ms="705" started-at="2018-06-26T00:09:39Z" finished-at="2018-06-26T00:09:39Z">
          <reporter-output>
          </reporter-output>
        </test-method> <!-- Teardown -->
        <test-method status="PASS" signature="Setup()[pri:0, instance:com_Milan_Test.WObstetricHistoryPageTest@48e1f6c7]" name="Setup" is-config="true" duration-ms="51208" started-at="2018-06-26T00:09:39Z" finished-at="2018-06-26T00:10:31Z">
          <reporter-output>
          </reporter-output>
        </test-method> <!-- Setup -->
        <test-method status="PASS" signature="DeliveryEnableCondititionTest()[pri:12, instance:com_Milan_Test.WObstetricHistoryPageTest@48e1f6c7]" name="DeliveryEnableCondititionTest" duration-ms="258" started-at="2018-06-26T00:10:31Z" finished-at="2018-06-26T00:10:31Z">
          <reporter-output>
          </reporter-output>
        </test-method> <!-- DeliveryEnableCondititionTest -->
        <test-method status="PASS" signature="Teardown()[pri:0, instance:com_Milan_Test.WObstetricHistoryPageTest@48e1f6c7]" name="Teardown" is-config="true" duration-ms="695" started-at="2018-06-26T00:10:31Z" finished-at="2018-06-26T00:10:32Z">
          <reporter-output>
          </reporter-output>
        </test-method> <!-- Teardown -->
        <test-method status="PASS" signature="Setup()[pri:0, instance:com_Milan_Test.WObstetricHistoryPageTest@48e1f6c7]" name="Setup" is-config="true" duration-ms="49720" started-at="2018-06-26T00:10:32Z" finished-at="2018-06-26T00:11:21Z">
          <reporter-output>
          </reporter-output>
        </test-method> <!-- Setup -->
        <test-method status="PASS" signature="ComplicationsEnableCondititionTest()[pri:13, instance:com_Milan_Test.WObstetricHistoryPageTest@48e1f6c7]" name="ComplicationsEnableCondititionTest" duration-ms="290" started-at="2018-06-26T00:11:21Z" finished-at="2018-06-26T00:11:22Z">
          <reporter-output>
          </reporter-output>
        </test-method> <!-- ComplicationsEnableCondititionTest -->
        <test-method status="PASS" signature="Teardown()[pri:0, instance:com_Milan_Test.WObstetricHistoryPageTest@48e1f6c7]" name="Teardown" is-config="true" duration-ms="691" started-at="2018-06-26T00:11:22Z" finished-at="2018-06-26T00:11:22Z">
          <reporter-output>
          </reporter-output>
        </test-method> <!-- Teardown -->
        <test-method status="PASS" signature="Setup()[pri:0, instance:com_Milan_Test.WObstetricHistoryPageTest@48e1f6c7]" name="Setup" is-config="true" duration-ms="50536" started-at="2018-06-26T00:11:22Z" finished-at="2018-06-26T00:12:13Z">
          <reporter-output>
          </reporter-output>
        </test-method> <!-- Setup -->
        <test-method status="PASS" signature="CongenitalAnamolyEnableCondititionTest()[pri:14, instance:com_Milan_Test.WObstetricHistoryPageTest@48e1f6c7]" name="CongenitalAnamolyEnableCondititionTest" duration-ms="271" started-at="2018-06-26T00:12:13Z" finished-at="2018-06-26T00:12:13Z">
          <reporter-output>
          </reporter-output>
        </test-method> <!-- CongenitalAnamolyEnableCondititionTest -->
        <test-method status="PASS" signature="Teardown()[pri:0, instance:com_Milan_Test.WObstetricHistoryPageTest@48e1f6c7]" name="Teardown" is-config="true" duration-ms="681" started-at="2018-06-26T00:12:13Z" finished-at="2018-06-26T00:12:14Z">
          <reporter-output>
          </reporter-output>
        </test-method> <!-- Teardown -->
        <test-method status="PASS" signature="Setup()[pri:0, instance:com_Milan_Test.WObstetricHistoryPageTest@48e1f6c7]" name="Setup" is-config="true" duration-ms="50256" started-at="2018-06-26T00:12:14Z" finished-at="2018-06-26T00:13:04Z">
          <reporter-output>
          </reporter-output>
        </test-method> <!-- Setup -->
        <test-method status="PASS" signature="LiveBirthPretermconditionTest()[pri:15, instance:com_Milan_Test.WObstetricHistoryPageTest@48e1f6c7]" name="LiveBirthPretermconditionTest" duration-ms="608" started-at="2018-06-26T00:13:04Z" finished-at="2018-06-26T00:13:05Z">
          <reporter-output>
          </reporter-output>
        </test-method> <!-- LiveBirthPretermconditionTest -->
        <test-method status="PASS" signature="Teardown()[pri:0, instance:com_Milan_Test.WObstetricHistoryPageTest@48e1f6c7]" name="Teardown" is-config="true" duration-ms="706" started-at="2018-06-26T00:13:05Z" finished-at="2018-06-26T00:13:05Z">
          <reporter-output>
          </reporter-output>
        </test-method> <!-- Teardown -->
        <test-method status="PASS" signature="Setup()[pri:0, instance:com_Milan_Test.WObstetricHistoryPageTest@48e1f6c7]" name="Setup" is-config="true" duration-ms="50890" started-at="2018-06-26T00:13:05Z" finished-at="2018-06-26T00:13:56Z">
          <reporter-output>
          </reporter-output>
        </test-method> <!-- Setup -->
        <test-method status="PASS" signature="LiveBirthFullTermconditionTest()[pri:16, instance:com_Milan_Test.WObstetricHistoryPageTest@48e1f6c7]" name="LiveBirthFullTermconditionTest" duration-ms="652" started-at="2018-06-26T00:13:56Z" finished-at="2018-06-26T00:13:57Z">
          <reporter-output>
          </reporter-output>
        </test-method> <!-- LiveBirthFullTermconditionTest -->
        <test-method status="PASS" signature="Teardown()[pri:0, instance:com_Milan_Test.WObstetricHistoryPageTest@48e1f6c7]" name="Teardown" is-config="true" duration-ms="696" started-at="2018-06-26T00:13:57Z" finished-at="2018-06-26T00:13:58Z">
          <reporter-output>
          </reporter-output>
        </test-method> <!-- Teardown -->
        <test-method status="PASS" signature="Setup()[pri:0, instance:com_Milan_Test.WObstetricHistoryPageTest@48e1f6c7]" name="Setup" is-config="true" duration-ms="51256" started-at="2018-06-26T00:19:51Z" finished-at="2018-06-26T00:20:43Z">
          <reporter-output>
          </reporter-output>
        </test-method> <!-- Setup -->
        <test-method status="PASS" signature="LiveBirthAbovePostTermconditionTest()[pri:17, instance:com_Milan_Test.WObstetricHistoryPageTest@48e1f6c7]" name="LiveBirthAbovePostTermconditionTest" duration-ms="618" started-at="2018-06-26T00:20:43Z" finished-at="2018-06-26T00:20:43Z">
          <reporter-output>
          </reporter-output>
        </test-method> <!-- LiveBirthAbovePostTermconditionTest -->
        <test-method status="PASS" signature="Teardown()[pri:0, instance:com_Milan_Test.WObstetricHistoryPageTest@48e1f6c7]" name="Teardown" is-config="true" duration-ms="684" started-at="2018-06-26T00:20:43Z" finished-at="2018-06-26T00:20:44Z">
          <reporter-output>
          </reporter-output>
        </test-method> <!-- Teardown -->
        <test-method status="PASS" signature="Setup()[pri:0, instance:com_Milan_Test.WObstetricHistoryPageTest@48e1f6c7]" name="Setup" is-config="true" duration-ms="49620" started-at="2018-06-26T00:20:44Z" finished-at="2018-06-26T00:21:33Z">
          <reporter-output>
          </reporter-output>
        </test-method> <!-- Setup -->
        <test-method status="PASS" signature="SaveOutcometypesTest()[pri:18, instance:com_Milan_Test.WObstetricHistoryPageTest@48e1f6c7]" name="SaveOutcometypesTest" duration-ms="13061" started-at="2018-06-26T00:21:33Z" finished-at="2018-06-26T00:21:47Z">
          <reporter-output>
          </reporter-output>
        </test-method> <!-- SaveOutcometypesTest -->
        <test-method status="PASS" signature="Teardown()[pri:0, instance:com_Milan_Test.WObstetricHistoryPageTest@48e1f6c7]" name="Teardown" is-config="true" duration-ms="703" started-at="2018-06-26T00:21:47Z" finished-at="2018-06-26T00:21:47Z">
          <reporter-output>
          </reporter-output>
        </test-method> <!-- Teardown -->
      </class> <!-- com_Milan_Test.WObstetricHistoryPageTest -->
      <class name="com_Milan_Test.WcomplaintsTest">
        <test-method status="PASS" signature="Setup()[pri:0, instance:com_Milan_Test.WcomplaintsTest@17bffc17]" name="Setup" is-config="true" duration-ms="24746" started-at="2018-06-25T22:46:34Z" finished-at="2018-06-25T22:46:59Z">
          <reporter-output>
          </reporter-output>
        </test-method> <!-- Setup -->
        <test-method status="PASS" signature="NumberOfComplaintsTest()[pri:1, instance:com_Milan_Test.WcomplaintsTest@17bffc17]" name="NumberOfComplaintsTest" duration-ms="386" started-at="2018-06-25T22:46:59Z" finished-at="2018-06-25T22:46:59Z">
          <reporter-output>
          </reporter-output>
        </test-method> <!-- NumberOfComplaintsTest -->
        <test-method status="PASS" signature="Teardown()[pri:0, instance:com_Milan_Test.WcomplaintsTest@17bffc17]" name="Teardown" is-config="true" duration-ms="671" started-at="2018-06-25T22:46:59Z" finished-at="2018-06-25T22:47:00Z">
          <reporter-output>
          </reporter-output>
        </test-method> <!-- Teardown -->
        <test-method status="PASS" signature="Setup()[pri:0, instance:com_Milan_Test.WcomplaintsTest@17bffc17]" name="Setup" is-config="true" duration-ms="24834" started-at="2018-06-25T23:12:20Z" finished-at="2018-06-25T23:12:45Z">
          <reporter-output>
          </reporter-output>
        </test-method> <!-- Setup -->
        <test-method status="PASS" signature="SaveTheComplaintsTest()[pri:2, instance:com_Milan_Test.WcomplaintsTest@17bffc17]" name="SaveTheComplaintsTest" duration-ms="7589" started-at="2018-06-25T23:12:45Z" finished-at="2018-06-25T23:12:52Z">
          <reporter-output>
          </reporter-output>
        </test-method> <!-- SaveTheComplaintsTest -->
        <test-method status="PASS" signature="Teardown()[pri:0, instance:com_Milan_Test.WcomplaintsTest@17bffc17]" name="Teardown" is-config="true" duration-ms="705" started-at="2018-06-25T23:12:52Z" finished-at="2018-06-25T23:12:53Z">
          <reporter-output>
          </reporter-output>
        </test-method> <!-- Teardown -->
        <test-method status="PASS" signature="Setup()[pri:0, instance:com_Milan_Test.WcomplaintsTest@17bffc17]" name="Setup" is-config="true" duration-ms="25506" started-at="2018-06-25T23:29:22Z" finished-at="2018-06-25T23:29:48Z">
          <reporter-output>
          </reporter-output>
        </test-method> <!-- Setup -->
        <test-method status="PASS" signature="NextFollowUpTest()[pri:3, instance:com_Milan_Test.WcomplaintsTest@17bffc17]" name="NextFollowUpTest" duration-ms="471" started-at="2018-06-25T23:29:48Z" finished-at="2018-06-25T23:29:48Z">
          <reporter-output>
          </reporter-output>
        </test-method> <!-- NextFollowUpTest -->
        <test-method status="PASS" signature="Teardown()[pri:0, instance:com_Milan_Test.WcomplaintsTest@17bffc17]" name="Teardown" is-config="true" duration-ms="673" started-at="2018-06-25T23:29:48Z" finished-at="2018-06-25T23:29:49Z">
          <reporter-output>
          </reporter-output>
        </test-method> <!-- Teardown -->
      </class> <!-- com_Milan_Test.WcomplaintsTest -->
      <class name="com_Milan_Test.EMRDashBoardPageTest">
        <test-method status="PASS" signature="Seup()[pri:0, instance:com_Milan_Test.EMRDashBoardPageTest@194fad1]" name="Seup" is-config="true" duration-ms="17847" started-at="2018-06-25T23:06:17Z" finished-at="2018-06-25T23:06:34Z">
          <reporter-output>
          </reporter-output>
        </test-method> <!-- Seup -->
        <test-method status="PASS" signature="ClickonWoomenPaientFieldTest()[pri:1, instance:com_Milan_Test.EMRDashBoardPageTest@194fad1]" name="ClickonWoomenPaientFieldTest" duration-ms="30967" started-at="2018-06-25T23:06:34Z" finished-at="2018-06-25T23:07:05Z">
          <reporter-output>
          </reporter-output>
        </test-method> <!-- ClickonWoomenPaientFieldTest -->
        <test-method status="PASS" signature="teardown()[pri:0, instance:com_Milan_Test.EMRDashBoardPageTest@194fad1]" name="teardown" is-config="true" duration-ms="688" started-at="2018-06-25T23:07:05Z" finished-at="2018-06-25T23:07:06Z">
          <reporter-output>
          </reporter-output>
        </test-method> <!-- teardown -->
        <test-method status="PASS" signature="Seup()[pri:0, instance:com_Milan_Test.EMRDashBoardPageTest@194fad1]" name="Seup" is-config="true" duration-ms="18318" started-at="2018-06-25T23:21:54Z" finished-at="2018-06-25T23:22:13Z">
          <reporter-output>
          </reporter-output>
        </test-method> <!-- Seup -->
        <test-method status="PASS" signature="ClickOnMenPaientHistory()[pri:2, instance:com_Milan_Test.EMRDashBoardPageTest@194fad1]" name="ClickOnMenPaientHistory" duration-ms="30942" started-at="2018-06-25T23:22:13Z" finished-at="2018-06-25T23:22:44Z">
          <reporter-output>
          </reporter-output>
        </test-method> <!-- ClickOnMenPaientHistory -->
        <test-method status="PASS" signature="teardown()[pri:0, instance:com_Milan_Test.EMRDashBoardPageTest@194fad1]" name="teardown" is-config="true" duration-ms="688" started-at="2018-06-25T23:22:44Z" finished-at="2018-06-25T23:22:44Z">
          <reporter-output>
          </reporter-output>
        </test-method> <!-- teardown -->
        <test-method status="PASS" signature="Seup()[pri:0, instance:com_Milan_Test.EMRDashBoardPageTest@194fad1]" name="Seup" is-config="true" duration-ms="20442" started-at="2018-06-25T23:34:23Z" finished-at="2018-06-25T23:34:43Z">
          <reporter-output>
          </reporter-output>
        </test-method> <!-- Seup -->
        <test-method status="PASS" signature="ClickOnDiagnosisTest()[pri:3, instance:com_Milan_Test.EMRDashBoardPageTest@194fad1]" name="ClickOnDiagnosisTest" duration-ms="33313" started-at="2018-06-25T23:34:43Z" finished-at="2018-06-25T23:35:17Z">
          <reporter-output>
          </reporter-output>
        </test-method> <!-- ClickOnDiagnosisTest -->
        <test-method status="PASS" signature="teardown()[pri:0, instance:com_Milan_Test.EMRDashBoardPageTest@194fad1]" name="teardown" is-config="true" duration-ms="719" started-at="2018-06-25T23:35:17Z" finished-at="2018-06-25T23:35:17Z">
          <reporter-output>
          </reporter-output>
        </test-method> <!-- teardown -->
        <test-method status="PASS" signature="Seup()[pri:0, instance:com_Milan_Test.EMRDashBoardPageTest@194fad1]" name="Seup" is-config="true" duration-ms="20337" started-at="2018-06-25T23:45:11Z" finished-at="2018-06-25T23:45:31Z">
          <reporter-output>
          </reporter-output>
        </test-method> <!-- Seup -->
        <test-method status="PASS" signature="ClickOnInvestigationTest()[pri:4, instance:com_Milan_Test.EMRDashBoardPageTest@194fad1]" name="ClickOnInvestigationTest" duration-ms="2220" started-at="2018-06-25T23:45:31Z" finished-at="2018-06-25T23:45:33Z">
          <reporter-output>
          </reporter-output>
        </test-method> <!-- ClickOnInvestigationTest -->
        <test-method status="PASS" signature="teardown()[pri:0, instance:com_Milan_Test.EMRDashBoardPageTest@194fad1]" name="teardown" is-config="true" duration-ms="697" started-at="2018-06-25T23:45:33Z" finished-at="2018-06-25T23:45:34Z">
          <reporter-output>
          </reporter-output>
        </test-method> <!-- teardown -->
        <test-method status="PASS" signature="Seup()[pri:0, instance:com_Milan_Test.EMRDashBoardPageTest@194fad1]" name="Seup" is-config="true" duration-ms="18538" started-at="2018-06-25T23:52:28Z" finished-at="2018-06-25T23:52:47Z">
          <reporter-output>
          </reporter-output>
        </test-method> <!-- Seup -->
        <test-method status="PASS" signature="ClickOnVitalTest()[pri:5, instance:com_Milan_Test.EMRDashBoardPageTest@194fad1]" name="ClickOnVitalTest" duration-ms="32353" started-at="2018-06-25T23:52:47Z" finished-at="2018-06-25T23:53:19Z">
          <reporter-output>
          </reporter-output>
        </test-method> <!-- ClickOnVitalTest -->
        <test-method status="PASS" signature="teardown()[pri:0, instance:com_Milan_Test.EMRDashBoardPageTest@194fad1]" name="teardown" is-config="true" duration-ms="705" started-at="2018-06-25T23:53:19Z" finished-at="2018-06-25T23:53:20Z">
          <reporter-output>
          </reporter-output>
        </test-method> <!-- teardown -->
        <test-method status="PASS" signature="Seup()[pri:0, instance:com_Milan_Test.EMRDashBoardPageTest@194fad1]" name="Seup" is-config="true" duration-ms="19778" started-at="2018-06-25T23:57:10Z" finished-at="2018-06-25T23:57:30Z">
          <reporter-output>
          </reporter-output>
        </test-method> <!-- Seup -->
        <test-method status="PASS" signature="ClickOnComplaintTest()[pri:6, instance:com_Milan_Test.EMRDashBoardPageTest@194fad1]" name="ClickOnComplaintTest" duration-ms="5054" started-at="2018-06-25T23:57:30Z" finished-at="2018-06-25T23:57:35Z">
          <reporter-output>
          </reporter-output>
        </test-method> <!-- ClickOnComplaintTest -->
        <test-method status="PASS" signature="teardown()[pri:0, instance:com_Milan_Test.EMRDashBoardPageTest@194fad1]" name="teardown" is-config="true" duration-ms="712" started-at="2018-06-25T23:57:35Z" finished-at="2018-06-25T23:57:36Z">
          <reporter-output>
          </reporter-output>
        </test-method> <!-- teardown -->
      </class> <!-- com_Milan_Test.EMRDashBoardPageTest -->
      <class name="com_Milan_Test.LoginPageTest">
        <test-method status="PASS" signature="Seup()[pri:0, instance:com_Milan_Test.LoginPageTest@5745ca0e]" name="Seup" is-config="true" duration-ms="6220" started-at="2018-06-25T22:45:25Z" finished-at="2018-06-25T22:45:31Z">
          <reporter-output>
          </reporter-output>
        </test-method> <!-- Seup -->
        <test-method status="PASS" signature="InvalidusernameTest()[pri:1, instance:com_Milan_Test.LoginPageTest@5745ca0e]" name="InvalidusernameTest" duration-ms="3305" started-at="2018-06-25T22:45:31Z" finished-at="2018-06-25T22:45:35Z">
          <reporter-output>
          </reporter-output>
        </test-method> <!-- InvalidusernameTest -->
        <test-method status="PASS" signature="Teardown()[pri:0, instance:com_Milan_Test.LoginPageTest@5745ca0e]" name="Teardown" is-config="true" duration-ms="657" started-at="2018-06-25T22:45:35Z" finished-at="2018-06-25T22:45:35Z">
          <reporter-output>
          </reporter-output>
        </test-method> <!-- Teardown -->
        <test-method status="PASS" signature="Seup()[pri:0, instance:com_Milan_Test.LoginPageTest@5745ca0e]" name="Seup" is-config="true" duration-ms="5933" started-at="2018-06-25T23:09:15Z" finished-at="2018-06-25T23:09:21Z">
          <reporter-output>
          </reporter-output>
        </test-method> <!-- Seup -->
        <test-method status="PASS" signature="InvalidPasswordTest()[pri:2, instance:com_Milan_Test.LoginPageTest@5745ca0e]" name="InvalidPasswordTest" duration-ms="6660" started-at="2018-06-25T23:09:21Z" finished-at="2018-06-25T23:09:28Z">
          <reporter-output>
          </reporter-output>
        </test-method> <!-- InvalidPasswordTest -->
        <test-method status="PASS" signature="Teardown()[pri:0, instance:com_Milan_Test.LoginPageTest@5745ca0e]" name="Teardown" is-config="true" duration-ms="657" started-at="2018-06-25T23:09:28Z" finished-at="2018-06-25T23:09:29Z">
          <reporter-output>
          </reporter-output>
        </test-method> <!-- Teardown -->
        <test-method status="PASS" signature="Seup()[pri:0, instance:com_Milan_Test.LoginPageTest@5745ca0e]" name="Seup" is-config="true" duration-ms="6261" started-at="2018-06-25T23:24:21Z" finished-at="2018-06-25T23:24:27Z">
          <reporter-output>
          </reporter-output>
        </test-method> <!-- Seup -->
        <test-method status="PASS" signature="ButtonEnableConditionTest()[pri:3, instance:com_Milan_Test.LoginPageTest@5745ca0e]" name="ButtonEnableConditionTest" duration-ms="139" started-at="2018-06-25T23:24:27Z" finished-at="2018-06-25T23:24:27Z">
          <reporter-output>
          </reporter-output>
        </test-method> <!-- ButtonEnableConditionTest -->
        <test-method status="PASS" signature="Teardown()[pri:0, instance:com_Milan_Test.LoginPageTest@5745ca0e]" name="Teardown" is-config="true" duration-ms="638" started-at="2018-06-25T23:24:27Z" finished-at="2018-06-25T23:24:28Z">
          <reporter-output>
          </reporter-output>
        </test-method> <!-- Teardown -->
        <test-method status="PASS" signature="Seup()[pri:0, instance:com_Milan_Test.LoginPageTest@5745ca0e]" name="Seup" is-config="true" duration-ms="5495" started-at="2018-06-25T23:37:09Z" finished-at="2018-06-25T23:37:15Z">
          <reporter-output>
          </reporter-output>
        </test-method> <!-- Seup -->
        <test-method status="PASS" signature="LoginTest()[pri:4, instance:com_Milan_Test.LoginPageTest@5745ca0e]" name="LoginTest" duration-ms="2589" started-at="2018-06-25T23:37:15Z" finished-at="2018-06-25T23:37:18Z">
          <reporter-output>
          </reporter-output>
        </test-method> <!-- LoginTest -->
        <test-method status="PASS" signature="Teardown()[pri:0, instance:com_Milan_Test.LoginPageTest@5745ca0e]" name="Teardown" is-config="true" duration-ms="646" started-at="2018-06-25T23:37:18Z" finished-at="2018-06-25T23:37:18Z">
          <reporter-output>
          </reporter-output>
        </test-method> <!-- Teardown -->
      </class> <!-- com_Milan_Test.LoginPageTest -->
      <class name="com_Milan_Test.WInvestigationPageTest">
        <test-method status="PASS" signature="Setup()[pri:0, instance:com_Milan_Test.WInvestigationPageTest@3ad83a66]" name="Setup" is-config="true" duration-ms="23561" started-at="2018-06-25T23:09:29Z" finished-at="2018-06-25T23:09:52Z">
          <reporter-output>
          </reporter-output>
        </test-method> <!-- Setup -->
        <test-method status="SKIP" signature="IVFPACKAGEARTCyclecountTest()[pri:2, instance:com_Milan_Test.WInvestigationPageTest@3ad83a66]" name="IVFPACKAGEARTCyclecountTest" duration-ms="6090" started-at="2018-06-25T23:09:52Z" finished-at="2018-06-25T23:09:58Z">
          <exception class="java.lang.AssertionError">
            <message>
              <![CDATA[expected [7] but found [0]]]>
            </message>
            <full-stacktrace>
              <![CDATA[java.lang.AssertionError: expected [7] but found [0]
	at org.testng.Assert.fail(Assert.java:93)
	at org.testng.Assert.failNotEquals(Assert.java:512)
	at org.testng.Assert.assertEqualsImpl(Assert.java:134)
	at org.testng.Assert.assertEquals(Assert.java:115)
	at org.testng.Assert.assertEquals(Assert.java:388)
	at org.testng.Assert.assertEquals(Assert.java:398)
	at com_Milan_Test.WInvestigationPageTest.IVFPACKAGEARTCyclecountTest(WInvestigationPageTest.java:64)
	at sun.reflect.NativeMethodAccessorImpl.invoke0(Native Method)
	at sun.reflect.NativeMethodAccessorImpl.invoke(Unknown Source)
	at sun.reflect.DelegatingMethodAccessorImpl.invoke(Unknown Source)
	at java.lang.reflect.Method.invoke(Unknown Source)
	at org.testng.internal.MethodInvocationHelper.invokeMethod(MethodInvocationHelper.java:108)
	at org.testng.internal.Invoker.invokeMethod(Invoker.java:661)
	at org.testng.internal.Invoker.invokeTestMethod(Invoker.java:869)
	at org.testng.internal.Invoker.invokeTestMethods(Invoker.java:1193)
	at org.testng.internal.TestMethodWorker.invokeTestMethods(TestMethodWorker.java:126)
	at org.testng.internal.TestMethodWorker.run(TestMethodWorker.java:109)
	at org.testng.TestRunner.privateRun(TestRunner.java:744)
	at org.testng.TestRunner.run(TestRunner.java:602)
	at org.testng.SuiteRunner.runTest(SuiteRunner.java:380)
	at org.testng.SuiteRunner.access$000(SuiteRunner.java:39)
	at org.testng.SuiteRunner$SuiteWorker.run(SuiteRunner.java:414)
	at org.testng.internal.thread.ThreadUtil$1.call(ThreadUtil.java:52)
	at java.util.concurrent.FutureTask.run(Unknown Source)
	at java.util.concurrent.ThreadPoolExecutor.runWorker(Unknown Source)
	at java.util.concurrent.ThreadPoolExecutor$Worker.run(Unknown Source)
	at java.lang.Thread.run(Unknown Source)
]]>
            </full-stacktrace>
          </exception> <!-- java.lang.AssertionError -->
          <reporter-output>
          </reporter-output>
        </test-method> <!-- IVFPACKAGEARTCyclecountTest -->
[...]
              </value>
            </param>
            <param index="1">
              <value>
                <![CDATA[100.0]]>
              </value>
            </param>
            <param index="2">
              <value>
                <![CDATA["121"]]>
              </value>
            </param>
            <param index="3">
              <value>
                <![CDATA["81"]]>
              </value>
            </param>
            <param index="4">
              <value>
                <![CDATA[101.0]]>
              </value>
            </param>
            <param index="5">
              <value>
                <![CDATA[101.0]]>
              </value>
            </param>
          </params>
          <reporter-output>
          </reporter-output>
        </test-method> <!-- SaveAllVitalsValuesTest -->
        <test-method status="PASS" signature="TearDown()[pri:0, instance:com_Milan_Test.WVitalsTest@1807e3f6]" name="TearDown" is-config="true" duration-ms="703" started-at="2018-06-25T23:21:20Z" finished-at="2018-06-25T23:21:20Z">
          <reporter-output>
          </reporter-output>
        </test-method> <!-- TearDown -->
      </class> <!-- com_Milan_Test.WVitalsTest -->
      <class name="com_Milan_Test.WPastMedicationHistoryTest">
        <test-method status="PASS" signature="Setup()[pri:0, instance:com_Milan_Test.WPastMedicationHistoryTest@3cce5371]" name="Setup" is-config="true" duration-ms="51807" started-at="2018-06-25T22:45:35Z" finished-at="2018-06-25T22:46:27Z">
          <reporter-output>
          </reporter-output>
        </test-method> <!-- Setup -->
        <test-method status="PASS" signature="DrugNameTest()[pri:1, instance:com_Milan_Test.WPastMedicationHistoryTest@3cce5371]" name="DrugNameTest" duration-ms="6254" started-at="2018-06-25T22:46:27Z" finished-at="2018-06-25T22:46:33Z">
          <reporter-output>
          </reporter-output>
        </test-method> <!-- DrugNameTest -->
        <test-method status="PASS" signature="Teardown()[pri:0, instance:com_Milan_Test.WPastMedicationHistoryTest@3cce5371]" name="Teardown" is-config="true" duration-ms="680" started-at="2018-06-25T22:46:33Z" finished-at="2018-06-25T22:46:34Z">
          <reporter-output>
          </reporter-output>
        </test-method> <!-- Teardown -->
        <test-method status="PASS" signature="Setup()[pri:0, instance:com_Milan_Test.WPastMedicationHistoryTest@3cce5371]" name="Setup" is-config="true" duration-ms="48299" started-at="2018-06-25T23:11:25Z" finished-at="2018-06-25T23:12:13Z">
          <reporter-output>
          </reporter-output>
        </test-method> <!-- Setup -->
        <test-method status="PASS" signature="DrugNameFieldEnableconditionTest()[pri:2, instance:com_Milan_Test.WPastMedicationHistoryTest@3cce5371]" name="DrugNameFieldEnableconditionTest" duration-ms="6126" started-at="2018-06-25T23:12:13Z" finished-at="2018-06-25T23:12:19Z">
          <reporter-output>
          </reporter-output>
        </test-method> <!-- DrugNameFieldEnableconditionTest -->
        <test-method status="PASS" signature="Teardown()[pri:0, instance:com_Milan_Test.WPastMedicationHistoryTest@3cce5371]" name="Teardown" is-config="true" duration-ms="685" started-at="2018-06-25T23:12:19Z" finished-at="2018-06-25T23:12:20Z">
          <reporter-output>
          </reporter-output>
        </test-method> <!-- Teardown -->
        <test-method status="PASS" signature="Setup()[pri:0, instance:com_Milan_Test.WPastMedicationHistoryTest@3cce5371]" name="Setup" is-config="true" duration-ms="49943" started-at="2018-06-25T23:28:27Z" finished-at="2018-06-25T23:29:17Z">
          <reporter-output>
          </reporter-output>
        </test-method> <!-- Setup -->
        <test-method status="PASS" signature="pastMedicationHistorysetdataTest()[pri:3, instance:com_Milan_Test.WPastMedicationHistoryTest@3cce5371]" name="pastMedicationHistorysetdataTest" duration-ms="4332" started-at="2018-06-25T23:29:17Z" finished-at="2018-06-25T23:29:22Z">
          <reporter-output>
          </reporter-output>
        </test-method> <!-- pastMedicationHistorysetdataTest -->
        <test-method status="PASS" signature="Teardown()[pri:0, instance:com_Milan_Test.WPastMedicationHistoryTest@3cce5371]" name="Teardown" is-config="true" duration-ms="703" started-at="2018-06-25T23:29:22Z" finished-at="2018-06-25T23:29:22Z">
          <reporter-output>
          </reporter-output>
        </test-method> <!-- Teardown -->
      </class> <!-- com_Milan_Test.WPastMedicationHistoryTest -->
      <class name="com_Milan_Test.WAllergiesTest">
        <test-method status="PASS" signature="Seup()[pri:0, instance:com_Milan_Test.WAllergiesTest@6e535154]" name="Seup" is-config="true" duration-ms="52865" started-at="2018-06-25T22:47:00Z" finished-at="2018-06-25T22:47:53Z">
          <reporter-output>
          </reporter-output>
        </test-method> <!-- Seup -->
        <test-method status="PASS" signature="AllergySelectionTest()[pri:1, instance:com_Milan_Test.WAllergiesTest@6e535154]" name="AllergySelectionTest" duration-ms="68264" started-at="2018-06-25T22:47:53Z" finished-at="2018-06-25T22:49:01Z">
          <reporter-output>
          </reporter-output>
        </test-method> <!-- AllergySelectionTest -->
        <test-method status="PASS" signature="Teardown()[pri:0, instance:com_Milan_Test.WAllergiesTest@6e535154]" name="Teardown" is-config="true" duration-ms="677" started-at="2018-06-25T22:49:01Z" finished-at="2018-06-25T22:49:02Z">
          <reporter-output>
          </reporter-output>
        </test-method> <!-- Teardown -->
      </class> <!-- com_Milan_Test.WAllergiesTest -->
      <class name="com_Milan_Test.WAddictionsTest">
        <test-method status="PASS" signature="Setup()[pri:0, instance:com_Milan_Test.WAddictionsTest@f1da57d]" name="Setup" is-config="true" duration-ms="49249" started-at="2018-06-26T00:13:58Z" finished-at="2018-06-26T00:14:47Z">
          <reporter-output>
          </reporter-output>
        </test-method> <!-- Setup -->
        <test-method status="SKIP" signature="saveAdictions(java.lang.String, java.lang.String, java.lang.String, java.lang.String, java.lang.String, java.lang.String)[pri:16, instance:com_Milan_Test.WAddictionsTest@f1da57d]" name="saveAdictions" duration-ms="8254" started-at="2018-06-26T00:14:47Z" data-provider="getTestData" finished-at="2018-06-26T00:14:55Z">
          <params>
            <param index="0">
              <value>
                <![CDATA[Smoking]]>
              </value>
            </param>
            <param index="1">
              <value>
                <![CDATA[Yes]]>
              </value>
            </param>
            <param index="2">
              <value>
                <![CDATA[1]]>
              </value>
            </param>
            <param index="3">
              <value>
                <![CDATA[1]]>
              </value>
            </param>
            <param index="4">
              <value>
                <![CDATA[Regular]]>
              </value>
            </param>
            <param index="5">
              <value>
                <![CDATA[1]]>
              </value>
            </param>
          </params>
          <exception class="java.lang.AssertionError">
            <message>
              <![CDATA[expected [Record updated successfully!] but found [Record saved successfully!]]]>
            </message>
            <full-stacktrace>
              <![CDATA[java.lang.AssertionError: expected [Record updated successfully!] but found [Record saved successfully!]
	at org.testng.Assert.fail(Assert.java:93)
	at org.testng.Assert.failNotEquals(Assert.java:512)
	at org.testng.Assert.assertEqualsImpl(Assert.java:134)
	at org.testng.Assert.assertEquals(Assert.java:115)
	at org.testng.Assert.assertEquals(Assert.java:189)
	at org.testng.Assert.assertEquals(Assert.java:199)
	at com_Milan_Test.WAddictionsTest.saveAdictions(WAddictionsTest.java:192)
	at sun.reflect.NativeMethodAccessorImpl.invoke0(Native Method)
	at sun.reflect.NativeMethodAccessorImpl.invoke(Unknown Source)
	at sun.reflect.DelegatingMethodAccessorImpl.invoke(Unknown Source)
	at java.lang.reflect.Method.invoke(Unknown Source)
	at org.testng.internal.MethodInvocationHelper.invokeMethod(MethodInvocationHelper.java:108)
	at org.testng.internal.Invoker.invokeMethod(Invoker.java:661)
	at org.testng.internal.Invoker.invokeTestMethod(Invoker.java:869)
	at org.testng.internal.Invoker.invokeTestMethods(Invoker.java:1193)
	at org.testng.internal.TestMethodWorker.invokeTestMethods(TestMethodWorker.java:126)
	at org.testng.internal.TestMethodWorker.run(TestMethodWorker.java:109)
	at org.testng.TestRunner.privateRun(TestRunner.java:744)
	at org.testng.TestRunner.run(TestRunner.java:602)
	at org.testng.SuiteRunner.runTest(SuiteRunner.java:380)
	at org.testng.SuiteRunner.access$000(SuiteRunner.java:39)
	at org.testng.SuiteRunner$SuiteWorker.run(SuiteRunner.java:414)
	at org.testng.internal.thread.ThreadUtil$1.call(ThreadUtil.java:52)
	at java.util.concurrent.FutureTask.run(Unknown Source)
	at java.util.concurrent.ThreadPoolExecutor.runWorker(Unknown Source)
	at java.util.concurrent.ThreadPoolExecutor$Worker.run(Unknown Source)
	at java.lang.Thread.run(Unknown Source)
]]>
            </full-stacktrace>
          </exception> <!-- java.lang.AssertionError -->
          <reporter-output>
          </reporter-output>
        </test-method> <!-- saveAdictions -->
        <test-method status="PASS" signature="Teardown()[pri:0, instance:com_Milan_Test.WAddictionsTest@f1da57d]" name="Teardown" is-config="true" duration-ms="721" started-at="2018-06-26T00:14:55Z" finished-at="2018-06-26T00:14:56Z">
          <reporter-output>
          </reporter-output>
        </test-method> <!-- Teardown -->
        <test-method status="PASS" signature="Setup()[pri:0, instance:com_Milan_Test.WAddictionsTest@f1da57d]" name="Setup" is-config="true" duration-ms="49651" started-at="2018-06-26T00:14:56Z" finished-at="2018-06-26T00:15:46Z">
          <reporter-output>
          </reporter-output>
        </test-method> <!-- Setup -->
        <test-method status="PASS" signature="saveAdictions(java.lang.String, java.lang.String, java.lang.String, java.lang.String, java.lang.String, java.lang.String)[pri:16, instance:com_Milan_Test.WAddictionsTest@f1da57d]" name="saveAdictions" duration-ms="8252" started-at="2018-06-26T00:15:46Z" data-provider="getTestData" finished-at="2018-06-26T00:15:54Z">
          <params>
            <param index="0">
              <value>
                <![CDATA[Smoking]]>
              </value>
            </param>
            <param index="1">
              <value>
                <![CDATA[Yes]]>
              </value>
            </param>
            <param index="2">
              <value>
                <![CDATA[1]]>
              </value>
            </param>
            <param index="3">
              <value>
                <![CDATA[1]]>
              </value>
            </param>
            <param index="4">
              <value>
                <![CDATA[Regular]]>
              </value>
            </param>
            <param index="5">
              <value>
                <![CDATA[1]]>
              </value>
            </param>
          </params>
          <reporter-output>
          </reporter-output>
        </test-method> <!-- saveAdictions -->
        <test-method status="PASS" signature="Teardown()[pri:0, instance:com_Milan_Test.WAddictionsTest@f1da57d]" name="Teardown" is-config="true" duration-ms="709" started-at="2018-06-26T00:15:54Z" finished-at="2018-06-26T00:15:55Z">
          <reporter-output>
          </reporter-output>
        </test-method> <!-- Teardown -->
        <test-method status="PASS" signature="Setup()[pri:0, instance:com_Milan_Test.WAddictionsTest@f1da57d]" name="Setup" is-config="true" duration-ms="50614" started-at="2018-06-26T00:15:55Z" finished-at="2018-06-26T00:16:45Z">
          <reporter-output>
          </reporter-output>
        </test-method> <!-- Setup -->
        <test-method status="PASS" signature="saveAdictions(java.lang.String, java.lang.String, java.lang.String, java.lang.String, java.lang.String, java.lang.String)[pri:16, instance:com_Milan_Test.WAddictionsTest@f1da57d]" name="saveAdictions" duration-ms="8629" started-at="2018-06-26T00:16:45Z" data-provider="getTestData" finished-at="2018-06-26T00:16:54Z">
          <params>
            <param index="0">
              <value>
                <![CDATA[Alcohol]]>
              </value>
            </param>
            <param index="1">
              <value>
                <![CDATA[No]]>
              </value>
            </param>
            <param index="2">
              <value>
                <![CDATA[3]]>
              </value>
            </param>
            <param index="3">
              <value>
                <![CDATA[5]]>
              </value>
            </param>
            <param index="4">
              <value>
                <![CDATA[Irregular]]>
              </value>
            </param>
            <param index="5">
              <value>
                <![CDATA[100]]>
              </value>
            </param>
          </params>
          <reporter-output>
          </reporter-output>
        </test-method> <!-- saveAdictions -->
        <test-method status="PASS" signature="Teardown()[pri:0, instance:com_Milan_Test.WAddictionsTest@f1da57d]" name="Teardown" is-config="true" duration-ms="705" started-at="2018-06-26T00:16:54Z" finished-at="2018-06-26T00:16:55Z">
          <reporter-output>
          </reporter-output>
        </test-method> <!-- Teardown -->
        <test-method status="PASS" signature="Setup()[pri:0, instance:com_Milan_Test.WAddictionsTest@f1da57d]" name="Setup" is-config="true" duration-ms="48859" started-at="2018-06-26T00:16:55Z" finished-at="2018-06-26T00:17:44Z">
          <reporter-output>
          </reporter-output>
        </test-method> <!-- Setup -->
        <test-method status="PASS" signature="saveAdictions(java.lang.String, java.lang.String, java.lang.String, java.lang.String, java.lang.String, java.lang.String)[pri:16, instance:com_Milan_Test.WAddictionsTest@f1da57d]" name="saveAdictions" duration-ms="8170" started-at="2018-06-26T00:17:44Z" data-provider="getTestData" finished-at="2018-06-26T00:17:52Z">
          <params>
            <param index="0">
              <value>
                <![CDATA[Tobacco]]>
              </value>
            </param>
            <param index="1">
              <value>
                <![CDATA[No]]>
              </value>
            </param>
            <param index="2">
              <value>
                <![CDATA[6]]>
              </value>
            </param>
            <param index="3">
              <value>
                <![CDATA[10]]>
              </value>
            </param>
            <param index="4">
              <value>
                <![CDATA[occasional]]>
              </value>
            </param>
            <param index="5">
              <value>
                <![CDATA[2]]>
              </value>
            </param>
          </params>
          <reporter-output>
          </reporter-output>
        </test-method> <!-- saveAdictions -->
        <test-method status="PASS" signature="Teardown()[pri:0, instance:com_Milan_Test.WAddictionsTest@f1da57d]" name="Teardown" is-config="true" duration-ms="738" started-at="2018-06-26T00:17:52Z" finished-at="2018-06-26T00:17:53Z">
          <reporter-output>
          </reporter-output>
        </test-method> <!-- Teardown -->
        <test-method status="PASS" signature="Setup()[pri:0, instance:com_Milan_Test.WAddictionsTest@f1da57d]" name="Setup" is-config="true" duration-ms="50057" started-at="2018-06-26T00:17:53Z" finished-at="2018-06-26T00:18:43Z">
          <reporter-output>
          </reporter-output>
        </test-method> <!-- Setup -->
        <test-method status="PASS" signature="saveAdictions(java.lang.String, java.lang.String, java.lang.String, java.lang.String, java.lang.String, java.lang.String)[pri:16, instance:com_Milan_Test.WAddictionsTest@f1da57d]" name="saveAdictions" duration-ms="8547" started-at="2018-06-26T00:18:43Z" data-provider="getTestData" finished-at="2018-06-26T00:18:51Z">
          <params>
            <param index="0">
              <value>
                <![CDATA[Drug Addiction]]>
              </value>
            </param>
            <param index="1">
              <value>
                <![CDATA[Yes]]>
              </value>
            </param>
            <param index="2">
              <value>
                <![CDATA[9]]>
              </value>
            </param>
            <param index="3">
              <value>
                <![CDATA[15]]>
              </value>
            </param>
            <param index="4">
              <value>
                <![CDATA[Regular]]>
              </value>
            </param>
            <param index="5">
              <value>
                <![CDATA[2]]>
              </value>
            </param>
          </params>
          <reporter-output>
          </reporter-output>
        </test-method> <!-- saveAdictions -->
        <test-method status="PASS" signature="Teardown()[pri:0, instance:com_Milan_Test.WAddictionsTest@f1da57d]" name="Teardown" is-config="true" duration-ms="740" started-at="2018-06-26T00:18:51Z" finished-at="2018-06-26T00:18:52Z">
          <reporter-output>
          </reporter-output>
        </test-method> <!-- Teardown -->
        <test-method status="PASS" signature="Setup()[pri:0, instance:com_Milan_Test.WAddictionsTest@f1da57d]" name="Setup" is-config="true" duration-ms="51013" started-at="2018-06-26T00:18:52Z" finished-at="2018-06-26T00:19:43Z">
          <reporter-output>
          </reporter-output>
        </test-method> <!-- Setup -->
        <test-method status="PASS" signature="saveAdictions(java.lang.String, java.lang.String, java.lang.String, java.lang.String, java.lang.String, java.lang.String)[pri:16, instance:com_Milan_Test.WAddictionsTest@f1da57d]" name="saveAdictions" duration-ms="7715" started-at="2018-06-26T00:19:43Z" data-provider="getTestData" finished-at="2018-06-26T00:19:51Z">
          <params>
            <param index="0">
              <value>
                <![CDATA[Caffeine Addiction]]>
              </value>
            </param>
            <param index="1">
              <value>
                <![CDATA[No]]>
              </value>
            </param>
            <param index="2">
              <value>
                <![CDATA[11]]>
              </value>
            </param>
            <param index="3">
              <value>
                <![CDATA[20]]>
              </value>
            </param>
            <param index="4">
              <value>
                <![CDATA[Irregular]]>
              </value>
            </param>
            <param index="5">
              <value>
                <![CDATA[4]]>
              </value>
            </param>
          </params>
          <reporter-output>
          </reporter-output>
        </test-method> <!-- saveAdictions -->
        <test-method status="PASS" signature="Teardown()[pri:0, instance:com_Milan_Test.WAddictionsTest@f1da57d]" name="Teardown" is-config="true" duration-ms="710" started-at="2018-06-26T00:19:51Z" finished-at="2018-06-26T00:19:51Z">
          <reporter-output>
          </reporter-output>
        </test-method> <!-- Teardown -->
      </class> <!-- com_Milan_Test.WAddictionsTest -->
    </test> <!-- IVFTEST -->
  </suite> <!-- IVFSuite -->
</testng-results>
