<?xml version="1.0" encoding="UTF-8"?>
<testng-results skipped="0" failed="0" ignored="2" total="3" passed="1">
  <reporter-output>
  </reporter-output>
  <suite name="Default suite" duration-ms="60583" started-at="2018-05-06T17:52:50Z" finished-at="2018-05-06T17:53:50Z">
    <groups>
    </groups>
    <test name="Default test" duration-ms="60583" started-at="2018-05-06T17:52:50Z" finished-at="2018-05-06T17:53:50Z">
      <class name="com_Milan_Test.WcomplaintsTest">
        <test-method status="PASS" signature="Setup()[pri:0, instance:com_Milan_Test.WcomplaintsTest@5f341870]" name="Setup" is-config="true" duration-ms="59503" started-at="2018-05-06T23:22:50Z" finished-at="2018-05-06T23:23:49Z">
          <reporter-output>
          </reporter-output>
        </test-method> <!-- Setup -->
        <test-method status="PASS" signature="NextFollowUpTest()[pri:3, instance:com_Milan_Test.WcomplaintsTest@5f341870]" name="NextFollowUpTest" duration-ms="365" started-at="2018-05-06T23:23:49Z" finished-at="2018-05-06T23:23:50Z">
          <reporter-output>
          </reporter-output>
        </test-method> <!-- NextFollowUpTest -->
        <test-method status="PASS" signature="Teardown()[pri:0, instance:com_Milan_Test.WcomplaintsTest@5f341870]" name="Teardown" is-config="true" duration-ms="690" started-at="2018-05-06T23:23:50Z" finished-at="2018-05-06T23:23:50Z">
          <reporter-output>
          </reporter-output>
        </test-method> <!-- Teardown -->
      </class> <!-- com_Milan_Test.WcomplaintsTest -->
    </test> <!-- Default test -->
  </suite> <!-- Default suite -->
</testng-results>
