<?xml version="1.0" encoding="UTF-8"?>
<testng-results skipped="0" failed="0" ignored="0" total="2" passed="2">
  <reporter-output>
  </reporter-output>
  <suite name="Default suite" duration-ms="48152" started-at="2018-05-28T18:04:54Z" finished-at="2018-05-28T18:05:42Z">
    <groups>
    </groups>
    <test name="Default test" duration-ms="48152" started-at="2018-05-28T18:04:54Z" finished-at="2018-05-28T18:05:42Z">
      <class name="com_Milan_Test.SearchPageTest">
        <test-method status="PASS" signature="Setup()[pri:0, instance:com_Milan_Test.SearchPageTest@5f341870]" name="Setup" is-config="true" duration-ms="10766" started-at="2018-05-28T23:34:54Z" finished-at="2018-05-28T23:35:05Z">
          <reporter-output>
          </reporter-output>
        </test-method> <!-- Setup -->
        <test-method status="PASS" signature="SearchPatientUsingCalenderTest()[pri:1, instance:com_Milan_Test.SearchPageTest@5f341870]" name="SearchPatientUsingCalenderTest" duration-ms="16355" started-at="2018-05-28T23:35:05Z" finished-at="2018-05-28T23:35:21Z">
          <reporter-output>
          </reporter-output>
        </test-method> <!-- SearchPatientUsingCalenderTest -->
        <test-method status="PASS" signature="Teardown()[pri:0, instance:com_Milan_Test.SearchPageTest@5f341870]" name="Teardown" is-config="true" duration-ms="678" started-at="2018-05-28T23:35:21Z" finished-at="2018-05-28T23:35:22Z">
          <reporter-output>
          </reporter-output>
        </test-method> <!-- Teardown -->
        <test-method status="PASS" signature="Setup()[pri:0, instance:com_Milan_Test.SearchPageTest@5f341870]" name="Setup" is-config="true" duration-ms="8944" started-at="2018-05-28T23:35:22Z" finished-at="2018-05-28T23:35:31Z">
          <reporter-output>
          </reporter-output>
        </test-method> <!-- Setup -->
        <test-method status="PASS" signature="SearchPatientUsingPatientTabTest()[pri:2, instance:com_Milan_Test.SearchPageTest@5f341870]" name="SearchPatientUsingPatientTabTest" duration-ms="10687" started-at="2018-05-28T23:35:31Z" finished-at="2018-05-28T23:35:41Z">
          <reporter-output>
          </reporter-output>
        </test-method> <!-- SearchPatientUsingPatientTabTest -->
        <test-method status="PASS" signature="Teardown()[pri:0, instance:com_Milan_Test.SearchPageTest@5f341870]" name="Teardown" is-config="true" duration-ms="691" started-at="2018-05-28T23:35:41Z" finished-at="2018-05-28T23:35:42Z">
          <reporter-output>
          </reporter-output>
        </test-method> <!-- Teardown -->
      </class> <!-- com_Milan_Test.SearchPageTest -->
    </test> <!-- Default test -->
  </suite> <!-- Default suite -->
</testng-results>
