<?xml version="1.0" encoding="UTF-8"?>
<testng-results skipped="0" failed="1" ignored="0" total="3" passed="2">
  <reporter-output>
  </reporter-output>
  <suite name="Default suite" duration-ms="91076" started-at="2018-07-03T06:56:04Z" finished-at="2018-07-03T06:57:35Z">
    <groups>
      <group name="functional">
        <method signature="WcomplaintsTest.SaveTheComplaintsTest()[pri:2, instance:com_Milan_Test.WcomplaintsTest@50caa560]" name="SaveTheComplaintsTest" class="com_Milan_Test.WcomplaintsTest"/>
      </group> <!-- functional -->
      <group name="smoketest">
        <method signature="WcomplaintsTest.NextFollowUpTest()[pri:3, instance:com_Milan_Test.WcomplaintsTest@50caa560]" name="NextFollowUpTest" class="com_Milan_Test.WcomplaintsTest"/>
        <method signature="WcomplaintsTest.NumberOfComplaintsTest()[pri:1, instance:com_Milan_Test.WcomplaintsTest@50caa560]" name="NumberOfComplaintsTest" class="com_Milan_Test.WcomplaintsTest"/>
      </group> <!-- smoketest -->
    </groups>
    <test name="Default test" duration-ms="91076" started-at="2018-07-03T06:56:04Z" finished-at="2018-07-03T06:57:35Z">
      <class name="com_Milan_Test.WcomplaintsTest">
        <test-method status="PASS" signature="Setup()[pri:0, instance:com_Milan_Test.WcomplaintsTest@50caa560]" name="Setup" is-config="true" duration-ms="27927" started-at="2018-07-03T12:26:04Z" finished-at="2018-07-03T12:26:32Z">
          <reporter-output>
          </reporter-output>
        </test-method> <!-- Setup -->
        <test-method status="PASS" signature="NumberOfComplaintsTest()[pri:1, instance:com_Milan_Test.WcomplaintsTest@50caa560]" name="NumberOfComplaintsTest" duration-ms="228" started-at="2018-07-03T12:26:32Z" finished-at="2018-07-03T12:26:32Z">
          <reporter-output>
          </reporter-output>
        </test-method> <!-- NumberOfComplaintsTest -->
        <test-method status="PASS" signature="Teardown()[pri:0, instance:com_Milan_Test.WcomplaintsTest@50caa560]" name="Teardown" is-config="true" duration-ms="719" started-at="2018-07-03T12:26:32Z" finished-at="2018-07-03T12:26:33Z">
          <reporter-output>
          </reporter-output>
        </test-method> <!-- Teardown -->
        <test-method status="PASS" signature="Setup()[pri:0, instance:com_Milan_Test.WcomplaintsTest@50caa560]" name="Setup" is-config="true" duration-ms="26838" started-at="2018-07-03T12:26:33Z" finished-at="2018-07-03T12:27:00Z">
          <reporter-output>
          </reporter-output>
        </test-method> <!-- Setup -->
        <test-method status="PASS" signature="SaveTheComplaintsTest()[pri:2, instance:com_Milan_Test.WcomplaintsTest@50caa560]" name="SaveTheComplaintsTest" duration-ms="7056" started-at="2018-07-03T12:27:00Z" finished-at="2018-07-03T12:27:07Z">
          <reporter-output>
          </reporter-output>
        </test-method> <!-- SaveTheComplaintsTest -->
        <test-method status="PASS" signature="Teardown()[pri:0, instance:com_Milan_Test.WcomplaintsTest@50caa560]" name="Teardown" is-config="true" duration-ms="719" started-at="2018-07-03T12:27:07Z" finished-at="2018-07-03T12:27:07Z">
          <reporter-output>
          </reporter-output>
        </test-method> <!-- Teardown -->
        <test-method status="PASS" signature="Setup()[pri:0, instance:com_Milan_Test.WcomplaintsTest@50caa560]" name="Setup" is-config="true" duration-ms="25905" started-at="2018-07-03T12:27:07Z" finished-at="2018-07-03T12:27:33Z">
          <reporter-output>
          </reporter-output>
        </test-method> <!-- Setup -->
        <test-method status="FAIL" signature="NextFollowUpTest()[pri:3, instance:com_Milan_Test.WcomplaintsTest@50caa560]" name="NextFollowUpTest" duration-ms="522" started-at="2018-07-03T12:27:33Z" finished-at="2018-07-03T12:27:34Z">
          <exception class="java.lang.AssertionError">
            <message>
              <![CDATA[expected [false] but found [true]]]>
            </message>
            <full-stacktrace>
              <![CDATA[java.lang.AssertionError: expected [false] but found [true]
	at org.testng.Assert.fail(Assert.java:93)
	at org.testng.Assert.failNotEquals(Assert.java:512)
	at org.testng.Assert.assertFalse(Assert.java:62)
	at org.testng.Assert.assertFalse(Assert.java:72)
	at com_Milan_Test.WcomplaintsTest.NextFollowUpTest(WcomplaintsTest.java:76)
	at sun.reflect.NativeMethodAccessorImpl.invoke0(Native Method)
	at sun.reflect.NativeMethodAccessorImpl.invoke(Unknown Source)
	at sun.reflect.DelegatingMethodAccessorImpl.invoke(Unknown Source)
	at java.lang.reflect.Method.invoke(Unknown Source)
	at org.testng.internal.MethodInvocationHelper.invokeMethod(MethodInvocationHelper.java:108)
	at org.testng.internal.Invoker.invokeMethod(Invoker.java:661)
	at org.testng.internal.Invoker.invokeTestMethod(Invoker.java:869)
	at org.testng.internal.Invoker.invokeTestMethods(Invoker.java:1193)
	at org.testng.internal.TestMethodWorker.invokeTestMethods(TestMethodWorker.java:126)
	at org.testng.internal.TestMethodWorker.run(TestMethodWorker.java:109)
	at org.testng.TestRunner.privateRun(TestRunner.java:744)
	at org.testng.TestRunner.run(TestRunner.java:602)
	at org.testng.SuiteRunner.runTest(SuiteRunner.java:380)
	at org.testng.SuiteRunner.runSequentially(SuiteRunner.java:375)
	at org.testng.SuiteRunner.privateRun(SuiteRunner.java:340)
	at org.testng.SuiteRunner.run(SuiteRunner.java:289)
	at org.testng.SuiteRunnerWorker.runSuite(SuiteRunnerWorker.java:52)
	at org.testng.SuiteRunnerWorker.run(SuiteRunnerWorker.java:86)
	at org.testng.TestNG.runSuitesSequentially(TestNG.java:1301)
	at org.testng.TestNG.runSuitesLocally(TestNG.java:1226)
	at org.testng.TestNG.runSuites(TestNG.java:1144)
	at org.testng.TestNG.run(TestNG.java:1115)
	at org.testng.remote.AbstractRemoteTestNG.run(AbstractRemoteTestNG.java:114)
	at org.testng.remote.RemoteTestNG.initAndRun(RemoteTestNG.java:251)
	at org.testng.remote.RemoteTestNG.main(RemoteTestNG.java:77)
]]>
            </full-stacktrace>
          </exception> <!-- java.lang.AssertionError -->
          <reporter-output>
          </reporter-output>
        </test-method> <!-- NextFollowUpTest -->
        <test-method status="PASS" signature="Teardown()[pri:0, instance:com_Milan_Test.WcomplaintsTest@50caa560]" name="Teardown" is-config="true" duration-ms="735" started-at="2018-07-03T12:27:34Z" finished-at="2018-07-03T12:27:35Z">
          <reporter-output>
          </reporter-output>
        </test-method> <!-- Teardown -->
      </class> <!-- com_Milan_Test.WcomplaintsTest -->
    </test> <!-- Default test -->
  </suite> <!-- Default suite -->
</testng-results>
