<?xml version="1.0" encoding="UTF-8"?>
<testng-results skipped="0" failed="0" ignored="11" total="12" passed="1">
  <reporter-output>
  </reporter-output>
  <suite name="Default suite" duration-ms="108168" started-at="2018-07-26T05:24:06Z" finished-at="2018-07-26T05:25:54Z">
    <groups>
    </groups>
    <test name="Default test" duration-ms="108168" started-at="2018-07-26T05:24:06Z" finished-at="2018-07-26T05:25:54Z">
      <class name="com_Milan_Test.CycleListPageTest">
        <test-method status="PASS" signature="Setup()[pri:0, instance:com_Milan_Test.CycleListPageTest@c03cf28]" name="Setup" is-config="true" duration-ms="102773" started-at="2018-07-26T10:54:06Z" finished-at="2018-07-26T10:55:48Z">
          <reporter-output>
          </reporter-output>
        </test-method> <!-- Setup -->
        <test-method status="PASS" signature="SimulationDrugTest()[pri:10, instance:com_Milan_Test.CycleListPageTest@c03cf28]" name="SimulationDrugTest" duration-ms="4614" started-at="2018-07-26T10:55:48Z" finished-at="2018-07-26T10:55:53Z">
          <reporter-output>
          </reporter-output>
        </test-method> <!-- SimulationDrugTest -->
        <test-method status="PASS" signature="Teardown()[pri:0, instance:com_Milan_Test.CycleListPageTest@c03cf28]" name="Teardown" is-config="true" duration-ms="732" started-at="2018-07-26T10:55:53Z" finished-at="2018-07-26T10:55:54Z">
          <reporter-output>
          </reporter-output>
        </test-method> <!-- Teardown -->
      </class> <!-- com_Milan_Test.CycleListPageTest -->
    </test> <!-- Default test -->
  </suite> <!-- Default suite -->
</testng-results>
