<?xml version="1.0" encoding="UTF-8"?>
<testng-results skipped="0" failed="1" ignored="6" total="7" passed="0">
  <reporter-output>
  </reporter-output>
  <suite name="Default suite" duration-ms="26087" started-at="2018-06-04T13:09:57Z" finished-at="2018-06-04T13:10:23Z">
    <groups>
    </groups>
    <test name="Default test" duration-ms="26087" started-at="2018-06-04T13:09:57Z" finished-at="2018-06-04T13:10:23Z">
      <class name="com_Milan_Test.CycleListPageTest">
        <test-method status="PASS" signature="Setup()[pri:0, instance:com_Milan_Test.CycleListPageTest@175b9425]" name="Setup" is-config="true" duration-ms="22504" started-at="2018-06-04T18:39:57Z" finished-at="2018-06-04T18:40:20Z">
          <reporter-output>
          </reporter-output>
        </test-method> <!-- Setup -->
        <test-method status="FAIL" signature="MethodofSemenCollectionTest()[pri:7, instance:com_Milan_Test.CycleListPageTest@175b9425]" name="MethodofSemenCollectionTest" duration-ms="2404" started-at="2018-06-04T18:40:20Z" finished-at="2018-06-04T18:40:22Z">
          <exception class="java.lang.IndexOutOfBoundsException">
            <message>
              <![CDATA[Index: 5, Size: 5]]>
            </message>
            <full-stacktrace>
              <![CDATA[java.lang.IndexOutOfBoundsException: Index: 5, Size: 5
	at java.util.ArrayList.rangeCheck(Unknown Source)
	at java.util.ArrayList.get(Unknown Source)
	at com_milan_POM.CycleListPage.MethodofSemenCollection(CycleListPage.java:145)
	at com_Milan_Test.CycleListPageTest.MethodofSemenCollectionTest(CycleListPageTest.java:102)
	at sun.reflect.NativeMethodAccessorImpl.invoke0(Native Method)
	at sun.reflect.NativeMethodAccessorImpl.invoke(Unknown Source)
	at sun.reflect.DelegatingMethodAccessorImpl.invoke(Unknown Source)
	at java.lang.reflect.Method.invoke(Unknown Source)
	at org.testng.internal.MethodInvocationHelper.invokeMethod(MethodInvocationHelper.java:108)
	at org.testng.internal.Invoker.invokeMethod(Invoker.java:661)
	at org.testng.internal.Invoker.invokeTestMethod(Invoker.java:869)
	at org.testng.internal.Invoker.invokeTestMethods(Invoker.java:1193)
	at org.testng.internal.TestMethodWorker.invokeTestMethods(TestMethodWorker.java:126)
	at org.testng.internal.TestMethodWorker.run(TestMethodWorker.java:109)
	at org.testng.TestRunner.privateRun(TestRunner.java:744)
	at org.testng.TestRunner.run(TestRunner.java:602)
	at org.testng.SuiteRunner.runTest(SuiteRunner.java:380)
	at org.testng.SuiteRunner.runSequentially(SuiteRunner.java:375)
	at org.testng.SuiteRunner.privateRun(SuiteRunner.java:340)
	at org.testng.SuiteRunner.run(SuiteRunner.java:289)
	at org.testng.SuiteRunnerWorker.runSuite(SuiteRunnerWorker.java:52)
	at org.testng.SuiteRunnerWorker.run(SuiteRunnerWorker.java:86)
	at org.testng.TestNG.runSuitesSequentially(TestNG.java:1301)
	at org.testng.TestNG.runSuitesLocally(TestNG.java:1226)
	at org.testng.TestNG.runSuites(TestNG.java:1144)
	at org.testng.TestNG.run(TestNG.java:1115)
	at org.testng.remote.AbstractRemoteTestNG.run(AbstractRemoteTestNG.java:114)
	at org.testng.remote.RemoteTestNG.initAndRun(RemoteTestNG.java:251)
	at org.testng.remote.RemoteTestNG.main(RemoteTestNG.java:77)
]]>
            </full-stacktrace>
          </exception> <!-- java.lang.IndexOutOfBoundsException -->
          <reporter-output>
          </reporter-output>
        </test-method> <!-- MethodofSemenCollectionTest -->
        <test-method status="PASS" signature="Teardown()[pri:0, instance:com_Milan_Test.CycleListPageTest@175b9425]" name="Teardown" is-config="true" duration-ms="750" started-at="2018-06-04T18:40:23Z" finished-at="2018-06-04T18:40:23Z">
          <reporter-output>
          </reporter-output>
        </test-method> <!-- Teardown -->
      </class> <!-- com_Milan_Test.CycleListPageTest -->
    </test> <!-- Default test -->
  </suite> <!-- Default suite -->
</testng-results>
