<?xml version="1.0" encoding="UTF-8"?>
<testng-results skipped="35" failed="6" ignored="33" total="137" passed="63">
  <reporter-output>
  </reporter-output>
  <suite name="IVFSuite" duration-ms="4238061" started-at="2018-05-31T14:11:53Z" finished-at="2018-05-31T15:22:31Z">
    <groups>
      <group name="Functional">
        <method signature="WAddictionsTest.saveNewAdictions(java.lang.String, java.lang.String, java.lang.String, java.lang.String, java.lang.String, java.lang.String)[pri:17, instance:com_Milan_Test.WAddictionsTest@576d5deb]" name="saveNewAdictions" class="com_Milan_Test.WAddictionsTest"/>
      </group> <!-- Functional -->
      <group name="smoketest">
        <method signature="FemaleDiagnosisTest.DeleteFromFavoriteTest()[pri:6, instance:com_Milan_Test.FemaleDiagnosisTest@534a5a98]" name="DeleteFromFavoriteTest" class="com_Milan_Test.FemaleDiagnosisTest"/>
        <method signature="FemaleDiagnosisTest.TypeSelectionboxEnableconditionForOtherfavorireTest()[pri:5, instance:com_Milan_Test.FemaleDiagnosisTest@534a5a98]" name="TypeSelectionboxEnableconditionForOtherfavorireTest" class="com_Milan_Test.FemaleDiagnosisTest"/>
        <method signature="FemaleDiagnosisTest.checkboxclickTest()[pri:7, instance:com_Milan_Test.FemaleDiagnosisTest@534a5a98]" name="checkboxclickTest" class="com_Milan_Test.FemaleDiagnosisTest"/>
        <method signature="WOPUCycyclePageTest.ClickonCycletabTest()[pri:6, instance:com_Milan_Test.WOPUCycyclePageTest@3f6f6701]" name="ClickonCycletabTest" class="com_Milan_Test.WOPUCycyclePageTest"/>
        <method signature="WOPUCycyclePageTest.SearchcycleTest()[pri:1, instance:com_Milan_Test.WOPUCycyclePageTest@3f6f6701]" name="SearchcycleTest" class="com_Milan_Test.WOPUCycyclePageTest"/>
        <method signature="WVitalsTest.BMITest(java.lang.String, java.lang.String, java.lang.String, java.lang.String, java.lang.String, java.lang.String)[pri:2, instance:com_Milan_Test.WVitalsTest@5e600dd5]" name="BMITest" class="com_Milan_Test.WVitalsTest"/>
        <method signature="WVitalsTest.BPSystolicBundryValueTest(java.lang.String, java.lang.String, java.lang.String, java.lang.String, java.lang.String, java.lang.String)[pri:1, instance:com_Milan_Test.WVitalsTest@5e600dd5]" name="BPSystolicBundryValueTest" class="com_Milan_Test.WVitalsTest"/>
        <method signature="WVitalsTest.SaveAllVitalsValuesTest(java.lang.String, java.lang.String, java.lang.String, java.lang.String, java.lang.String, java.lang.String)[pri:3, instance:com_Milan_Test.WVitalsTest@5e600dd5]" name="SaveAllVitalsValuesTest" class="com_Milan_Test.WVitalsTest"/>
      </group> <!-- smoketest -->
    </groups>
    <test name="IVFTEST" duration-ms="4238061" started-at="2018-05-31T14:11:53Z" finished-at="2018-05-31T15:22:31Z">
      <class name="com_Milan_Test.WMenstrualHistoryTest">
        <test-method status="PASS" signature="Setup()[pri:0, instance:com_Milan_Test.WMenstrualHistoryTest@130c12b7]" name="Setup" is-config="true" duration-ms="49636" started-at="2018-05-31T19:50:35Z" finished-at="2018-05-31T19:51:25Z">
          <reporter-output>
          </reporter-output>
        </test-method> <!-- Setup -->
        <test-method status="PASS" signature="AgeOfMenarcheRangeSartTest()[pri:1, instance:com_Milan_Test.WMenstrualHistoryTest@130c12b7]" name="AgeOfMenarcheRangeSartTest" duration-ms="234" started-at="2018-05-31T19:51:25Z" finished-at="2018-05-31T19:51:25Z">
          <reporter-output>
          </reporter-output>
        </test-method> <!-- AgeOfMenarcheRangeSartTest -->
        <test-method status="PASS" signature="Teardown()[pri:0, instance:com_Milan_Test.WMenstrualHistoryTest@130c12b7]" name="Teardown" is-config="true" duration-ms="711" started-at="2018-05-31T19:51:25Z" finished-at="2018-05-31T19:51:26Z">
          <reporter-output>
          </reporter-output>
        </test-method> <!-- Teardown -->
        <test-method status="PASS" signature="Setup()[pri:0, instance:com_Milan_Test.WMenstrualHistoryTest@130c12b7]" name="Setup" is-config="true" duration-ms="49472" started-at="2018-05-31T20:08:54Z" finished-at="2018-05-31T20:09:43Z">
          <reporter-output>
          </reporter-output>
        </test-method> <!-- Setup -->
        <test-method status="PASS" signature="MenarcheRangeEndTest()[pri:2, instance:com_Milan_Test.WMenstrualHistoryTest@130c12b7]" name="MenarcheRangeEndTest" duration-ms="219" started-at="2018-05-31T20:09:43Z" finished-at="2018-05-31T20:09:44Z">
          <reporter-output>
          </reporter-output>
        </test-method> <!-- MenarcheRangeEndTest -->
        <test-method status="PASS" signature="Teardown()[pri:0, instance:com_Milan_Test.WMenstrualHistoryTest@130c12b7]" name="Teardown" is-config="true" duration-ms="695" started-at="2018-05-31T20:09:44Z" finished-at="2018-05-31T20:09:44Z">
          <reporter-output>
          </reporter-output>
        </test-method> <!-- Teardown -->
        <test-method status="PASS" signature="Setup()[pri:0, instance:com_Milan_Test.WMenstrualHistoryTest@130c12b7]" name="Setup" is-config="true" duration-ms="48202" started-at="2018-05-31T20:24:17Z" finished-at="2018-05-31T20:25:05Z">
          <reporter-output>
          </reporter-output>
        </test-method> <!-- Setup -->
        <test-method status="PASS" signature="LMPcalenderdateSelectionTest()[pri:3, instance:com_Milan_Test.WMenstrualHistoryTest@130c12b7]" name="LMPcalenderdateSelectionTest" duration-ms="1330" started-at="2018-05-31T20:25:05Z" finished-at="2018-05-31T20:25:06Z">
          <reporter-output>
          </reporter-output>
        </test-method> <!-- LMPcalenderdateSelectionTest -->
        <test-method status="PASS" signature="Teardown()[pri:0, instance:com_Milan_Test.WMenstrualHistoryTest@130c12b7]" name="Teardown" is-config="true" duration-ms="728" started-at="2018-05-31T20:25:06Z" finished-at="2018-05-31T20:25:07Z">
          <reporter-output>
          </reporter-output>
        </test-method> <!-- Teardown -->
        <test-method status="PASS" signature="Setup()[pri:0, instance:com_Milan_Test.WMenstrualHistoryTest@130c12b7]" name="Setup" is-config="true" duration-ms="49611" started-at="2018-05-31T20:27:46Z" finished-at="2018-05-31T20:28:36Z">
          <reporter-output>
          </reporter-output>
        </test-method> <!-- Setup -->
        <test-method status="PASS" signature="AmenorrheaTypeTest()[pri:4, instance:com_Milan_Test.WMenstrualHistoryTest@130c12b7]" name="AmenorrheaTypeTest" duration-ms="208" started-at="2018-05-31T20:28:36Z" finished-at="2018-05-31T20:28:36Z">
          <reporter-output>
          </reporter-output>
        </test-method> <!-- AmenorrheaTypeTest -->
        <test-method status="PASS" signature="Teardown()[pri:0, instance:com_Milan_Test.WMenstrualHistoryTest@130c12b7]" name="Teardown" is-config="true" duration-ms="703" started-at="2018-05-31T20:28:36Z" finished-at="2018-05-31T20:28:37Z">
          <reporter-output>
          </reporter-output>
        </test-method> <!-- Teardown -->
        <test-method status="PASS" signature="Setup()[pri:0, instance:com_Milan_Test.WMenstrualHistoryTest@130c12b7]" name="Setup" is-config="true" duration-ms="49831" started-at="2018-05-31T20:31:06Z" finished-at="2018-05-31T20:31:56Z">
          <reporter-output>
          </reporter-output>
        </test-method> <!-- Setup -->
        <test-method status="PASS" signature="CycleDurationTest()[pri:5, instance:com_Milan_Test.WMenstrualHistoryTest@130c12b7]" name="CycleDurationTest" duration-ms="168" started-at="2018-05-31T20:31:56Z" finished-at="2018-05-31T20:31:56Z">
          <reporter-output>
          </reporter-output>
        </test-method> <!-- CycleDurationTest -->
        <test-method status="PASS" signature="Teardown()[pri:0, instance:com_Milan_Test.WMenstrualHistoryTest@130c12b7]" name="Teardown" is-config="true" duration-ms="688" started-at="2018-05-31T20:31:56Z" finished-at="2018-05-31T20:31:57Z">
          <reporter-output>
          </reporter-output>
        </test-method> <!-- Teardown -->
        <test-method status="PASS" signature="Setup()[pri:0, instance:com_Milan_Test.WMenstrualHistoryTest@130c12b7]" name="Setup" is-config="true" duration-ms="47737" started-at="2018-05-31T20:34:39Z" finished-at="2018-05-31T20:35:27Z">
          <reporter-output>
          </reporter-output>
        </test-method> <!-- Setup -->
        <test-method status="PASS" signature="SavevaluesTest()[pri:6, instance:com_Milan_Test.WMenstrualHistoryTest@130c12b7]" name="SavevaluesTest" duration-ms="384" started-at="2018-05-31T20:35:27Z" finished-at="2018-05-31T20:35:27Z">
          <reporter-output>
          </reporter-output>
        </test-method> <!-- SavevaluesTest -->
        <test-method status="PASS" signature="Teardown()[pri:0, instance:com_Milan_Test.WMenstrualHistoryTest@130c12b7]" name="Teardown" is-config="true" duration-ms="696" started-at="2018-05-31T20:35:27Z" finished-at="2018-05-31T20:35:28Z">
          <reporter-output>
          </reporter-output>
        </test-method> <!-- Teardown -->
        <test-method status="PASS" signature="Setup()[pri:0, instance:com_Milan_Test.WMenstrualHistoryTest@130c12b7]" name="Setup" is-config="true" duration-ms="51188" started-at="2018-05-31T20:37:08Z" finished-at="2018-05-31T20:37:59Z">
          <reporter-output>
          </reporter-output>
        </test-method> <!-- Setup -->
        <test-method status="PASS" signature="MenstruationTest1()[pri:7, instance:com_Milan_Test.WMenstrualHistoryTest@130c12b7]" name="MenstruationTest1" duration-ms="143" started-at="2018-05-31T20:37:59Z" finished-at="2018-05-31T20:37:59Z">
          <reporter-output>
          </reporter-output>
        </test-method> <!-- MenstruationTest1 -->
        <test-method status="PASS" signature="Teardown()[pri:0, instance:com_Milan_Test.WMenstrualHistoryTest@130c12b7]" name="Teardown" is-config="true" duration-ms="698" started-at="2018-05-31T20:37:59Z" finished-at="2018-05-31T20:38:00Z">
          <reporter-output>
          </reporter-output>
        </test-method> <!-- Teardown -->
        <test-method status="PASS" signature="Setup()[pri:0, instance:com_Milan_Test.WMenstrualHistoryTest@130c12b7]" name="Setup" is-config="true" duration-ms="49224" started-at="2018-05-31T20:39:39Z" finished-at="2018-05-31T20:40:29Z">
          <reporter-output>
          </reporter-output>
        </test-method> <!-- Setup -->
        <test-method status="PASS" signature="MenstrualFlowtextTest()[pri:8, instance:com_Milan_Test.WMenstrualHistoryTest@130c12b7]" name="MenstrualFlowtextTest" duration-ms="218" started-at="2018-05-31T20:40:29Z" finished-at="2018-05-31T20:40:29Z">
          <reporter-output>
          </reporter-output>
        </test-method> <!-- MenstrualFlowtextTest -->
        <test-method status="PASS" signature="Teardown()[pri:0, instance:com_Milan_Test.WMenstrualHistoryTest@130c12b7]" name="Teardown" is-config="true" duration-ms="704" started-at="2018-05-31T20:40:29Z" finished-at="2018-05-31T20:40:30Z">
          <reporter-output>
          </reporter-output>
        </test-method> <!-- Teardown -->
      </class> <!-- com_Milan_Test.WMenstrualHistoryTest -->
      <class name="com_Milan_Test.CycleListPageTest">
        <test-method status="PASS" signature="Setup()[pri:0, instance:com_Milan_Test.CycleListPageTest@60bd273d]" name="Setup" is-config="true" duration-ms="21436" started-at="2018-05-31T19:49:23Z" finished-at="2018-05-31T19:49:45Z">
          <reporter-output>
          </reporter-output>
        </test-method> <!-- Setup -->
        <test-method status="PASS" signature="CycleListTitleTest()[pri:1, instance:com_Milan_Test.CycleListPageTest@60bd273d]" name="CycleListTitleTest" duration-ms="226" started-at="2018-05-31T19:49:45Z" finished-at="2018-05-31T19:49:45Z">
          <reporter-output>
          </reporter-output>
        </test-method> <!-- CycleListTitleTest -->
        <test-method status="PASS" signature="Setup()[pri:0, instance:com_Milan_Test.CycleListPageTest@60bd273d]" name="Setup" is-config="true" duration-ms="20424" started-at="2018-05-31T20:06:53Z" finished-at="2018-05-31T20:07:13Z">
          <reporter-output>
          </reporter-output>
        </test-method> <!-- Setup -->
        <test-method status="SKIP" signature="NewCycleButtonEnableConditionTest()[pri:2, instance:com_Milan_Test.CycleListPageTest@60bd273d]" name="NewCycleButtonEnableConditionTest" duration-ms="30043" started-at="2018-05-31T20:07:13Z" finished-at="2018-05-31T20:07:43Z">
          <exception class="org.openqa.selenium.NoSuchElementException">
            <message>
              <![CDATA[no such element: Unable to locate element: {"method":"xpath","selector":"//button[@class='f-right btn-txt-link']"}
  (Session info: chrome=66.0.3359.181)
  (Driver info: chromedriver=2.36.540470 (e522d04694c7ebea4ba8821272dbef4f9b818c91),platform=Windows NT 6.3.9600 x86_64) (WARNING: The server did not provide any stacktrace information)
Command duration or timeout: 0 milliseconds
For documentation on this error, please visit: http://seleniumhq.org/exceptions/no_such_element.html
Build info: version: '3.5.3', revision: 'a88d25fe6b', time: '2017-08-29T12:42:44.417Z'
System info: host: 'IVF111', ip: '192.168.1.56', os.name: 'Windows 8.1', os.arch: 'amd64', os.version: '6.3', java.version: '1.8.0_161'
Driver info: org.openqa.selenium.chrome.ChromeDriver
Capabilities [{mobileEmulationEnabled=false, hasTouchScreen=false, platform=WIN8_1, acceptSslCerts=false, acceptInsecureCerts=false, webStorageEnabled=true, browserName=chrome, takesScreenshot=true, javascriptEnabled=true, platformName=WIN8_1, setWindowRect=true, unexpectedAlertBehaviour=, applicationCacheEnabled=false, rotatable=false, networkConnectionEnabled=false, chrome={chromedriverVersion=2.36.540470 (e522d04694c7ebea4ba8821272dbef4f9b818c91), userDataDir=C:\Users\paragb\AppData\Local\Temp\scoped_dir13960_12958}, takesHeapSnapshot=true, pageLoadStrategy=normal, unhandledPromptBehavior=, databaseEnabled=false, handlesAlerts=true, version=66.0.3359.181, browserConnectionEnabled=false, nativeEvents=true, locationContextEnabled=true, cssSelectorsEnabled=true}]
Session ID: 88e9202d5411dc6d3607f3c4a7a11c99
*** Element info: {Using=xpath, value=//button[@class='f-right btn-txt-link']}]]>
            </message>
            <full-stacktrace>
              <![CDATA[org.openqa.selenium.NoSuchElementException: no such element: Unable to locate element: {"method":"xpath","selector":"//button[@class='f-right btn-txt-link']"}
  (Session info: chrome=66.0.3359.181)
  (Driver info: chromedriver=2.36.540470 (e522d04694c7ebea4ba8821272dbef4f9b818c91),platform=Windows NT 6.3.9600 x86_64) (WARNING: The server did not provide any stacktrace information)
Command duration or timeout: 0 milliseconds
For documentation on this error, please visit: http://seleniumhq.org/exceptions/no_such_element.html
Build info: version: '3.5.3', revision: 'a88d25fe6b', time: '2017-08-29T12:42:44.417Z'
System info: host: 'IVF111', ip: '192.168.1.56', os.name: 'Windows 8.1', os.arch: 'amd64', os.version: '6.3', java.version: '1.8.0_161'
Driver info: org.openqa.selenium.chrome.ChromeDriver
Capabilities [{mobileEmulationEnabled=false, hasTouchScreen=false, platform=WIN8_1, acceptSslCerts=false, acceptInsecureCerts=false, webStorageEnabled=true, browserName=chrome, takesScreenshot=true, javascriptEnabled=true, platformName=WIN8_1, setWindowRect=true, unexpectedAlertBehaviour=, applicationCacheEnabled=false, rotatable=false, networkConnectionEnabled=false, chrome={chromedriverVersion=2.36.540470 (e522d04694c7ebea4ba8821272dbef4f9b818c91), userDataDir=C:\Users\paragb\AppData\Local\Temp\scoped_dir13960_12958}, takesHeapSnapshot=true, pageLoadStrategy=normal, unhandledPromptBehavior=, databaseEnabled=false, handlesAlerts=true, version=66.0.3359.181, browserConnectionEnabled=false, nativeEvents=true, locationContextEnabled=true, cssSelectorsEnabled=true}]
Session ID: 88e9202d5411dc6d3607f3c4a7a11c99
*** Element info: {Using=xpath, value=//button[@class='f-right btn-txt-link']}
	at sun.reflect.NativeConstructorAccessorImpl.newInstance0(Native Method)
	at sun.reflect.NativeConstructorAccessorImpl.newInstance(Unknown Source)
	at sun.reflect.DelegatingConstructorAccessorImpl.newInstance(Unknown Source)
	at java.lang.reflect.Constructor.newInstance(Unknown Source)
	at org.openqa.selenium.remote.ErrorHandler.createThrowable(ErrorHandler.java:215)
	at org.openqa.selenium.remote.ErrorHandler.throwIfResponseFailed(ErrorHandler.java:167)
	at org.openqa.selenium.remote.http.JsonHttpResponseCodec.reconstructValue(JsonHttpResponseCodec.java:40)
	at org.openqa.selenium.remote.http.AbstractHttpResponseCodec.decode(AbstractHttpResponseCodec.java:82)
	at org.openqa.selenium.remote.http.AbstractHttpResponseCodec.decode(AbstractHttpResponseCodec.java:45)
	at org.openqa.selenium.remote.HttpCommandExecutor.execute(HttpCommandExecutor.java:164)
	at org.openqa.selenium.remote.service.DriverCommandExecutor.execute(DriverCommandExecutor.java:82)
	at org.openqa.selenium.remote.RemoteWebDriver.execute(RemoteWebDriver.java:646)
	at org.openqa.selenium.remote.RemoteWebDriver.findElement(RemoteWebDriver.java:416)
	at org.openqa.selenium.remote.RemoteWebDriver.findElementByXPath(RemoteWebDriver.java:518)
	at org.openqa.selenium.By$ByXPath.findElement(By.java:361)
	at org.openqa.selenium.remote.RemoteWebDriver.findElement(RemoteWebDriver.java:408)
	at sun.reflect.GeneratedMethodAccessor6.invoke(Unknown Source)
	at sun.reflect.DelegatingMethodAccessorImpl.invoke(Unknown Source)
	at java.lang.reflect.Method.invoke(Unknown Source)
	at org.openqa.selenium.support.events.EventFiringWebDriver$2.invoke(EventFiringWebDriver.java:105)
	at com.sun.proxy.$Proxy9.findElement(Unknown Source)
	at org.openqa.selenium.support.events.EventFiringWebDriver.findElement(EventFiringWebDriver.java:189)
	at org.openqa.selenium.support.pagefactory.DefaultElementLocator.findElement(DefaultElementLocator.java:69)
	at org.openqa.selenium.support.pagefactory.internal.LocatingElementHandler.invoke(LocatingElementHandler.java:38)
	at com.sun.proxy.$Proxy13.isEnabled(Unknown Source)
	at com_milan_POM.CycleListPage.NewCycleButtonEnableCondition(CycleListPage.java:22)
	at com_Milan_Test.CycleListPageTest.NewCycleButtonEnableConditionTest(CycleListPageTest.java:57)
	at sun.reflect.NativeMethodAccessorImpl.invoke0(Native Method)
	at sun.reflect.NativeMethodAccessorImpl.invoke(Unknown Source)
	at sun.reflect.DelegatingMethodAccessorImpl.invoke(Unknown Source)
	at java.lang.reflect.Method.invoke(Unknown Source)
	at org.testng.internal.MethodInvocationHelper.invokeMethod(MethodInvocationHelper.java:108)
	at org.testng.internal.Invoker.invokeMethod(Invoker.java:661)
	at org.testng.internal.Invoker.invokeTestMethod(Invoker.java:869)
	at org.testng.internal.Invoker.invokeTestMethods(Invoker.java:1193)
	at org.testng.internal.TestMethodWorker.invokeTestMethods(TestMethodWorker.java:126)
	at org.testng.internal.TestMethodWorker.run(TestMethodWorker.java:109)
	at org.testng.TestRunner.privateRun(TestRunner.java:744)
	at org.testng.TestRunner.run(TestRunner.java:602)
	at org.testng.SuiteRunner.runTest(SuiteRunner.java:380)
	at org.testng.SuiteRunner.access$000(SuiteRunner.java:39)
	at org.testng.SuiteRunner$SuiteWorker.run(SuiteRunner.java:414)
	at org.testng.internal.thread.ThreadUtil$1.call(ThreadUtil.java:52)
	at java.util.concurrent.FutureTask.run(Unknown Source)
	at java.util.concurrent.ThreadPoolExecutor.runWorker(Unknown Source)
	at java.util.concurrent.ThreadPoolExecutor$Worker.run(Unknown Source)
	at java.lang.Thread.run(Unknown Source)
]]>
            </full-stacktrace>
          </exception> <!-- org.openqa.selenium.NoSuchElementException -->
          <reporter-output>
          </reporter-output>
        </test-method> <!-- NewCycleButtonEnableConditionTest -->
        <test-method status="FAIL" signature="Setup()[pri:0, instance:com_Milan_Test.CycleListPageTest@60bd273d]" name="Setup" is-config="true" duration-ms="20646" started-at="2018-05-31T20:07:44Z" finished-at="2018-05-31T20:08:04Z">
          <exception class="org.openqa.selenium.WebDriverException">
            <message>
              <![CDATA[unknown error: Element <a href="#ARTCycle" id="menuField_ARTCycle" class="active_white_color" ng-show="IsFemale">...</a> is not clickable at point (75, 465). Other element would receive the click: <div modal-render="true" tabindex="-1" role="dialog" class="modal fade ng-isolate-scope in" uib-modal-animation-class="fade" modal-in-class="in" ng-style="{'z-index': 1050 + index*10, display: 'block'}" uib-modal-window="modal-window" size="md" index="0" animate="animate" modal-animation="true" style="z-index: 1050; display: block;">...</div>
  (Session info: chrome=66.0.3359.181)
  (Driver info: chromedriver=2.36.540470 (e522d04694c7ebea4ba8821272dbef4f9b818c91),platform=Windows NT 6.3.9600 x86_64) (WARNING: The server did not provide any stacktrace information)
Command duration or timeout: 0 milliseconds
Build info: version: '3.5.3', revision: 'a88d25fe6b', time: '2017-08-29T12:42:44.417Z'
System info: host: 'IVF111', ip: '192.168.1.56', os.name: 'Windows 8.1', os.arch: 'amd64', os.version: '6.3', java.version: '1.8.0_161'
Driver info: org.openqa.selenium.chrome.ChromeDriver
Capabilities [{mobileEmulationEnabled=false, hasTouchScreen=false, platform=WIN8_1, acceptSslCerts=false, acceptInsecureCerts=false, webStorageEnabled=true, browserName=chrome, takesScreenshot=true, javascriptEnabled=true, platformName=WIN8_1, setWindowRect=true, unexpectedAlertBehaviour=, applicationCacheEnabled=false, rotatable=false, networkConnectionEnabled=false, chrome={chromedriverVersion=2.36.540470 (e522d04694c7ebea4ba8821272dbef4f9b818c91), userDataDir=C:\Users\paragb\AppData\Local\Temp\scoped_dir17396_5518}, takesHeapSnapshot=true, pageLoadStrategy=normal, unhandledPromptBehavior=, databaseEnabled=false, handlesAlerts=true, version=66.0.3359.181, browserConnectionEnabled=false, nativeEvents=true, locationContextEnabled=true, cssSelectorsEnabled=true}]
Session ID: 7735813bb26b9557fa04d6c94122f591]]>
            </message>
            <full-stacktrace>
              <![CDATA[org.openqa.selenium.WebDriverException: unknown error: Element <a href="#ARTCycle" id="menuField_ARTCycle" class="active_white_color" ng-show="IsFemale">...</a> is not clickable at point (75, 465). Other element would receive the click: <div modal-render="true" tabindex="-1" role="dialog" class="modal fade ng-isolate-scope in" uib-modal-animation-class="fade" modal-in-class="in" ng-style="{'z-index': 1050 + index*10, display: 'block'}" uib-modal-window="modal-window" size="md" index="0" animate="animate" modal-animation="true" style="z-index: 1050; display: block;">...</div>
  (Session info: chrome=66.0.3359.181)
  (Driver info: chromedriver=2.36.540470 (e522d04694c7ebea4ba8821272dbef4f9b818c91),platform=Windows NT 6.3.9600 x86_64) (WARNING: The server did not provide any stacktrace information)
Command duration or timeout: 0 milliseconds
Build info: version: '3.5.3', revision: 'a88d25fe6b', time: '2017-08-29T12:42:44.417Z'
System info: host: 'IVF111', ip: '192.168.1.56', os.name: 'Windows 8.1', os.arch: 'amd64', os.version: '6.3', java.version: '1.8.0_161'
Driver info: org.openqa.selenium.chrome.ChromeDriver
Capabilities [{mobileEmulationEnabled=false, hasTouchScreen=false, platform=WIN8_1, acceptSslCerts=false, acceptInsecureCerts=false, webStorageEnabled=true, browserName=chrome, takesScreenshot=true, javascriptEnabled=true, platformName=WIN8_1, setWindowRect=true, unexpectedAlertBehaviour=, applicationCacheEnabled=false, rotatable=false, networkConnectionEnabled=false, chrome={chromedriverVersion=2.36.540470 (e522d04694c7ebea4ba8821272dbef4f9b818c91), userDataDir=C:\Users\paragb\AppData\Local\Temp\scoped_dir17396_5518}, takesHeapSnapshot=true, pageLoadStrategy=normal, unhandledPromptBehavior=, databaseEnabled=false, handlesAlerts=true, version=66.0.3359.181, browserConnectionEnabled=false, nativeEvents=true, locationContextEnabled=true, cssSelectorsEnabled=true}]
Session ID: 7735813bb26b9557fa04d6c94122f591
	at sun.reflect.NativeConstructorAccessorImpl.newInstance0(Native Method)
	at sun.reflect.NativeConstructorAccessorImpl.newInstance(Unknown Source)
	at sun.reflect.DelegatingConstructorAccessorImpl.newInstance(Unknown Source)
	at java.lang.reflect.Constructor.newInstance(Unknown Source)
	at org.openqa.selenium.remote.ErrorHandler.createThrowable(ErrorHandler.java:215)
	at org.openqa.selenium.remote.ErrorHandler.throwIfResponseFailed(ErrorHandler.java:167)
	at org.openqa.selenium.remote.http.JsonHttpResponseCodec.reconstructValue(JsonHttpResponseCodec.java:40)
	at org.openqa.selenium.remote.http.AbstractHttpResponseCodec.decode(AbstractHttpResponseCodec.java:82)
	at org.openqa.selenium.remote.http.AbstractHttpResponseCodec.decode(AbstractHttpResponseCodec.java:45)
	at org.openqa.selenium.remote.HttpCommandExecutor.execute(HttpCommandExecutor.java:164)
	at org.openqa.selenium.remote.service.DriverCommandExecutor.execute(DriverCommandExecutor.java:82)
	at org.openqa.selenium.remote.RemoteWebDriver.execute(RemoteWebDriver.java:646)
	at org.openqa.selenium.remote.RemoteWebElement.execute(RemoteWebElement.java:275)
	at org.openqa.selenium.remote.RemoteWebElement.click(RemoteWebElement.java:82)
	at sun.reflect.GeneratedMethodAccessor12.invoke(Unknown Source)
	at sun.reflect.DelegatingMethodAccessorImpl.invoke(Unknown Source)
	at java.lang.reflect.Method.invoke(Unknown Source)
	at org.openqa.selenium.support.events.EventFiringWebDriver$EventFiringWebElement$1.invoke(EventFiringWebDriver.java:350)
	at com.sun.proxy.$Proxy14.click(Unknown Source)
	at org.openqa.selenium.support.events.EventFiringWebDriver$EventFiringWebElement.click(EventFiringWebDriver.java:363)
	at sun.reflect.GeneratedMethodAccessor12.invoke(Unknown Source)
	at sun.reflect.DelegatingMethodAccessorImpl.invoke(Unknown Source)
	at java.lang.reflect.Method.invoke(Unknown Source)
	at org.openqa.selenium.support.pagefactory.internal.LocatingElementHandler.invoke(LocatingElementHandler.java:51)
	at com.sun.proxy.$Proxy13.click(Unknown Source)
	at com_milan_POM.EMRDashBoardPage.ClickonCycle(EMRDashBoardPage.java:274)
	at com_Milan_Test.CycleListPageTest.Setup(CycleListPageTest.java:43)
	at sun.reflect.NativeMethodAccessorImpl.invoke0(Native Method)
	at sun.reflect.NativeMethodAccessorImpl.invoke(Unknown Source)
	at sun.reflect.DelegatingMethodAccessorImpl.invoke(Unknown Source)
	at java.lang.reflect.Method.invoke(Unknown Source)
	at org.testng.internal.MethodInvocationHelper.invokeMethod(MethodInvocationHelper.java:108)
	at org.testng.internal.Invoker.invokeConfigurationMethod(Invoker.java:523)
	at org.testng.internal.Invoker.invokeConfigurations(Invoker.java:224)
	at org.testng.internal.Invoker.invokeMethod(Invoker.java:599)
	at org.testng.internal.Invoker.retryFailed(Invoker.java:1014)
	at org.testng.internal.Invoker.invokeTestMethods(Invoker.java:1215)
	at org.testng.internal.TestMethodWorker.invokeTestMethods(TestMethodWorker.java:126)
	at org.testng.internal.TestMethodWorker.run(TestMethodWorker.java:109)
	at org.testng.TestRunner.privateRun(TestRunner.java:744)
	at org.testng.TestRunner.run(TestRunner.java:602)
	at org.testng.SuiteRunner.runTest(SuiteRunner.java:380)
	at org.testng.SuiteRunner.access$000(SuiteRunner.java:39)
	at org.testng.SuiteRunner$SuiteWorker.run(SuiteRunner.java:414)
	at org.testng.internal.thread.ThreadUtil$1.call(ThreadUtil.java:52)
	at java.util.concurrent.FutureTask.run(Unknown Source)
	at java.util.concurrent.ThreadPoolExecutor.runWorker(Unknown Source)
	at java.util.concurrent.ThreadPoolExecutor$Worker.run(Unknown Source)
	at java.lang.Thread.run(Unknown Source)
]]>
            </full-stacktrace>
          </exception> <!-- org.openqa.selenium.WebDriverException -->
          <reporter-output>
          </reporter-output>
        </test-method> <!-- Setup -->
        <test-method status="SKIP" signature="NewCycleButtonEnableConditionTest()[pri:2, instance:com_Milan_Test.CycleListPageTest@60bd273d]" name="NewCycleButtonEnableConditionTest" duration-ms="0" started-at="2018-05-31T20:08:04Z" finished-at="2018-05-31T20:08:04Z">
          <exception class="org.openqa.selenium.WebDriverException">
            <message>
              <![CDATA[unknown error: Element <a href="#ARTCycle" id="menuField_ARTCycle" class="active_white_color" ng-show="IsFemale">...</a> is not clickable at point (75, 465). Other element would receive the click: <div modal-render="true" tabindex="-1" role="dialog" class="modal fade ng-isolate-scope in" uib-modal-animation-class="fade" modal-in-class="in" ng-style="{'z-index': 1050 + index*10, display: 'block'}" uib-modal-window="modal-window" size="md" index="0" animate="animate" modal-animation="true" style="z-index: 1050; display: block;">...</div>
  (Session info: chrome=66.0.3359.181)
  (Driver info: chromedriver=2.36.540470 (e522d04694c7ebea4ba8821272dbef4f9b818c91),platform=Windows NT 6.3.9600 x86_64) (WARNING: The server did not provide any stacktrace information)
Command duration or timeout: 0 milliseconds
Build info: version: '3.5.3', revision: 'a88d25fe6b', time: '2017-08-29T12:42:44.417Z'
System info: host: 'IVF111', ip: '192.168.1.56', os.name: 'Windows 8.1', os.arch: 'amd64', os.version: '6.3', java.version: '1.8.0_161'
Driver info: org.openqa.selenium.chrome.ChromeDriver
Capabilities [{mobileEmulationEnabled=false, hasTouchScreen=false, platform=WIN8_1, acceptSslCerts=false, acceptInsecureCerts=false, webStorageEnabled=true, browserName=chrome, takesScreenshot=true, javascriptEnabled=true, platformName=WIN8_1, setWindowRect=true, unexpectedAlertBehaviour=, applicationCacheEnabled=false, rotatable=false, networkConnectionEnabled=false, chrome={chromedriverVersion=2.36.540470 (e522d04694c7ebea4ba8821272dbef4f9b818c91), userDataDir=C:\Users\paragb\AppData\Local\Temp\scoped_dir17396_5518}, takesHeapSnapshot=true, pageLoadStrategy=normal, unhandledPromptBehavior=, databaseEnabled=false, handlesAlerts=true, version=66.0.3359.181, browserConnectionEnabled=false, nativeEvents=true, locationContextEnabled=true, cssSelectorsEnabled=true}]
Session ID: 7735813bb26b9557fa04d6c94122f591]]>
            </message>
            <full-stacktrace>
              <![CDATA[org.openqa.selenium.WebDriverException: unknown error: Element <a href="#ARTCycle" id="menuField_ARTCycle" class="active_white_color" ng-show="IsFemale">...</a> is not clickable at point (75, 465). Other element would receive the click: <div modal-render="true" tabindex="-1" role="dialog" class="modal fade ng-isolate-scope in" uib-modal-animation-class="fade" modal-in-class="in" ng-style="{'z-index': 1050 + index*10, display: 'block'}" uib-modal-window="modal-window" size="md" index="0" animate="animate" modal-animation="true" style="z-index: 1050; display: block;">...</div>
  (Session info: chrome=66.0.3359.181)
  (Driver info: chromedriver=2.36.540470 (e522d04694c7ebea4ba8821272dbef4f9b818c91),platform=Windows NT 6.3.9600 x86_64) (WARNING: The server did not provide any stacktrace information)
Command duration or timeout: 0 milliseconds
Build info: version: '3.5.3', revision: 'a88d25fe6b', time: '2017-08-29T12:42:44.417Z'
System info: host: 'IVF111', ip: '192.168.1.56', os.name: 'Windows 8.1', os.arch: 'amd64', os.version: '6.3', java.version: '1.8.0_161'
Driver info: org.openqa.selenium.chrome.ChromeDriver
Capabilities [{mobileEmulationEnabled=false, hasTouchScreen=false, platform=WIN8_1, acceptSslCerts=false, acceptInsecureCerts=false, webStorageEnabled=true, browserName=chrome, takesScreenshot=true, javascriptEnabled=true, platformName=WIN8_1, setWindowRect=true, unexpectedAlertBehaviour=, applicationCacheEnabled=false, rotatable=false, networkConnectionEnabled=false, chrome={chromedriverVersion=2.36.540470 (e522d04694c7ebea4ba8821272dbef4f9b818c91), userDataDir=C:\Users\paragb\AppData\Local\Temp\scoped_dir17396_5518}, takesHeapSnapshot=true, pageLoadStrategy=normal, unhandledPromptBehavior=, databaseEnabled=false, handlesAlerts=true, version=66.0.3359.181, browserConnectionEnabled=false, nativeEvents=true, locationContextEnabled=true, cssSelectorsEnabled=true}]
Session ID: 7735813bb26b9557fa04d6c94122f591
	at sun.reflect.NativeConstructorAccessorImpl.newInstance0(Native Method)
	at sun.reflect.NativeConstructorAccessorImpl.newInstance(Unknown Source)
	at sun.reflect.DelegatingConstructorAccessorImpl.newInstance(Unknown Source)
	at java.lang.reflect.Constructor.newInstance(Unknown Source)
	at org.openqa.selenium.remote.ErrorHandler.createThrowable(ErrorHandler.java:215)
	at org.openqa.selenium.remote.ErrorHandler.throwIfResponseFailed(ErrorHandler.java:167)
	at org.openqa.selenium.remote.http.JsonHttpResponseCodec.reconstructValue(JsonHttpResponseCodec.java:40)
	at org.openqa.selenium.remote.http.AbstractHttpResponseCodec.decode(AbstractHttpResponseCodec.java:82)
	at org.openqa.selenium.remote.http.AbstractHttpResponseCodec.decode(AbstractHttpResponseCodec.java:45)
	at org.openqa.selenium.remote.HttpCommandExecutor.execute(HttpCommandExecutor.java:164)
	at org.openqa.selenium.remote.service.DriverCommandExecutor.execute(DriverCommandExecutor.java:82)
	at org.openqa.selenium.remote.RemoteWebDriver.execute(RemoteWebDriver.java:646)
	at org.openqa.selenium.remote.RemoteWebElement.execute(RemoteWebElement.java:275)
	at org.openqa.selenium.remote.RemoteWebElement.click(RemoteWebElement.java:82)
	at sun.reflect.GeneratedMethodAccessor12.invoke(Unknown Source)
	at sun.reflect.DelegatingMethodAccessorImpl.invoke(Unknown Source)
	at java.lang.reflect.Method.invoke(Unknown Source)
	at org.openqa.selenium.support.events.EventFiringWebDriver$EventFiringWebElement$1.invoke(EventFiringWebDriver.java:350)
	at com.sun.proxy.$Proxy14.click(Unknown Source)
	at org.openqa.selenium.support.events.EventFiringWebDriver$EventFiringWebElement.click(EventFiringWebDriver.java:363)
	at sun.reflect.GeneratedMethodAccessor12.invoke(Unknown Source)
	at sun.reflect.DelegatingMethodAccessorImpl.invoke(Unknown Source)
	at java.lang.reflect.Method.invoke(Unknown Source)
	at org.openqa.selenium.support.pagefactory.internal.LocatingElementHandler.invoke(LocatingElementHandler.java:51)
	at com.sun.proxy.$Proxy13.click(Unknown Source)
	at com_milan_POM.EMRDashBoardPage.ClickonCycle(EMRDashBoardPage.java:274)
	at com_Milan_Test.CycleListPageTest.Setup(CycleListPageTest.java:43)
	at sun.reflect.NativeMethodAccessorImpl.invoke0(Native Method)
	at sun.reflect.NativeMethodAccessorImpl.invoke(Unknown Source)
	at sun.reflect.DelegatingMethodAccessorImpl.invoke(Unknown Source)
	at java.lang.reflect.Method.invoke(Unknown Source)
	at org.testng.internal.MethodInvocationHelper.invokeMethod(MethodInvocationHelper.java:108)
	at org.testng.internal.Invoker.invokeConfigurationMethod(Invoker.java:523)
	at org.testng.internal.Invoker.invokeConfigurations(Invoker.java:224)
	at org.testng.internal.Invoker.invokeMethod(Invoker.java:599)
	at org.testng.internal.Invoker.retryFailed(Invoker.java:1014)
	at org.testng.internal.Invoker.invokeTestMethods(Invoker.java:1215)
	at org.testng.internal.TestMethodWorker.invokeTestMethods(TestMethodWorker.java:126)
	at org.testng.internal.TestMethodWorker.run(TestMethodWorker.java:109)
	at org.testng.TestRunner.privateRun(TestRunner.java:744)
	at org.testng.TestRunner.run(TestRunner.java:602)
	at org.testng.SuiteRunner.runTest(SuiteRunner.java:380)
	at org.testng.SuiteRunner.access$000(SuiteRunner.java:39)
	at org.testng.SuiteRunner$SuiteWorker.run(SuiteRunner.java:414)
	at org.testng.internal.thread.ThreadUtil$1.call(ThreadUtil.java:52)
	at java.util.concurrent.FutureTask.run(Unknown Source)
	at java.util.concurrent.ThreadPoolExecutor.runWorker(Unknown Source)
	at java.util.concurrent.ThreadPoolExecutor$Worker.run(Unknown Source)
	at java.lang.Thread.run(Unknown Source)
]]>
            </full-stacktrace>
          </exception> <!-- org.openqa.selenium.WebDriverException -->
          <reporter-output>
          </reporter-output>
        </test-method> <!-- NewCycleButtonEnableConditionTest -->
      </class> <!-- com_Milan_Test.CycleListPageTest -->
      <class name="com_Milan_Test.WObstetricHistoryPageTest">
        <test-method status="PASS" signature="Setup()[pri:0, instance:com_Milan_Test.WObstetricHistoryPageTest@121314f7]" name="Setup" is-config="true" duration-ms="49290" started-at="2018-05-31T19:49:45Z" finished-at="2018-05-31T19:50:34Z">
          <reporter-output>
          </reporter-output>
        </test-method> <!-- Setup -->
        <test-method status="PASS" signature="BirthWeightValueTextTest()[pri:1, instance:com_Milan_Test.WObstetricHistoryPageTest@121314f7]" name="BirthWeightValueTextTest" duration-ms="349" started-at="2018-05-31T19:50:34Z" finished-at="2018-05-31T19:50:34Z">
          <reporter-output>
          </reporter-output>
        </test-method> <!-- BirthWeightValueTextTest -->
        <test-method status="PASS" signature="Teardown()[pri:0, instance:com_Milan_Test.WObstetricHistoryPageTest@121314f7]" name="Teardown" is-config="true" duration-ms="730" started-at="2018-05-31T19:50:34Z" finished-at="2018-05-31T19:50:35Z">
          <reporter-output>
          </reporter-output>
        </test-method> <!-- Teardown -->
        <test-method status="PASS" signature="Setup()[pri:0, instance:com_Milan_Test.WObstetricHistoryPageTest@121314f7]" name="Setup" is-config="true" duration-ms="48366" started-at="2018-05-31T20:08:05Z" finished-at="2018-05-31T20:08:53Z">
          <reporter-output>
          </reporter-output>
        </test-method> <!-- Setup -->
        <test-method status="PASS" signature="BirthWeightEnableConditionTest()[pri:2, instance:com_Milan_Test.WObstetricHistoryPageTest@121314f7]" name="BirthWeightEnableConditionTest" duration-ms="212" started-at="2018-05-31T20:08:53Z" finished-at="2018-05-31T20:08:53Z">
          <reporter-output>
          </reporter-output>
        </test-method> <!-- BirthWeightEnableConditionTest -->
        <test-method status="PASS" signature="Teardown()[pri:0, instance:com_Milan_Test.WObstetricHistoryPageTest@121314f7]" name="Teardown" is-config="true" duration-ms="697" started-at="2018-05-31T20:08:53Z" finished-at="2018-05-31T20:08:54Z">
          <reporter-output>
          </reporter-output>
        </test-method> <!-- Teardown -->
        <test-method status="PASS" signature="Setup()[pri:0, instance:com_Milan_Test.WObstetricHistoryPageTest@121314f7]" name="Setup" is-config="true" duration-ms="48884" started-at="2018-05-31T20:23:27Z" finished-at="2018-05-31T20:24:16Z">
          <reporter-output>
          </reporter-output>
        </test-method> <!-- Setup -->
        <test-method status="PASS" signature="ValueInAbortiontionTest()[pri:3, instance:com_Milan_Test.WObstetricHistoryPageTest@121314f7]" name="ValueInAbortiontionTest" duration-ms="224" started-at="2018-05-31T20:24:16Z" finished-at="2018-05-31T20:24:16Z">
          <reporter-output>
          </reporter-output>
        </test-method> <!-- ValueInAbortiontionTest -->
        <test-method status="PASS" signature="Teardown()[pri:0, instance:com_Milan_Test.WObstetricHistoryPageTest@121314f7]" name="Teardown" is-config="true" duration-ms="696" started-at="2018-05-31T20:24:16Z" finished-at="2018-05-31T20:24:17Z">
          <reporter-output>
          </reporter-output>
        </test-method> <!-- Teardown -->
        <test-method status="PASS" signature="Setup()[pri:0, instance:com_Milan_Test.WObstetricHistoryPageTest@121314f7]" name="Setup" is-config="true" duration-ms="50483" started-at="2018-05-31T20:26:55Z" finished-at="2018-05-31T20:27:45Z">
          <reporter-output>
          </reporter-output>
        </test-method> <!-- Setup -->
        <test-method status="PASS" signature="ValueInLivebirthoptionTest()[pri:4, instance:com_Milan_Test.WObstetricHistoryPageTest@121314f7]" name="ValueInLivebirthoptionTest" duration-ms="218" started-at="2018-05-31T20:27:45Z" finished-at="2018-05-31T20:27:46Z">
          <reporter-output>
          </reporter-output>
        </test-method> <!-- ValueInLivebirthoptionTest -->
        <test-method status="PASS" signature="Teardown()[pri:0, instance:com_Milan_Test.WObstetricHistoryPageTest@121314f7]" name="Teardown" is-config="true" duration-ms="697" started-at="2018-05-31T20:27:46Z" finished-at="2018-05-31T20:27:46Z">
          <reporter-output>
          </reporter-output>
        </test-method> <!-- Teardown -->
        <test-method status="PASS" signature="Setup()[pri:0, instance:com_Milan_Test.WObstetricHistoryPageTest@121314f7]" name="Setup" is-config="true" duration-ms="49273" started-at="2018-05-31T20:30:16Z" finished-at="2018-05-31T20:31:05Z">
          <reporter-output>
          </reporter-output>
        </test-method> <!-- Setup -->
        <test-method status="PASS" signature="ValueInEctopicTest()[pri:5, instance:com_Milan_Test.WObstetricHistoryPageTest@121314f7]" name="ValueInEctopicTest" duration-ms="326" started-at="2018-05-31T20:31:05Z" finished-at="2018-05-31T20:31:05Z">
          <reporter-output>
          </reporter-output>
        </test-method> <!-- ValueInEctopicTest -->
        <test-method status="PASS" signature="Teardown()[pri:0, instance:com_Milan_Test.WObstetricHistoryPageTest@121314f7]" name="Teardown" is-config="true" duration-ms="690" started-at="2018-05-31T20:31:05Z" finished-at="2018-05-31T20:31:06Z">
          <reporter-output>
          </reporter-output>
        </test-method> <!-- Teardown -->
        <test-method status="PASS" signature="Setup()[pri:0, instance:com_Milan_Test.WObstetricHistoryPageTest@121314f7]" name="Setup" is-config="true" duration-ms="48671" started-at="2018-05-31T20:33:49Z" finished-at="2018-05-31T20:34:38Z">
          <reporter-output>
          </reporter-output>
        </test-method> <!-- Setup -->
        <test-method status="PASS" signature="DeliveryTypeEnableconditionTest()[pri:6, instance:com_Milan_Test.WObstetricHistoryPageTest@121314f7]" name="DeliveryTypeEnableconditionTest" duration-ms="216" started-at="2018-05-31T20:34:38Z" finished-at="2018-05-31T20:34:38Z">
          <reporter-output>
          </reporter-output>
        </test-method> <!-- DeliveryTypeEnableconditionTest -->
        <test-method status="PASS" signature="Teardown()[pri:0, instance:com_Milan_Test.WObstetricHistoryPageTest@121314f7]" name="Teardown" is-config="true" duration-ms="700" started-at="2018-05-31T20:34:38Z" finished-at="2018-05-31T20:34:39Z">
          <reporter-output>
          </reporter-output>
        </test-method> <!-- Teardown -->
        <test-method status="PASS" signature="Setup()[pri:0, instance:com_Milan_Test.WObstetricHistoryPageTest@121314f7]" name="Setup" is-config="true" duration-ms="50607" started-at="2018-05-31T20:36:17Z" finished-at="2018-05-31T20:37:07Z">
          <reporter-output>
          </reporter-output>
        </test-method> <!-- Setup -->
        <test-method status="PASS" signature="LiveBirthEnableTest()[pri:7, instance:com_Milan_Test.WObstetricHistoryPageTest@121314f7]" name="LiveBirthEnableTest" duration-ms="41" started-at="2018-05-31T20:37:07Z" finished-at="2018-05-31T20:37:07Z">
          <reporter-output>
          </reporter-output>
        </test-method> <!-- LiveBirthEnableTest -->
        <test-method status="PASS" signature="Teardown()[pri:0, instance:com_Milan_Test.WObstetricHistoryPageTest@121314f7]" name="Teardown" is-config="true" duration-ms="694" started-at="2018-05-31T20:37:07Z" finished-at="2018-05-31T20:37:08Z">
          <reporter-output>
          </reporter-output>
        </test-method> <!-- Teardown -->
        <test-method status="PASS" signature="Setup()[pri:0, instance:com_Milan_Test.WObstetricHistoryPageTest@121314f7]" name="Setup" is-config="true" duration-ms="48788" started-at="2018-05-31T20:38:50Z" finished-at="2018-05-31T20:39:39Z">
          <reporter-output>
          </reporter-output>
        </test-method> <!-- Setup -->
        <test-method status="PASS" signature="RowGridEnableTest()[pri:8, instance:com_Milan_Test.WObstetricHistoryPageTest@121314f7]" name="RowGridEnableTest" duration-ms="41" started-at="2018-05-31T20:39:39Z" finished-at="2018-05-31T20:39:39Z">
          <reporter-output>
          </reporter-output>
        </test-method> <!-- RowGridEnableTest -->
        <test-method status="PASS" signature="Teardown()[pri:0, instance:com_Milan_Test.WObstetricHistoryPageTest@121314f7]" name="Teardown" is-config="true" duration-ms="693" started-at="2018-05-31T20:39:39Z" finished-at="2018-05-31T20:39:39Z">
          <reporter-output>
          </reporter-output>
        </test-method> <!-- Teardown -->
        <test-method status="PASS" signature="Setup()[pri:0, instance:com_Milan_Test.WObstetricHistoryPageTest@121314f7]" name="Setup" is-config="true" duration-ms="48139" started-at="2018-05-31T20:41:20Z" finished-at="2018-05-31T20:42:08Z">
          <reporter-output>
          </reporter-output>
        </test-method> <!-- Setup -->
        <test-method status="PASS" signature="StillBornEnableTest()[pri:9, instance:com_Milan_Test.WObstetricHistoryPageTest@121314f7]" name="StillBornEnableTest" duration-ms="42" started-at="2018-05-31T20:42:08Z" finished-at="2018-05-31T20:42:08Z">
          <reporter-output>
          </reporter-output>
        </test-method> <!-- StillBornEnableTest -->
        <test-method status="PASS" signature="Teardown()[pri:0, instance:com_Milan_Test.WObstetricHistoryPageTest@121314f7]" name="Teardown" is-config="true" duration-ms="701" started-at="2018-05-31T20:42:08Z" finished-at="2018-05-31T20:42:08Z">
          <reporter-output>
          </reporter-output>
        </test-method> <!-- Teardown -->
        <test-method status="PASS" signature="Setup()[pri:0, instance:com_Milan_Test.WObstetricHistoryPageTest@121314f7]" name="Setup" is-config="true" duration-ms="49551" started-at="2018-05-31T20:43:01Z" finished-at="2018-05-31T20:43:51Z">
          <reporter-output>
          </reporter-output>
        </test-method> <!-- Setup -->
        <test-method status="PASS" signature="EctopiccEnableCondititionTest()[pri:10, instance:com_Milan_Test.WObstetricHistoryPageTest@121314f7]" name="EctopiccEnableCondititionTest" duration-ms="45" started-at="2018-05-31T20:43:51Z" finished-at="2018-05-31T20:43:51Z">
          <reporter-output>
          </reporter-output>
        </test-method> <!-- EctopiccEnableCondititionTest -->
        <test-method status="PASS" signature="Teardown()[pri:0, instance:com_Milan_Test.WObstetricHistoryPageTest@121314f7]" name="Teardown" is-config="true" duration-ms="697" started-at="2018-05-31T20:43:51Z" finished-at="2018-05-31T20:43:52Z">
          <reporter-output>
          </reporter-output>
        </test-method> <!-- Teardown -->
        <test-method status="PASS" signature="Setup()[pri:0, instance:com_Milan_Test.WObstetricHistoryPageTest@121314f7]" name="Setup" is-config="true" duration-ms="49109" started-at="2018-05-31T20:44:40Z" finished-at="2018-05-31T20:45:29Z">
          <reporter-output>
          </reporter-output>
        </test-method> <!-- Setup -->
        <test-method status="PASS" signature="AbortionEnableCondititionTest()[pri:11, instance:com_Milan_Test.WObstetricHistoryPageTest@121314f7]" name="AbortionEnableCondititionTest" duration-ms="43" started-at="2018-05-31T20:45:29Z" finished-at="2018-05-31T20:45:29Z">
          <reporter-output>
          </reporter-output>
        </test-method> <!-- AbortionEnableCondititionTest -->
        <test-method status="PASS" signature="Teardown()[pri:0, instance:com_Milan_Test.WObstetricHistoryPageTest@121314f7]" name="Teardown" is-config="true" duration-ms="699" started-at="2018-05-31T20:45:29Z" finished-at="2018-05-31T20:45:30Z">
          <reporter-output>
          </reporter-output>
        </test-method> <!-- Teardown -->
        <test-method status="PASS" signature="Setup()[pri:0, instance:com_Milan_Test.WObstetricHistoryPageTest@121314f7]" name="Setup" is-config="true" duration-ms="50311" started-at="2018-05-31T20:46:21Z" finished-at="2018-05-31T20:47:12Z">
          <reporter-output>
          </reporter-output>
        </test-method> <!-- Setup -->
        <test-method status="PASS" signature="DeliveryEnableCondititionTest()[pri:12, instance:com_Milan_Test.WObstetricHistoryPageTest@121314f7]" name="DeliveryEnableCondititionTest" duration-ms="228" started-at="2018-05-31T20:47:12Z" finished-at="2018-05-31T20:47:12Z">
          <reporter-output>
          </reporter-output>
        </test-method> <!-- DeliveryEnableCondititionTest -->
        <test-method status="PASS" signature="Teardown()[pri:0, instance:com_Milan_Test.WObstetricHistoryPageTest@121314f7]" name="Teardown" is-config="true" duration-ms="705" started-at="2018-05-31T20:47:12Z" finished-at="2018-05-31T20:47:13Z">
          <reporter-output>
          </reporter-output>
        </test-method> <!-- Teardown -->
        <test-method status="PASS" signature="Setup()[pri:0, instance:com_Milan_Test.WObstetricHistoryPageTest@121314f7]" name="Setup" is-config="true" duration-ms="50131" started-at="2018-05-31T20:47:13Z" finished-at="2018-05-31T20:48:03Z">
          <reporter-output>
          </reporter-output>
        </test-method> <!-- Setup -->
        <test-method status="PASS" signature="ComplicationsEnableCondititionTest()[pri:13, instance:com_Milan_Test.WObstetricHistoryPageTest@121314f7]" name="ComplicationsEnableCondititionTest" duration-ms="307" started-at="2018-05-31T20:48:03Z" finished-at="2018-05-31T20:48:03Z">
          <reporter-output>
          </reporter-output>
        </test-method> <!-- ComplicationsEnableCondititionTest -->
        <test-method status="PASS" signature="Teardown()[pri:0, instance:com_Milan_Test.WObstetricHistoryPageTest@121314f7]" name="Teardown" is-config="true" duration-ms="718" started-at="2018-05-31T20:48:03Z" finished-at="2018-05-31T20:48:04Z">
          <reporter-output>
          </reporter-output>
        </test-method> <!-- Teardown -->
        <test-method status="PASS" signature="Setup()[pri:0, instance:com_Milan_Test.WObstetricHistoryPageTest@121314f7]" name="Setup" is-config="true" duration-ms="49645" started-at="2018-05-31T20:48:04Z" finished-at="2018-05-31T20:48:53Z">
          <reporter-output>
          </reporter-output>
        </test-method> <!-- Setup -->
        <test-method status="PASS" signature="CongenitalAnamolyEnableCondititionTest()[pri:14, instance:com_Milan_Test.WObstetricHistoryPageTest@121314f7]" name="CongenitalAnamolyEnableCondititionTest" duration-ms="238" started-at="2018-05-31T20:48:53Z" finished-at="2018-05-31T20:48:54Z">
          <reporter-output>
          </reporter-output>
        </test-method> <!-- CongenitalAnamolyEnableCondititionTest -->
        <test-method status="PASS" signature="Teardown()[pri:0, instance:com_Milan_Test.WObstetricHistoryPageTest@121314f7]" name="Teardown" is-config="true" duration-ms="716" started-at="2018-05-31T20:48:54Z" finished-at="2018-05-31T20:48:54Z">
          <reporter-output>
          </reporter-output>
        </test-method> <!-- Teardown -->
        <test-method status="PASS" signature="Setup()[pri:0, instance:com_Milan_Test.WObstetricHistoryPageTest@121314f7]" name="Setup" is-config="true" duration-ms="48923" started-at="2018-05-31T20:48:54Z" finished-at="2018-05-31T20:49:43Z">
          <reporter-output>
          </reporter-output>
        </test-method> <!-- Setup -->
        <test-method status="PASS" signature="LiveBirthPretermconditionTest()[pri:15, instance:com_Milan_Test.WObstetricHistoryPageTest@121314f7]" name="LiveBirthPretermconditionTest" duration-ms="555" started-at="2018-05-31T20:49:43Z" finished-at="2018-05-31T20:49:44Z">
          <reporter-output>
          </reporter-output>
        </test-method> <!-- LiveBirthPretermconditionTest -->
        <test-method status="PASS" signature="Teardown()[pri:0, instance:com_Milan_Test.WObstetricHistoryPageTest@121314f7]" name="Teardown" is-config="true" duration-ms="696" started-at="2018-05-31T20:49:44Z" finished-at="2018-05-31T20:49:45Z">
          <reporter-output>
          </reporter-output>
        </test-method> <!-- Teardown -->
        <test-method status="PASS" signature="Setup()[pri:0, instance:com_Milan_Test.WObstetricHistoryPageTest@121314f7]" name="Setup" is-config="true" duration-ms="49765" started-at="2018-05-31T20:49:45Z" finished-at="2018-05-31T20:50:34Z">
          <reporter-output>
          </reporter-output>
        </test-method> <!-- Setup -->
        <test-method status="PASS" signature="LiveBirthFullTermconditionTest()[pri:16, instance:com_Milan_Test.WObstetricHistoryPageTest@121314f7]" name="LiveBirthFullTermconditionTest" duration-ms="561" started-at="2018-05-31T20:50:34Z" finished-at="2018-05-31T20:50:35Z">
          <reporter-output>
          </reporter-output>
        </test-method> <!-- LiveBirthFullTermconditionTest -->
        <test-method status="PASS" signature="Teardown()[pri:0, instance:com_Milan_Test.WObstetricHistoryPageTest@121314f7]" name="Teardown" is-config="true" duration-ms="705" started-at="2018-05-31T20:50:35Z" finished-at="2018-05-31T20:50:36Z">
          <reporter-output>
          </reporter-output>
        </test-method> <!-- Teardown -->
        <test-method status="PASS" signature="Setup()[pri:0, instance:com_Milan_Test.WObstetricHistoryPageTest@121314f7]" name="Setup" is-config="true" duration-ms="49827" started-at="2018-05-31T20:50:36Z" finished-at="2018-05-31T20:51:25Z">
          <reporter-output>
          </reporter-output>
        </test-method> <!-- Setup -->
        <test-method status="PASS" signature="LiveBirthAbovePostTermconditionTest()[pri:17, instance:com_Milan_Test.WObstetricHistoryPageTest@121314f7]" name="LiveBirthAbovePostTermconditionTest" duration-ms="572" started-at="2018-05-31T20:51:25Z" finished-at="2018-05-31T20:51:26Z">
          <reporter-output>
          </reporter-output>
        </test-method> <!-- LiveBirthAbovePostTermconditionTest -->
        <test-method status="PASS" signature="Teardown()[pri:0, instance:com_Milan_Test.WObstetricHistoryPageTest@121314f7]" name="Teardown" is-config="true" duration-ms="732" started-at="2018-05-31T20:51:26Z" finished-at="2018-05-31T20:51:27Z">
          <reporter-output>
          </reporter-output>
        </test-method> <!-- Teardown -->
        <test-method status="PASS" signature="Setup()[pri:0, instance:com_Milan_Test.WObstetricHistoryPageTest@121314f7]" name="Setup" is-config="true" duration-ms="50213" started-at="2018-05-31T20:51:27Z" finished-at="2018-05-31T20:52:17Z">
          <reporter-output>
          </reporter-output>
        </test-method> <!-- Setup -->
        <test-method status="PASS" signature="SaveOutcometypesTest()[pri:18, instance:com_Milan_Test.WObstetricHistoryPageTest@121314f7]" name="SaveOutcometypesTest" duration-ms="13294" started-at="2018-05-31T20:52:17Z" finished-at="2018-05-31T20:52:30Z">
          <reporter-output>
          </reporter-output>
        </test-method> <!-- SaveOutcometypesTest -->
        <test-method status="PASS" signature="Teardown()[pri:0, instance:com_Milan_Test.WObstetricHistoryPageTest@121314f7]" name="Teardown" is-config="true" duration-ms="705" started-at="2018-05-31T20:52:30Z" finished-at="2018-05-31T20:52:31Z">
          <reporter-output>
          </reporter-output>
        </test-method> <!-- Teardown -->
      </class> <!-- com_Milan_Test.WObstetricHistoryPageTest -->
      <class name="com_Milan_Test.WcomplaintsTest">
        <test-method status="PASS" signature="Setup()[pri:0, instance:com_Milan_Test.WcomplaintsTest@1ed6388a]" name="Setup" is-config="true" duration-ms="79061" started-at="2018-05-31T19:43:54Z" finished-at="2018-05-31T19:45:13Z">
          <reporter-output>
          </reporter-output>
        </test-method> <!-- Setup -->
        <test-method status="PASS" signature="NewPatientPresentingComplaintsTest()[pri:1, instance:com_Milan_Test.WcomplaintsTest@1ed6388a]" name="NewPatientPresentingComplaintsTest" duration-ms="34832" started-at="2018-05-31T19:45:13Z" finished-at="2018-05-31T19:45:48Z">
          <reporter-output>
          </reporter-output>
        </test-method> <!-- NewPatientPresentingComplaintsTest -->
        <test-method status="PASS" signature="Teardown()[pri:0, instance:com_Milan_Test.WcomplaintsTest@1ed6388a]" name="Teardown" is-config="true" duration-ms="670" started-at="2018-05-31T19:45:48Z" finished-at="2018-05-31T19:45:49Z">
          <reporter-output>
          </reporter-output>
        </test-method> <!-- Teardown -->
        <test-method status="PASS" signature="Setup()[pri:0, instance:com_Milan_Test.WcomplaintsTest@1ed6388a]" name="Setup" is-config="true" duration-ms="79818" started-at="2018-05-31T20:01:41Z" finished-at="2018-05-31T20:03:00Z">
          <reporter-output>
          </reporter-output>
        </test-method> <!-- Setup -->
        <test-method status="SKIP" signature="SaveTheComplaintsTest()[pri:2, instance:com_Milan_Test.WcomplaintsTest@1ed6388a]" name="SaveTheComplaintsTest" duration-ms="62095" started-at="2018-05-31T20:03:00Z" finished-at="2018-05-31T20:04:03Z">
          <exception class="org.openqa.selenium.NoSuchElementException">
            <message>
              <![CDATA[no such element: Unable to locate element: {"method":"xpath","selector":"(//label[text()='LMP']//following::button)[1]"}
  (Session info: chrome=66.0.3359.181)
  (Driver info: chromedriver=2.36.540470 (e522d04694c7ebea4ba8821272dbef4f9b818c91),platform=Windows NT 6.3.9600 x86_64) (WARNING: The server did not provide any stacktrace information)
Command duration or timeout: 0 milliseconds
For documentation on this error, please visit: http://seleniumhq.org/exceptions/no_such_element.html
Build info: version: '3.5.3', revision: 'a88d25fe6b', time: '2017-08-29T12:42:44.417Z'
System info: host: 'IVF111', ip: '192.168.1.56', os.name: 'Windows 8.1', os.arch: 'amd64', os.version: '6.3', java.version: '1.8.0_161'
Driver info: org.openqa.selenium.chrome.ChromeDriver
Capabilities [{mobileEmulationEnabled=false, hasTouchScreen=false, platform=WIN8_1, acceptSslCerts=false, acceptInsecureCerts=false, webStorageEnabled=true, browserName=chrome, takesScreenshot=true, javascriptEnabled=true, platformName=WIN8_1, setWindowRect=true, unexpectedAlertBehaviour=, applicationCacheEnabled=false, rotatable=false, networkConnectionEnabled=false, chrome={chromedriverVersion=2.36.540470 (e522d04694c7ebea4ba8821272dbef4f9b818c91), userDataDir=C:\Users\paragb\AppData\Local\Temp\scoped_dir11456_18737}, takesHeapSnapshot=true, pageLoadStrategy=normal, unhandledPromptBehavior=, databaseEnabled=false, handlesAlerts=true, version=66.0.3359.181, browserConnectionEnabled=false, nativeEvents=true, locationContextEnabled=true, cssSelectorsEnabled=true}]
Session ID: ce31ef8fa794a3231b85b9cc11ddc345
*** Element info: {Using=xpath, value=(//label[text()='LMP']//following::button)[1]}]]>
            </message>
            <full-stacktrace>
              <![CDATA[org.openqa.selenium.NoSuchElementException: no such element: Unable to locate element: {"method":"xpath","selector":"(//label[text()='LMP']//following::button)[1]"}
  (Session info: chrome=66.0.3359.181)
  (Driver info: chromedriver=2.36.540470 (e522d04694c7ebea4ba8821272dbef4f9b818c91),platform=Windows NT 6.3.9600 x86_64) (WARNING: The server did not provide any stacktrace information)
Command duration or timeout: 0 milliseconds
For documentation on this error, please visit: http://seleniumhq.org/exceptions/no_such_element.html
Build info: version: '3.5.3', revision: 'a88d25fe6b', time: '2017-08-29T12:42:44.417Z'
System info: host: 'IVF111', ip: '192.168.1.56', os.name: 'Windows 8.1', os.arch: 'amd64', os.version: '6.3', java.version: '1.8.0_161'
Driver info: org.openqa.selenium.chrome.ChromeDriver
Capabilities [{mobileEmulationEnabled=false, hasTouchScreen=false, platform=WIN8_1, acceptSslCerts=false, acceptInsecureCerts=false, webStorageEnabled=true, browserName=chrome, takesScreenshot=true, javascriptEnabled=true, platformName=WIN8_1, setWindowRect=true, unexpectedAlertBehaviour=, applicationCacheEnabled=false, rotatable=false, networkConnectionEnabled=false, chrome={chromedriverVersion=2.36.540470 (e522d04694c7ebea4ba8821272dbef4f9b818c91), userDataDir=C:\Users\paragb\AppData\Local\Temp\scoped_dir11456_18737}, takesHeapSnapshot=true, pageLoadStrategy=normal, unhandledPromptBehavior=, databaseEnabled=false, handlesAlerts=true, version=66.0.3359.181, browserConnectionEnabled=false, nativeEvents=true, locationContextEnabled=true, cssSelectorsEnabled=true}]
Session ID: ce31ef8fa794a3231b85b9cc11ddc345
*** Element info: {Using=xpath, value=(//label[text()='LMP']//following::button)[1]}
	at sun.reflect.NativeConstructorAccessorImpl.newInstance0(Native Method)
	at sun.reflect.NativeConstructorAccessorImpl.newInstance(Unknown Source)
	at sun.reflect.DelegatingConstructorAccessorImpl.newInstance(Unknown Source)
	at java.lang.reflect.Constructor.newInstance(Unknown Source)
	at org.openqa.selenium.remote.ErrorHandler.createThrowable(ErrorHandler.java:215)
	at org.openqa.selenium.remote.ErrorHandler.throwIfResponseFailed(ErrorHandler.java:167)
	at org.openqa.selenium.remote.http.JsonHttpResponseCodec.reconstructValue(JsonHttpResponseCodec.java:40)
	at org.openqa.selenium.remote.http.AbstractHttpResponseCodec.decode(AbstractHttpResponseCodec.java:82)
	at org.openqa.selenium.remote.http.AbstractHttpResponseCodec.decode(AbstractHttpResponseCodec.java:45)
	at org.openqa.selenium.remote.HttpCommandExecutor.execute(HttpCommandExecutor.java:164)
	at org.openqa.selenium.remote.service.DriverCommandExecutor.execute(DriverCommandExecutor.java:82)
	at org.openqa.selenium.remote.RemoteWebDriver.execute(RemoteWebDriver.java:646)
	at org.openqa.selenium.remote.RemoteWebDriver.findElement(RemoteWebDriver.java:416)
	at org.openqa.selenium.remote.RemoteWebDriver.findElementByXPath(RemoteWebDriver.java:518)
	at org.openqa.selenium.By$ByXPath.findElement(By.java:361)
	at org.openqa.selenium.remote.RemoteWebDriver.findElement(RemoteWebDriver.java:408)
	at sun.reflect.GeneratedMethodAccessor6.invoke(Unknown Source)
	at sun.reflect.DelegatingMethodAccessorImpl.invoke(Unknown Source)
	at java.lang.reflect.Method.invoke(Unknown Source)
	at org.openqa.selenium.support.events.EventFiringWebDriver$2.invoke(EventFiringWebDriver.java:105)
	at com.sun.proxy.$Proxy9.findElement(Unknown Source)
	at org.openqa.selenium.support.events.EventFiringWebDriver.findElement(EventFiringWebDriver.java:189)
	at org.openqa.selenium.support.pagefactory.DefaultElementLocator.findElement(DefaultElementLocator.java:69)
	at org.openqa.selenium.support.pagefactory.internal.LocatingElementHandler.invoke(LocatingElementHandler.java:38)
	at com.sun.proxy.$Proxy13.isEnabled(Unknown Source)
	at com_milan_POM.WComplaintsPage.NewPatientPresentingComplaints(WComplaintsPage.java:43)
	at com_Milan_Test.WcomplaintsTest.SaveTheComplaintsTest(WcomplaintsTest.java:54)
	at sun.reflect.NativeMethodAccessorImpl.invoke0(Native Method)
	at sun.reflect.NativeMethodAccessorImpl.invoke(Unknown Source)
	at sun.reflect.DelegatingMethodAccessorImpl.invoke(Unknown Source)
	at java.lang.reflect.Method.invoke(Unknown Source)
	at org.testng.internal.MethodInvocationHelper.invokeMethod(MethodInvocationHelper.java:108)
	at org.testng.internal.Invoker.invokeMethod(Invoker.java:661)
	at org.testng.internal.Invoker.invokeTestMethod(Invoker.java:869)
	at org.testng.internal.Invoker.invokeTestMethods(Invoker.java:1193)
	at org.testng.internal.TestMethodWorker.invokeTestMethods(TestMethodWorker.java:126)
	at org.testng.internal.TestMethodWorker.run(TestMethodWorker.java:109)
	at org.testng.TestRunner.privateRun(TestRunner.java:744)
	at org.testng.TestRunner.run(TestRunner.java:602)
	at org.testng.SuiteRunner.runTest(SuiteRunner.java:380)
	at org.testng.SuiteRunner.access$000(SuiteRunner.java:39)
	at org.testng.SuiteRunner$SuiteWorker.run(SuiteRunner.java:414)
	at org.testng.internal.thread.ThreadUtil$1.call(ThreadUtil.java:52)
	at java.util.concurrent.FutureTask.run(Unknown Source)
	at java.util.concurrent.ThreadPoolExecutor.runWorker(Unknown Source)
	at java.util.concurrent.ThreadPoolExecutor$Worker.run(Unknown Source)
	at java.lang.Thread.run(Unknown Source)
]]>
            </full-stacktrace>
          </exception> <!-- org.openqa.selenium.NoSuchElementException -->
          <reporter-output>
          </reporter-output>
        </test-method> <!-- SaveTheComplaintsTest -->
        <test-method status="PASS" signature="Teardown()[pri:0, instance:com_Milan_Test.WcomplaintsTest@1ed6388a]" name="Teardown" is-config="true" duration-ms="710" started-at="2018-05-31T20:04:03Z" finished-at="2018-05-31T20:04:04Z">
          <reporter-output>
          </reporter-output>
        </test-method> <!-- Teardown -->
        <test-method status="PASS" signature="Setup()[pri:0, instance:com_Milan_Test.WcomplaintsTest@1ed6388a]" name="Setup" is-config="true" duration-ms="77694" started-at="2018-05-31T20:04:04Z" finished-at="2018-05-31T20:05:21Z">
          <reporter-output>
          </reporter-output>
        </test-method> <!-- Setup -->
        <test-method status="PASS" signature="SaveTheComplaintsTest()[pri:2, instance:com_Milan_Test.WcomplaintsTest@1ed6388a]" name="SaveTheComplaintsTest" duration-ms="41523" started-at="2018-05-31T20:05:21Z" finished-at="2018-05-31T20:06:03Z">
          <reporter-output>
          </reporter-output>
        </test-method> <!-- SaveTheComplaintsTest -->
        <test-method status="PASS" signature="Teardown()[pri:0, instance:com_Milan_Test.WcomplaintsTest@1ed6388a]" name="Teardown" is-config="true" duration-ms="700" started-at="2018-05-31T20:06:03Z" finished-at="2018-05-31T20:06:04Z">
          <reporter-output>
          </reporter-output>
        </test-method> <!-- Teardown -->
        <test-method status="PASS" signature="Setup()[pri:0, instance:com_Milan_Test.WcomplaintsTest@1ed6388a]" name="Setup" is-config="true" duration-ms="80216" started-at="2018-05-31T20:21:15Z" finished-at="2018-05-31T20:22:35Z">
          <reporter-output>
          </reporter-output>
        </test-method> <!-- Setup -->
        <test-method status="PASS" signature="NextFollowUpTest()[pri:3, instance:com_Milan_Test.WcomplaintsTest@1ed6388a]" name="NextFollowUpTest" duration-ms="358" started-at="2018-05-31T20:22:35Z" finished-at="2018-05-31T20:22:35Z">
          <reporter-output>
          </reporter-output>
        </test-method> <!-- NextFollowUpTest -->
        <test-method status="PASS" signature="Teardown()[pri:0, instance:com_Milan_Test.WcomplaintsTest@1ed6388a]" name="Teardown" is-config="true" duration-ms="694" started-at="2018-05-31T20:22:35Z" finished-at="2018-05-31T20:22:36Z">
          <reporter-output>
          </reporter-output>
        </test-method> <!-- Teardown -->
      </class> <!-- com_Milan_Test.WcomplaintsTest -->
      <class name="com_Milan_Test.EMRDashBoardPageTest">
        <test-method status="PASS" signature="Seup()[pri:0, instance:com_Milan_Test.EMRDashBoardPageTest@5d534f5d]" name="Seup" is-config="true" duration-ms="20719" started-at="2018-05-31T20:28:37Z" finished-at="2018-05-31T20:28:57Z">
          <reporter-output>
          </reporter-output>
        </test-method> <!-- Seup -->
        <test-method status="PASS" signature="ClickOnInvestigation()[pri:4, instance:com_Milan_Test.EMRDashBoardPageTest@5d534f5d]" name="ClickOnInvestigation" duration-ms="2179" started-at="2018-05-31T20:28:57Z" finished-at="2018-05-31T20:29:00Z">
          <reporter-output>
          </reporter-output>
        </test-method> <!-- ClickOnInvestigation -->
        <test-method status="PASS" signature="teardown()[pri:0, instance:com_Milan_Test.EMRDashBoardPageTest@5d534f5d]" name="teardown" is-config="true" duration-ms="691" started-at="2018-05-31T20:29:00Z" finished-at="2018-05-31T20:29:00Z">
          <reporter-output>
          </reporter-output>
        </test-method> <!-- teardown -->
      </class> <!-- com_Milan_Test.EMRDashBoardPageTest -->
      <class name="com_Milan_Test.LoginPageTest">
        <test-method status="PASS" signature="Seup()[pri:0, instance:com_Milan_Test.LoginPageTest@3527942a]" name="Seup" is-config="true" duration-ms="6630" started-at="2018-05-31T19:42:47Z" finished-at="2018-05-31T19:42:54Z">
          <reporter-output>
          </reporter-output>
        </test-method> <!-- Seup -->
        <test-method status="PASS" signature="InvalidusernameTest()[pri:1, instance:com_Milan_Test.LoginPageTest@3527942a]" name="InvalidusernameTest" duration-ms="3359" started-at="2018-05-31T19:42:54Z" finished-at="2018-05-31T19:42:57Z">
          <reporter-output>
          </reporter-output>
        </test-method> <!-- InvalidusernameTest -->
        <test-method status="PASS" signature="Teardown()[pri:0, instance:com_Milan_Test.LoginPageTest@3527942a]" name="Teardown" is-config="true" duration-ms="672" started-at="2018-05-31T19:42:57Z" finished-at="2018-05-31T19:42:58Z">
          <reporter-output>
          </reporter-output>
        </test-method> <!-- Teardown -->
        <test-method status="PASS" signature="Seup()[pri:0, instance:com_Milan_Test.LoginPageTest@3527942a]" name="Seup" is-config="true" duration-ms="5786" started-at="2018-05-31T20:00:30Z" finished-at="2018-05-31T20:00:36Z">
          <reporter-output>
          </reporter-output>
        </test-method> <!-- Seup -->
        <test-method status="PASS" signature="InvalidPasswordTest()[pri:2, instance:com_Milan_Test.LoginPageTest@3527942a]" name="InvalidPasswordTest" duration-ms="6682" started-at="2018-05-31T20:00:36Z" finished-at="2018-05-31T20:00:43Z">
          <reporter-output>
          </reporter-output>
        </test-method> <!-- InvalidPasswordTest -->
        <test-method status="PASS" signature="Teardown()[pri:0, instance:com_Milan_Test.LoginPageTest@3527942a]" name="Teardown" is-config="true" duration-ms="677" started-at="2018-05-31T20:00:43Z" finished-at="2018-05-31T20:00:43Z">
          <reporter-output>
          </reporter-output>
        </test-method> <!-- Teardown -->
        <test-method status="PASS" signature="Seup()[pri:0, instance:com_Milan_Test.LoginPageTest@3527942a]" name="Seup" is-config="true" duration-ms="5976" started-at="2018-05-31T20:20:16Z" finished-at="2018-05-31T20:20:22Z">
          <reporter-output>
          </reporter-output>
        </test-method> <!-- Seup -->
        <test-method status="PASS" signature="ButtonEnableConditionTest()[pri:3, instance:com_Milan_Test.LoginPageTest@3527942a]" name="ButtonEnableConditionTest" duration-ms="138" started-at="2018-05-31T20:20:22Z" finished-at="2018-05-31T20:20:23Z">
          <reporter-output>
          </reporter-output>
        </test-method> <!-- ButtonEnableConditionTest -->
        <test-method status="PASS" signature="Teardown()[pri:0, instance:com_Milan_Test.LoginPageTest@3527942a]" name="Teardown" is-config="true" duration-ms="659" started-at="2018-05-31T20:20:23Z" finished-at="2018-05-31T20:20:23Z">
          <reporter-output>
          </reporter-output>
        </test-method> <!-- Teardown -->
        <test-method status="PASS" signature="Seup()[pri:0, instance:com_Milan_Test.LoginPageTest@3527942a]" name="Seup" is-config="true" duration-ms="5891" started-at="2018-05-31T20:26:27Z" finished-at="2018-05-31T20:26:33Z">
          <reporter-output>
          </reporter-output>
        </test-method> <!-- Seup -->
        <test-method status="PASS" signature="LoginTest()[pri:4, instance:com_Milan_Test.LoginPageTest@3527942a]" name="LoginTest" duration-ms="2526" started-at="2018-05-31T20:26:33Z" finished-at="2018-05-31T20:26:36Z">
          <reporter-output>
          </reporter-output>
        </test-method> <!-- LoginTest -->
        <test-method status="PASS" signature="Teardown()[pri:0, instance:com_Milan_Test.LoginPageTest@3527942a]" name="Teardown" is-config="true" duration-ms="657" started-at="2018-05-31T20:26:36Z" finished-at="2018-05-31T20:26:37Z">
          <reporter-output>
          </reporter-output>
        </test-method> <!-- Teardown -->
      </class> <!-- com_Milan_Test.LoginPageTest -->
      <class name="com_Milan_Test.HomePageTest">
        <test-method status="PASS" signature="Setup()[pri:0, instance:com_Milan_Test.HomePageTest@70e9c95d]" name="Setup" is-config="true" duration-ms="7939" started-at="2018-05-31T20:17:11Z" finished-at="2018-05-31T20:17:19Z">
          <reporter-output>
          </reporter-output>
        </test-method> <!-- Setup -->
        <test-method status="SKIP" signature="ClickOnCmrTest()[pri:2, instance:com_Milan_Test.HomePageTest@70e9c95d]" name="ClickOnCmrTest" duration-ms="36039" started-at="2018-05-31T20:17:19Z" finished-at="2018-05-31T20:17:55Z">
          <exception class="org.openqa.selenium.NoSuchElementException">
            <message>
              <![CDATA[no such element: Unable to locate element: {"method":"xpath","selector":"//div[@id='tableToExport']/table/tbody/tr[1]/td[4]"}
  (Session info: chrome=66.0.3359.181)
  (Driver info: chromedriver=2.36.540470 (e522d04694c7ebea4ba8821272dbef4f9b818c91),platform=Windows NT 6.3.9600 x86_64) (WARNING: The server did not provide any stacktrace information)
Command duration or timeout: 0 milliseconds
For documentation on this error, please visit: http://seleniumhq.org/exceptions/no_such_element.html
Build info: version: '3.5.3', revision: 'a88d25fe6b', time: '2017-08-29T12:42:44.417Z'
System info: host: 'IVF111', ip: '192.168.1.56', os.name: 'Windows 8.1', os.arch: 'amd64', os.version: '6.3', java.version: '1.8.0_161'
Driver info: org.openqa.selenium.chrome.ChromeDriver
Capabilities [{mobileEmulationEnabled=false, hasTouchScreen=false, platform=WIN8_1, acceptSslCerts=false, acceptInsecureCerts=false, webStorageEnabled=true, browserName=chrome, takesScreenshot=true, javascriptEnabled=true, platformName=WIN8_1, setWindowRect=true, unexpectedAlertBehaviour=, applicationCacheEnabled=false, rotatable=false, networkConnectionEnabled=false, chrome={chromedriverVersion=2.36.540470 (e522d04694c7ebea4ba8821272dbef4f9b818c91), userDataDir=C:\Users\paragb\AppData\Local\Temp\scoped_dir14760_28290}, takesHeapSnapshot=true, pageLoadStrategy=normal, unhandledPromptBehavior=, databaseEnabled=false, handlesAlerts=true, version=66.0.3359.181, browserConnectionEnabled=false, nativeEvents=true, locationContextEnabled=true, cssSelectorsEnabled=true}]
Session ID: 2fcf8ce0c2eb7b6933c267d8b87cb121
*** Element info: {Using=xpath, value=//div[@id='tableToExport']/table/tbody/tr[1]/td[4]}]]>
            </message>
            <full-stacktrace>
              <![CDATA[org.openqa.selenium.NoSuchElementException: no such element: Unable to locate element: {"method":"xpath","selector":"//div[@id='tableToExport']/table/tbody/tr[1]/td[4]"}
  (Session info: chrome=66.0.3359.181)
  (Driver info: chromedriver=2.36.540470 (e522d04694c7ebea4ba8821272dbef4f9b818c91),platform=Windows NT 6.3.9600 x86_64) (WARNING: The server did not provide any stacktrace information)
Command duration or timeout: 0 milliseconds
For documentation on this error, please visit: http://seleniumhq.org/exceptions/no_such_element.html
Build info: version: '3.5.3', revision: 'a88d25fe6b', time: '2017-08-29T12:42:44.417Z'
System info: host: 'IVF111', ip: '192.168.1.56', os.name: 'Windows 8.1', os.arch: 'amd64', os.version: '6.3', java.version: '1.8.0_161'
Driver info: org.openqa.selenium.chrome.ChromeDriver
Capabilities [{mobileEmulationEnabled=false, hasTouchScreen=false, platform=WIN8_1, acceptSslCerts=false, acceptInsecureCerts=false, webStorageEnabled=true, browserName=chrome, takesScreenshot=true, javascriptEnabled=true, platformName=WIN8_1, setWindowRect=true, unexpectedAlertBehaviour=, applicationCacheEnabled=false, rotatable=false, networkConnectionEnabled=false, chrome={chromedriverVersion=2.36.540470 (e522d04694c7ebea4ba8821272dbef4f9b818c91), userDataDir=C:\Users\paragb\AppData\Local\Temp\scoped_dir14760_28290}, takesHeapSnapshot=true, pageLoadStrategy=normal, unhandledPromptBehavior=, databaseEnabled=false, handlesAlerts=true, version=66.0.3359.181, browserConnectionEnabled=false, nativeEvents=true, locationContextEnabled=true, cssSelectorsEnabled=true}]
Session ID: 2fcf8ce0c2eb7b6933c267d8b87cb121
*** Element info: {Using=xpath, value=//div[@id='tableToExport']/table/tbody/tr[1]/td[4]}
	at sun.reflect.NativeConstructorAccessorImpl.newInstance0(Native Method)
	at sun.reflect.NativeConstructorAccessorImpl.newInstance(Unknown Source)
	at sun.reflect.DelegatingConstructorAccessorImpl.newInstance(Unknown Source)
	at java.lang.reflect.Constructor.newInstance(Unknown Source)
	at org.openqa.selenium.remote.ErrorHandler.createThrowable(ErrorHandler.java:215)
	at org.openqa.selenium.remote.ErrorHandler.throwIfResponseFailed(ErrorHandler.java:167)
	at org.openqa.selenium.remote.http.JsonHttpResponseCodec.reconstructValue(JsonHttpResponseCodec.java:40)
	at org.openqa.selenium.remote.http.AbstractHttpResponseCodec.decode(AbstractHttpResponseCodec.java:82)
	at org.openqa.selenium.remote.http.AbstractHttpResponseCodec.decode(AbstractHttpResponseCodec.java:45)
	at org.openqa.selenium.remote.HttpCommandExecutor.execute(HttpCommandExecutor.java:164)
	at org.openqa.selenium.remote.service.DriverCommandExecutor.execute(DriverCommandExecutor.java:82)
	at org.openqa.selenium.remote.RemoteWebDriver.execute(RemoteWebDriver.java:646)
	at org.openqa.selenium.remote.RemoteWebDriver.findElement(RemoteWebDriver.java:416)
	at org.openqa.selenium.remote.RemoteWebDriver.findElementByXPath(RemoteWebDriver.java:518)
	at org.openqa.selenium.By$ByXPath.findElement(By.java:361)
	at org.openqa.selenium.remote.RemoteWebDriver.findElement(RemoteWebDriver.java:408)
	at sun.reflect.GeneratedMethodAccessor6.invoke(Unknown Source)
	at sun.reflect.DelegatingMethodAccessorImpl.invoke(Unknown Source)
	at java.lang.reflect.Method.invoke(Unknown Source)
	at org.openqa.selenium.support.events.EventFiringWebDriver$2.invoke(EventFiringWebDriver.java:105)
	at com.sun.proxy.$Proxy9.findElement(Unknown Source)
	at org.openqa.selenium.support.events.EventFiringWebDriver.findElement(EventFiringWebDriver.java:189)
	at com_milan_POM.HomePage.ClickonEMR(HomePage.java:107)
	at com_Milan_Test.HomePageTest.ClickOnCmrTest(HomePageTest.java:51)
	at sun.reflect.NativeMethodAccessorImpl.invoke0(Native Method)
	at sun.reflect.NativeMethodAccessorImpl.invoke(Unknown Source)
	at sun.reflect.DelegatingMethodAccessorImpl.invoke(Unknown Source)
	at java.lang.reflect.Method.invoke(Unknown Source)
	at org.testng.internal.MethodInvocationHelper.invokeMethod(MethodInvocationHelper.java:108)
	at org.testng.internal.Invoker.invokeMethod(Invoker.java:661)
	at org.testng.internal.Invoker.invokeTestMethod(Invoker.java:869)
	at org.testng.internal.Invoker.invokeTestMethods(Invoker.java:1193)
	at org.testng.internal.TestMethodWorker.invokeTestMethods(TestMethodWorker.java:126)
	at org.testng.internal.TestMethodWorker.run(TestMethodWorker.java:109)
	at org.testng.TestRunner.privateRun(TestRunner.java:744)
	at org.testng.TestRunner.run(TestRunner.java:602)
	at org.testng.SuiteRunner.runTest(SuiteRunner.java:380)
	at org.testng.SuiteRunner.access$000(SuiteRunner.java:39)
	at org.testng.SuiteRunner$SuiteWorker.run(SuiteRunner.java:414)
[...]
Session ID: d04de2f8f7828273dd23ec23bc8e9e7a
	at sun.reflect.NativeConstructorAccessorImpl.newInstance0(Native Method)
	at sun.reflect.NativeConstructorAccessorImpl.newInstance(Unknown Source)
	at sun.reflect.DelegatingConstructorAccessorImpl.newInstance(Unknown Source)
	at java.lang.reflect.Constructor.newInstance(Unknown Source)
	at org.openqa.selenium.remote.ErrorHandler.createThrowable(ErrorHandler.java:215)
	at org.openqa.selenium.remote.ErrorHandler.throwIfResponseFailed(ErrorHandler.java:167)
	at org.openqa.selenium.remote.http.JsonHttpResponseCodec.reconstructValue(JsonHttpResponseCodec.java:40)
	at org.openqa.selenium.remote.http.AbstractHttpResponseCodec.decode(AbstractHttpResponseCodec.java:82)
	at org.openqa.selenium.remote.http.AbstractHttpResponseCodec.decode(AbstractHttpResponseCodec.java:45)
	at org.openqa.selenium.remote.HttpCommandExecutor.execute(HttpCommandExecutor.java:164)
	at org.openqa.selenium.remote.service.DriverCommandExecutor.execute(DriverCommandExecutor.java:82)
	at org.openqa.selenium.remote.RemoteWebDriver.execute(RemoteWebDriver.java:646)
	at org.openqa.selenium.remote.RemoteWebElement.execute(RemoteWebElement.java:275)
	at org.openqa.selenium.remote.RemoteWebElement.click(RemoteWebElement.java:82)
	at sun.reflect.GeneratedMethodAccessor12.invoke(Unknown Source)
	at sun.reflect.DelegatingMethodAccessorImpl.invoke(Unknown Source)
	at java.lang.reflect.Method.invoke(Unknown Source)
	at org.openqa.selenium.support.events.EventFiringWebDriver$EventFiringWebElement$1.invoke(EventFiringWebDriver.java:350)
	at com.sun.proxy.$Proxy14.click(Unknown Source)
	at org.openqa.selenium.support.events.EventFiringWebDriver$EventFiringWebElement.click(EventFiringWebDriver.java:363)
	at sun.reflect.GeneratedMethodAccessor12.invoke(Unknown Source)
	at sun.reflect.DelegatingMethodAccessorImpl.invoke(Unknown Source)
	at java.lang.reflect.Method.invoke(Unknown Source)
	at org.openqa.selenium.support.pagefactory.internal.LocatingElementHandler.invoke(LocatingElementHandler.java:51)
	at com.sun.proxy.$Proxy13.click(Unknown Source)
	at com_milan_POM.EMRDashBoardPage.ClickOnVitals(EMRDashBoardPage.java:208)
	at com_Milan_Test.WVitalsTest.setup(WVitalsTest.java:48)
	at sun.reflect.NativeMethodAccessorImpl.invoke0(Native Method)
	at sun.reflect.NativeMethodAccessorImpl.invoke(Unknown Source)
	at sun.reflect.DelegatingMethodAccessorImpl.invoke(Unknown Source)
	at java.lang.reflect.Method.invoke(Unknown Source)
	at org.testng.internal.MethodInvocationHelper.invokeMethod(MethodInvocationHelper.java:108)
	at org.testng.internal.Invoker.invokeConfigurationMethod(Invoker.java:523)
	at org.testng.internal.Invoker.invokeConfigurations(Invoker.java:224)
	at org.testng.internal.Invoker.invokeMethod(Invoker.java:599)
	at org.testng.internal.Invoker.invokeTestMethod(Invoker.java:869)
	at org.testng.internal.Invoker.invokeTestMethods(Invoker.java:1193)
	at org.testng.internal.TestMethodWorker.invokeTestMethods(TestMethodWorker.java:126)
	at org.testng.internal.TestMethodWorker.run(TestMethodWorker.java:109)
	at org.testng.TestRunner.privateRun(TestRunner.java:744)
	at org.testng.TestRunner.run(TestRunner.java:602)
	at org.testng.SuiteRunner.runTest(SuiteRunner.java:380)
	at org.testng.SuiteRunner.access$000(SuiteRunner.java:39)
	at org.testng.SuiteRunner$SuiteWorker.run(SuiteRunner.java:414)
	at org.testng.internal.thread.ThreadUtil$1.call(ThreadUtil.java:52)
	at java.util.concurrent.FutureTask.run(Unknown Source)
	at java.util.concurrent.ThreadPoolExecutor.runWorker(Unknown Source)
	at java.util.concurrent.ThreadPoolExecutor$Worker.run(Unknown Source)
	at java.lang.Thread.run(Unknown Source)
]]>
            </full-stacktrace>
          </exception> <!-- org.openqa.selenium.WebDriverException -->
          <reporter-output>
          </reporter-output>
        </test-method> <!-- SaveAllVitalsValuesTest -->
        <test-method status="SKIP" signature="setup()[pri:0, instance:com_Milan_Test.WVitalsTest@5e600dd5]" name="setup" is-config="true" duration-ms="0" started-at="2018-05-31T20:25:07Z" finished-at="2018-05-31T20:25:07Z">
          <reporter-output>
          </reporter-output>
        </test-method> <!-- setup -->
        <test-method status="SKIP" signature="SaveAllVitalsValuesTest(java.lang.String, java.lang.String, java.lang.String, java.lang.String, java.lang.String, java.lang.String)[pri:3, instance:com_Milan_Test.WVitalsTest@5e600dd5]" name="SaveAllVitalsValuesTest" duration-ms="0" started-at="2018-05-31T20:25:07Z" data-provider="getTestData" finished-at="2018-05-31T20:25:07Z">
          <exception class="org.openqa.selenium.WebDriverException">
            <message>
              <![CDATA[unknown error: Element <a href="" id="menuField_women" ng-show="IsFemale" class="">...</a> is not clickable at point (75, 135). Other element would receive the click: <div modal-render="true" tabindex="-1" role="dialog" class="modal fade ng-isolate-scope in" uib-modal-animation-class="fade" modal-in-class="in" ng-style="{'z-index': 1050 + index*10, display: 'block'}" uib-modal-window="modal-window" size="md" index="0" animate="animate" modal-animation="true" style="z-index: 1050; display: block;">...</div>
  (Session info: chrome=66.0.3359.181)
  (Driver info: chromedriver=2.36.540470 (e522d04694c7ebea4ba8821272dbef4f9b818c91),platform=Windows NT 6.3.9600 x86_64) (WARNING: The server did not provide any stacktrace information)
Command duration or timeout: 0 milliseconds
Build info: version: '3.5.3', revision: 'a88d25fe6b', time: '2017-08-29T12:42:44.417Z'
System info: host: 'IVF111', ip: '192.168.1.56', os.name: 'Windows 8.1', os.arch: 'amd64', os.version: '6.3', java.version: '1.8.0_161'
Driver info: org.openqa.selenium.chrome.ChromeDriver
Capabilities [{mobileEmulationEnabled=false, hasTouchScreen=false, platform=WIN8_1, acceptSslCerts=false, acceptInsecureCerts=false, webStorageEnabled=true, browserName=chrome, takesScreenshot=true, javascriptEnabled=true, platformName=WIN8_1, setWindowRect=true, unexpectedAlertBehaviour=, applicationCacheEnabled=false, rotatable=false, networkConnectionEnabled=false, chrome={chromedriverVersion=2.36.540470 (e522d04694c7ebea4ba8821272dbef4f9b818c91), userDataDir=C:\Users\paragb\AppData\Local\Temp\scoped_dir19012_584}, takesHeapSnapshot=true, pageLoadStrategy=normal, unhandledPromptBehavior=, databaseEnabled=false, handlesAlerts=true, version=66.0.3359.181, browserConnectionEnabled=false, nativeEvents=true, locationContextEnabled=true, cssSelectorsEnabled=true}]
Session ID: d04de2f8f7828273dd23ec23bc8e9e7a]]>
            </message>
            <full-stacktrace>
              <![CDATA[org.openqa.selenium.WebDriverException: unknown error: Element <a href="" id="menuField_women" ng-show="IsFemale" class="">...</a> is not clickable at point (75, 135). Other element would receive the click: <div modal-render="true" tabindex="-1" role="dialog" class="modal fade ng-isolate-scope in" uib-modal-animation-class="fade" modal-in-class="in" ng-style="{'z-index': 1050 + index*10, display: 'block'}" uib-modal-window="modal-window" size="md" index="0" animate="animate" modal-animation="true" style="z-index: 1050; display: block;">...</div>
  (Session info: chrome=66.0.3359.181)
  (Driver info: chromedriver=2.36.540470 (e522d04694c7ebea4ba8821272dbef4f9b818c91),platform=Windows NT 6.3.9600 x86_64) (WARNING: The server did not provide any stacktrace information)
Command duration or timeout: 0 milliseconds
Build info: version: '3.5.3', revision: 'a88d25fe6b', time: '2017-08-29T12:42:44.417Z'
System info: host: 'IVF111', ip: '192.168.1.56', os.name: 'Windows 8.1', os.arch: 'amd64', os.version: '6.3', java.version: '1.8.0_161'
Driver info: org.openqa.selenium.chrome.ChromeDriver
Capabilities [{mobileEmulationEnabled=false, hasTouchScreen=false, platform=WIN8_1, acceptSslCerts=false, acceptInsecureCerts=false, webStorageEnabled=true, browserName=chrome, takesScreenshot=true, javascriptEnabled=true, platformName=WIN8_1, setWindowRect=true, unexpectedAlertBehaviour=, applicationCacheEnabled=false, rotatable=false, networkConnectionEnabled=false, chrome={chromedriverVersion=2.36.540470 (e522d04694c7ebea4ba8821272dbef4f9b818c91), userDataDir=C:\Users\paragb\AppData\Local\Temp\scoped_dir19012_584}, takesHeapSnapshot=true, pageLoadStrategy=normal, unhandledPromptBehavior=, databaseEnabled=false, handlesAlerts=true, version=66.0.3359.181, browserConnectionEnabled=false, nativeEvents=true, locationContextEnabled=true, cssSelectorsEnabled=true}]
Session ID: d04de2f8f7828273dd23ec23bc8e9e7a
	at sun.reflect.NativeConstructorAccessorImpl.newInstance0(Native Method)
	at sun.reflect.NativeConstructorAccessorImpl.newInstance(Unknown Source)
	at sun.reflect.DelegatingConstructorAccessorImpl.newInstance(Unknown Source)
	at java.lang.reflect.Constructor.newInstance(Unknown Source)
	at org.openqa.selenium.remote.ErrorHandler.createThrowable(ErrorHandler.java:215)
	at org.openqa.selenium.remote.ErrorHandler.throwIfResponseFailed(ErrorHandler.java:167)
	at org.openqa.selenium.remote.http.JsonHttpResponseCodec.reconstructValue(JsonHttpResponseCodec.java:40)
	at org.openqa.selenium.remote.http.AbstractHttpResponseCodec.decode(AbstractHttpResponseCodec.java:82)
	at org.openqa.selenium.remote.http.AbstractHttpResponseCodec.decode(AbstractHttpResponseCodec.java:45)
	at org.openqa.selenium.remote.HttpCommandExecutor.execute(HttpCommandExecutor.java:164)
	at org.openqa.selenium.remote.service.DriverCommandExecutor.execute(DriverCommandExecutor.java:82)
	at org.openqa.selenium.remote.RemoteWebDriver.execute(RemoteWebDriver.java:646)
	at org.openqa.selenium.remote.RemoteWebElement.execute(RemoteWebElement.java:275)
	at org.openqa.selenium.remote.RemoteWebElement.click(RemoteWebElement.java:82)
	at sun.reflect.GeneratedMethodAccessor12.invoke(Unknown Source)
	at sun.reflect.DelegatingMethodAccessorImpl.invoke(Unknown Source)
	at java.lang.reflect.Method.invoke(Unknown Source)
	at org.openqa.selenium.support.events.EventFiringWebDriver$EventFiringWebElement$1.invoke(EventFiringWebDriver.java:350)
	at com.sun.proxy.$Proxy14.click(Unknown Source)
	at org.openqa.selenium.support.events.EventFiringWebDriver$EventFiringWebElement.click(EventFiringWebDriver.java:363)
	at sun.reflect.GeneratedMethodAccessor12.invoke(Unknown Source)
	at sun.reflect.DelegatingMethodAccessorImpl.invoke(Unknown Source)
	at java.lang.reflect.Method.invoke(Unknown Source)
	at org.openqa.selenium.support.pagefactory.internal.LocatingElementHandler.invoke(LocatingElementHandler.java:51)
	at com.sun.proxy.$Proxy13.click(Unknown Source)
	at com_milan_POM.EMRDashBoardPage.ClickOnVitals(EMRDashBoardPage.java:208)
	at com_Milan_Test.WVitalsTest.setup(WVitalsTest.java:48)
	at sun.reflect.NativeMethodAccessorImpl.invoke0(Native Method)
	at sun.reflect.NativeMethodAccessorImpl.invoke(Unknown Source)
	at sun.reflect.DelegatingMethodAccessorImpl.invoke(Unknown Source)
	at java.lang.reflect.Method.invoke(Unknown Source)
	at org.testng.internal.MethodInvocationHelper.invokeMethod(MethodInvocationHelper.java:108)
	at org.testng.internal.Invoker.invokeConfigurationMethod(Invoker.java:523)
	at org.testng.internal.Invoker.invokeConfigurations(Invoker.java:224)
	at org.testng.internal.Invoker.invokeMethod(Invoker.java:599)
	at org.testng.internal.Invoker.invokeTestMethod(Invoker.java:869)
	at org.testng.internal.Invoker.invokeTestMethods(Invoker.java:1193)
	at org.testng.internal.TestMethodWorker.invokeTestMethods(TestMethodWorker.java:126)
	at org.testng.internal.TestMethodWorker.run(TestMethodWorker.java:109)
	at org.testng.TestRunner.privateRun(TestRunner.java:744)
	at org.testng.TestRunner.run(TestRunner.java:602)
	at org.testng.SuiteRunner.runTest(SuiteRunner.java:380)
	at org.testng.SuiteRunner.access$000(SuiteRunner.java:39)
	at org.testng.SuiteRunner$SuiteWorker.run(SuiteRunner.java:414)
	at org.testng.internal.thread.ThreadUtil$1.call(ThreadUtil.java:52)
	at java.util.concurrent.FutureTask.run(Unknown Source)
	at java.util.concurrent.ThreadPoolExecutor.runWorker(Unknown Source)
	at java.util.concurrent.ThreadPoolExecutor$Worker.run(Unknown Source)
	at java.lang.Thread.run(Unknown Source)
]]>
            </full-stacktrace>
          </exception> <!-- org.openqa.selenium.WebDriverException -->
          <reporter-output>
          </reporter-output>
        </test-method> <!-- SaveAllVitalsValuesTest -->
      </class> <!-- com_Milan_Test.WVitalsTest -->
      <class name="com_Milan_Test.WPastMedicationHistoryTest">
        <test-method status="PASS" signature="Setup()[pri:0, instance:com_Milan_Test.WPastMedicationHistoryTest@942a29c]" name="Setup" is-config="true" duration-ms="49605" started-at="2018-05-31T19:42:58Z" finished-at="2018-05-31T19:43:47Z">
          <reporter-output>
          </reporter-output>
        </test-method> <!-- Setup -->
        <test-method status="PASS" signature="DrugNameTest()[pri:1, instance:com_Milan_Test.WPastMedicationHistoryTest@942a29c]" name="DrugNameTest" duration-ms="6103" started-at="2018-05-31T19:43:47Z" finished-at="2018-05-31T19:43:53Z">
          <reporter-output>
          </reporter-output>
        </test-method> <!-- DrugNameTest -->
        <test-method status="PASS" signature="Teardown()[pri:0, instance:com_Milan_Test.WPastMedicationHistoryTest@942a29c]" name="Teardown" is-config="true" duration-ms="684" started-at="2018-05-31T19:43:53Z" finished-at="2018-05-31T19:43:54Z">
          <reporter-output>
          </reporter-output>
        </test-method> <!-- Teardown -->
        <test-method status="PASS" signature="Setup()[pri:0, instance:com_Milan_Test.WPastMedicationHistoryTest@942a29c]" name="Setup" is-config="true" duration-ms="50525" started-at="2018-05-31T20:00:43Z" finished-at="2018-05-31T20:01:34Z">
          <reporter-output>
          </reporter-output>
        </test-method> <!-- Setup -->
        <test-method status="PASS" signature="DrugNameFieldEnableconditionTest()[pri:2, instance:com_Milan_Test.WPastMedicationHistoryTest@942a29c]" name="DrugNameFieldEnableconditionTest" duration-ms="6167" started-at="2018-05-31T20:01:34Z" finished-at="2018-05-31T20:01:40Z">
          <reporter-output>
          </reporter-output>
        </test-method> <!-- DrugNameFieldEnableconditionTest -->
        <test-method status="PASS" signature="Teardown()[pri:0, instance:com_Milan_Test.WPastMedicationHistoryTest@942a29c]" name="Teardown" is-config="true" duration-ms="703" started-at="2018-05-31T20:01:40Z" finished-at="2018-05-31T20:01:41Z">
          <reporter-output>
          </reporter-output>
        </test-method> <!-- Teardown -->
        <test-method status="PASS" signature="Setup()[pri:0, instance:com_Milan_Test.WPastMedicationHistoryTest@942a29c]" name="Setup" is-config="true" duration-ms="46747" started-at="2018-05-31T20:20:23Z" finished-at="2018-05-31T20:21:10Z">
          <reporter-output>
          </reporter-output>
        </test-method> <!-- Setup -->
        <test-method status="PASS" signature="pastMedicationHistorysetdataTest()[pri:3, instance:com_Milan_Test.WPastMedicationHistoryTest@942a29c]" name="pastMedicationHistorysetdataTest" duration-ms="4189" started-at="2018-05-31T20:21:10Z" finished-at="2018-05-31T20:21:14Z">
          <reporter-output>
          </reporter-output>
        </test-method> <!-- pastMedicationHistorysetdataTest -->
        <test-method status="PASS" signature="Teardown()[pri:0, instance:com_Milan_Test.WPastMedicationHistoryTest@942a29c]" name="Teardown" is-config="true" duration-ms="743" started-at="2018-05-31T20:21:14Z" finished-at="2018-05-31T20:21:15Z">
          <reporter-output>
          </reporter-output>
        </test-method> <!-- Teardown -->
      </class> <!-- com_Milan_Test.WPastMedicationHistoryTest -->
      <class name="com_Milan_Test.WAllergiesTest">
        <test-method status="PASS" signature="Seup()[pri:0, instance:com_Milan_Test.WAllergiesTest@5a45133e]" name="Seup" is-config="true" duration-ms="50331" started-at="2018-05-31T19:45:49Z" finished-at="2018-05-31T19:46:39Z">
          <reporter-output>
          </reporter-output>
        </test-method> <!-- Seup -->
        <test-method status="PASS" signature="AllergySelectionTest()[pri:1, instance:com_Milan_Test.WAllergiesTest@5a45133e]" name="AllergySelectionTest" duration-ms="68554" started-at="2018-05-31T19:46:39Z" finished-at="2018-05-31T19:47:47Z">
          <reporter-output>
          </reporter-output>
        </test-method> <!-- AllergySelectionTest -->
        <test-method status="PASS" signature="Teardown()[pri:0, instance:com_Milan_Test.WAllergiesTest@5a45133e]" name="Teardown" is-config="true" duration-ms="723" started-at="2018-05-31T19:47:47Z" finished-at="2018-05-31T19:47:48Z">
          <reporter-output>
          </reporter-output>
        </test-method> <!-- Teardown -->
      </class> <!-- com_Milan_Test.WAllergiesTest -->
      <class name="com_Milan_Test.WAddictionsTest">
        <test-method status="FAIL" signature="saveNewAdictions(java.lang.String, java.lang.String, java.lang.String, java.lang.String, java.lang.String, java.lang.String)[pri:17, instance:com_Milan_Test.WAddictionsTest@576d5deb]" name="saveNewAdictions" duration-ms="0" started-at="2018-05-31T20:51:27Z" finished-at="2018-05-31T20:51:27Z">
          <exception class="org.testng.TestNGException">
            <message>
              <![CDATA[
Cannot inject @Test annotated Method [saveNewAdictions] with [class java.lang.String, class java.lang.String, class java.lang.String, class java.lang.String, class java.lang.String, class java.lang.String].
For more information on native dependency injection please refer to http://testng.org/doc/documentation-main.html#native-dependency-injection]]>
            </message>
            <full-stacktrace>
              <![CDATA[org.testng.TestNGException: 
Cannot inject @Test annotated Method [saveNewAdictions] with [class java.lang.String, class java.lang.String, class java.lang.String, class java.lang.String, class java.lang.String, class java.lang.String].
For more information on native dependency injection please refer to http://testng.org/doc/documentation-main.html#native-dependency-injection
	at org.testng.internal.Parameters.checkParameterTypes(Parameters.java:244)
	at org.testng.internal.Parameters.createParameters(Parameters.java:172)
	at org.testng.internal.Parameters.createParameters(Parameters.java:458)
	at org.testng.internal.Parameters.handleParameters(Parameters.java:569)
	at org.testng.internal.Invoker.handleParameters(Invoker.java:1308)
	at org.testng.internal.Invoker.createParameters(Invoker.java:1036)
	at org.testng.internal.Invoker.invokeTestMethods(Invoker.java:1126)
	at org.testng.internal.TestMethodWorker.invokeTestMethods(TestMethodWorker.java:126)
	at org.testng.internal.TestMethodWorker.run(TestMethodWorker.java:109)
	at org.testng.TestRunner.privateRun(TestRunner.java:744)
	at org.testng.TestRunner.run(TestRunner.java:602)
	at org.testng.SuiteRunner.runTest(SuiteRunner.java:380)
	at org.testng.SuiteRunner.access$000(SuiteRunner.java:39)
	at org.testng.SuiteRunner$SuiteWorker.run(SuiteRunner.java:414)
	at org.testng.internal.thread.ThreadUtil$1.call(ThreadUtil.java:52)
	at java.util.concurrent.FutureTask.run(Unknown Source)
	at java.util.concurrent.ThreadPoolExecutor.runWorker(Unknown Source)
	at java.util.concurrent.ThreadPoolExecutor$Worker.run(Unknown Source)
	at java.lang.Thread.run(Unknown Source)
]]>
            </full-stacktrace>
          </exception> <!-- org.testng.TestNGException -->
          <reporter-output>
          </reporter-output>
        </test-method> <!-- saveNewAdictions -->
      </class> <!-- com_Milan_Test.WAddictionsTest -->
    </test> <!-- IVFTEST -->
  </suite> <!-- IVFSuite -->
</testng-results>
