<?xml version="1.0" encoding="UTF-8"?>
<testng-results skipped="0" failed="0" ignored="0" total="4" passed="4">
  <reporter-output>
  </reporter-output>
  <suite name="Default suite" duration-ms="52302" started-at="2018-06-11T09:51:58Z" finished-at="2018-06-11T09:52:51Z">
    <groups>
    </groups>
    <test name="Default test" duration-ms="52302" started-at="2018-06-11T09:51:58Z" finished-at="2018-06-11T09:52:51Z">
      <class name="com_Milan_Test.LoginPageTest">
        <test-method status="PASS" signature="Seup()[pri:0, instance:com_Milan_Test.LoginPageTest@17a7f733]" name="Seup" is-config="true" duration-ms="16863" started-at="2018-06-11T15:21:58Z" finished-at="2018-06-11T15:22:15Z">
          <reporter-output>
          </reporter-output>
        </test-method> <!-- Seup -->
        <test-method status="PASS" signature="InvalidusernameTest()[pri:1, instance:com_Milan_Test.LoginPageTest@17a7f733]" name="InvalidusernameTest" duration-ms="3333" started-at="2018-06-11T15:22:15Z" finished-at="2018-06-11T15:22:19Z">
          <reporter-output>
          </reporter-output>
        </test-method> <!-- InvalidusernameTest -->
        <test-method status="PASS" signature="Teardown()[pri:0, instance:com_Milan_Test.LoginPageTest@17a7f733]" name="Teardown" is-config="true" duration-ms="656" started-at="2018-06-11T15:22:19Z" finished-at="2018-06-11T15:22:19Z">
          <reporter-output>
          </reporter-output>
        </test-method> <!-- Teardown -->
        <test-method status="PASS" signature="Seup()[pri:0, instance:com_Milan_Test.LoginPageTest@17a7f733]" name="Seup" is-config="true" duration-ms="6358" started-at="2018-06-11T15:22:19Z" finished-at="2018-06-11T15:22:26Z">
          <reporter-output>
          </reporter-output>
        </test-method> <!-- Seup -->
        <test-method status="PASS" signature="InvalidPasswordTest()[pri:2, instance:com_Milan_Test.LoginPageTest@17a7f733]" name="InvalidPasswordTest" duration-ms="6708" started-at="2018-06-11T15:22:26Z" finished-at="2018-06-11T15:22:32Z">
          <reporter-output>
          </reporter-output>
        </test-method> <!-- InvalidPasswordTest -->
        <test-method status="PASS" signature="Teardown()[pri:0, instance:com_Milan_Test.LoginPageTest@17a7f733]" name="Teardown" is-config="true" duration-ms="671" started-at="2018-06-11T15:22:32Z" finished-at="2018-06-11T15:22:33Z">
          <reporter-output>
          </reporter-output>
        </test-method> <!-- Teardown -->
        <test-method status="PASS" signature="Seup()[pri:0, instance:com_Milan_Test.LoginPageTest@17a7f733]" name="Seup" is-config="true" duration-ms="7905" started-at="2018-06-11T15:22:33Z" finished-at="2018-06-11T15:22:41Z">
          <reporter-output>
          </reporter-output>
        </test-method> <!-- Seup -->
        <test-method status="PASS" signature="ButtonEnableConditionTest()[pri:3, instance:com_Milan_Test.LoginPageTest@17a7f733]" name="ButtonEnableConditionTest" duration-ms="193" started-at="2018-06-11T15:22:41Z" finished-at="2018-06-11T15:22:41Z">
          <reporter-output>
          </reporter-output>
        </test-method> <!-- ButtonEnableConditionTest -->
        <test-method status="PASS" signature="Teardown()[pri:0, instance:com_Milan_Test.LoginPageTest@17a7f733]" name="Teardown" is-config="true" duration-ms="654" started-at="2018-06-11T15:22:41Z" finished-at="2018-06-11T15:22:42Z">
          <reporter-output>
          </reporter-output>
        </test-method> <!-- Teardown -->
        <test-method status="PASS" signature="Seup()[pri:0, instance:com_Milan_Test.LoginPageTest@17a7f733]" name="Seup" is-config="true" duration-ms="5504" started-at="2018-06-11T15:22:42Z" finished-at="2018-06-11T15:22:47Z">
          <reporter-output>
          </reporter-output>
        </test-method> <!-- Seup -->
        <test-method status="PASS" signature="LoginTest()[pri:4, instance:com_Milan_Test.LoginPageTest@17a7f733]" name="LoginTest" duration-ms="2698" started-at="2018-06-11T15:22:47Z" finished-at="2018-06-11T15:22:50Z">
          <reporter-output>
          </reporter-output>
        </test-method> <!-- LoginTest -->
        <test-method status="PASS" signature="Teardown()[pri:0, instance:com_Milan_Test.LoginPageTest@17a7f733]" name="Teardown" is-config="true" duration-ms="685" started-at="2018-06-11T15:22:50Z" finished-at="2018-06-11T15:22:51Z">
          <reporter-output>
          </reporter-output>
        </test-method> <!-- Teardown -->
      </class> <!-- com_Milan_Test.LoginPageTest -->
    </test> <!-- Default test -->
  </suite> <!-- Default suite -->
</testng-results>
