<?xml version="1.0" encoding="UTF-8"?>
<testng-results skipped="0" failed="1" ignored="1" total="4" passed="2">
  <reporter-output>
  </reporter-output>
  <suite name="Default suite" duration-ms="86816" started-at="2018-05-13T07:26:49Z" finished-at="2018-05-13T07:28:16Z">
    <groups>
    </groups>
    <test name="Default test" duration-ms="86816" started-at="2018-05-13T07:26:49Z" finished-at="2018-05-13T07:28:16Z">
      <class name="com_Milan_Test.LoginPageTest">
        <test-method status="PASS" signature="Seup()[pri:0, instance:com_Milan_Test.LoginPageTest@6aaceffd]" name="Seup" is-config="true" duration-ms="7580" started-at="2018-05-13T12:56:49Z" finished-at="2018-05-13T12:56:57Z">
          <reporter-output>
          </reporter-output>
        </test-method> <!-- Seup -->
        <test-method status="FAIL" signature="InvalidPasswordTest()[pri:2, instance:com_Milan_Test.LoginPageTest@6aaceffd]" name="InvalidPasswordTest" duration-ms="62479" started-at="2018-05-13T12:56:57Z" finished-at="2018-05-13T12:57:59Z">
          <exception class="org.openqa.selenium.NoSuchElementException">
            <message>
              <![CDATA[Cannot locate element with text: Lavida Fertility Bangkok
For documentation on this error, please visit: http://seleniumhq.org/exceptions/no_such_element.html
Build info: version: '3.5.3', revision: 'a88d25fe6b', time: '2017-08-29T12:42:44.417Z'
System info: host: 'IVF111', ip: '192.168.1.56', os.name: 'Windows 8.1', os.arch: 'amd64', os.version: '6.3', java.version: '1.8.0_161'
Driver info: driver.version: unknown]]>
            </message>
            <full-stacktrace>
              <![CDATA[org.openqa.selenium.NoSuchElementException: Cannot locate element with text: Lavida Fertility Bangkok
For documentation on this error, please visit: http://seleniumhq.org/exceptions/no_such_element.html
Build info: version: '3.5.3', revision: 'a88d25fe6b', time: '2017-08-29T12:42:44.417Z'
System info: host: 'IVF111', ip: '192.168.1.56', os.name: 'Windows 8.1', os.arch: 'amd64', os.version: '6.3', java.version: '1.8.0_161'
Driver info: driver.version: unknown
	at org.openqa.selenium.support.ui.Select.selectByVisibleText(Select.java:151)
	at com_milan_POM.Loginpage.Invaliduserpassword(Loginpage.java:90)
	at com_Milan_Test.LoginPageTest.InvalidPasswordTest(LoginPageTest.java:57)
	at sun.reflect.NativeMethodAccessorImpl.invoke0(Native Method)
	at sun.reflect.NativeMethodAccessorImpl.invoke(Unknown Source)
	at sun.reflect.DelegatingMethodAccessorImpl.invoke(Unknown Source)
	at java.lang.reflect.Method.invoke(Unknown Source)
	at org.testng.internal.MethodInvocationHelper.invokeMethod(MethodInvocationHelper.java:108)
	at org.testng.internal.Invoker.invokeMethod(Invoker.java:661)
	at org.testng.internal.Invoker.invokeTestMethod(Invoker.java:869)
	at org.testng.internal.Invoker.invokeTestMethods(Invoker.java:1193)
	at org.testng.internal.TestMethodWorker.invokeTestMethods(TestMethodWorker.java:126)
	at org.testng.internal.TestMethodWorker.run(TestMethodWorker.java:109)
	at org.testng.TestRunner.privateRun(TestRunner.java:744)
	at org.testng.TestRunner.run(TestRunner.java:602)
	at org.testng.SuiteRunner.runTest(SuiteRunner.java:380)
	at org.testng.SuiteRunner.runSequentially(SuiteRunner.java:375)
	at org.testng.SuiteRunner.privateRun(SuiteRunner.java:340)
	at org.testng.SuiteRunner.run(SuiteRunner.java:289)
	at org.testng.SuiteRunnerWorker.runSuite(SuiteRunnerWorker.java:52)
	at org.testng.SuiteRunnerWorker.run(SuiteRunnerWorker.java:86)
	at org.testng.TestNG.runSuitesSequentially(TestNG.java:1301)
	at org.testng.TestNG.runSuitesLocally(TestNG.java:1226)
	at org.testng.TestNG.runSuites(TestNG.java:1144)
	at org.testng.TestNG.run(TestNG.java:1115)
	at org.testng.remote.AbstractRemoteTestNG.run(AbstractRemoteTestNG.java:114)
	at org.testng.remote.RemoteTestNG.initAndRun(RemoteTestNG.java:251)
	at org.testng.remote.RemoteTestNG.main(RemoteTestNG.java:77)
]]>
            </full-stacktrace>
          </exception> <!-- org.openqa.selenium.NoSuchElementException -->
          <reporter-output>
          </reporter-output>
        </test-method> <!-- InvalidPasswordTest -->
        <test-method status="PASS" signature="Teardown()[pri:0, instance:com_Milan_Test.LoginPageTest@6aaceffd]" name="Teardown" is-config="true" duration-ms="666" started-at="2018-05-13T12:58:00Z" finished-at="2018-05-13T12:58:00Z">
          <reporter-output>
          </reporter-output>
        </test-method> <!-- Teardown -->
        <test-method status="PASS" signature="Seup()[pri:0, instance:com_Milan_Test.LoginPageTest@6aaceffd]" name="Seup" is-config="true" duration-ms="6068" started-at="2018-05-13T12:58:00Z" finished-at="2018-05-13T12:58:06Z">
          <reporter-output>
          </reporter-output>
        </test-method> <!-- Seup -->
        <test-method status="PASS" signature="ButtonEnableConditionTest()[pri:3, instance:com_Milan_Test.LoginPageTest@6aaceffd]" name="ButtonEnableConditionTest" duration-ms="144" started-at="2018-05-13T12:58:06Z" finished-at="2018-05-13T12:58:07Z">
          <reporter-output>
          </reporter-output>
        </test-method> <!-- ButtonEnableConditionTest -->
        <test-method status="PASS" signature="Teardown()[pri:0, instance:com_Milan_Test.LoginPageTest@6aaceffd]" name="Teardown" is-config="true" duration-ms="647" started-at="2018-05-13T12:58:07Z" finished-at="2018-05-13T12:58:07Z">
          <reporter-output>
          </reporter-output>
        </test-method> <!-- Teardown -->
        <test-method status="PASS" signature="Seup()[pri:0, instance:com_Milan_Test.LoginPageTest@6aaceffd]" name="Seup" is-config="true" duration-ms="5302" started-at="2018-05-13T12:58:07Z" finished-at="2018-05-13T12:58:12Z">
          <reporter-output>
          </reporter-output>
        </test-method> <!-- Seup -->
        <test-method status="PASS" signature="LoginTest()[pri:4, instance:com_Milan_Test.LoginPageTest@6aaceffd]" name="LoginTest" duration-ms="2632" started-at="2018-05-13T12:58:12Z" finished-at="2018-05-13T12:58:15Z">
          <reporter-output>
          </reporter-output>
        </test-method> <!-- LoginTest -->
        <test-method status="PASS" signature="Teardown()[pri:0, instance:com_Milan_Test.LoginPageTest@6aaceffd]" name="Teardown" is-config="true" duration-ms="694" started-at="2018-05-13T12:58:15Z" finished-at="2018-05-13T12:58:16Z">
          <reporter-output>
          </reporter-output>
        </test-method> <!-- Teardown -->
      </class> <!-- com_Milan_Test.LoginPageTest -->
    </test> <!-- Default test -->
  </suite> <!-- Default suite -->
</testng-results>
