<?xml version="1.0" encoding="UTF-8"?>
<testng-results skipped="0" failed="0" ignored="0" total="2" passed="2">
  <reporter-output>
  </reporter-output>
  <suite name="Default suite" duration-ms="283392" started-at="2018-05-05T18:13:31Z" finished-at="2018-05-05T18:18:14Z">
    <groups>
    </groups>
    <test name="Default test" duration-ms="283392" started-at="2018-05-05T18:13:31Z" finished-at="2018-05-05T18:18:14Z">
      <class name="com_Milan_Test.WcomplaintsTest">
        <test-method status="PASS" signature="Setup()[pri:0, instance:com_Milan_Test.WcomplaintsTest@14bf9759]" name="Setup" is-config="true" duration-ms="105321" started-at="2018-05-05T23:43:31Z" finished-at="2018-05-05T23:45:16Z">
          <reporter-output>
          </reporter-output>
        </test-method> <!-- Setup -->
        <test-method status="PASS" signature="NewPatientPresentingComplaintsTest()[pri:1, instance:com_Milan_Test.WcomplaintsTest@14bf9759]" name="NewPatientPresentingComplaintsTest" duration-ms="34765" started-at="2018-05-05T23:45:16Z" finished-at="2018-05-05T23:45:51Z">
          <reporter-output>
          </reporter-output>
        </test-method> <!-- NewPatientPresentingComplaintsTest -->
        <test-method status="PASS" signature="Setup()[pri:0, instance:com_Milan_Test.WcomplaintsTest@14bf9759]" name="Setup" is-config="true" duration-ms="99596" started-at="2018-05-05T23:45:51Z" finished-at="2018-05-05T23:47:30Z">
          <reporter-output>
          </reporter-output>
        </test-method> <!-- Setup -->
        <test-method status="PASS" signature="SaveTheComplaintsTest()[pri:2, instance:com_Milan_Test.WcomplaintsTest@14bf9759]" name="SaveTheComplaintsTest" duration-ms="43668" started-at="2018-05-05T23:47:30Z" finished-at="2018-05-05T23:48:14Z">
          <reporter-output>
          </reporter-output>
        </test-method> <!-- SaveTheComplaintsTest -->
      </class> <!-- com_Milan_Test.WcomplaintsTest -->
    </test> <!-- Default test -->
  </suite> <!-- Default suite -->
</testng-results>
