<?xml version="1.0" encoding="UTF-8"?>
<testng-results skipped="9" failed="2" ignored="8" total="157" passed="138">
  <reporter-output>
  </reporter-output>
  <suite name="IVFSuite" duration-ms="9528792" started-at="2018-07-23T16:48:01Z" finished-at="2018-07-23T19:26:50Z">
    <groups>
      <group name="functional">
        <method signature="WAddictionsTest.saveAdictionsTest(java.lang.String, java.lang.String, java.lang.String, java.lang.String, java.lang.String, java.lang.String)[pri:16, instance:com_Milan_Test.WAddictionsTest@407a7f2a]" name="saveAdictionsTest" class="com_Milan_Test.WAddictionsTest"/>
        <method signature="WAddictionsTest.saveNewAdictions(java.lang.String, java.lang.String, java.lang.String, java.lang.String, java.lang.String, java.lang.String)[pri:17, instance:com_Milan_Test.WAddictionsTest@407a7f2a]" name="saveNewAdictions" class="com_Milan_Test.WAddictionsTest"/>
        <method signature="WOPUCycyclePageTest.DeleteTheSeviceBeforeSaveThecycleTest()[pri:7, instance:com_Milan_Test.WOPUCycyclePageTest@4ea5b703]" name="DeleteTheSeviceBeforeSaveThecycleTest" class="com_Milan_Test.WOPUCycyclePageTest"/>
        <method signature="WOPUCycyclePageTest.NoofCyclesTest()[pri:8, instance:com_Milan_Test.WOPUCycyclePageTest@4ea5b703]" name="NoofCyclesTest" class="com_Milan_Test.WOPUCycyclePageTest"/>
        <method signature="WOPUCycyclePageTest.SaveOPUsubtypeICSITest()[pri:3, instance:com_Milan_Test.WOPUCycyclePageTest@4ea5b703]" name="SaveOPUsubtypeICSITest" class="com_Milan_Test.WOPUCycyclePageTest"/>
        <method signature="WcomplaintsTest.SaveTheComplaintsTest()[pri:2, instance:com_Milan_Test.WcomplaintsTest@7b993c65]" name="SaveTheComplaintsTest" class="com_Milan_Test.WcomplaintsTest"/>
      </group> <!-- functional -->
      <group name="smoketest">
        <method signature="EMRDashBoardPageTest.ClickOnComplaintTest()[pri:6, instance:com_Milan_Test.EMRDashBoardPageTest@609bcfb6]" name="ClickOnComplaintTest" class="com_Milan_Test.EMRDashBoardPageTest"/>
        <method signature="EMRDashBoardPageTest.ClickOnDiagnosisTest()[pri:3, instance:com_Milan_Test.EMRDashBoardPageTest@609bcfb6]" name="ClickOnDiagnosisTest" class="com_Milan_Test.EMRDashBoardPageTest"/>
        <method signature="EMRDashBoardPageTest.ClickOnInvestigationTest()[pri:4, instance:com_Milan_Test.EMRDashBoardPageTest@609bcfb6]" name="ClickOnInvestigationTest" class="com_Milan_Test.EMRDashBoardPageTest"/>
        <method signature="EMRDashBoardPageTest.ClickOnMenPaientHistory()[pri:2, instance:com_Milan_Test.EMRDashBoardPageTest@609bcfb6]" name="ClickOnMenPaientHistory" class="com_Milan_Test.EMRDashBoardPageTest"/>
        <method signature="EMRDashBoardPageTest.ClickOnVitalTest()[pri:5, instance:com_Milan_Test.EMRDashBoardPageTest@609bcfb6]" name="ClickOnVitalTest" class="com_Milan_Test.EMRDashBoardPageTest"/>
        <method signature="EMRDashBoardPageTest.ClickonWoomenPaientFieldTest()[pri:1, instance:com_Milan_Test.EMRDashBoardPageTest@609bcfb6]" name="ClickonWoomenPaientFieldTest" class="com_Milan_Test.EMRDashBoardPageTest"/>
        <method signature="FemaleDiagnosisTest.TypeSelectionboxEnableconditionForOtherfavorireTest()[pri:5, instance:com_Milan_Test.FemaleDiagnosisTest@6f1c29b7]" name="TypeSelectionboxEnableconditionForOtherfavorireTest" class="com_Milan_Test.FemaleDiagnosisTest"/>
        <method signature="FemaleDiagnosisTest.checkboxclickTest()[pri:7, instance:com_Milan_Test.FemaleDiagnosisTest@6f1c29b7]" name="checkboxclickTest" class="com_Milan_Test.FemaleDiagnosisTest"/>
        <method signature="WAddictionsTest.CurrentStatusEnableConditionAdictionTest()[pri:4, instance:com_Milan_Test.WAddictionsTest@407a7f2a]" name="CurrentStatusEnableConditionAdictionTest" class="com_Milan_Test.WAddictionsTest"/>
        <method signature="WAddictionsTest.CurrentStatusEnableConditionAlkoholTest()[pri:2, instance:com_Milan_Test.WAddictionsTest@407a7f2a]" name="CurrentStatusEnableConditionAlkoholTest" class="com_Milan_Test.WAddictionsTest"/>
        <method signature="WAddictionsTest.CurrentStatusEnableConditionCaffeineAddictionTest()[pri:5, instance:com_Milan_Test.WAddictionsTest@407a7f2a]" name="CurrentStatusEnableConditionCaffeineAddictionTest" class="com_Milan_Test.WAddictionsTest"/>
        <method signature="WAddictionsTest.CurrentStatusEnableConditionSmokeTest()[pri:1, instance:com_Milan_Test.WAddictionsTest@407a7f2a]" name="CurrentStatusEnableConditionSmokeTest" class="com_Milan_Test.WAddictionsTest"/>
        <method signature="WAddictionsTest.CurrentStatusEnableConditionTobacoTest()[pri:3, instance:com_Milan_Test.WAddictionsTest@407a7f2a]" name="CurrentStatusEnableConditionTobacoTest" class="com_Milan_Test.WAddictionsTest"/>
        <method signature="WAddictionsTest.SenceWhenEnableconditionSinceWhenDrugAddictionYearTest()[pri:9, instance:com_Milan_Test.WAddictionsTest@407a7f2a]" name="SenceWhenEnableconditionSinceWhenDrugAddictionYearTest" class="com_Milan_Test.WAddictionsTest"/>
        <method signature="WAddictionsTest.SenceWhenEnableconditionSinceWhenYearAlkoholTest()[pri:7, instance:com_Milan_Test.WAddictionsTest@407a7f2a]" name="SenceWhenEnableconditionSinceWhenYearAlkoholTest" class="com_Milan_Test.WAddictionsTest"/>
        <method signature="WAddictionsTest.SenceWhenEnableconditionSinceWhenYearSmokeTest()[pri:6, instance:com_Milan_Test.WAddictionsTest@407a7f2a]" name="SenceWhenEnableconditionSinceWhenYearSmokeTest" class="com_Milan_Test.WAddictionsTest"/>
        <method signature="WAddictionsTest.SenceWhenEnableconditionSinceWhenYearTobacoTest()[pri:8, instance:com_Milan_Test.WAddictionsTest@407a7f2a]" name="SenceWhenEnableconditionSinceWhenYearTobacoTest" class="com_Milan_Test.WAddictionsTest"/>
        <method signature="WAddictionsTest.SinceWhenEnableconditionSinceWhenCaffeineAddictionTest()[pri:10, instance:com_Milan_Test.WAddictionsTest@407a7f2a]" name="SinceWhenEnableconditionSinceWhenCaffeineAddictionTest" class="com_Milan_Test.WAddictionsTest"/>
        <method signature="WAddictionsTest.SinceWhenEnableconditionSinceWhenMonthAlkoholTest()[pri:12, instance:com_Milan_Test.WAddictionsTest@407a7f2a]" name="SinceWhenEnableconditionSinceWhenMonthAlkoholTest" class="com_Milan_Test.WAddictionsTest"/>
        <method signature="WAddictionsTest.SinceWhenEnableconditionSinceWhenMonthForCaffeineAddictionTest()[pri:15, instance:com_Milan_Test.WAddictionsTest@407a7f2a]" name="SinceWhenEnableconditionSinceWhenMonthForCaffeineAddictionTest" class="com_Milan_Test.WAddictionsTest"/>
        <method signature="WAddictionsTest.SinceWhenEnableconditionSinceWhenMonthForDrugAdictionTest()[pri:14, instance:com_Milan_Test.WAddictionsTest@407a7f2a]" name="SinceWhenEnableconditionSinceWhenMonthForDrugAdictionTest" class="com_Milan_Test.WAddictionsTest"/>
        <method signature="WAddictionsTest.SinceWhenEnableconditionSinceWhenMonthSmokeTest()[pri:11, instance:com_Milan_Test.WAddictionsTest@407a7f2a]" name="SinceWhenEnableconditionSinceWhenMonthSmokeTest" class="com_Milan_Test.WAddictionsTest"/>
        <method signature="WAddictionsTest.SinceWhenEnableconditionSinceWhenMonthTobocoTest()[pri:13, instance:com_Milan_Test.WAddictionsTest@407a7f2a]" name="SinceWhenEnableconditionSinceWhenMonthTobocoTest" class="com_Milan_Test.WAddictionsTest"/>
        <method signature="WOPUCycyclePageTest.ARTCycleAvailabilityMessageBeforeSaveTheCycleTest()[pri:5, instance:com_Milan_Test.WOPUCycyclePageTest@4ea5b703]" name="ARTCycleAvailabilityMessageBeforeSaveTheCycleTest" class="com_Milan_Test.WOPUCycyclePageTest"/>
        <method signature="WOPUCycyclePageTest.AddOneServiceAtleastMessageTest()[pri:1, instance:com_Milan_Test.WOPUCycyclePageTest@4ea5b703]" name="AddOneServiceAtleastMessageTest" class="com_Milan_Test.WOPUCycyclePageTest"/>
        <method signature="WOPUCycyclePageTest.AleadySavedCycleTest()[pri:2, instance:com_Milan_Test.WOPUCycyclePageTest@4ea5b703]" name="AleadySavedCycleTest" class="com_Milan_Test.WOPUCycyclePageTest"/>
        <method signature="WOPUCycyclePageTest.ClickonCycletabTest()[pri:9, instance:com_Milan_Test.WOPUCycyclePageTest@4ea5b703]" name="ClickonCycletabTest" class="com_Milan_Test.WOPUCycyclePageTest"/>
        <method signature="WOPUCycyclePageTest.MessageforAlreadtyavailableCycleTest()[pri:4, instance:com_Milan_Test.WOPUCycyclePageTest@4ea5b703]" name="MessageforAlreadtyavailableCycleTest" class="com_Milan_Test.WOPUCycyclePageTest"/>
        <method signature="WOPUCycyclePageTest.SearchcycleTest()[pri:6, instance:com_Milan_Test.WOPUCycyclePageTest@4ea5b703]" name="SearchcycleTest" class="com_Milan_Test.WOPUCycyclePageTest"/>
        <method signature="WSexsualHistoryTest.DyspareuniatextTest()[pri:7, instance:com_Milan_Test.WSexsualHistoryTest@1df8b5b8]" name="DyspareuniatextTest" class="com_Milan_Test.WSexsualHistoryTest"/>
        <method signature="WSexsualHistoryTest.FillSexsuslHistorytest()[pri:4, instance:com_Milan_Test.WSexsualHistoryTest@1df8b5b8]" name="FillSexsuslHistorytest" class="com_Milan_Test.WSexsualHistoryTest"/>
        <method signature="WSexsualHistoryTest.InrelationshipsinceYearsTest()[pri:1, instance:com_Milan_Test.WSexsualHistoryTest@1df8b5b8]" name="InrelationshipsinceYearsTest" class="com_Milan_Test.WSexsualHistoryTest"/>
        <method signature="WSexsualHistoryTest.Lubricationusedtext()[pri:8, instance:com_Milan_Test.WSexsualHistoryTest@1df8b5b8]" name="Lubricationusedtext" class="com_Milan_Test.WSexsualHistoryTest"/>
        <method signature="WSexsualHistoryTest.Remarktexttest()[pri:9, instance:com_Milan_Test.WSexsualHistoryTest@1df8b5b8]" name="Remarktexttest" class="com_Milan_Test.WSexsualHistoryTest"/>
        <method signature="WSexsualHistoryTest.SexInrelationshipsinceMonthsTest()[pri:5, instance:com_Milan_Test.WSexsualHistoryTest@1df8b5b8]" name="SexInrelationshipsinceMonthsTest" class="com_Milan_Test.WSexsualHistoryTest"/>
        <method signature="WSexsualHistoryTest.TryingToConcieveSinceMonthTest()[pri:11, instance:com_Milan_Test.WSexsualHistoryTest@1df8b5b8]" name="TryingToConcieveSinceMonthTest" class="com_Milan_Test.WSexsualHistoryTest"/>
        <method signature="WSexsualHistoryTest.TryingToConcieveSinceYearTest()[pri:10, instance:com_Milan_Test.WSexsualHistoryTest@1df8b5b8]" name="TryingToConcieveSinceYearTest" class="com_Milan_Test.WSexsualHistoryTest"/>
        <method signature="WSexsualHistoryTest.numberofcharacterexualDysfunctionTest()[pri:6, instance:com_Milan_Test.WSexsualHistoryTest@1df8b5b8]" name="numberofcharacterexualDysfunctionTest" class="com_Milan_Test.WSexsualHistoryTest"/>
        <method signature="WSexsualHistoryTest.testRelationtlists()[pri:2, instance:com_Milan_Test.WSexsualHistoryTest@1df8b5b8]" name="testRelationtlists" class="com_Milan_Test.WSexsualHistoryTest"/>
        <method signature="WSexsualHistoryTest.textboxSexualDysfunctionTest()[pri:3, instance:com_Milan_Test.WSexsualHistoryTest@1df8b5b8]" name="textboxSexualDysfunctionTest" class="com_Milan_Test.WSexsualHistoryTest"/>
        <method signature="WVitalsTest.BMITest(java.lang.String, java.lang.String, java.lang.String, java.lang.String, java.lang.String, java.lang.String)[pri:1, instance:com_Milan_Test.WVitalsTest@7f284218]" name="BMITest" class="com_Milan_Test.WVitalsTest"/>
        <method signature="WVitalsTest.SaveAllVitalsValuesTest(java.lang.String, java.lang.String, java.lang.String, java.lang.String, java.lang.String, java.lang.String)[pri:2, instance:com_Milan_Test.WVitalsTest@7f284218]" name="SaveAllVitalsValuesTest" class="com_Milan_Test.WVitalsTest"/>
        <method signature="WcomplaintsTest.NextFollowUpTest()[pri:3, instance:com_Milan_Test.WcomplaintsTest@7b993c65]" name="NextFollowUpTest" class="com_Milan_Test.WcomplaintsTest"/>
        <method signature="WcomplaintsTest.NumberOfComplaintsTest()[pri:1, instance:com_Milan_Test.WcomplaintsTest@7b993c65]" name="NumberOfComplaintsTest" class="com_Milan_Test.WcomplaintsTest"/>
      </group> <!-- smoketest -->
      <group name="Boundryvalue">
        <method signature="WVitalsTest.BPSystolicBundryValueTest(java.lang.String, java.lang.String, java.lang.String, java.lang.String, java.lang.String, java.lang.String)[pri:1, instance:com_Milan_Test.WVitalsTest@7f284218]" name="BPSystolicBundryValueTest" class="com_Milan_Test.WVitalsTest"/>
      </group> <!-- Boundryvalue -->
    </groups>
    <test name="IVFTEST" duration-ms="9528792" started-at="2018-07-23T16:48:01Z" finished-at="2018-07-23T19:26:50Z">
      <class name="com_Milan_Test.WMenstrualHistoryTest">
        <test-method status="PASS" signature="Setup()[pri:0, instance:com_Milan_Test.WMenstrualHistoryTest@560348e6]" name="Setup" is-config="true" duration-ms="48751" started-at="2018-07-23T22:20:21Z" finished-at="2018-07-23T22:21:10Z">
          <reporter-output>
          </reporter-output>
        </test-method> <!-- Setup -->
        <test-method status="PASS" signature="AgeOfMenarcheRangeSartTest()[pri:1, instance:com_Milan_Test.WMenstrualHistoryTest@560348e6]" name="AgeOfMenarcheRangeSartTest" duration-ms="219" started-at="2018-07-23T22:21:10Z" finished-at="2018-07-23T22:21:10Z">
          <reporter-output>
          </reporter-output>
        </test-method> <!-- AgeOfMenarcheRangeSartTest -->
        <test-method status="PASS" signature="Teardown()[pri:0, instance:com_Milan_Test.WMenstrualHistoryTest@560348e6]" name="Teardown" is-config="true" duration-ms="718" started-at="2018-07-23T22:21:10Z" finished-at="2018-07-23T22:21:10Z">
          <reporter-output>
          </reporter-output>
        </test-method> <!-- Teardown -->
        <test-method status="PASS" signature="Setup()[pri:0, instance:com_Milan_Test.WMenstrualHistoryTest@560348e6]" name="Setup" is-config="true" duration-ms="51688" started-at="2018-07-23T22:43:13Z" finished-at="2018-07-23T22:44:04Z">
          <reporter-output>
          </reporter-output>
        </test-method> <!-- Setup -->
        <test-method status="PASS" signature="MenarcheRangeEndTest()[pri:2, instance:com_Milan_Test.WMenstrualHistoryTest@560348e6]" name="MenarcheRangeEndTest" duration-ms="186" started-at="2018-07-23T22:44:04Z" finished-at="2018-07-23T22:44:05Z">
          <reporter-output>
          </reporter-output>
        </test-method> <!-- MenarcheRangeEndTest -->
        <test-method status="PASS" signature="Teardown()[pri:0, instance:com_Milan_Test.WMenstrualHistoryTest@560348e6]" name="Teardown" is-config="true" duration-ms="710" started-at="2018-07-23T22:44:05Z" finished-at="2018-07-23T22:44:05Z">
          <reporter-output>
          </reporter-output>
        </test-method> <!-- Teardown -->
        <test-method status="PASS" signature="Setup()[pri:0, instance:com_Milan_Test.WMenstrualHistoryTest@560348e6]" name="Setup" is-config="true" duration-ms="52150" started-at="2018-07-23T23:06:31Z" finished-at="2018-07-23T23:07:23Z">
          <reporter-output>
          </reporter-output>
        </test-method> <!-- Setup -->
        <test-method status="PASS" signature="LMPcalenderdateSelectionTest()[pri:3, instance:com_Milan_Test.WMenstrualHistoryTest@560348e6]" name="LMPcalenderdateSelectionTest" duration-ms="7320" started-at="2018-07-23T23:07:23Z" finished-at="2018-07-23T23:07:31Z">
          <reporter-output>
          </reporter-output>
        </test-method> <!-- LMPcalenderdateSelectionTest -->
        <test-method status="PASS" signature="Teardown()[pri:0, instance:com_Milan_Test.WMenstrualHistoryTest@560348e6]" name="Teardown" is-config="true" duration-ms="708" started-at="2018-07-23T23:07:31Z" finished-at="2018-07-23T23:07:31Z">
          <reporter-output>
          </reporter-output>
        </test-method> <!-- Teardown -->
        <test-method status="PASS" signature="Setup()[pri:0, instance:com_Milan_Test.WMenstrualHistoryTest@560348e6]" name="Setup" is-config="true" duration-ms="51662" started-at="2018-07-23T23:23:13Z" finished-at="2018-07-23T23:24:05Z">
          <reporter-output>
          </reporter-output>
        </test-method> <!-- Setup -->
        <test-method status="PASS" signature="AmenorrheaTypeTest()[pri:4, instance:com_Milan_Test.WMenstrualHistoryTest@560348e6]" name="AmenorrheaTypeTest" duration-ms="214" started-at="2018-07-23T23:24:05Z" finished-at="2018-07-23T23:24:05Z">
          <reporter-output>
          </reporter-output>
        </test-method> <!-- AmenorrheaTypeTest -->
        <test-method status="PASS" signature="Teardown()[pri:0, instance:com_Milan_Test.WMenstrualHistoryTest@560348e6]" name="Teardown" is-config="true" duration-ms="694" started-at="2018-07-23T23:24:05Z" finished-at="2018-07-23T23:24:06Z">
          <reporter-output>
          </reporter-output>
        </test-method> <!-- Teardown -->
        <test-method status="PASS" signature="Setup()[pri:0, instance:com_Milan_Test.WMenstrualHistoryTest@560348e6]" name="Setup" is-config="true" duration-ms="52051" started-at="2018-07-23T23:36:34Z" finished-at="2018-07-23T23:37:26Z">
          <reporter-output>
          </reporter-output>
        </test-method> <!-- Setup -->
        <test-method status="PASS" signature="SavevaluesTest()[pri:5, instance:com_Milan_Test.WMenstrualHistoryTest@560348e6]" name="SavevaluesTest" duration-ms="283" started-at="2018-07-23T23:37:26Z" finished-at="2018-07-23T23:37:26Z">
          <reporter-output>
          </reporter-output>
        </test-method> <!-- SavevaluesTest -->
        <test-method status="PASS" signature="Teardown()[pri:0, instance:com_Milan_Test.WMenstrualHistoryTest@560348e6]" name="Teardown" is-config="true" duration-ms="725" started-at="2018-07-23T23:37:26Z" finished-at="2018-07-23T23:37:27Z">
          <reporter-output>
          </reporter-output>
        </test-method> <!-- Teardown -->
        <test-method status="PASS" signature="Setup()[pri:0, instance:com_Milan_Test.WMenstrualHistoryTest@560348e6]" name="Setup" is-config="true" duration-ms="49470" started-at="2018-07-23T23:47:50Z" finished-at="2018-07-23T23:48:39Z">
          <reporter-output>
          </reporter-output>
        </test-method> <!-- Setup -->
        <test-method status="PASS" signature="CycleDurationTest()[pri:6, instance:com_Milan_Test.WMenstrualHistoryTest@560348e6]" name="CycleDurationTest" duration-ms="221" started-at="2018-07-23T23:48:39Z" finished-at="2018-07-23T23:48:40Z">
          <reporter-output>
          </reporter-output>
        </test-method> <!-- CycleDurationTest -->
        <test-method status="PASS" signature="Teardown()[pri:0, instance:com_Milan_Test.WMenstrualHistoryTest@560348e6]" name="Teardown" is-config="true" duration-ms="711" started-at="2018-07-23T23:48:40Z" finished-at="2018-07-23T23:48:40Z">
          <reporter-output>
          </reporter-output>
        </test-method> <!-- Teardown -->
        <test-method status="PASS" signature="Setup()[pri:0, instance:com_Milan_Test.WMenstrualHistoryTest@560348e6]" name="Setup" is-config="true" duration-ms="50661" started-at="2018-07-23T23:55:43Z" finished-at="2018-07-23T23:56:34Z">
          <reporter-output>
          </reporter-output>
        </test-method> <!-- Setup -->
        <test-method status="PASS" signature="MenstruationTest1()[pri:7, instance:com_Milan_Test.WMenstrualHistoryTest@560348e6]" name="MenstruationTest1" duration-ms="192" started-at="2018-07-23T23:56:34Z" finished-at="2018-07-23T23:56:34Z">
          <reporter-output>
          </reporter-output>
        </test-method> <!-- MenstruationTest1 -->
        <test-method status="PASS" signature="Teardown()[pri:0, instance:com_Milan_Test.WMenstrualHistoryTest@560348e6]" name="Teardown" is-config="true" duration-ms="711" started-at="2018-07-23T23:56:34Z" finished-at="2018-07-23T23:56:34Z">
          <reporter-output>
          </reporter-output>
        </test-method> <!-- Teardown -->
        <test-method status="PASS" signature="Setup()[pri:0, instance:com_Milan_Test.WMenstrualHistoryTest@560348e6]" name="Setup" is-config="true" duration-ms="50532" started-at="2018-07-24T00:04:07Z" finished-at="2018-07-24T00:04:57Z">
          <reporter-output>
          </reporter-output>
        </test-method> <!-- Setup -->
        <test-method status="PASS" signature="MenstrualFlowtextTest()[pri:8, instance:com_Milan_Test.WMenstrualHistoryTest@560348e6]" name="MenstrualFlowtextTest" duration-ms="200" started-at="2018-07-24T00:04:57Z" finished-at="2018-07-24T00:04:58Z">
          <reporter-output>
          </reporter-output>
        </test-method> <!-- MenstrualFlowtextTest -->
        <test-method status="PASS" signature="Teardown()[pri:0, instance:com_Milan_Test.WMenstrualHistoryTest@560348e6]" name="Teardown" is-config="true" duration-ms="797" started-at="2018-07-24T00:04:58Z" finished-at="2018-07-24T00:04:58Z">
          <reporter-output>
          </reporter-output>
        </test-method> <!-- Teardown -->
        <test-method status="PASS" signature="Setup()[pri:0, instance:com_Milan_Test.WMenstrualHistoryTest@560348e6]" name="Setup" is-config="true" duration-ms="50568" started-at="2018-07-24T00:11:35Z" finished-at="2018-07-24T00:12:25Z">
          <reporter-output>
          </reporter-output>
        </test-method> <!-- Setup -->
        <test-method status="PASS" signature="MenstrualFlowTextTest()[pri:9, instance:com_Milan_Test.WMenstrualHistoryTest@560348e6]" name="MenstrualFlowTextTest" duration-ms="203" started-at="2018-07-24T00:12:25Z" finished-at="2018-07-24T00:12:26Z">
          <reporter-output>
          </reporter-output>
        </test-method> <!-- MenstrualFlowTextTest -->
        <test-method status="PASS" signature="Teardown()[pri:0, instance:com_Milan_Test.WMenstrualHistoryTest@560348e6]" name="Teardown" is-config="true" duration-ms="734" started-at="2018-07-24T00:12:26Z" finished-at="2018-07-24T00:12:26Z">
          <reporter-output>
          </reporter-output>
        </test-method> <!-- Teardown -->
        <test-method status="PASS" signature="Setup()[pri:0, instance:com_Milan_Test.WMenstrualHistoryTest@560348e6]" name="Setup" is-config="true" duration-ms="50315" started-at="2018-07-24T00:20:32Z" finished-at="2018-07-24T00:21:23Z">
          <reporter-output>
          </reporter-output>
        </test-method> <!-- Setup -->
        <test-method status="PASS" signature="SaveWMenstrualHistoryTest()[pri:10, instance:com_Milan_Test.WMenstrualHistoryTest@560348e6]" name="SaveWMenstrualHistoryTest" duration-ms="8120" started-at="2018-07-24T00:21:23Z" finished-at="2018-07-24T00:21:31Z">
          <reporter-output>
          </reporter-output>
        </test-method> <!-- SaveWMenstrualHistoryTest -->
        <test-method status="PASS" signature="Teardown()[pri:0, instance:com_Milan_Test.WMenstrualHistoryTest@560348e6]" name="Teardown" is-config="true" duration-ms="719" started-at="2018-07-24T00:21:31Z" finished-at="2018-07-24T00:21:31Z">
          <reporter-output>
          </reporter-output>
        </test-method> <!-- Teardown -->
      </class> <!-- com_Milan_Test.WMenstrualHistoryTest -->
      <class name="com_Milan_Test.CycleListPageTest">
        <test-method status="PASS" signature="Setup()[pri:0, instance:com_Milan_Test.CycleListPageTest@2a7ed1f]" name="Setup" is-config="true" duration-ms="106128" started-at="2018-07-23T22:36:48Z" finished-at="2018-07-23T22:38:34Z">
          <reporter-output>
          </reporter-output>
        </test-method> <!-- Setup -->
        <test-method status="PASS" signature="NewCycleButtonEnableConditionTest()[pri:1, instance:com_Milan_Test.CycleListPageTest@2a7ed1f]" name="NewCycleButtonEnableConditionTest" duration-ms="209" started-at="2018-07-23T22:38:34Z" finished-at="2018-07-23T22:38:34Z">
          <reporter-output>
          </reporter-output>
        </test-method> <!-- NewCycleButtonEnableConditionTest -->
        <test-method status="PASS" signature="Teardown()[pri:0, instance:com_Milan_Test.CycleListPageTest@2a7ed1f]" name="Teardown" is-config="true" duration-ms="727" started-at="2018-07-23T22:38:34Z" finished-at="2018-07-23T22:38:35Z">
          <reporter-output>
          </reporter-output>
        </test-method> <!-- Teardown -->
        <test-method status="PASS" signature="Setup()[pri:0, instance:com_Milan_Test.CycleListPageTest@2a7ed1f]" name="Setup" is-config="true" duration-ms="103085" started-at="2018-07-23T23:14:38Z" finished-at="2018-07-23T23:16:21Z">
          <reporter-output>
          </reporter-output>
        </test-method> <!-- Setup -->
        <test-method status="PASS" signature="ClickonNewCycleTest()[pri:3, instance:com_Milan_Test.CycleListPageTest@2a7ed1f]" name="ClickonNewCycleTest" duration-ms="637" started-at="2018-07-23T23:16:21Z" finished-at="2018-07-23T23:16:21Z">
          <reporter-output>
          </reporter-output>
        </test-method> <!-- ClickonNewCycleTest -->
        <test-method status="PASS" signature="Teardown()[pri:0, instance:com_Milan_Test.CycleListPageTest@2a7ed1f]" name="Teardown" is-config="true" duration-ms="696" started-at="2018-07-23T23:16:21Z" finished-at="2018-07-23T23:16:22Z">
          <reporter-output>
          </reporter-output>
        </test-method> <!-- Teardown -->
        <test-method status="PASS" signature="Setup()[pri:0, instance:com_Milan_Test.CycleListPageTest@2a7ed1f]" name="Setup" is-config="true" duration-ms="104007" started-at="2018-07-23T23:31:33Z" finished-at="2018-07-23T23:33:17Z">
          <reporter-output>
          </reporter-output>
        </test-method> <!-- Setup -->
        <test-method status="PASS" signature="EnabledconditionARTTypeTest()[pri:4, instance:com_Milan_Test.CycleListPageTest@2a7ed1f]" name="EnabledconditionARTTypeTest" duration-ms="1601" started-at="2018-07-23T23:33:17Z" finished-at="2018-07-23T23:33:18Z">
          <reporter-output>
          </reporter-output>
        </test-method> <!-- EnabledconditionARTTypeTest -->
        <test-method status="PASS" signature="Teardown()[pri:0, instance:com_Milan_Test.CycleListPageTest@2a7ed1f]" name="Teardown" is-config="true" duration-ms="837" started-at="2018-07-23T23:33:18Z" finished-at="2018-07-23T23:33:19Z">
          <reporter-output>
          </reporter-output>
        </test-method> <!-- Teardown -->
        <test-method status="PASS" signature="Setup()[pri:0, instance:com_Milan_Test.CycleListPageTest@2a7ed1f]" name="Setup" is-config="true" duration-ms="106360" started-at="2018-07-23T23:44:41Z" finished-at="2018-07-23T23:46:27Z">
          <reporter-output>
          </reporter-output>
        </test-method> <!-- Setup -->
        <test-method status="PASS" signature="ARTTypeOptionTest()[pri:5, instance:com_Milan_Test.CycleListPageTest@2a7ed1f]" name="ARTTypeOptionTest" duration-ms="5099" started-at="2018-07-23T23:46:27Z" finished-at="2018-07-23T23:46:32Z">
          <reporter-output>
          </reporter-output>
        </test-method> <!-- ARTTypeOptionTest -->
        <test-method status="PASS" signature="Teardown()[pri:0, instance:com_Milan_Test.CycleListPageTest@2a7ed1f]" name="Teardown" is-config="true" duration-ms="704" started-at="2018-07-23T23:46:32Z" finished-at="2018-07-23T23:46:33Z">
          <reporter-output>
          </reporter-output>
        </test-method> <!-- Teardown -->
        <test-method status="PASS" signature="Setup()[pri:0, instance:com_Milan_Test.CycleListPageTest@2a7ed1f]" name="Setup" is-config="true" duration-ms="101370" started-at="2018-07-23T23:53:02Z" finished-at="2018-07-23T23:54:43Z">
          <reporter-output>
          </reporter-output>
        </test-method> <!-- Setup -->
        <test-method status="PASS" signature="ProtocolandselectionTest()[pri:6, instance:com_Milan_Test.CycleListPageTest@2a7ed1f]" name="ProtocolandselectionTest" duration-ms="9674" started-at="2018-07-23T23:54:43Z" finished-at="2018-07-23T23:54:53Z">
          <reporter-output>
          </reporter-output>
        </test-method> <!-- ProtocolandselectionTest -->
        <test-method status="PASS" signature="Teardown()[pri:0, instance:com_Milan_Test.CycleListPageTest@2a7ed1f]" name="Teardown" is-config="true" duration-ms="752" started-at="2018-07-23T23:54:53Z" finished-at="2018-07-23T23:54:54Z">
          <reporter-output>
          </reporter-output>
        </test-method> <!-- Teardown -->
        <test-method status="PASS" signature="Setup()[pri:0, instance:com_Milan_Test.CycleListPageTest@2a7ed1f]" name="Setup" is-config="true" duration-ms="103600" started-at="2018-07-24T00:01:27Z" finished-at="2018-07-24T00:03:10Z">
          <reporter-output>
          </reporter-output>
        </test-method> <!-- Setup -->
        <test-method status="PASS" signature="MethodOfSemenCollectionTest()[pri:7, instance:com_Milan_Test.CycleListPageTest@2a7ed1f]" name="MethodOfSemenCollectionTest" duration-ms="6800" started-at="2018-07-24T00:03:10Z" finished-at="2018-07-24T00:03:17Z">
          <reporter-output>
          </reporter-output>
        </test-method> <!-- MethodOfSemenCollectionTest -->
        <test-method status="PASS" signature="Teardown()[pri:0, instance:com_Milan_Test.CycleListPageTest@2a7ed1f]" name="Teardown" is-config="true" duration-ms="704" started-at="2018-07-24T00:03:17Z" finished-at="2018-07-24T00:03:18Z">
          <reporter-output>
          </reporter-output>
        </test-method> <!-- Teardown -->
        <test-method status="PASS" signature="Setup()[pri:0, instance:com_Milan_Test.CycleListPageTest@2a7ed1f]" name="Setup" is-config="true" duration-ms="104918" started-at="2018-07-24T00:08:59Z" finished-at="2018-07-24T00:10:44Z">
          <reporter-output>
          </reporter-output>
        </test-method> <!-- Setup -->
        <test-method status="PASS" signature="SourceofspermPartnerTest()[pri:8, instance:com_Milan_Test.CycleListPageTest@2a7ed1f]" name="SourceofspermPartnerTest" duration-ms="1552" started-at="2018-07-24T00:10:44Z" finished-at="2018-07-24T00:10:46Z">
          <reporter-output>
          </reporter-output>
        </test-method> <!-- SourceofspermPartnerTest -->
        <test-method status="PASS" signature="Teardown()[pri:0, instance:com_Milan_Test.CycleListPageTest@2a7ed1f]" name="Teardown" is-config="true" duration-ms="715" started-at="2018-07-24T00:10:46Z" finished-at="2018-07-24T00:10:46Z">
          <reporter-output>
          </reporter-output>
        </test-method> <!-- Teardown -->
        <test-method status="PASS" signature="Setup()[pri:0, instance:com_Milan_Test.CycleListPageTest@2a7ed1f]" name="Setup" is-config="true" duration-ms="103486" started-at="2018-07-24T00:17:49Z" finished-at="2018-07-24T00:19:32Z">
          <reporter-output>
          </reporter-output>
        </test-method> <!-- Setup -->
        <test-method status="PASS" signature="SourceofSpermselectionDonorTest()[pri:9, instance:com_Milan_Test.CycleListPageTest@2a7ed1f]" name="SourceofSpermselectionDonorTest" duration-ms="6789" started-at="2018-07-24T00:19:32Z" finished-at="2018-07-24T00:19:39Z">
          <reporter-output>
          </reporter-output>
        </test-method> <!-- SourceofSpermselectionDonorTest -->
        <test-method status="PASS" signature="Teardown()[pri:0, instance:com_Milan_Test.CycleListPageTest@2a7ed1f]" name="Teardown" is-config="true" duration-ms="704" started-at="2018-07-24T00:19:39Z" finished-at="2018-07-24T00:19:40Z">
          <reporter-output>
          </reporter-output>
        </test-method> <!-- Teardown -->
        <test-method status="PASS" signature="Setup()[pri:0, instance:com_Milan_Test.CycleListPageTest@2a7ed1f]" name="Setup" is-config="true" duration-ms="103054" started-at="2018-07-24T00:24:02Z" finished-at="2018-07-24T00:25:45Z">
          <reporter-output>
          </reporter-output>
        </test-method> <!-- Setup -->
        <test-method status="SKIP" signature="SimulationDrugTest()[pri:10, instance:com_Milan_Test.CycleListPageTest@2a7ed1f]" name="SimulationDrugTest" duration-ms="5373" started-at="2018-07-24T00:25:45Z" finished-at="2018-07-24T00:25:50Z">
          <exception class="java.lang.AssertionError">
            <message>
              <![CDATA[expected [ 1,4-Dithiothreitol] but found []]]>
            </message>
            <full-stacktrace>
              <![CDATA[java.lang.AssertionError: expected [ 1,4-Dithiothreitol] but found []
	at org.testng.Assert.fail(Assert.java:93)
	at org.testng.Assert.failNotEquals(Assert.java:512)
	at org.testng.Assert.assertEqualsImpl(Assert.java:134)
	at org.testng.Assert.assertEquals(Assert.java:115)
	at org.testng.Assert.assertEquals(Assert.java:189)
	at org.testng.Assert.assertEquals(Assert.java:199)
	at com_Milan_Test.CycleListPageTest.SimulationDrugTest(CycleListPageTest.java:299)
	at sun.reflect.NativeMethodAccessorImpl.invoke0(Native Method)
	at sun.reflect.NativeMethodAccessorImpl.invoke(Unknown Source)
	at sun.reflect.DelegatingMethodAccessorImpl.invoke(Unknown Source)
	at java.lang.reflect.Method.invoke(Unknown Source)
	at org.testng.internal.MethodInvocationHelper.invokeMethod(MethodInvocationHelper.java:108)
	at org.testng.internal.Invoker.invokeMethod(Invoker.java:661)
	at org.testng.internal.Invoker.invokeTestMethod(Invoker.java:869)
	at org.testng.internal.Invoker.invokeTestMethods(Invoker.java:1193)
	at org.testng.internal.TestMethodWorker.invokeTestMethods(TestMethodWorker.java:126)
	at org.testng.internal.TestMethodWorker.run(TestMethodWorker.java:109)
	at org.testng.TestRunner.privateRun(TestRunner.java:744)
	at org.testng.TestRunner.run(TestRunner.java:602)
	at org.testng.SuiteRunner.runTest(SuiteRunner.java:380)
	at org.testng.SuiteRunner.access$000(SuiteRunner.java:39)
	at org.testng.SuiteRunner$SuiteWorker.run(SuiteRunner.java:414)
	at org.testng.internal.thread.ThreadUtil$1.call(ThreadUtil.java:52)
	at java.util.concurrent.FutureTask.run(Unknown Source)
	at java.util.concurrent.ThreadPoolExecutor.runWorker(Unknown Source)
	at java.util.concurrent.ThreadPoolExecutor$Worker.run(Unknown Source)
	at java.lang.Thread.run(Unknown Source)
]]>
            </full-stacktrace>
          </exception> <!-- java.lang.AssertionError -->
          <reporter-output>
          </reporter-output>
        </test-method> <!-- SimulationDrugTest -->
        <test-method status="PASS" signature="Teardown()[pri:0, instance:com_Milan_Test.CycleListPageTest@2a7ed1f]" name="Teardown" is-config="true" duration-ms="716" started-at="2018-07-24T00:25:50Z" finished-at="2018-07-24T00:25:51Z">
          <reporter-output>
          </reporter-output>
        </test-method> <!-- Teardown -->
        <test-method status="PASS" signature="Setup()[pri:0, instance:com_Milan_Test.CycleListPageTest@2a7ed1f]" name="Setup" is-config="true" duration-ms="102664" started-at="2018-07-24T00:25:51Z" finished-at="2018-07-24T00:27:34Z">
          <reporter-output>
          </reporter-output>
        </test-method> <!-- Setup -->
        <test-method status="SKIP" signature="SimulationDrugTest()[pri:10, instance:com_Milan_Test.CycleListPageTest@2a7ed1f]" name="SimulationDrugTest" duration-ms="4505" started-at="2018-07-24T00:27:34Z" finished-at="2018-07-24T00:27:38Z">
          <exception class="java.lang.AssertionError">
            <message>
              <![CDATA[expected [ 1,4-Dithiothreitol] but found []]]>
            </message>
            <full-stacktrace>
              <![CDATA[java.lang.AssertionError: expected [ 1,4-Dithiothreitol] but found []
	at org.testng.Assert.fail(Assert.java:93)
	at org.testng.Assert.failNotEquals(Assert.java:512)
	at org.testng.Assert.assertEqualsImpl(Assert.java:134)
	at org.testng.Assert.assertEquals(Assert.java:115)
	at org.testng.Assert.assertEquals(Assert.java:189)
	at org.testng.Assert.assertEquals(Assert.java:199)
	at com_Milan_Test.CycleListPageTest.SimulationDrugTest(CycleListPageTest.java:299)
	at sun.reflect.NativeMethodAccessorImpl.invoke0(Native Method)
	at sun.reflect.NativeMethodAccessorImpl.invoke(Unknown Source)
	at sun.reflect.DelegatingMethodAccessorImpl.invoke(Unknown Source)
	at java.lang.reflect.Method.invoke(Unknown Source)
	at org.testng.internal.MethodInvocationHelper.invokeMethod(MethodInvocationHelper.java:108)
	at org.testng.internal.Invoker.invokeMethod(Invoker.java:661)
	at org.testng.internal.Invoker.retryFailed(Invoker.java:1014)
	at org.testng.internal.Invoker.invokeTestMethods(Invoker.java:1215)
	at org.testng.internal.TestMethodWorker.invokeTestMethods(TestMethodWorker.java:126)
	at org.testng.internal.TestMethodWorker.run(TestMethodWorker.java:109)
	at org.testng.TestRunner.privateRun(TestRunner.java:744)
	at org.testng.TestRunner.run(TestRunner.java:602)
	at org.testng.SuiteRunner.runTest(SuiteRunner.java:380)
	at org.testng.SuiteRunner.access$000(SuiteRunner.java:39)
	at org.testng.SuiteRunner$SuiteWorker.run(SuiteRunner.java:414)
	at org.testng.internal.thread.ThreadUtil$1.call(ThreadUtil.java:52)
	at java.util.concurrent.FutureTask.run(Unknown Source)
	at java.util.concurrent.ThreadPoolExecutor.runWorker(Unknown Source)
	at java.util.concurrent.ThreadPoolExecutor$Worker.run(Unknown Source)
	at java.lang.Thread.run(Unknown Source)
]]>
            </full-stacktrace>
          </exception> <!-- java.lang.AssertionError -->
          <reporter-output>
          </reporter-output>
        </test-method> <!-- SimulationDrugTest -->
        <test-method status="PASS" signature="Teardown()[pri:0, instance:com_Milan_Test.CycleListPageTest@2a7ed1f]" name="Teardown" is-config="true" duration-ms="707" started-at="2018-07-24T00:27:39Z" finished-at="2018-07-24T00:27:39Z">
          <reporter-output>
          </reporter-output>
        </test-method> <!-- Teardown -->
        <test-method status="PASS" signature="Setup()[pri:0, instance:com_Milan_Test.CycleListPageTest@2a7ed1f]" name="Setup" is-config="true" duration-ms="101551" started-at="2018-07-24T00:27:39Z" finished-at="2018-07-24T00:29:21Z">
          <reporter-output>
          </reporter-output>
        </test-method> <!-- Setup -->
        <test-method status="PASS" signature="SimulationDrugTest()[pri:10, instance:com_Milan_Test.CycleListPageTest@2a7ed1f]" name="SimulationDrugTest" duration-ms="4783" started-at="2018-07-24T00:29:21Z" finished-at="2018-07-24T00:29:26Z">
          <reporter-output>
          </reporter-output>
        </test-method> <!-- SimulationDrugTest -->
        <test-method status="PASS" signature="Teardown()[pri:0, instance:com_Milan_Test.CycleListPageTest@2a7ed1f]" name="Teardown" is-config="true" duration-ms="713" started-at="2018-07-24T00:29:26Z" finished-at="2018-07-24T00:29:26Z">
          <reporter-output>
          </reporter-output>
        </test-method> <!-- Teardown -->
        <test-method status="PASS" signature="Setup()[pri:0, instance:com_Milan_Test.CycleListPageTest@2a7ed1f]" name="Setup" is-config="true" duration-ms="103591" started-at="2018-07-24T00:32:47Z" finished-at="2018-07-24T00:34:31Z">
          <reporter-output>
          </reporter-output>
        </test-method> <!-- Setup -->
        <test-method status="PASS" signature="LMPDateTest()[pri:11, instance:com_Milan_Test.CycleListPageTest@2a7ed1f]" name="LMPDateTest" duration-ms="3763" started-at="2018-07-24T00:34:31Z" finished-at="2018-07-24T00:34:35Z">
          <reporter-output>
          </reporter-output>
        </test-method> <!-- LMPDateTest -->
        <test-method status="PASS" signature="Teardown()[pri:0, instance:com_Milan_Test.CycleListPageTest@2a7ed1f]" name="Teardown" is-config="true" duration-ms="752" started-at="2018-07-24T00:34:35Z" finished-at="2018-07-24T00:34:35Z">
          <reporter-output>
          </reporter-output>
        </test-method> <!-- Teardown -->
        <test-method status="PASS" signature="Setup()[pri:0, instance:com_Milan_Test.CycleListPageTest@2a7ed1f]" name="Setup" is-config="true" duration-ms="103865" started-at="2018-07-24T00:36:15Z" finished-at="2018-07-24T00:37:59Z">
          <reporter-output>
          </reporter-output>
        </test-method> <!-- Setup -->
        <test-method status="PASS" signature="SaveTheCycleTest()[pri:12, instance:com_Milan_Test.CycleListPageTest@2a7ed1f]" name="SaveTheCycleTest" duration-ms="6178" started-at="2018-07-24T00:37:59Z" finished-at="2018-07-24T00:38:05Z">
          <reporter-output>
          </reporter-output>
        </test-method> <!-- SaveTheCycleTest -->
        <test-method status="PASS" signature="Teardown()[pri:0, instance:com_Milan_Test.CycleListPageTest@2a7ed1f]" name="Teardown" is-config="true" duration-ms="751" started-at="2018-07-24T00:38:05Z" finished-at="2018-07-24T00:38:06Z">
          <reporter-output>
          </reporter-output>
        </test-method> <!-- Teardown -->
      </class> <!-- com_Milan_Test.CycleListPageTest -->
      <class name="com_Milan_Test.WObstetricHistoryPageTest">
        <test-method status="PASS" signature="Setup()[pri:0, instance:com_Milan_Test.WObstetricHistoryPageTest@4d6025c5]" name="Setup" is-config="true" duration-ms="49209" started-at="2018-07-23T22:25:47Z" finished-at="2018-07-23T22:26:36Z">
          <reporter-output>
          </reporter-output>
        </test-method> <!-- Setup -->
        <test-method status="PASS" signature="BirthWeightValueTextTest()[pri:1, instance:com_Milan_Test.WObstetricHistoryPageTest@4d6025c5]" name="BirthWeightValueTextTest" duration-ms="474" started-at="2018-07-23T22:26:36Z" finished-at="2018-07-23T22:26:37Z">
          <reporter-output>
          </reporter-output>
        </test-method> <!-- BirthWeightValueTextTest -->
        <test-method status="PASS" signature="Teardown()[pri:0, instance:com_Milan_Test.WObstetricHistoryPageTest@4d6025c5]" name="Teardown" is-config="true" duration-ms="685" started-at="2018-07-23T22:26:37Z" finished-at="2018-07-23T22:26:37Z">
          <reporter-output>
          </reporter-output>
        </test-method> <!-- Teardown -->
        <test-method status="PASS" signature="Setup()[pri:0, instance:com_Milan_Test.WObstetricHistoryPageTest@4d6025c5]" name="Setup" is-config="true" duration-ms="47657" started-at="2018-07-23T22:51:19Z" finished-at="2018-07-23T22:52:07Z">
          <reporter-output>
          </reporter-output>
        </test-method> <!-- Setup -->
        <test-method status="PASS" signature="BirthWeightEnableConditionTest()[pri:2, instance:com_Milan_Test.WObstetricHistoryPageTest@4d6025c5]" name="BirthWeightEnableConditionTest" duration-ms="239" started-at="2018-07-23T22:52:07Z" finished-at="2018-07-23T22:52:07Z">
          <reporter-output>
          </reporter-output>
        </test-method> <!-- BirthWeightEnableConditionTest -->
        <test-method status="PASS" signature="Teardown()[pri:0, instance:com_Milan_Test.WObstetricHistoryPageTest@4d6025c5]" name="Teardown" is-config="true" duration-ms="688" started-at="2018-07-23T22:52:07Z" finished-at="2018-07-23T22:52:07Z">
          <reporter-output>
          </reporter-output>
        </test-method> <!-- Teardown -->
        <test-method status="PASS" signature="Setup()[pri:0, instance:com_Milan_Test.WObstetricHistoryPageTest@4d6025c5]" name="Setup" is-config="true" duration-ms="50688" started-at="2018-07-23T23:50:24Z" finished-at="2018-07-23T23:51:15Z">
          <reporter-output>
          </reporter-output>
        </test-method> <!-- Setup -->
        <test-method status="PASS" signature="DeliveryTypeEnableconditionTest()[pri:6, instance:com_Milan_Test.WObstetricHistoryPageTest@4d6025c5]" name="DeliveryTypeEnableconditionTest" duration-ms="292" started-at="2018-07-23T23:51:15Z" finished-at="2018-07-23T23:51:15Z">
          <reporter-output>
          </reporter-output>
        </test-method> <!-- DeliveryTypeEnableconditionTest -->
        <test-method status="PASS" signature="Teardown()[pri:0, instance:com_Milan_Test.WObstetricHistoryPageTest@4d6025c5]" name="Teardown" is-config="true" duration-ms="709" started-at="2018-07-23T23:51:15Z" finished-at="2018-07-23T23:51:16Z">
          <reporter-output>
          </reporter-output>
        </test-method> <!-- Teardown -->
        <test-method status="PASS" signature="Setup()[pri:0, instance:com_Milan_Test.WObstetricHistoryPageTest@4d6025c5]" name="Setup" is-config="true" duration-ms="49987" started-at="2018-07-23T23:58:28Z" finished-at="2018-07-23T23:59:18Z">
          <reporter-output>
          </reporter-output>
        </test-method> <!-- Setup -->
        <test-method status="PASS" signature="LiveBirthEnableTest()[pri:7, instance:com_Milan_Test.WObstetricHistoryPageTest@4d6025c5]" name="LiveBirthEnableTest" duration-ms="62" started-at="2018-07-23T23:59:18Z" finished-at="2018-07-23T23:59:18Z">
          <reporter-output>
          </reporter-output>
        </test-method> <!-- LiveBirthEnableTest -->
        <test-method status="PASS" signature="Teardown()[pri:0, instance:com_Milan_Test.WObstetricHistoryPageTest@4d6025c5]" name="Teardown" is-config="true" duration-ms="751" started-at="2018-07-23T23:59:18Z" finished-at="2018-07-23T23:59:19Z">
          <reporter-output>
          </reporter-output>
        </test-method> <!-- Teardown -->
        <test-method status="PASS" signature="Setup()[pri:0, instance:com_Milan_Test.WObstetricHistoryPageTest@4d6025c5]" name="Setup" is-config="true" duration-ms="49167" started-at="2018-07-24T00:05:50Z" finished-at="2018-07-24T00:06:40Z">
          <reporter-output>
          </reporter-output>
        </test-method> <!-- Setup -->
        <test-method status="PASS" signature="RowGridEnableTest()[pri:8, instance:com_Milan_Test.WObstetricHistoryPageTest@4d6025c5]" name="RowGridEnableTest" duration-ms="80" started-at="2018-07-24T00:06:40Z" finished-at="2018-07-24T00:06:40Z">
          <reporter-output>
          </reporter-output>
        </test-method> <!-- RowGridEnableTest -->
        <test-method status="PASS" signature="Teardown()[pri:0, instance:com_Milan_Test.WObstetricHistoryPageTest@4d6025c5]" name="Teardown" is-config="true" duration-ms="691" started-at="2018-07-24T00:06:40Z" finished-at="2018-07-24T00:06:40Z">
          <reporter-output>
          </reporter-output>
        </test-method> <!-- Teardown -->
        <test-method status="PASS" signature="Setup()[pri:0, instance:com_Milan_Test.WObstetricHistoryPageTest@4d6025c5]" name="Setup" is-config="true" duration-ms="50925" started-at="2018-07-24T00:13:19Z" finished-at="2018-07-24T00:14:10Z">
          <reporter-output>
          </reporter-output>
        </test-method> <!-- Setup -->
        <test-method status="PASS" signature="StillBornEnableTest()[pri:9, instance:com_Milan_Test.WObstetricHistoryPageTest@4d6025c5]" name="StillBornEnableTest" duration-ms="61" started-at="2018-07-24T00:14:10Z" finished-at="2018-07-24T00:14:10Z">
          <reporter-output>
          </reporter-output>
        </test-method> <!-- StillBornEnableTest -->
        <test-method status="PASS" signature="Teardown()[pri:0, instance:com_Milan_Test.WObstetricHistoryPageTest@4d6025c5]" name="Teardown" is-config="true" duration-ms="704" started-at="2018-07-24T00:14:10Z" finished-at="2018-07-24T00:14:11Z">
          <reporter-output>
          </reporter-output>
        </test-method> <!-- Teardown -->
        <test-method status="PASS" signature="Setup()[pri:0, instance:com_Milan_Test.WObstetricHistoryPageTest@4d6025c5]" name="Setup" is-config="true" duration-ms="48348" started-at="2018-07-24T00:22:22Z" finished-at="2018-07-24T00:23:10Z">
          <reporter-output>
          </reporter-output>
        </test-method> <!-- Setup -->
        <test-method status="PASS" signature="EctopiccEnableCondititionTest()[pri:10, instance:com_Milan_Test.WObstetricHistoryPageTest@4d6025c5]" name="EctopiccEnableCondititionTest" duration-ms="62" started-at="2018-07-24T00:23:10Z" finished-at="2018-07-24T00:23:10Z">
          <reporter-output>
          </reporter-output>
        </test-method> <!-- EctopiccEnableCondititionTest -->
        <test-method status="PASS" signature="Teardown()[pri:0, instance:com_Milan_Test.WObstetricHistoryPageTest@4d6025c5]" name="Teardown" is-config="true" duration-ms="704" started-at="2018-07-24T00:23:10Z" finished-at="2018-07-24T00:23:11Z">
          <reporter-output>
          </reporter-output>
        </test-method> <!-- Teardown -->
        <test-method status="PASS" signature="Setup()[pri:0, instance:com_Milan_Test.WObstetricHistoryPageTest@4d6025c5]" name="Setup" is-config="true" duration-ms="48141" started-at="2018-07-24T00:31:09Z" finished-at="2018-07-24T00:31:57Z">
          <reporter-output>
          </reporter-output>
        </test-method> <!-- Setup -->
        <test-method status="PASS" signature="AbortionEnableCondititionTest()[pri:11, instance:com_Milan_Test.WObstetricHistoryPageTest@4d6025c5]" name="AbortionEnableCondititionTest" duration-ms="38" started-at="2018-07-24T00:31:57Z" finished-at="2018-07-24T00:31:57Z">
          <reporter-output>
          </reporter-output>
        </test-method> <!-- AbortionEnableCondititionTest -->
        <test-method status="PASS" signature="Teardown()[pri:0, instance:com_Milan_Test.WObstetricHistoryPageTest@4d6025c5]" name="Teardown" is-config="true" duration-ms="704" started-at="2018-07-24T00:31:57Z" finished-at="2018-07-24T00:31:58Z">
          <reporter-output>
          </reporter-output>
        </test-method> <!-- Teardown -->
        <test-method status="PASS" signature="Setup()[pri:0, instance:com_Milan_Test.WObstetricHistoryPageTest@4d6025c5]" name="Setup" is-config="true" duration-ms="49814" started-at="2018-07-24T00:34:35Z" finished-at="2018-07-24T00:35:25Z">
          <reporter-output>
          </reporter-output>
        </test-method> <!-- Setup -->
        <test-method status="PASS" signature="DeliveryEnableCondititionTest()[pri:12, instance:com_Milan_Test.WObstetricHistoryPageTest@4d6025c5]" name="DeliveryEnableCondititionTest" duration-ms="256" started-at="2018-07-24T00:35:25Z" finished-at="2018-07-24T00:35:25Z">
          <reporter-output>
          </reporter-output>
        </test-method> <!-- DeliveryEnableCondititionTest -->
        <test-method status="PASS" signature="Teardown()[pri:0, instance:com_Milan_Test.WObstetricHistoryPageTest@4d6025c5]" name="Teardown" is-config="true" duration-ms="705" started-at="2018-07-24T00:35:25Z" finished-at="2018-07-24T00:35:26Z">
          <reporter-output>
          </reporter-output>
        </test-method> <!-- Teardown -->
        <test-method status="PASS" signature="Setup()[pri:0, instance:com_Milan_Test.WObstetricHistoryPageTest@4d6025c5]" name="Setup" is-config="true" duration-ms="49283" started-at="2018-07-24T00:38:06Z" finished-at="2018-07-24T00:38:55Z">
          <reporter-output>
          </reporter-output>
        </test-method> <!-- Setup -->
        <test-method status="PASS" signature="ComplicationsEnableCondititionTest()[pri:13, instance:com_Milan_Test.WObstetricHistoryPageTest@4d6025c5]" name="ComplicationsEnableCondititionTest" duration-ms="325" started-at="2018-07-24T00:38:55Z" finished-at="2018-07-24T00:38:55Z">
          <reporter-output>
          </reporter-output>
        </test-method> <!-- ComplicationsEnableCondititionTest -->
        <test-method status="PASS" signature="Teardown()[pri:0, instance:com_Milan_Test.WObstetricHistoryPageTest@4d6025c5]" name="Teardown" is-config="true" duration-ms="704" started-at="2018-07-24T00:38:55Z" finished-at="2018-07-24T00:38:56Z">
          <reporter-output>
          </reporter-output>
        </test-method> <!-- Teardown -->
        <test-method status="PASS" signature="Setup()[pri:0, instance:com_Milan_Test.WObstetricHistoryPageTest@4d6025c5]" name="Setup" is-config="true" duration-ms="51501" started-at="2018-07-24T00:39:47Z" finished-at="2018-07-24T00:40:38Z">
          <reporter-output>
          </reporter-output>
        </test-method> <!-- Setup -->
        <test-method status="PASS" signature="CongenitalAnamolyEnableCondititionTest()[pri:14, instance:com_Milan_Test.WObstetricHistoryPageTest@4d6025c5]" name="CongenitalAnamolyEnableCondititionTest" duration-ms="236" started-at="2018-07-24T00:40:38Z" finished-at="2018-07-24T00:40:38Z">
          <reporter-output>
          </reporter-output>
        </test-method> <!-- CongenitalAnamolyEnableCondititionTest -->
        <test-method status="PASS" signature="Teardown()[pri:0, instance:com_Milan_Test.WObstetricHistoryPageTest@4d6025c5]" name="Teardown" is-config="true" duration-ms="713" started-at="2018-07-24T00:40:38Z" finished-at="2018-07-24T00:40:39Z">
          <reporter-output>
          </reporter-output>
        </test-method> <!-- Teardown -->
        <test-method status="PASS" signature="Setup()[pri:0, instance:com_Milan_Test.WObstetricHistoryPageTest@4d6025c5]" name="Setup" is-config="true" duration-ms="49736" started-at="2018-07-24T00:41:31Z" finished-at="2018-07-24T00:42:21Z">
          <reporter-output>
          </reporter-output>
        </test-method> <!-- Setup -->
        <test-method status="PASS" signature="LiveBirthPretermconditionTest()[pri:15, instance:com_Milan_Test.WObstetricHistoryPageTest@4d6025c5]" name="LiveBirthPretermconditionTest" duration-ms="120889" started-at="2018-07-24T00:42:21Z" finished-at="2018-07-24T00:44:22Z">
          <reporter-output>
          </reporter-output>
        </test-method> <!-- LiveBirthPretermconditionTest -->
        <test-method status="PASS" signature="Teardown()[pri:0, instance:com_Milan_Test.WObstetricHistoryPageTest@4d6025c5]" name="Teardown" is-config="true" duration-ms="717" started-at="2018-07-24T00:44:22Z" finished-at="2018-07-24T00:44:23Z">
          <reporter-output>
          </reporter-output>
        </test-method> <!-- Teardown -->
        <test-method status="PASS" signature="Setup()[pri:0, instance:com_Milan_Test.WObstetricHistoryPageTest@4d6025c5]" name="Setup" is-config="true" duration-ms="48700" started-at="2018-07-24T00:45:12Z" finished-at="2018-07-24T00:46:01Z">
          <reporter-output>
          </reporter-output>
        </test-method> <!-- Setup -->
        <test-method status="PASS" signature="LiveBirthFullTermconditionTest()[pri:16, instance:com_Milan_Test.WObstetricHistoryPageTest@4d6025c5]" name="LiveBirthFullTermconditionTest" duration-ms="120766" started-at="2018-07-24T00:46:01Z" finished-at="2018-07-24T00:48:02Z">
          <reporter-output>
          </reporter-output>
        </test-method> <!-- LiveBirthFullTermconditionTest -->
        <test-method status="PASS" signature="Teardown()[pri:0, instance:com_Milan_Test.WObstetricHistoryPageTest@4d6025c5]" name="Teardown" is-config="true" duration-ms="700" started-at="2018-07-24T00:48:02Z" finished-at="2018-07-24T00:48:03Z">
          <reporter-output>
          </reporter-output>
        </test-method> <!-- Teardown -->
        <test-method status="PASS" signature="Setup()[pri:0, instance:com_Milan_Test.WObstetricHistoryPageTest@4d6025c5]" name="Setup" is-config="true" duration-ms="50564" started-at="2018-07-24T00:52:50Z" finished-at="2018-07-24T00:53:40Z">
          <reporter-output>
          </reporter-output>
        </test-method> <!-- Setup -->
        <test-method status="PASS" signature="LiveBirthAbovePostTermconditionTest()[pri:17, instance:com_Milan_Test.WObstetricHistoryPageTest@4d6025c5]" name="LiveBirthAbovePostTermconditionTest" duration-ms="120837" started-at="2018-07-24T00:53:40Z" finished-at="2018-07-24T00:55:41Z">
          <reporter-output>
          </reporter-output>
        </test-method> <!-- LiveBirthAbovePostTermconditionTest -->
        <test-method status="PASS" signature="Teardown()[pri:0, instance:com_Milan_Test.WObstetricHistoryPageTest@4d6025c5]" name="Teardown" is-config="true" duration-ms="718" started-at="2018-07-24T00:55:41Z" finished-at="2018-07-24T00:55:42Z">
          <reporter-output>
          </reporter-output>
        </test-method> <!-- Teardown -->
        <test-method status="PASS" signature="Setup()[pri:0, instance:com_Milan_Test.WObstetricHistoryPageTest@4d6025c5]" name="Setup" is-config="true" duration-ms="49652" started-at="2018-07-24T00:55:42Z" finished-at="2018-07-24T00:56:32Z">
          <reporter-output>
          </reporter-output>
        </test-method> <!-- Setup -->
        <test-method status="PASS" signature="SaveOutcometypesTest()[pri:18, instance:com_Milan_Test.WObstetricHistoryPageTest@4d6025c5]" name="SaveOutcometypesTest" duration-ms="17143" started-at="2018-07-24T00:56:32Z" finished-at="2018-07-24T00:56:49Z">
          <reporter-output>
          </reporter-output>
        </test-method> <!-- SaveOutcometypesTest -->
        <test-method status="PASS" signature="Teardown()[pri:0, instance:com_Milan_Test.WObstetricHistoryPageTest@4d6025c5]" name="Teardown" is-config="true" duration-ms="723" started-at="2018-07-24T00:56:49Z" finished-at="2018-07-24T00:56:50Z">
          <reporter-output>
          </reporter-output>
        </test-method> <!-- Teardown -->
      </class> <!-- com_Milan_Test.WObstetricHistoryPageTest -->
      <class name="com_Milan_Test.WcomplaintsTest">
        <test-method status="PASS" signature="Setup()[pri:0, instance:com_Milan_Test.WcomplaintsTest@7b993c65]" name="Setup" is-config="true" duration-ms="24990" started-at="2018-07-23T22:22:56Z" finished-at="2018-07-23T22:23:21Z">
          <reporter-output>
          </reporter-output>
        </test-method> <!-- Setup -->
        <test-method status="PASS" signature="NumberOfComplaintsTest()[pri:1, instance:com_Milan_Test.WcomplaintsTest@7b993c65]" name="NumberOfComplaintsTest" duration-ms="277" started-at="2018-07-23T22:23:21Z" finished-at="2018-07-23T22:23:22Z">
          <reporter-output>
          </reporter-output>
        </test-method> <!-- NumberOfComplaintsTest -->
        <test-method status="PASS" signature="Teardown()[pri:0, instance:com_Milan_Test.WcomplaintsTest@7b993c65]" name="Teardown" is-config="true" duration-ms="705" started-at="2018-07-23T22:23:22Z" finished-at="2018-07-23T22:23:22Z">
          <reporter-output>
          </reporter-output>
        </test-method> <!-- Teardown -->
        <test-method status="PASS" signature="Setup()[pri:0, instance:com_Milan_Test.WcomplaintsTest@7b993c65]" name="Setup" is-config="true" duration-ms="20779" started-at="2018-07-23T22:45:54Z" finished-at="2018-07-23T22:46:15Z">
          <reporter-output>
          </reporter-output>
        </test-method> <!-- Setup -->
        <test-method status="SKIP" signature="SaveTheComplaintsTest()[pri:2, instance:com_Milan_Test.WcomplaintsTest@7b993c65]" name="SaveTheComplaintsTest" duration-ms="30450" started-at="2018-07-23T22:46:15Z" finished-at="2018-07-23T22:46:46Z">
          <exception class="org.openqa.selenium.NoSuchElementException">
            <message>
              <![CDATA[Cannot locate element with text: Decreased
For documentation on this error, please visit: http://seleniumhq.org/exceptions/no_such_element.html
Build info: version: '3.5.3', revision: 'a88d25fe6b', time: '2017-08-29T12:42:44.417Z'
System info: host: 'IVF111', ip: '192.168.1.56', os.name: 'Windows 8.1', os.arch: 'amd64', os.version: '6.3', java.version: '1.8.0_161'
Driver info: driver.version: unknown]]>
            </message>
            <full-stacktrace>
              <![CDATA[org.openqa.selenium.NoSuchElementException: Cannot locate element with text: Decreased
For documentation on this error, please visit: http://seleniumhq.org/exceptions/no_such_element.html
Build info: version: '3.5.3', revision: 'a88d25fe6b', time: '2017-08-29T12:42:44.417Z'
System info: host: 'IVF111', ip: '192.168.1.56', os.name: 'Windows 8.1', os.arch: 'amd64', os.version: '6.3', java.version: '1.8.0_161'
Driver info: driver.version: unknown
	at org.openqa.selenium.support.ui.Select.selectByVisibleText(Select.java:151)
	at com_milan_POM.WComplaintsPage.ExistingPatientPresentingComplaints(WComplaintsPage.java:145)
	at com_milan_POM.WComplaintsPage.SaveTheComplaints(WComplaintsPage.java:377)
	at com_Milan_Test.WcomplaintsTest.SaveTheComplaintsTest(WcomplaintsTest.java:55)
	at sun.reflect.NativeMethodAccessorImpl.invoke0(Native Method)
	at sun.reflect.NativeMethodAccessorImpl.invoke(Unknown Source)
	at sun.reflect.DelegatingMethodAccessorImpl.invoke(Unknown Source)
	at java.lang.reflect.Method.invoke(Unknown Source)
	at org.testng.internal.MethodInvocationHelper.invokeMethod(MethodInvocationHelper.java:108)
	at org.testng.internal.Invoker.invokeMethod(Invoker.java:661)
	at org.testng.internal.Invoker.invokeTestMethod(Invoker.java:869)
	at org.testng.internal.Invoker.invokeTestMethods(Invoker.java:1193)
	at org.testng.internal.TestMethodWorker.invokeTestMethods(TestMethodWorker.java:126)
	at org.testng.internal.TestMethodWorker.run(TestMethodWorker.java:109)
	at org.testng.TestRunner.privateRun(TestRunner.java:744)
	at org.testng.TestRunner.run(TestRunner.java:602)
	at org.testng.SuiteRunner.runTest(SuiteRunner.java:380)
	at org.testng.SuiteRunner.access$000(SuiteRunner.java:39)
	at org.testng.SuiteRunner$SuiteWorker.run(SuiteRunner.java:414)
	at org.testng.internal.thread.ThreadUtil$1.call(ThreadUtil.java:52)
	at java.util.concurrent.FutureTask.run(Unknown Source)
	at java.util.concurrent.ThreadPoolExecutor.runWorker(Unknown Source)
	at java.util.concurrent.ThreadPoolExecutor$Worker.run(Unknown Source)
	at java.lang.Thread.run(Unknown Source)
]]>
            </full-stacktrace>
          </exception> <!-- org.openqa.selenium.NoSuchElementException -->
          <reporter-output>
          </reporter-output>
        </test-method> <!-- SaveTheComplaintsTest -->
        <test-method status="PASS" signature="Teardown()[pri:0, instance:com_Milan_Test.WcomplaintsTest@7b993c65]" name="Teardown" is-config="true" duration-ms="695" started-at="2018-07-23T22:46:46Z" finished-at="2018-07-23T22:46:47Z">
          <reporter-output>
          </reporter-output>
        </test-method> <!-- Teardown -->
        <test-method status="PASS" signature="Setup()[pri:0, instance:com_Milan_Test.WcomplaintsTest@7b993c65]" name="Setup" is-config="true" duration-ms="23983" started-at="2018-07-23T22:46:47Z" finished-at="2018-07-23T22:47:11Z">
          <reporter-output>
          </reporter-output>
        </test-method> <!-- Setup -->
        <test-method status="SKIP" signature="SaveTheComplaintsTest()[pri:2, instance:com_Milan_Test.WcomplaintsTest@7b993c65]" name="SaveTheComplaintsTest" duration-ms="30451" started-at="2018-07-23T22:47:11Z" finished-at="2018-07-23T22:47:41Z">
          <exception class="org.openqa.selenium.NoSuchElementException">
            <message>
              <![CDATA[Cannot locate element with text: Decreased
For documentation on this error, please visit: http://seleniumhq.org/exceptions/no_such_element.html
Build info: version: '3.5.3', revision: 'a88d25fe6b', time: '2017-08-29T12:42:44.417Z'
System info: host: 'IVF111', ip: '192.168.1.56', os.name: 'Windows 8.1', os.arch: 'amd64', os.version: '6.3', java.version: '1.8.0_161'
Driver info: driver.version: unknown]]>
            </message>
            <full-stacktrace>
              <![CDATA[org.openqa.selenium.NoSuchElementException: Cannot locate element with text: Decreased
For documentation on this error, please visit: http://seleniumhq.org/exceptions/no_such_element.html
Build info: version: '3.5.3', revision: 'a88d25fe6b', time: '2017-08-29T12:42:44.417Z'
System info: host: 'IVF111', ip: '192.168.1.56', os.name: 'Windows 8.1', os.arch: 'amd64', os.version: '6.3', java.version: '1.8.0_161'
Driver info: driver.version: unknown
	at org.openqa.selenium.support.ui.Select.selectByVisibleText(Select.java:151)
	at com_milan_POM.WComplaintsPage.ExistingPatientPresentingComplaints(WComplaintsPage.java:145)
	at com_milan_POM.WComplaintsPage.SaveTheComplaints(WComplaintsPage.java:377)
	at com_Milan_Test.WcomplaintsTest.SaveTheComplaintsTest(WcomplaintsTest.java:55)
	at sun.reflect.NativeMethodAccessorImpl.invoke0(Native Method)
	at sun.reflect.NativeMethodAccessorImpl.invoke(Unknown Source)
	at sun.reflect.DelegatingMethodAccessorImpl.invoke(Unknown Source)
	at java.lang.reflect.Method.invoke(Unknown Source)
	at org.testng.internal.MethodInvocationHelper.invokeMethod(MethodInvocationHelper.java:108)
	at org.testng.internal.Invoker.invokeMethod(Invoker.java:661)
	at org.testng.internal.Invoker.retryFailed(Invoker.java:1014)
	at org.testng.internal.Invoker.invokeTestMethods(Invoker.java:1215)
	at org.testng.internal.TestMethodWorker.invokeTestMethods(TestMethodWorker.java:126)
	at org.testng.internal.TestMethodWorker.run(TestMethodWorker.java:109)
	at org.testng.TestRunner.privateRun(TestRunner.java:744)
	at org.testng.TestRunner.run(TestRunner.java:602)
	at org.testng.SuiteRunner.runTest(SuiteRunner.java:380)
	at org.testng.SuiteRunner.access$000(SuiteRunner.java:39)
	at org.testng.SuiteRunner$SuiteWorker.run(SuiteRunner.java:414)
	at org.testng.internal.thread.ThreadUtil$1.call(ThreadUtil.java:52)
	at java.util.concurrent.FutureTask.run(Unknown Source)
	at java.util.concurrent.ThreadPoolExecutor.runWorker(Unknown Source)
	at java.util.concurrent.ThreadPoolExecutor$Worker.run(Unknown Source)
	at java.lang.Thread.run(Unknown Source)
]]>
            </full-stacktrace>
          </exception> <!-- org.openqa.selenium.NoSuchElementException -->
          <reporter-output>
          </reporter-output>
        </test-method> <!-- SaveTheComplaintsTest -->
        <test-method status="PASS" signature="Teardown()[pri:0, instance:com_Milan_Test.WcomplaintsTest@7b993c65]" name="Teardown" is-config="true" duration-ms="685" started-at="2018-07-23T22:47:41Z" finished-at="2018-07-23T22:47:42Z">
          <reporter-output>
          </reporter-output>
        </test-method> <!-- Teardown -->
        <test-method status="PASS" signature="Setup()[pri:0, instance:com_Milan_Test.WcomplaintsTest@7b993c65]" name="Setup" is-config="true" duration-ms="26031" started-at="2018-07-23T22:47:42Z" finished-at="2018-07-23T22:48:08Z">
          <reporter-output>
          </reporter-output>
        </test-method> <!-- Setup -->
        <test-method status="SKIP" signature="SaveTheComplaintsTest()[pri:2, instance:com_Milan_Test.WcomplaintsTest@7b993c65]" name="SaveTheComplaintsTest" duration-ms="30444" started-at="2018-07-23T22:48:08Z" finished-at="2018-07-23T22:48:39Z">
          <exception class="org.openqa.selenium.NoSuchElementException">
            <message>
              <![CDATA[Cannot locate element with text: Decreased
For documentation on this error, please visit: http://seleniumhq.org/exceptions/no_such_element.html
Build info: version: '3.5.3', revision: 'a88d25fe6b', time: '2017-08-29T12:42:44.417Z'
System info: host: 'IVF111', ip: '192.168.1.56', os.name: 'Windows 8.1', os.arch: 'amd64', os.version: '6.3', java.version: '1.8.0_161'
Driver info: driver.version: unknown]]>
            </message>
            <full-stacktrace>
              <![CDATA[org.openqa.selenium.NoSuchElementException: Cannot locate element with text: Decreased
For documentation on this error, please visit: http://seleniumhq.org/exceptions/no_such_element.html
Build info: version: '3.5.3', revision: 'a88d25fe6b', time: '2017-08-29T12:42:44.417Z'
System info: host: 'IVF111', ip: '192.168.1.56', os.name: 'Windows 8.1', os.arch: 'amd64', os.version: '6.3', java.version: '1.8.0_161'
Driver info: driver.version: unknown
	at org.openqa.selenium.support.ui.Select.selectByVisibleText(Select.java:151)
	at com_milan_POM.WComplaintsPage.ExistingPatientPresentingComplaints(WComplaintsPage.java:145)
	at com_milan_POM.WComplaintsPage.SaveTheComplaints(WComplaintsPage.java:377)
	at com_Milan_Test.WcomplaintsTest.SaveTheComplaintsTest(WcomplaintsTest.java:55)
	at sun.reflect.NativeMethodAccessorImpl.invoke0(Native Method)
	at sun.reflect.NativeMethodAccessorImpl.invoke(Unknown Source)
	at sun.reflect.DelegatingMethodAccessorImpl.invoke(Unknown Source)
	at java.lang.reflect.Method.invoke(Unknown Source)
	at org.testng.internal.MethodInvocationHelper.invokeMethod(MethodInvocationHelper.java:108)
	at org.testng.internal.Invoker.invokeMethod(Invoker.java:661)
	at org.testng.internal.Invoker.retryFailed(Invoker.java:1014)
	at org.testng.internal.Invoker.invokeTestMethods(Invoker.java:1215)
	at org.testng.internal.TestMethodWorker.invokeTestMethods(TestMethodWorker.java:126)
	at org.testng.internal.TestMethodWorker.run(TestMethodWorker.java:109)
	at org.testng.TestRunner.privateRun(TestRunner.java:744)
	at org.testng.TestRunner.run(TestRunner.java:602)
	at org.testng.SuiteRunner.runTest(SuiteRunner.java:380)
	at org.testng.SuiteRunner.access$000(SuiteRunner.java:39)
	at org.testng.SuiteRunner$SuiteWorker.run(SuiteRunner.java:414)
	at org.testng.internal.thread.ThreadUtil$1.call(ThreadUtil.java:52)
	at java.util.concurrent.FutureTask.run(Unknown Source)
	at java.util.concurrent.ThreadPoolExecutor.runWorker(Unknown Source)
	at java.util.concurrent.ThreadPoolExecutor$Worker.run(Unknown Source)
	at java.lang.Thread.run(Unknown Source)
]]>
            </full-stacktrace>
          </exception> <!-- org.openqa.selenium.NoSuchElementException -->
          <reporter-output>
          </reporter-output>
        </test-method> <!-- SaveTheComplaintsTest -->
        <test-method status="PASS" signature="Teardown()[pri:0, instance:com_Milan_Test.WcomplaintsTest@7b993c65]" name="Teardown" is-config="true" duration-ms="680" started-at="2018-07-23T22:48:39Z" finished-at="2018-07-23T22:48:40Z">
          <reporter-output>
          </reporter-output>
        </test-method> <!-- Teardown -->
        <test-method status="PASS" signature="Setup()[pri:0, instance:com_Milan_Test.WcomplaintsTest@7b993c65]" name="Setup" is-config="true" duration-ms="26148" started-at="2018-07-23T22:48:40Z" finished-at="2018-07-23T22:49:06Z">
          <reporter-output>
          </reporter-output>
        </test-method> <!-- Setup -->
        <test-method status="FAIL" signature="SaveTheComplaintsTest()[pri:2, instance:com_Milan_Test.WcomplaintsTest@7b993c65]" name="SaveTheComplaintsTest" duration-ms="30463" started-at="2018-07-23T22:49:06Z" finished-at="2018-07-23T22:49:36Z">
          <exception class="org.openqa.selenium.NoSuchElementException">
            <message>
              <![CDATA[Cannot locate element with text: Decreased
For documentation on this error, please visit: http://seleniumhq.org/exceptions/no_such_element.html
Build info: version: '3.5.3', revision: 'a88d25fe6b', time: '2017-08-29T12:42:44.417Z'
System info: host: 'IVF111', ip: '192.168.1.56', os.name: 'Windows 8.1', os.arch: 'amd64', os.version: '6.3', java.version: '1.8.0_161'
Driver info: driver.version: unknown]]>
            </message>
            <full-stacktrace>
              <![CDATA[org.openqa.selenium.NoSuchElementException: Cannot locate element with text: Decreased
For documentation on this error, please visit: http://seleniumhq.org/exceptions/no_such_element.html
Build info: version: '3.5.3', revision: 'a88d25fe6b', time: '2017-08-29T12:42:44.417Z'
System info: host: 'IVF111', ip: '192.168.1.56', os.name: 'Windows 8.1', os.arch: 'amd64', os.version: '6.3', java.version: '1.8.0_161'
Driver info: driver.version: unknown
	at org.openqa.selenium.support.ui.Select.selectByVisibleText(Select.java:151)
	at com_milan_POM.WComplaintsPage.ExistingPatientPresentingComplaints(WComplaintsPage.java:145)
	at com_milan_POM.WComplaintsPage.SaveTheComplaints(WComplaintsPage.java:377)
	at com_Milan_Test.WcomplaintsTest.SaveTheComplaintsTest(WcomplaintsTest.java:55)
	at sun.reflect.NativeMethodAccessorImpl.invoke0(Native Method)
	at sun.reflect.NativeMethodAccessorImpl.invoke(Unknown Source)
	at sun.reflect.DelegatingMethodAccessorImpl.invoke(Unknown Source)
	at java.lang.reflect.Method.invoke(Unknown Source)
	at org.testng.internal.MethodInvocationHelper.invokeMethod(MethodInvocationHelper.java:108)
	at org.testng.internal.Invoker.invokeMethod(Invoker.java:661)
	at org.testng.internal.Invoker.retryFailed(Invoker.java:1014)
	at org.testng.internal.Invoker.invokeTestMethods(Invoker.java:1215)
	at org.testng.internal.TestMethodWorker.invokeTestMethods(TestMethodWorker.java:126)
	at org.testng.internal.TestMethodWorker.run(TestMethodWorker.java:109)
	at org.testng.TestRunner.privateRun(TestRunner.java:744)
	at org.testng.TestRunner.run(TestRunner.java:602)
	at org.testng.SuiteRunner.runTest(SuiteRunner.java:380)
	at org.testng.SuiteRunner.access$000(SuiteRunner.java:39)
	at org.testng.SuiteRunner$SuiteWorker.run(SuiteRunner.java:414)
	at org.testng.internal.thread.ThreadUtil$1.call(ThreadUtil.java:52)
	at java.util.concurrent.FutureTask.run(Unknown Source)
	at java.util.concurrent.ThreadPoolExecutor.runWorker(Unknown Source)
	at java.util.concurrent.ThreadPoolExecutor$Worker.run(Unknown Source)
	at java.lang.Thread.run(Unknown Source)
]]>
            </full-stacktrace>
          </exception> <!-- org.openqa.selenium.NoSuchElementException -->
          <reporter-output>
          </reporter-output>
        </test-method> <!-- SaveTheComplaintsTest -->
        <test-method status="PASS" signature="Teardown()[pri:0, instance:com_Milan_Test.WcomplaintsTest@7b993c65]" name="Teardown" is-config="true" duration-ms="705" started-at="2018-07-23T22:49:37Z" finished-at="2018-07-23T22:49:37Z">
          <reporter-output>
          </reporter-output>
        </test-method> <!-- Teardown -->
        <test-method status="PASS" signature="Setup()[pri:0, instance:com_Milan_Test.WcomplaintsTest@7b993c65]" name="Setup" is-config="true" duration-ms="24000" started-at="2018-07-23T23:09:21Z" finished-at="2018-07-23T23:09:45Z">
          <reporter-output>
          </reporter-output>
        </test-method> <!-- Setup -->
        <test-method status="PASS" signature="NextFollowUpTest()[pri:3, instance:com_Milan_Test.WcomplaintsTest@7b993c65]" name="NextFollowUpTest" duration-ms="2065" started-at="2018-07-23T23:09:45Z" finished-at="2018-07-23T23:09:47Z">
          <reporter-output>
          </reporter-output>
        </test-method> <!-- NextFollowUpTest -->
        <test-method status="PASS" signature="Teardown()[pri:0, instance:com_Milan_Test.WcomplaintsTest@7b993c65]" name="Teardown" is-config="true" duration-ms="720" started-at="2018-07-23T23:09:47Z" finished-at="2018-07-23T23:09:48Z">
          <reporter-output>
          </reporter-output>
        </test-method> <!-- Teardown -->
      </class> <!-- com_Milan_Test.WcomplaintsTest -->
      <class name="com_Milan_Test.SimulationChartPageTest">
        <test-method status="FAIL" signature="Setup()[pri:0, instance:com_Milan_Test.SimulationChartPageTest@2cb2fc20]" name="Setup" is-config="true" duration-ms="188956" started-at="2018-07-23T23:17:51Z" finished-at="2018-07-23T23:21:00Z">
          <exception class="org.openqa.selenium.NoSuchElementException">
            <message>
              <![CDATA[no such element: Unable to locate element: {"method":"xpath","selector":"//li[text()='Cycles']"}
  (Session info: chrome=67.0.3396.99)
  (Driver info: chromedriver=2.36.540470 (e522d04694c7ebea4ba8821272dbef4f9b818c91),platform=Windows NT 6.3.9600 x86_64) (WARNING: The server did not provide any stacktrace information)
Command duration or timeout: 0 milliseconds
For documentation on this error, please visit: http://seleniumhq.org/exceptions/no_such_element.html
Build info: version: '3.5.3', revision: 'a88d25fe6b', time: '2017-08-29T12:42:44.417Z'
System info: host: 'IVF111', ip: '192.168.1.56', os.name: 'Windows 8.1', os.arch: 'amd64', os.version: '6.3', java.version: '1.8.0_161'
Driver info: org.openqa.selenium.chrome.ChromeDriver
Capabilities [{mobileEmulationEnabled=false, hasTouchScreen=false, platform=WIN8_1, acceptSslCerts=false, acceptInsecureCerts=false, webStorageEnabled=true, browserName=chrome, takesScreenshot=true, javascriptEnabled=true, platformName=WIN8_1, setWindowRect=true, unexpectedAlertBehaviour=, applicationCacheEnabled=false, rotatable=false, networkConnectionEnabled=false, chrome={chromedriverVersion=2.36.540470 (e522d04694c7ebea4ba8821272dbef4f9b818c91), userDataDir=C:\Users\paragb\AppData\Local\Temp\scoped_dir41284_8890}, takesHeapSnapshot=true, pageLoadStrategy=normal, unhandledPromptBehavior=, databaseEnabled=false, handlesAlerts=true, version=67.0.3396.99, browserConnectionEnabled=false, nativeEvents=true, locationContextEnabled=true, cssSelectorsEnabled=true}]
Session ID: 41fe1dd7bbb7bee65eebce1a33eb23bc
*** Element info: {Using=xpath, value=//li[text()='Cycles']}]]>
            </message>
            <full-stacktrace>
              <![CDATA[org.openqa.selenium.NoSuchElementException: no such element: Unable to locate element: {"method":"xpath","selector":"//li[text()='Cycles']"}
  (Session info: chrome=67.0.3396.99)
  (Driver info: chromedriver=2.36.540470 (e522d04694c7ebea4ba8821272dbef4f9b818c91),platform=Windows NT 6.3.9600 x86_64) (WARNING: The server did not provide any stacktrace information)
Command duration or timeout: 0 milliseconds
For documentation on this error, please visit: http://seleniumhq.org/exceptions/no_such_element.html
Build info: version: '3.5.3', revision: 'a88d25fe6b', time: '2017-08-29T12:42:44.417Z'
System info: host: 'IVF111', ip: '192.168.1.56', os.name: 'Windows 8.1', os.arch: 'amd64', os.version: '6.3', java.version: '1.8.0_161'
Driver info: org.openqa.selenium.chrome.ChromeDriver
Capabilities [{mobileEmulationEnabled=false, hasTouchScreen=false, platform=WIN8_1, acceptSslCerts=false, acceptInsecureCerts=false, webStorageEnabled=true, browserName=chrome, takesScreenshot=true, javascriptEnabled=true, platformName=WIN8_1, setWindowRect=true, unexpectedAlertBehaviour=, applicationCacheEnabled=false, rotatable=false, networkConnectionEnabled=false, chrome={chromedriverVersion=2.36.540470 (e522d04694c7ebea4ba8821272dbef4f9b818c91), userDataDir=C:\Users\paragb\AppData\Local\Temp\scoped_dir41284_8890}, takesHeapSnapshot=true, pageLoadStrategy=normal, unhandledPromptBehavior=, databaseEnabled=false, handlesAlerts=true, version=67.0.3396.99, browserConnectionEnabled=false, nativeEvents=true, locationContextEnabled=true, cssSelectorsEnabled=true}]
Session ID: 41fe1dd7bbb7bee65eebce1a33eb23bc
*** Element info: {Using=xpath, value=//li[text()='Cycles']}
	at sun.reflect.NativeConstructorAccessorImpl.newInstance0(Native Method)
	at sun.reflect.NativeConstructorAccessorImpl.newInstance(Unknown Source)
	at sun.reflect.DelegatingConstructorAccessorImpl.newInstance(Unknown Source)
	at java.lang.reflect.Constructor.newInstance(Unknown Source)
	at org.openqa.selenium.remote.ErrorHandler.createThrowable(ErrorHandler.java:215)
	at org.openqa.selenium.remote.ErrorHandler.throwIfResponseFailed(ErrorHandler.java:167)
	at org.openqa.selenium.remote.http.JsonHttpResponseCodec.reconstructValue(JsonHttpResponseCodec.java:40)
	at org.openqa.selenium.remote.http.AbstractHttpResponseCodec.decode(AbstractHttpResponseCodec.java:82)
	at org.openqa.selenium.remote.http.AbstractHttpResponseCodec.decode(AbstractHttpResponseCodec.java:45)
	at org.openqa.selenium.remote.HttpCommandExecutor.execute(HttpCommandExecutor.java:164)
	at org.openqa.selenium.remote.service.DriverCommandExecutor.execute(DriverCommandExecutor.java:82)
	at org.openqa.selenium.remote.RemoteWebDriver.execute(RemoteWebDriver.java:646)
	at org.openqa.selenium.remote.RemoteWebDriver.findElement(RemoteWebDriver.java:416)
	at org.openqa.selenium.remote.RemoteWebDriver.findElementByXPath(RemoteWebDriver.java:518)
	at org.openqa.selenium.By$ByXPath.findElement(By.java:361)
	at org.openqa.selenium.remote.RemoteWebDriver.findElement(RemoteWebDriver.java:408)
[...]
        <test-method status="PASS" signature="Teardown()[pri:0, instance:com_Milan_Test.WAddictionsTest@407a7f2a]" name="Teardown" is-config="true" duration-ms="741" started-at="2018-07-24T00:15:02Z" finished-at="2018-07-24T00:15:03Z">
          <reporter-output>
          </reporter-output>
        </test-method> <!-- Teardown -->
        <test-method status="PASS" signature="Setup()[pri:0, instance:com_Milan_Test.WAddictionsTest@407a7f2a]" name="Setup" is-config="true" duration-ms="49460" started-at="2018-07-24T00:23:11Z" finished-at="2018-07-24T00:24:01Z">
          <reporter-output>
          </reporter-output>
        </test-method> <!-- Setup -->
        <test-method status="PASS" signature="SinceWhenEnableconditionSinceWhenCaffeineAddictionTest()[pri:10, instance:com_Milan_Test.WAddictionsTest@407a7f2a]" name="SinceWhenEnableconditionSinceWhenCaffeineAddictionTest" duration-ms="297" started-at="2018-07-24T00:24:01Z" finished-at="2018-07-24T00:24:01Z">
          <reporter-output>
          </reporter-output>
        </test-method> <!-- SinceWhenEnableconditionSinceWhenCaffeineAddictionTest -->
        <test-method status="PASS" signature="Teardown()[pri:0, instance:com_Milan_Test.WAddictionsTest@407a7f2a]" name="Teardown" is-config="true" duration-ms="710" started-at="2018-07-24T00:24:01Z" finished-at="2018-07-24T00:24:02Z">
          <reporter-output>
          </reporter-output>
        </test-method> <!-- Teardown -->
        <test-method status="PASS" signature="Setup()[pri:0, instance:com_Milan_Test.WAddictionsTest@407a7f2a]" name="Setup" is-config="true" duration-ms="48632" started-at="2018-07-24T00:31:58Z" finished-at="2018-07-24T00:32:46Z">
          <reporter-output>
          </reporter-output>
        </test-method> <!-- Setup -->
        <test-method status="PASS" signature="SinceWhenEnableconditionSinceWhenMonthSmokeTest()[pri:11, instance:com_Milan_Test.WAddictionsTest@407a7f2a]" name="SinceWhenEnableconditionSinceWhenMonthSmokeTest" duration-ms="171" started-at="2018-07-24T00:32:46Z" finished-at="2018-07-24T00:32:47Z">
          <reporter-output>
          </reporter-output>
        </test-method> <!-- SinceWhenEnableconditionSinceWhenMonthSmokeTest -->
        <test-method status="PASS" signature="Teardown()[pri:0, instance:com_Milan_Test.WAddictionsTest@407a7f2a]" name="Teardown" is-config="true" duration-ms="712" started-at="2018-07-24T00:32:47Z" finished-at="2018-07-24T00:32:47Z">
          <reporter-output>
          </reporter-output>
        </test-method> <!-- Teardown -->
        <test-method status="PASS" signature="Setup()[pri:0, instance:com_Milan_Test.WAddictionsTest@407a7f2a]" name="Setup" is-config="true" duration-ms="48052" started-at="2018-07-24T00:35:26Z" finished-at="2018-07-24T00:36:14Z">
          <reporter-output>
          </reporter-output>
        </test-method> <!-- Setup -->
        <test-method status="PASS" signature="SinceWhenEnableconditionSinceWhenMonthAlkoholTest()[pri:12, instance:com_Milan_Test.WAddictionsTest@407a7f2a]" name="SinceWhenEnableconditionSinceWhenMonthAlkoholTest" duration-ms="180" started-at="2018-07-24T00:36:14Z" finished-at="2018-07-24T00:36:14Z">
          <reporter-output>
          </reporter-output>
        </test-method> <!-- SinceWhenEnableconditionSinceWhenMonthAlkoholTest -->
        <test-method status="PASS" signature="Teardown()[pri:0, instance:com_Milan_Test.WAddictionsTest@407a7f2a]" name="Teardown" is-config="true" duration-ms="697" started-at="2018-07-24T00:36:14Z" finished-at="2018-07-24T00:36:15Z">
          <reporter-output>
          </reporter-output>
        </test-method> <!-- Teardown -->
        <test-method status="PASS" signature="Setup()[pri:0, instance:com_Milan_Test.WAddictionsTest@407a7f2a]" name="Setup" is-config="true" duration-ms="49501" started-at="2018-07-24T00:38:56Z" finished-at="2018-07-24T00:39:46Z">
          <reporter-output>
          </reporter-output>
        </test-method> <!-- Setup -->
        <test-method status="PASS" signature="SinceWhenEnableconditionSinceWhenMonthTobocoTest()[pri:13, instance:com_Milan_Test.WAddictionsTest@407a7f2a]" name="SinceWhenEnableconditionSinceWhenMonthTobocoTest" duration-ms="152" started-at="2018-07-24T00:39:46Z" finished-at="2018-07-24T00:39:46Z">
          <reporter-output>
          </reporter-output>
        </test-method> <!-- SinceWhenEnableconditionSinceWhenMonthTobocoTest -->
        <test-method status="PASS" signature="Teardown()[pri:0, instance:com_Milan_Test.WAddictionsTest@407a7f2a]" name="Teardown" is-config="true" duration-ms="715" started-at="2018-07-24T00:39:46Z" finished-at="2018-07-24T00:39:47Z">
          <reporter-output>
          </reporter-output>
        </test-method> <!-- Teardown -->
        <test-method status="PASS" signature="Setup()[pri:0, instance:com_Milan_Test.WAddictionsTest@407a7f2a]" name="Setup" is-config="true" duration-ms="51272" started-at="2018-07-24T00:40:39Z" finished-at="2018-07-24T00:41:30Z">
          <reporter-output>
          </reporter-output>
        </test-method> <!-- Setup -->
        <test-method status="PASS" signature="SinceWhenEnableconditionSinceWhenMonthForDrugAdictionTest()[pri:14, instance:com_Milan_Test.WAddictionsTest@407a7f2a]" name="SinceWhenEnableconditionSinceWhenMonthForDrugAdictionTest" duration-ms="169" started-at="2018-07-24T00:41:30Z" finished-at="2018-07-24T00:41:30Z">
          <reporter-output>
          </reporter-output>
        </test-method> <!-- SinceWhenEnableconditionSinceWhenMonthForDrugAdictionTest -->
        <test-method status="PASS" signature="Teardown()[pri:0, instance:com_Milan_Test.WAddictionsTest@407a7f2a]" name="Teardown" is-config="true" duration-ms="715" started-at="2018-07-24T00:41:30Z" finished-at="2018-07-24T00:41:31Z">
          <reporter-output>
          </reporter-output>
        </test-method> <!-- Teardown -->
        <test-method status="PASS" signature="Setup()[pri:0, instance:com_Milan_Test.WAddictionsTest@407a7f2a]" name="Setup" is-config="true" duration-ms="49062" started-at="2018-07-24T00:44:23Z" finished-at="2018-07-24T00:45:12Z">
          <reporter-output>
          </reporter-output>
        </test-method> <!-- Setup -->
        <test-method status="PASS" signature="SinceWhenEnableconditionSinceWhenMonthForCaffeineAddictionTest()[pri:15, instance:com_Milan_Test.WAddictionsTest@407a7f2a]" name="SinceWhenEnableconditionSinceWhenMonthForCaffeineAddictionTest" duration-ms="187" started-at="2018-07-24T00:45:12Z" finished-at="2018-07-24T00:45:12Z">
          <reporter-output>
          </reporter-output>
        </test-method> <!-- SinceWhenEnableconditionSinceWhenMonthForCaffeineAddictionTest -->
        <test-method status="PASS" signature="Teardown()[pri:0, instance:com_Milan_Test.WAddictionsTest@407a7f2a]" name="Teardown" is-config="true" duration-ms="719" started-at="2018-07-24T00:45:12Z" finished-at="2018-07-24T00:45:12Z">
          <reporter-output>
          </reporter-output>
        </test-method> <!-- Teardown -->
        <test-method status="PASS" signature="Setup()[pri:0, instance:com_Milan_Test.WAddictionsTest@407a7f2a]" name="Setup" is-config="true" duration-ms="51636" started-at="2018-07-24T00:48:03Z" finished-at="2018-07-24T00:48:54Z">
          <reporter-output>
          </reporter-output>
        </test-method> <!-- Setup -->
        <test-method status="PASS" signature="saveAdictionsTest(java.lang.String, java.lang.String, java.lang.String, java.lang.String, java.lang.String, java.lang.String)[pri:16, instance:com_Milan_Test.WAddictionsTest@407a7f2a]" name="saveAdictionsTest" duration-ms="6342" started-at="2018-07-24T00:48:54Z" data-provider="getTestData" finished-at="2018-07-24T00:49:01Z">
          <params>
            <param index="0">
              <value>
                <![CDATA[Smoking]]>
              </value>
            </param>
            <param index="1">
              <value>
                <![CDATA[Yes]]>
              </value>
            </param>
            <param index="2">
              <value>
                <![CDATA[1]]>
              </value>
            </param>
            <param index="3">
              <value>
                <![CDATA[1]]>
              </value>
            </param>
            <param index="4">
              <value>
                <![CDATA[Regular]]>
              </value>
            </param>
            <param index="5">
              <value>
                <![CDATA[1]]>
              </value>
            </param>
          </params>
          <reporter-output>
          </reporter-output>
        </test-method> <!-- saveAdictionsTest -->
        <test-method status="PASS" signature="Teardown()[pri:0, instance:com_Milan_Test.WAddictionsTest@407a7f2a]" name="Teardown" is-config="true" duration-ms="747" started-at="2018-07-24T00:49:01Z" finished-at="2018-07-24T00:49:01Z">
          <reporter-output>
          </reporter-output>
        </test-method> <!-- Teardown -->
        <test-method status="PASS" signature="Setup()[pri:0, instance:com_Milan_Test.WAddictionsTest@407a7f2a]" name="Setup" is-config="true" duration-ms="50908" started-at="2018-07-24T00:49:01Z" finished-at="2018-07-24T00:49:52Z">
          <reporter-output>
          </reporter-output>
        </test-method> <!-- Setup -->
        <test-method status="PASS" signature="saveAdictionsTest(java.lang.String, java.lang.String, java.lang.String, java.lang.String, java.lang.String, java.lang.String)[pri:16, instance:com_Milan_Test.WAddictionsTest@407a7f2a]" name="saveAdictionsTest" duration-ms="6447" started-at="2018-07-24T00:49:52Z" data-provider="getTestData" finished-at="2018-07-24T00:49:59Z">
          <params>
            <param index="0">
              <value>
                <![CDATA[Alcohol]]>
              </value>
            </param>
            <param index="1">
              <value>
                <![CDATA[No]]>
              </value>
            </param>
            <param index="2">
              <value>
                <![CDATA[3]]>
              </value>
            </param>
            <param index="3">
              <value>
                <![CDATA[5]]>
              </value>
            </param>
            <param index="4">
              <value>
                <![CDATA[Irregular]]>
              </value>
            </param>
            <param index="5">
              <value>
                <![CDATA[100]]>
              </value>
            </param>
          </params>
          <reporter-output>
          </reporter-output>
        </test-method> <!-- saveAdictionsTest -->
        <test-method status="PASS" signature="Teardown()[pri:0, instance:com_Milan_Test.WAddictionsTest@407a7f2a]" name="Teardown" is-config="true" duration-ms="714" started-at="2018-07-24T00:49:59Z" finished-at="2018-07-24T00:49:59Z">
          <reporter-output>
          </reporter-output>
        </test-method> <!-- Teardown -->
        <test-method status="PASS" signature="Setup()[pri:0, instance:com_Milan_Test.WAddictionsTest@407a7f2a]" name="Setup" is-config="true" duration-ms="49798" started-at="2018-07-24T00:49:59Z" finished-at="2018-07-24T00:50:49Z">
          <reporter-output>
          </reporter-output>
        </test-method> <!-- Setup -->
        <test-method status="PASS" signature="saveAdictionsTest(java.lang.String, java.lang.String, java.lang.String, java.lang.String, java.lang.String, java.lang.String)[pri:16, instance:com_Milan_Test.WAddictionsTest@407a7f2a]" name="saveAdictionsTest" duration-ms="5879" started-at="2018-07-24T00:50:49Z" data-provider="getTestData" finished-at="2018-07-24T00:50:55Z">
          <params>
            <param index="0">
              <value>
                <![CDATA[Tobacco]]>
              </value>
            </param>
            <param index="1">
              <value>
                <![CDATA[No]]>
              </value>
            </param>
            <param index="2">
              <value>
                <![CDATA[6]]>
              </value>
            </param>
            <param index="3">
              <value>
                <![CDATA[10]]>
              </value>
            </param>
            <param index="4">
              <value>
                <![CDATA[occasional]]>
              </value>
            </param>
            <param index="5">
              <value>
                <![CDATA[2]]>
              </value>
            </param>
          </params>
          <reporter-output>
          </reporter-output>
        </test-method> <!-- saveAdictionsTest -->
        <test-method status="PASS" signature="Teardown()[pri:0, instance:com_Milan_Test.WAddictionsTest@407a7f2a]" name="Teardown" is-config="true" duration-ms="726" started-at="2018-07-24T00:50:55Z" finished-at="2018-07-24T00:50:56Z">
          <reporter-output>
          </reporter-output>
        </test-method> <!-- Teardown -->
        <test-method status="PASS" signature="Setup()[pri:0, instance:com_Milan_Test.WAddictionsTest@407a7f2a]" name="Setup" is-config="true" duration-ms="49590" started-at="2018-07-24T00:50:56Z" finished-at="2018-07-24T00:51:45Z">
          <reporter-output>
          </reporter-output>
        </test-method> <!-- Setup -->
        <test-method status="PASS" signature="saveAdictionsTest(java.lang.String, java.lang.String, java.lang.String, java.lang.String, java.lang.String, java.lang.String)[pri:16, instance:com_Milan_Test.WAddictionsTest@407a7f2a]" name="saveAdictionsTest" duration-ms="6009" started-at="2018-07-24T00:51:45Z" data-provider="getTestData" finished-at="2018-07-24T00:51:51Z">
          <params>
            <param index="0">
              <value>
                <![CDATA[Drug Addiction]]>
              </value>
            </param>
            <param index="1">
              <value>
                <![CDATA[Yes]]>
              </value>
            </param>
            <param index="2">
              <value>
                <![CDATA[9]]>
              </value>
            </param>
            <param index="3">
              <value>
                <![CDATA[15]]>
              </value>
            </param>
            <param index="4">
              <value>
                <![CDATA[Regular]]>
              </value>
            </param>
            <param index="5">
              <value>
                <![CDATA[2]]>
              </value>
            </param>
          </params>
          <reporter-output>
          </reporter-output>
        </test-method> <!-- saveAdictionsTest -->
        <test-method status="PASS" signature="Teardown()[pri:0, instance:com_Milan_Test.WAddictionsTest@407a7f2a]" name="Teardown" is-config="true" duration-ms="713" started-at="2018-07-24T00:51:51Z" finished-at="2018-07-24T00:51:52Z">
          <reporter-output>
          </reporter-output>
        </test-method> <!-- Teardown -->
        <test-method status="PASS" signature="Setup()[pri:0, instance:com_Milan_Test.WAddictionsTest@407a7f2a]" name="Setup" is-config="true" duration-ms="50639" started-at="2018-07-24T00:51:52Z" finished-at="2018-07-24T00:52:43Z">
          <reporter-output>
          </reporter-output>
        </test-method> <!-- Setup -->
        <test-method status="PASS" signature="saveAdictionsTest(java.lang.String, java.lang.String, java.lang.String, java.lang.String, java.lang.String, java.lang.String)[pri:16, instance:com_Milan_Test.WAddictionsTest@407a7f2a]" name="saveAdictionsTest" duration-ms="6315" started-at="2018-07-24T00:52:43Z" data-provider="getTestData" finished-at="2018-07-24T00:52:49Z">
          <params>
            <param index="0">
              <value>
                <![CDATA[Caffeine Addiction]]>
              </value>
            </param>
            <param index="1">
              <value>
                <![CDATA[No]]>
              </value>
            </param>
            <param index="2">
              <value>
                <![CDATA[11]]>
              </value>
            </param>
            <param index="3">
              <value>
                <![CDATA[20]]>
              </value>
            </param>
            <param index="4">
              <value>
                <![CDATA[Irregular]]>
              </value>
            </param>
            <param index="5">
              <value>
                <![CDATA[4]]>
              </value>
            </param>
          </params>
          <reporter-output>
          </reporter-output>
        </test-method> <!-- saveAdictionsTest -->
        <test-method status="PASS" signature="Teardown()[pri:0, instance:com_Milan_Test.WAddictionsTest@407a7f2a]" name="Teardown" is-config="true" duration-ms="745" started-at="2018-07-24T00:52:49Z" finished-at="2018-07-24T00:52:50Z">
          <reporter-output>
          </reporter-output>
        </test-method> <!-- Teardown -->
        <test-method status="FAIL" signature="saveNewAdictions(java.lang.String, java.lang.String, java.lang.String, java.lang.String, java.lang.String, java.lang.String)[pri:17, instance:com_Milan_Test.WAddictionsTest@407a7f2a]" name="saveNewAdictions" duration-ms="0" started-at="2018-07-24T00:55:42Z" finished-at="2018-07-24T00:55:42Z">
          <exception class="org.testng.TestNGException">
            <message>
              <![CDATA[
Cannot inject @Test annotated Method [saveNewAdictions] with [class java.lang.String, class java.lang.String, class java.lang.String, class java.lang.String, class java.lang.String, class java.lang.String].
For more information on native dependency injection please refer to http://testng.org/doc/documentation-main.html#native-dependency-injection]]>
            </message>
            <full-stacktrace>
              <![CDATA[org.testng.TestNGException: 
Cannot inject @Test annotated Method [saveNewAdictions] with [class java.lang.String, class java.lang.String, class java.lang.String, class java.lang.String, class java.lang.String, class java.lang.String].
For more information on native dependency injection please refer to http://testng.org/doc/documentation-main.html#native-dependency-injection
	at org.testng.internal.Parameters.checkParameterTypes(Parameters.java:244)
	at org.testng.internal.Parameters.createParameters(Parameters.java:172)
	at org.testng.internal.Parameters.createParameters(Parameters.java:458)
	at org.testng.internal.Parameters.handleParameters(Parameters.java:569)
	at org.testng.internal.Invoker.handleParameters(Invoker.java:1308)
	at org.testng.internal.Invoker.createParameters(Invoker.java:1036)
	at org.testng.internal.Invoker.invokeTestMethods(Invoker.java:1126)
	at org.testng.internal.TestMethodWorker.invokeTestMethods(TestMethodWorker.java:126)
	at org.testng.internal.TestMethodWorker.run(TestMethodWorker.java:109)
	at org.testng.TestRunner.privateRun(TestRunner.java:744)
	at org.testng.TestRunner.run(TestRunner.java:602)
	at org.testng.SuiteRunner.runTest(SuiteRunner.java:380)
	at org.testng.SuiteRunner.access$000(SuiteRunner.java:39)
	at org.testng.SuiteRunner$SuiteWorker.run(SuiteRunner.java:414)
	at org.testng.internal.thread.ThreadUtil$1.call(ThreadUtil.java:52)
	at java.util.concurrent.FutureTask.run(Unknown Source)
	at java.util.concurrent.ThreadPoolExecutor.runWorker(Unknown Source)
	at java.util.concurrent.ThreadPoolExecutor$Worker.run(Unknown Source)
	at java.lang.Thread.run(Unknown Source)
]]>
            </full-stacktrace>
          </exception> <!-- org.testng.TestNGException -->
          <reporter-output>
          </reporter-output>
        </test-method> <!-- saveNewAdictions -->
      </class> <!-- com_Milan_Test.WAddictionsTest -->
    </test> <!-- IVFTEST -->
  </suite> <!-- IVFSuite -->
</testng-results>
