<?xml version="1.0" encoding="UTF-8"?>
<testng-results skipped="0" failed="0" ignored="0" total="5" passed="5">
  <reporter-output>
  </reporter-output>
  <suite name="Default suite" duration-ms="632290" started-at="2018-07-12T11:27:32Z" finished-at="2018-07-12T11:38:05Z">
    <groups>
    </groups>
    <test name="Default test" duration-ms="632290" started-at="2018-07-12T11:27:32Z" finished-at="2018-07-12T11:38:05Z">
      <class name="com_Milan_Test.SimulationChartPageTest">
        <test-method status="PASS" signature="Setup()[pri:0, instance:com_Milan_Test.SimulationChartPageTest@87a85e1]" name="Setup" is-config="true" duration-ms="107697" started-at="2018-07-12T16:57:32Z" finished-at="2018-07-12T16:59:20Z">
          <reporter-output>
          </reporter-output>
        </test-method> <!-- Setup -->
        <test-method status="PASS" signature="AddDrugNames()[pri:1, instance:com_Milan_Test.SimulationChartPageTest@87a85e1]" name="AddDrugNames" duration-ms="25467" started-at="2018-07-12T16:59:20Z" finished-at="2018-07-12T16:59:45Z">
          <reporter-output>
          </reporter-output>
        </test-method> <!-- AddDrugNames -->
        <test-method status="PASS" signature="Teardown()[pri:0, instance:com_Milan_Test.SimulationChartPageTest@87a85e1]" name="Teardown" is-config="true" duration-ms="734" started-at="2018-07-12T16:59:45Z" finished-at="2018-07-12T16:59:46Z">
          <reporter-output>
          </reporter-output>
        </test-method> <!-- Teardown -->
        <test-method status="PASS" signature="Setup()[pri:0, instance:com_Milan_Test.SimulationChartPageTest@87a85e1]" name="Setup" is-config="true" duration-ms="106358" started-at="2018-07-12T16:59:46Z" finished-at="2018-07-12T17:01:33Z">
          <reporter-output>
          </reporter-output>
        </test-method> <!-- Setup -->
        <test-method status="PASS" signature="EnableconditionAddSimulationDrugTest()[pri:2, instance:com_Milan_Test.SimulationChartPageTest@87a85e1]" name="EnableconditionAddSimulationDrugTest" duration-ms="1994" started-at="2018-07-12T17:01:33Z" finished-at="2018-07-12T17:01:35Z">
          <reporter-output>
          </reporter-output>
        </test-method> <!-- EnableconditionAddSimulationDrugTest -->
        <test-method status="PASS" signature="Teardown()[pri:0, instance:com_Milan_Test.SimulationChartPageTest@87a85e1]" name="Teardown" is-config="true" duration-ms="728" started-at="2018-07-12T17:01:35Z" finished-at="2018-07-12T17:01:35Z">
          <reporter-output>
          </reporter-output>
        </test-method> <!-- Teardown -->
        <test-method status="PASS" signature="Setup()[pri:0, instance:com_Milan_Test.SimulationChartPageTest@87a85e1]" name="Setup" is-config="true" duration-ms="107342" started-at="2018-07-12T17:01:35Z" finished-at="2018-07-12T17:03:23Z">
          <reporter-output>
          </reporter-output>
        </test-method> <!-- Setup -->
        <test-method status="PASS" signature="SaveSimulationTest()[pri:3, instance:com_Milan_Test.SimulationChartPageTest@87a85e1]" name="SaveSimulationTest" duration-ms="7353" started-at="2018-07-12T17:03:23Z" finished-at="2018-07-12T17:03:30Z">
          <reporter-output>
          </reporter-output>
        </test-method> <!-- SaveSimulationTest -->
        <test-method status="PASS" signature="Teardown()[pri:0, instance:com_Milan_Test.SimulationChartPageTest@87a85e1]" name="Teardown" is-config="true" duration-ms="735" started-at="2018-07-12T17:03:30Z" finished-at="2018-07-12T17:03:31Z">
          <reporter-output>
          </reporter-output>
        </test-method> <!-- Teardown -->
        <test-method status="PASS" signature="Setup()[pri:0, instance:com_Milan_Test.SimulationChartPageTest@87a85e1]" name="Setup" is-config="true" duration-ms="108039" started-at="2018-07-12T17:03:31Z" finished-at="2018-07-12T17:05:19Z">
          <reporter-output>
          </reporter-output>
        </test-method> <!-- Setup -->
        <test-method status="PASS" signature="SimulationDrugValidationTest()[pri:4, instance:com_Milan_Test.SimulationChartPageTest@87a85e1]" name="SimulationDrugValidationTest" duration-ms="14016" started-at="2018-07-12T17:05:19Z" finished-at="2018-07-12T17:05:33Z">
          <reporter-output>
          </reporter-output>
        </test-method> <!-- SimulationDrugValidationTest -->
        <test-method status="PASS" signature="Teardown()[pri:0, instance:com_Milan_Test.SimulationChartPageTest@87a85e1]" name="Teardown" is-config="true" duration-ms="735" started-at="2018-07-12T17:05:33Z" finished-at="2018-07-12T17:05:34Z">
          <reporter-output>
          </reporter-output>
        </test-method> <!-- Teardown -->
        <test-method status="PASS" signature="Setup()[pri:0, instance:com_Milan_Test.SimulationChartPageTest@87a85e1]" name="Setup" is-config="true" duration-ms="106171" started-at="2018-07-12T17:05:34Z" finished-at="2018-07-12T17:07:20Z">
          <reporter-output>
          </reporter-output>
        </test-method> <!-- Setup -->
        <test-method status="PASS" signature="InvalidDateTest()[pri:5, instance:com_Milan_Test.SimulationChartPageTest@87a85e1]" name="InvalidDateTest" duration-ms="44141" started-at="2018-07-12T17:07:20Z" finished-at="2018-07-12T17:08:04Z">
          <reporter-output>
          </reporter-output>
        </test-method> <!-- InvalidDateTest -->
        <test-method status="PASS" signature="Teardown()[pri:0, instance:com_Milan_Test.SimulationChartPageTest@87a85e1]" name="Teardown" is-config="true" duration-ms="727" started-at="2018-07-12T17:08:04Z" finished-at="2018-07-12T17:08:05Z">
          <reporter-output>
          </reporter-output>
        </test-method> <!-- Teardown -->
      </class> <!-- com_Milan_Test.SimulationChartPageTest -->
    </test> <!-- Default test -->
  </suite> <!-- Default suite -->
</testng-results>
