<?xml version="1.0" encoding="UTF-8"?>
<testng-results skipped="0" failed="0" ignored="0" total="2" passed="2">
  <reporter-output>
  </reporter-output>
  <suite name="Default suite" duration-ms="47306" started-at="2018-06-04T17:43:04Z" finished-at="2018-06-04T17:43:51Z">
    <groups>
    </groups>
    <test name="Default test" duration-ms="47306" started-at="2018-06-04T17:43:04Z" finished-at="2018-06-04T17:43:51Z">
      <class name="com_Milan_Test.SearchPageTest">
        <test-method status="PASS" signature="Setup()[pri:0, instance:com_Milan_Test.SearchPageTest@589838eb]" name="Setup" is-config="true" duration-ms="11396" started-at="2018-06-04T23:13:04Z" finished-at="2018-06-04T23:13:15Z">
          <reporter-output>
          </reporter-output>
        </test-method> <!-- Setup -->
        <test-method status="PASS" signature="SearchPatientUsingCalenderTest()[pri:1, instance:com_Milan_Test.SearchPageTest@589838eb]" name="SearchPatientUsingCalenderTest" duration-ms="16382" started-at="2018-06-04T23:13:15Z" finished-at="2018-06-04T23:13:32Z">
          <reporter-output>
          </reporter-output>
        </test-method> <!-- SearchPatientUsingCalenderTest -->
        <test-method status="PASS" signature="Teardown()[pri:0, instance:com_Milan_Test.SearchPageTest@589838eb]" name="Teardown" is-config="true" duration-ms="672" started-at="2018-06-04T23:13:32Z" finished-at="2018-06-04T23:13:32Z">
          <reporter-output>
          </reporter-output>
        </test-method> <!-- Teardown -->
        <test-method status="PASS" signature="Setup()[pri:0, instance:com_Milan_Test.SearchPageTest@589838eb]" name="Setup" is-config="true" duration-ms="8438" started-at="2018-06-04T23:13:32Z" finished-at="2018-06-04T23:13:41Z">
          <reporter-output>
          </reporter-output>
        </test-method> <!-- Setup -->
        <test-method status="PASS" signature="SearchPatientUsingPatientTabTest()[pri:2, instance:com_Milan_Test.SearchPageTest@589838eb]" name="SearchPatientUsingPatientTabTest" duration-ms="9696" started-at="2018-06-04T23:13:41Z" finished-at="2018-06-04T23:13:50Z">
          <reporter-output>
          </reporter-output>
        </test-method> <!-- SearchPatientUsingPatientTabTest -->
        <test-method status="PASS" signature="Teardown()[pri:0, instance:com_Milan_Test.SearchPageTest@589838eb]" name="Teardown" is-config="true" duration-ms="685" started-at="2018-06-04T23:13:50Z" finished-at="2018-06-04T23:13:51Z">
          <reporter-output>
          </reporter-output>
        </test-method> <!-- Teardown -->
      </class> <!-- com_Milan_Test.SearchPageTest -->
    </test> <!-- Default test -->
  </suite> <!-- Default suite -->
</testng-results>
