<?xml version="1.0" encoding="UTF-8"?>
<!-- Generated by org.testng.reporters.JUnitXMLReporter -->
<testsuite hostname="IVF111" ignored="26" name="IVFTEST" tests="142" failures="8" timestamp="26 Jun 2018 20:07:15 GMT" time="7070.184" errors="0">
  <testcase name="@BeforeMethod Setup" time="49.322" classname="com_Milan_Test.CycleListPageTest">
    <failure type="org.openqa.selenium.NoSuchElementException" message="no such element: Unable to locate element: {&amp;quot;method&amp;quot;:&amp;quot;xpath&amp;quot;,&amp;quot;selector&amp;quot;:&amp;quot;//li[text()=&amp;apos;Cycles&amp;apos;]&amp;quot;}
  (Session info: chrome=67.0.3396.99)
  (Driver info: chromedriver=2.36.540470 (e522d04694c7ebea4ba8821272dbef4f9b818c91),platform=Windows NT 6.3.9600 x86_64) (WARNING: The server did not provide any stacktrace information)
Command duration or timeout: 0 milliseconds
For documentation on this error, please visit: http://seleniumhq.org/exceptions/no_such_element.html
Build info: version: &amp;apos;3.5.3&amp;apos;, revision: &amp;apos;a88d25fe6b&amp;apos;, time: &amp;apos;2017-08-29T12:42:44.417Z&amp;apos;
System info: host: &amp;apos;IVF111&amp;apos;, ip: &amp;apos;192.168.1.56&amp;apos;, os.name: &amp;apos;Windows 8.1&amp;apos;, os.arch: &amp;apos;amd64&amp;apos;, os.version: &amp;apos;6.3&amp;apos;, java.version: &amp;apos;1.8.0_161&amp;apos;
Driver info: org.openqa.selenium.chrome.ChromeDriver
Capabilities [{mobileEmulationEnabled=false, hasTouchScreen=false, platform=WIN8_1, acceptSslCerts=false, acceptInsecureCerts=false, webStorageEnabled=true, browserName=chrome, takesScreenshot=true, javascriptEnabled=true, platformName=WIN8_1, setWindowRect=true, unexpectedAlertBehaviour=, applicationCacheEnabled=false, rotatable=false, networkConnectionEnabled=false, chrome={chromedriverVersion=2.36.540470 (e522d04694c7ebea4ba8821272dbef4f9b818c91), userDataDir=C:\Users\paragb\AppData\Local\Temp\scoped_dir11968_4101}, takesHeapSnapshot=true, pageLoadStrategy=normal, unhandledPromptBehavior=, databaseEnabled=false, handlesAlerts=true, version=67.0.3396.99, browserConnectionEnabled=false, nativeEvents=true, locationContextEnabled=true, cssSelectorsEnabled=true}]
Session ID: 63203f7a9283e19b1e7b1fdd01c91fc2
*** Element info: {Using=xpath, value=//li[text()=&amp;apos;Cycles&amp;apos;]}">
      <![CDATA[org.openqa.selenium.NoSuchElementException: no such element: Unable to locate element: {"method":"xpath","selector":"//li[text()='Cycles']"}
  (Session info: chrome=67.0.3396.99)
  (Driver info: chromedriver=2.36.540470 (e522d04694c7ebea4ba8821272dbef4f9b818c91),platform=Windows NT 6.3.9600 x86_64) (WARNING: The server did not provide any stacktrace information)
Command duration or timeout: 0 milliseconds
For documentation on this error, please visit: http://seleniumhq.org/exceptions/no_such_element.html
Build info: version: '3.5.3', revision: 'a88d25fe6b', time: '2017-08-29T12:42:44.417Z'
System info: host: 'IVF111', ip: '192.168.1.56', os.name: 'Windows 8.1', os.arch: 'amd64', os.version: '6.3', java.version: '1.8.0_161'
Driver info: org.openqa.selenium.chrome.ChromeDriver
Capabilities [{mobileEmulationEnabled=false, hasTouchScreen=false, platform=WIN8_1, acceptSslCerts=false, acceptInsecureCerts=false, webStorageEnabled=true, browserName=chrome, takesScreenshot=true, javascriptEnabled=true, platformName=WIN8_1, setWindowRect=true, unexpectedAlertBehaviour=, applicationCacheEnabled=false, rotatable=false, networkConnectionEnabled=false, chrome={chromedriverVersion=2.36.540470 (e522d04694c7ebea4ba8821272dbef4f9b818c91), userDataDir=C:\Users\paragb\AppData\Local\Temp\scoped_dir11968_4101}, takesHeapSnapshot=true, pageLoadStrategy=normal, unhandledPromptBehavior=, databaseEnabled=false, handlesAlerts=true, version=67.0.3396.99, browserConnectionEnabled=false, nativeEvents=true, locationContextEnabled=true, cssSelectorsEnabled=true}]
Session ID: 63203f7a9283e19b1e7b1fdd01c91fc2
*** Element info: {Using=xpath, value=//li[text()='Cycles']}
	at org.openqa.selenium.remote.ErrorHandler.createThrowable(ErrorHandler.java:215)
	at org.openqa.selenium.remote.ErrorHandler.throwIfResponseFailed(ErrorHandler.java:167)
	at org.openqa.selenium.remote.http.JsonHttpResponseCodec.reconstructValue(JsonHttpResponseCodec.java:40)
	at org.openqa.selenium.remote.http.AbstractHttpResponseCodec.decode(AbstractHttpResponseCodec.java:82)
	at org.openqa.selenium.remote.http.AbstractHttpResponseCodec.decode(AbstractHttpResponseCodec.java:45)
	at org.openqa.selenium.remote.HttpCommandExecutor.execute(HttpCommandExecutor.java:164)
	at org.openqa.selenium.remote.service.DriverCommandExecutor.execute(DriverCommandExecutor.java:82)
	at org.openqa.selenium.remote.RemoteWebDriver.execute(RemoteWebDriver.java:646)
	at org.openqa.selenium.remote.RemoteWebDriver.findElement(RemoteWebDriver.java:416)
	at org.openqa.selenium.remote.RemoteWebDriver.findElementByXPath(RemoteWebDriver.java:518)
	at org.openqa.selenium.By$ByXPath.findElement(By.java:361)
	at org.openqa.selenium.remote.RemoteWebDriver.findElement(RemoteWebDriver.java:408)
	at org.openqa.selenium.support.events.EventFiringWebDriver$2.invoke(EventFiringWebDriver.java:105)
	at com.sun.proxy.$Proxy9.findElement(Unknown Source)
	at org.openqa.selenium.support.events.EventFiringWebDriver.findElement(EventFiringWebDriver.java:189)
	at org.openqa.selenium.support.pagefactory.DefaultElementLocator.findElement(DefaultElementLocator.java:69)
	at org.openqa.selenium.support.pagefactory.internal.LocatingElementHandler.invoke(LocatingElementHandler.java:38)
	at com.sun.proxy.$Proxy13.getCoordinates(Unknown Source)
	at org.openqa.selenium.interactions.internal.MouseAction.getActionLocation(MouseAction.java:67)
	at org.openqa.selenium.interactions.MoveMouseAction.perform(MoveMouseAction.java:43)
	at org.openqa.selenium.interactions.CompositeAction.perform(CompositeAction.java:36)
	at org.openqa.selenium.interactions.Actions$BuiltAction.perform(Actions.java:641)
	at org.openqa.selenium.interactions.Actions.perform(Actions.java:594)
	at com_milan_POM.WOPUCycyclePage.AlreadySavedCycle(WOPUCycyclePage.java:422)
	at com_Milan_Test.CycleListPageTest.Setup(CycleListPageTest.java:50)
	at java.util.concurrent.FutureTask.run(Unknown Source)
	at java.util.concurrent.ThreadPoolExecutor.runWorker(Unknown Source)
	at java.util.concurrent.ThreadPoolExecutor$Worker.run(Unknown Source)
	at java.lang.Thread.run(Unknown Source)
... Removed 25 stack frames]]>
    </failure>
  </testcase> <!-- @BeforeMethod Setup -->
  <testcase name="@BeforeMethod Setup" time="0.0" classname="com_Milan_Test.CycleListPageTest">
    <skipped/>
  </testcase> <!-- @BeforeMethod Setup -->
  <testcase name="@BeforeMethod Setup" time="0.0" classname="com_Milan_Test.CycleListPageTest">
    <skipped/>
  </testcase> <!-- @BeforeMethod Setup -->
  <testcase name="@BeforeMethod Setup" time="130.329" classname="com_Milan_Test.WObstetricHistoryPageTest">
    <failure type="org.openqa.selenium.NoSuchElementException" message="no such element: Unable to locate element: {&amp;quot;method&amp;quot;:&amp;quot;xpath&amp;quot;,&amp;quot;selector&amp;quot;:&amp;quot;//main[@id=&amp;apos;wrapper&amp;apos;]/section/div/section/div[1]/form/div/div[1]/div/div[2]/div[1]//li[3]&amp;quot;}
  (Session info: chrome=67.0.3396.99)
  (Driver info: chromedriver=2.36.540470 (e522d04694c7ebea4ba8821272dbef4f9b818c91),platform=Windows NT 6.3.9600 x86_64) (WARNING: The server did not provide any stacktrace information)
Command duration or timeout: 0 milliseconds
For documentation on this error, please visit: http://seleniumhq.org/exceptions/no_such_element.html
Build info: version: &amp;apos;3.5.3&amp;apos;, revision: &amp;apos;a88d25fe6b&amp;apos;, time: &amp;apos;2017-08-29T12:42:44.417Z&amp;apos;
System info: host: &amp;apos;IVF111&amp;apos;, ip: &amp;apos;192.168.1.56&amp;apos;, os.name: &amp;apos;Windows 8.1&amp;apos;, os.arch: &amp;apos;amd64&amp;apos;, os.version: &amp;apos;6.3&amp;apos;, java.version: &amp;apos;1.8.0_161&amp;apos;
Driver info: org.openqa.selenium.chrome.ChromeDriver
Capabilities [{mobileEmulationEnabled=false, hasTouchScreen=false, platform=WIN8_1, acceptSslCerts=false, acceptInsecureCerts=false, webStorageEnabled=true, browserName=chrome, takesScreenshot=true, javascriptEnabled=true, platformName=WIN8_1, setWindowRect=true, unexpectedAlertBehaviour=, applicationCacheEnabled=false, rotatable=false, networkConnectionEnabled=false, chrome={chromedriverVersion=2.36.540470 (e522d04694c7ebea4ba8821272dbef4f9b818c91), userDataDir=C:\Users\paragb\AppData\Local\Temp\scoped_dir16436_23318}, takesHeapSnapshot=true, pageLoadStrategy=normal, unhandledPromptBehavior=, databaseEnabled=false, handlesAlerts=true, version=67.0.3396.99, browserConnectionEnabled=false, nativeEvents=true, locationContextEnabled=true, cssSelectorsEnabled=true}]
Session ID: 564935a627e2835cc187cb9bb96a9d29
*** Element info: {Using=xpath, value=//main[@id=&amp;apos;wrapper&amp;apos;]/section/div/section/div[1]/form/div/div[1]/div/div[2]/div[1]//li[3]}">
      <![CDATA[org.openqa.selenium.NoSuchElementException: no such element: Unable to locate element: {"method":"xpath","selector":"//main[@id='wrapper']/section/div/section/div[1]/form/div/div[1]/div/div[2]/div[1]//li[3]"}
  (Session info: chrome=67.0.3396.99)
  (Driver info: chromedriver=2.36.540470 (e522d04694c7ebea4ba8821272dbef4f9b818c91),platform=Windows NT 6.3.9600 x86_64) (WARNING: The server did not provide any stacktrace information)
Command duration or timeout: 0 milliseconds
For documentation on this error, please visit: http://seleniumhq.org/exceptions/no_such_element.html
Build info: version: '3.5.3', revision: 'a88d25fe6b', time: '2017-08-29T12:42:44.417Z'
System info: host: 'IVF111', ip: '192.168.1.56', os.name: 'Windows 8.1', os.arch: 'amd64', os.version: '6.3', java.version: '1.8.0_161'
Driver info: org.openqa.selenium.chrome.ChromeDriver
Capabilities [{mobileEmulationEnabled=false, hasTouchScreen=false, platform=WIN8_1, acceptSslCerts=false, acceptInsecureCerts=false, webStorageEnabled=true, browserName=chrome, takesScreenshot=true, javascriptEnabled=true, platformName=WIN8_1, setWindowRect=true, unexpectedAlertBehaviour=, applicationCacheEnabled=false, rotatable=false, networkConnectionEnabled=false, chrome={chromedriverVersion=2.36.540470 (e522d04694c7ebea4ba8821272dbef4f9b818c91), userDataDir=C:\Users\paragb\AppData\Local\Temp\scoped_dir16436_23318}, takesHeapSnapshot=true, pageLoadStrategy=normal, unhandledPromptBehavior=, databaseEnabled=false, handlesAlerts=true, version=67.0.3396.99, browserConnectionEnabled=false, nativeEvents=true, locationContextEnabled=true, cssSelectorsEnabled=true}]
Session ID: 564935a627e2835cc187cb9bb96a9d29
*** Element info: {Using=xpath, value=//main[@id='wrapper']/section/div/section/div[1]/form/div/div[1]/div/div[2]/div[1]//li[3]}
	at org.openqa.selenium.remote.ErrorHandler.createThrowable(ErrorHandler.java:215)
	at org.openqa.selenium.remote.ErrorHandler.throwIfResponseFailed(ErrorHandler.java:167)
	at org.openqa.selenium.remote.http.JsonHttpResponseCodec.reconstructValue(JsonHttpResponseCodec.java:40)
	at org.openqa.selenium.remote.http.AbstractHttpResponseCodec.decode(AbstractHttpResponseCodec.java:82)
	at org.openqa.selenium.remote.http.AbstractHttpResponseCodec.decode(AbstractHttpResponseCodec.java:45)
	at org.openqa.selenium.remote.HttpCommandExecutor.execute(HttpCommandExecutor.java:164)
	at org.openqa.selenium.remote.service.DriverCommandExecutor.execute(DriverCommandExecutor.java:82)
	at org.openqa.selenium.remote.RemoteWebDriver.execute(RemoteWebDriver.java:646)
	at org.openqa.selenium.remote.RemoteWebDriver.findElement(RemoteWebDriver.java:416)
	at org.openqa.selenium.remote.RemoteWebDriver.findElementByXPath(RemoteWebDriver.java:518)
	at org.openqa.selenium.By$ByXPath.findElement(By.java:361)
	at org.openqa.selenium.remote.RemoteWebDriver.findElement(RemoteWebDriver.java:408)
	at org.openqa.selenium.support.events.EventFiringWebDriver$2.invoke(EventFiringWebDriver.java:105)
	at com.sun.proxy.$Proxy9.findElement(Unknown Source)
	at org.openqa.selenium.support.events.EventFiringWebDriver.findElement(EventFiringWebDriver.java:189)
	at org.openqa.selenium.support.pagefactory.DefaultElementLocator.findElement(DefaultElementLocator.java:69)
	at org.openqa.selenium.support.pagefactory.internal.LocatingElementHandler.invoke(LocatingElementHandler.java:38)
	at com.sun.proxy.$Proxy13.click(Unknown Source)
	at com_milan_POM.WomenHistoryPage.ClickonObstetricHistory(WomenHistoryPage.java:84)
	at com_Milan_Test.WObstetricHistoryPageTest.Setup(WObstetricHistoryPageTest.java:45)
	at java.util.concurrent.FutureTask.run(Unknown Source)
	at java.util.concurrent.ThreadPoolExecutor.runWorker(Unknown Source)
	at java.util.concurrent.ThreadPoolExecutor$Worker.run(Unknown Source)
	at java.lang.Thread.run(Unknown Source)
... Removed 25 stack frames]]>
    </failure>
  </testcase> <!-- @BeforeMethod Setup -->
  <testcase name="@BeforeMethod Setup" time="0.0" classname="com_Milan_Test.WObstetricHistoryPageTest">
    <skipped/>
  </testcase> <!-- @BeforeMethod Setup -->
  <testcase name="@BeforeMethod Setup" time="0.0" classname="com_Milan_Test.WObstetricHistoryPageTest">
    <skipped/>
  </testcase> <!-- @BeforeMethod Setup -->
  <testcase name="@BeforeMethod Setup" time="0.0" classname="com_Milan_Test.WObstetricHistoryPageTest">
    <skipped/>
  </testcase> <!-- @BeforeMethod Setup -->
  <testcase name="@BeforeMethod Setup" time="0.0" classname="com_Milan_Test.WObstetricHistoryPageTest">
    <skipped/>
  </testcase> <!-- @BeforeMethod Setup -->
  <testcase name="@BeforeMethod Setup" time="0.0" classname="com_Milan_Test.WObstetricHistoryPageTest">
    <skipped/>
  </testcase> <!-- @BeforeMethod Setup -->
  <testcase name="@BeforeMethod Setup" time="0.0" classname="com_Milan_Test.WObstetricHistoryPageTest">
    <skipped/>
  </testcase> <!-- @BeforeMethod Setup -->
  <testcase name="@BeforeMethod Setup" time="0.0" classname="com_Milan_Test.WObstetricHistoryPageTest">
    <skipped/>
  </testcase> <!-- @BeforeMethod Setup -->
  <testcase name="@BeforeMethod Setup" time="0.0" classname="com_Milan_Test.WObstetricHistoryPageTest">
    <skipped/>
  </testcase> <!-- @BeforeMethod Setup -->
  <testcase name="@BeforeMethod Setup" time="0.0" classname="com_Milan_Test.WObstetricHistoryPageTest">
    <skipped/>
  </testcase> <!-- @BeforeMethod Setup -->
  <testcase name="@BeforeMethod Setup" time="0.0" classname="com_Milan_Test.WObstetricHistoryPageTest">
    <skipped/>
  </testcase> <!-- @BeforeMethod Setup -->
  <testcase name="@BeforeMethod Setup" time="0.0" classname="com_Milan_Test.WObstetricHistoryPageTest">
    <skipped/>
  </testcase> <!-- @BeforeMethod Setup -->
  <testcase name="@BeforeMethod Setup" time="0.0" classname="com_Milan_Test.WObstetricHistoryPageTest">
    <skipped/>
  </testcase> <!-- @BeforeMethod Setup -->
  <testcase name="@BeforeMethod Setup" time="0.0" classname="com_Milan_Test.WObstetricHistoryPageTest">
    <skipped/>
  </testcase> <!-- @BeforeMethod Setup -->
  <testcase name="@BeforeMethod Setup" time="0.0" classname="com_Milan_Test.WObstetricHistoryPageTest">
    <skipped/>
  </testcase> <!-- @BeforeMethod Setup -->
  <testcase name="SearchPatientUsingCalenderTest" time="17.647" classname="com_Milan_Test.SearchPageTest"/>
  <testcase name="AleadySavedCycleTest" time="31.635" classname="com_Milan_Test.WOPUCycyclePageTest"/>
  <testcase name="InvalidusernameTest" time="3.302" classname="com_Milan_Test.LoginPageTest"/>
  <testcase name="DrugNameTest" time="6.213" classname="com_Milan_Test.WPastMedicationHistoryTest"/>
  <testcase name="NumberOfComplaintsTest" time="30.323" classname="com_Milan_Test.WcomplaintsTest"/>
  <testcase name="AllergySelectionTest" time="68.376" classname="com_Milan_Test.WAllergiesTest"/>
  <testcase name="ClickOnOtherDiagnosisTest" time="20.597" classname="com_Milan_Test.FemaleDiagnosisTest"/>
  <testcase name="SexualHistoryTest" time="0.262" classname="com_Milan_Test.WomenHistoryPageTest"/>
  <testcase name="ClickonNewCycleTest" time="7.453" classname="com_Milan_Test.CycleListPageTest"/>
  <testcase name="BirthWeightValueTextTest" time="0.333" classname="com_Milan_Test.WObstetricHistoryPageTest"/>
  <testcase name="AgeOfMenarcheRangeSartTest" time="0.263" classname="com_Milan_Test.WMenstrualHistoryTest"/>
  <testcase name="BMITest" time="2.447" classname="com_Milan_Test.WVitalsTest"/>
  <testcase name="BMITest" time="2.449" classname="com_Milan_Test.WVitalsTest"/>
  <testcase name="BMITest" time="2.441" classname="com_Milan_Test.WVitalsTest"/>
  <testcase name="BMITest" time="2.477" classname="com_Milan_Test.WVitalsTest"/>
  <testcase name="BMITest" time="2.435" classname="com_Milan_Test.WVitalsTest"/>
  <testcase name="BPSystolicBundryValueTest" time="0.19" classname="com_Milan_Test.WVitalsTest">
    <skipped/>
  </testcase> <!-- BPSystolicBundryValueTest -->
  <testcase name="BPSystolicBundryValueTest" time="0.173" classname="com_Milan_Test.WVitalsTest">
    <skipped/>
  </testcase> <!-- BPSystolicBundryValueTest -->
  <testcase name="BPSystolicBundryValueTest" time="0.174" classname="com_Milan_Test.WVitalsTest">
    <skipped/>
  </testcase> <!-- BPSystolicBundryValueTest -->
  <testcase name="BPSystolicBundryValueTest" time="0.172" classname="com_Milan_Test.WVitalsTest">
    <failure type="java.lang.AssertionError" message="expected [true] but found [false]">
      <![CDATA[java.lang.AssertionError: expected [true] but found [false]
	at com_Milan_Test.WVitalsTest.BPSystolicBundryValueTest(WVitalsTest.java:81)
	at java.util.concurrent.FutureTask.run(Unknown Source)
	at java.util.concurrent.ThreadPoolExecutor.runWorker(Unknown Source)
	at java.util.concurrent.ThreadPoolExecutor$Worker.run(Unknown Source)
	at java.lang.Thread.run(Unknown Source)
... Removed 20 stack frames]]>
    </failure>
  </testcase> <!-- BPSystolicBundryValueTest -->
  <testcase name="BPSystolicBundryValueTest" time="0.196" classname="com_Milan_Test.WVitalsTest"/>
  <testcase name="BPSystolicBundryValueTest" time="0.186" classname="com_Milan_Test.WVitalsTest"/>
  <testcase name="BPSystolicBundryValueTest" time="30.03" classname="com_Milan_Test.WVitalsTest">
    <failure type="org.openqa.selenium.NoSuchElementException" message="no such element: Unable to locate element: {&amp;quot;method&amp;quot;:&amp;quot;xpath&amp;quot;,&amp;quot;selector&amp;quot;:&amp;quot;(//input[@type=&amp;apos;text&amp;apos;])[5]&amp;quot;}
  (Session info: chrome=67.0.3396.99)
  (Driver info: chromedriver=2.36.540470 (e522d04694c7ebea4ba8821272dbef4f9b818c91),platform=Windows NT 6.3.9600 x86_64) (WARNING: The server did not provide any stacktrace information)
Command duration or timeout: 0 milliseconds
For documentation on this error, please visit: http://seleniumhq.org/exceptions/no_such_element.html
Build info: version: &amp;apos;3.5.3&amp;apos;, revision: &amp;apos;a88d25fe6b&amp;apos;, time: &amp;apos;2017-08-29T12:42:44.417Z&amp;apos;
System info: host: &amp;apos;IVF111&amp;apos;, ip: &amp;apos;192.168.1.56&amp;apos;, os.name: &amp;apos;Windows 8.1&amp;apos;, os.arch: &amp;apos;amd64&amp;apos;, os.version: &amp;apos;6.3&amp;apos;, java.version: &amp;apos;1.8.0_161&amp;apos;
Driver info: org.openqa.selenium.chrome.ChromeDriver
Capabilities [{mobileEmulationEnabled=false, hasTouchScreen=false, platform=WIN8_1, acceptSslCerts=false, acceptInsecureCerts=false, webStorageEnabled=true, browserName=chrome, takesScreenshot=true, javascriptEnabled=true, platformName=WIN8_1, setWindowRect=true, unexpectedAlertBehaviour=, applicationCacheEnabled=false, rotatable=false, networkConnectionEnabled=false, chrome={chromedriverVersion=2.36.540470 (e522d04694c7ebea4ba8821272dbef4f9b818c91), userDataDir=C:\Users\paragb\AppData\Local\Temp\scoped_dir14560_8707}, takesHeapSnapshot=true, pageLoadStrategy=normal, unhandledPromptBehavior=, databaseEnabled=false, handlesAlerts=true, version=67.0.3396.99, browserConnectionEnabled=false, nativeEvents=true, locationContextEnabled=true, cssSelectorsEnabled=true}]
Session ID: 0beda0c7a6ade81a5f26e7f574f7c28a
*** Element info: {Using=xpath, value=(//input[@type=&amp;apos;text&amp;apos;])[5]}">
      <![CDATA[org.openqa.selenium.NoSuchElementException: no such element: Unable to locate element: {"method":"xpath","selector":"(//input[@type='text'])[5]"}
  (Session info: chrome=67.0.3396.99)
  (Driver info: chromedriver=2.36.540470 (e522d04694c7ebea4ba8821272dbef4f9b818c91),platform=Windows NT 6.3.9600 x86_64) (WARNING: The server did not provide any stacktrace information)
Command duration or timeout: 0 milliseconds
For documentation on this error, please visit: http://seleniumhq.org/exceptions/no_such_element.html
Build info: version: '3.5.3', revision: 'a88d25fe6b', time: '2017-08-29T12:42:44.417Z'
System info: host: 'IVF111', ip: '192.168.1.56', os.name: 'Windows 8.1', os.arch: 'amd64', os.version: '6.3', java.version: '1.8.0_161'
Driver info: org.openqa.selenium.chrome.ChromeDriver
Capabilities [{mobileEmulationEnabled=false, hasTouchScreen=false, platform=WIN8_1, acceptSslCerts=false, acceptInsecureCerts=false, webStorageEnabled=true, browserName=chrome, takesScreenshot=true, javascriptEnabled=true, platformName=WIN8_1, setWindowRect=true, unexpectedAlertBehaviour=, applicationCacheEnabled=false, rotatable=false, networkConnectionEnabled=false, chrome={chromedriverVersion=2.36.540470 (e522d04694c7ebea4ba8821272dbef4f9b818c91), userDataDir=C:\Users\paragb\AppData\Local\Temp\scoped_dir14560_8707}, takesHeapSnapshot=true, pageLoadStrategy=normal, unhandledPromptBehavior=, databaseEnabled=false, handlesAlerts=true, version=67.0.3396.99, browserConnectionEnabled=false, nativeEvents=true, locationContextEnabled=true, cssSelectorsEnabled=true}]
Session ID: 0beda0c7a6ade81a5f26e7f574f7c28a
*** Element info: {Using=xpath, value=(//input[@type='text'])[5]}
	at org.openqa.selenium.remote.ErrorHandler.createThrowable(ErrorHandler.java:215)
	at org.openqa.selenium.remote.ErrorHandler.throwIfResponseFailed(ErrorHandler.java:167)
	at org.openqa.selenium.remote.http.JsonHttpResponseCodec.reconstructValue(JsonHttpResponseCodec.java:40)
	at org.openqa.selenium.remote.http.AbstractHttpResponseCodec.decode(AbstractHttpResponseCodec.java:82)
	at org.openqa.selenium.remote.http.AbstractHttpResponseCodec.decode(AbstractHttpResponseCodec.java:45)
	at org.openqa.selenium.remote.HttpCommandExecutor.execute(HttpCommandExecutor.java:164)
	at org.openqa.selenium.remote.service.DriverCommandExecutor.execute(DriverCommandExecutor.java:82)
	at org.openqa.selenium.remote.RemoteWebDriver.execute(RemoteWebDriver.java:646)
	at org.openqa.selenium.remote.RemoteWebDriver.findElement(RemoteWebDriver.java:416)
	at org.openqa.selenium.remote.RemoteWebDriver.findElementByXPath(RemoteWebDriver.java:518)
	at org.openqa.selenium.By$ByXPath.findElement(By.java:361)
	at org.openqa.selenium.remote.RemoteWebDriver.findElement(RemoteWebDriver.java:408)
	at org.openqa.selenium.support.events.EventFiringWebDriver$2.invoke(EventFiringWebDriver.java:105)
	at com.sun.proxy.$Proxy9.findElement(Unknown Source)
	at org.openqa.selenium.support.events.EventFiringWebDriver.findElement(EventFiringWebDriver.java:189)
	at org.openqa.selenium.support.pagefactory.DefaultElementLocator.findElement(DefaultElementLocator.java:69)
	at org.openqa.selenium.support.pagefactory.internal.LocatingElementHandler.invoke(LocatingElementHandler.java:38)
	at com.sun.proxy.$Proxy13.clear(Unknown Source)
	at com_milan_POM.WVitalsPage.BPSystolic(WVitalsPage.java:112)
	at com_Milan_Test.WVitalsTest.BPSystolicBundryValueTest(WVitalsTest.java:65)
	at java.util.concurrent.FutureTask.run(Unknown Source)
	at java.util.concurrent.ThreadPoolExecutor.runWorker(Unknown Source)
	at java.util.concurrent.ThreadPoolExecutor$Worker.run(Unknown Source)
	at java.lang.Thread.run(Unknown Source)
... Removed 23 stack frames]]>
    </failure>
  </testcase> <!-- BPSystolicBundryValueTest -->
  <testcase name="BPSystolicBundryValueTest" time="0.192" classname="com_Milan_Test.WVitalsTest"/>
  <testcase name="BPSystolicBundryValueTest" time="0.192" classname="com_Milan_Test.WVitalsTest">
    <failure type="java.lang.AssertionError" message="expected [true] but found [false]">
      <![CDATA[java.lang.AssertionError: expected [true] but found [false]
	at com_Milan_Test.WVitalsTest.BPSystolicBundryValueTest(WVitalsTest.java:81)
	at java.util.concurrent.FutureTask.run(Unknown Source)
	at java.util.concurrent.ThreadPoolExecutor.runWorker(Unknown Source)
	at java.util.concurrent.ThreadPoolExecutor$Worker.run(Unknown Source)
	at java.lang.Thread.run(Unknown Source)
... Removed 20 stack frames]]>
    </failure>
  </testcase> <!-- BPSystolicBundryValueTest -->
  <testcase name="BPSystolicBundryValueTest" time="0.19" classname="com_Milan_Test.WVitalsTest">
    <failure type="java.lang.AssertionError" message="expected [true] but found [false]">
      <![CDATA[java.lang.AssertionError: expected [true] but found [false]
	at com_Milan_Test.WVitalsTest.BPSystolicBundryValueTest(WVitalsTest.java:81)
	at java.util.concurrent.FutureTask.run(Unknown Source)
	at java.util.concurrent.ThreadPoolExecutor.runWorker(Unknown Source)
	at java.util.concurrent.ThreadPoolExecutor$Worker.run(Unknown Source)
	at java.lang.Thread.run(Unknown Source)
... Removed 20 stack frames]]>
    </failure>
  </testcase> <!-- BPSystolicBundryValueTest -->
  <testcase name="ValueInSourceofSpermOptionTest" time="6.84" classname="com_Milan_Test.CycleOverviewPageTest"/>
  <testcase name="ClickonWoomenPaientFieldTest" time="30.999" classname="com_Milan_Test.EMRDashBoardPageTest"/>
  <testcase name="InrelationshipsinceYearsTest" time="0.14" classname="com_Milan_Test.WSexsualHistoryTest"/>
  <testcase name="SearchPatientUsingPatientTabTest" time="12.866" classname="com_Milan_Test.SearchPageTest"/>
  <testcase name="MessageforAlreadtyavailableCycleTest" time="30.669" classname="com_Milan_Test.WOPUCycyclePageTest"/>
  <testcase name="InvalidPasswordTest" time="6.76" classname="com_Milan_Test.LoginPageTest"/>
  <testcase name="IVFPACKAGEARTCyclecountTest" time="5.914" classname="com_Milan_Test.WInvestigationPageTest"/>
  <testcase name="DrugNameFieldEnableconditionTest" time="6.159" classname="com_Milan_Test.WPastMedicationHistoryTest"/>
  <testcase name="SaveTheComplaintsTest" time="103.395" classname="com_Milan_Test.WcomplaintsTest">
    <skipped/>
  </testcase> <!-- SaveTheComplaintsTest -->
  <testcase name="SaveTheComplaintsTest" time="30.153" classname="com_Milan_Test.WcomplaintsTest">
    <skipped/>
  </testcase> <!-- SaveTheComplaintsTest -->
  <testcase name="SaveTheComplaintsTest" time="30.523" classname="com_Milan_Test.WcomplaintsTest">
    <skipped/>
  </testcase> <!-- SaveTheComplaintsTest -->
  <testcase name="SaveTheComplaintsTest" time="6.421" classname="com_Milan_Test.WcomplaintsTest"/>
  <testcase name="CodevalueTest" time="0.001" classname="com_Milan_Test.FemaleDiagnosisTest"/>
  <testcase name="ObstetricHistoryTest" time="0.242" classname="com_Milan_Test.WomenHistoryPageTest"/>
  <testcase name="CycleListTitleTest" time="0.0" classname="com_Milan_Test.CycleListPageTest">
    <skipped/>
  </testcase> <!-- CycleListTitleTest -->
  <testcase name="BirthWeightEnableConditionTest" time="0.254" classname="com_Milan_Test.WObstetricHistoryPageTest"/>
  <testcase name="MenarcheRangeEndTest" time="0.25" classname="com_Milan_Test.WMenstrualHistoryTest"/>
  <testcase name="SaveAllVitalsValuesTest" time="2.936" classname="com_Milan_Test.WVitalsTest"/>
  <testcase name="SaveAllVitalsValuesTest" time="3.072" classname="com_Milan_Test.WVitalsTest"/>
  <testcase name="SaveAllVitalsValuesTest" time="2.928" classname="com_Milan_Test.WVitalsTest"/>
  <testcase name="SaveAllVitalsValuesTest" time="2.958" classname="com_Milan_Test.WVitalsTest"/>
  <testcase name="SaveAllVitalsValuesTest" time="2.977" classname="com_Milan_Test.WVitalsTest"/>
  <testcase name="ValueInMethodOfSemenCollectionOptionTest" time="7.334" classname="com_Milan_Test.CycleOverviewPageTest"/>
  <testcase name="ClickOnMenPaientHistory" time="31.034" classname="com_Milan_Test.EMRDashBoardPageTest"/>
  <testcase name="testRelationtlists" time="0.874" classname="com_Milan_Test.WSexsualHistoryTest"/>
  <testcase name="SearchPatientUsingPatientTabTest" time="16.86" classname="com_Milan_Test.HomePageTest"/>
  <testcase name="SaveOPUsubtypeICSITest" time="73.414" classname="com_Milan_Test.WOPUCycyclePageTest"/>
  <testcase name="ButtonEnableConditionTest" time="0.166" classname="com_Milan_Test.LoginPageTest"/>
  <testcase name="OUIARTSubTypesTest" time="7.802" classname="com_Milan_Test.WInvestigationPageTest"/>
  <testcase name="pastMedicationHistorysetdataTest" time="4.024" classname="com_Milan_Test.WPastMedicationHistoryTest"/>
  <testcase name="NextFollowUpTest" time="0.422" classname="com_Milan_Test.WcomplaintsTest"/>
  <testcase name="AddFavoriteFromListTest" time="6.41" classname="com_Milan_Test.FemaleDiagnosisTest"/>
  <testcase name="MedicalHistoryTest" time="0.221" classname="com_Milan_Test.WomenHistoryPageTest"/>
  <testcase name="NewCycleButtonEnableConditionTest" time="0.0" classname="com_Milan_Test.CycleListPageTest">
    <skipped/>
  </testcase> <!-- NewCycleButtonEnableConditionTest -->
  <testcase name="ValueInAbortiontionTest" time="0.227" classname="com_Milan_Test.WObstetricHistoryPageTest"/>
  <testcase name="LMPcalenderdateSelectionTest" time="1.528" classname="com_Milan_Test.WMenstrualHistoryTest"/>
  <testcase name="ValueInProtocolTest" time="9.355" classname="com_Milan_Test.CycleOverviewPageTest"/>
  <testcase name="ClickOnDiagnosisTest" time="33.315" classname="com_Milan_Test.EMRDashBoardPageTest"/>
  <testcase name="textboxSexualDysfunctionTest" time="0.396" classname="com_Milan_Test.WSexsualHistoryTest"/>
  <testcase name="SearchPatientUsingCalenderTest" time="21.104" classname="com_Milan_Test.HomePageTest"/>
  <testcase name="ARTCycleAvailabilityMessageBeforeSaveTest" time="56.452" classname="com_Milan_Test.WOPUCycyclePageTest">
    <skipped/>
  </testcase> <!-- ARTCycleAvailabilityMessageBeforeSaveTest -->
  <testcase name="ARTCycleAvailabilityMessageBeforeSaveTest" time="55.479" classname="com_Milan_Test.WOPUCycyclePageTest">
    <skipped/>
  </testcase> <!-- ARTCycleAvailabilityMessageBeforeSaveTest -->
  <testcase name="ARTCycleAvailabilityMessageBeforeSaveTest" time="54.841" classname="com_Milan_Test.WOPUCycyclePageTest">
    <skipped/>
  </testcase> <!-- ARTCycleAvailabilityMessageBeforeSaveTest -->
  <testcase name="ARTCycleAvailabilityMessageBeforeSaveTest" time="30.035" classname="com_Milan_Test.WOPUCycyclePageTest">
    <failure type="org.openqa.selenium.NoSuchElementException" message="no such element: Unable to locate element: {&amp;quot;method&amp;quot;:&amp;quot;xpath&amp;quot;,&amp;quot;selector&amp;quot;:&amp;quot;//li[text()=&amp;apos;Cycles&amp;apos;]&amp;quot;}
  (Session info: chrome=67.0.3396.99)
  (Driver info: chromedriver=2.36.540470 (e522d04694c7ebea4ba8821272dbef4f9b818c91),platform=Windows NT 6.3.9600 x86_64) (WARNING: The server did not provide any stacktrace information)
Command duration or timeout: 0 milliseconds
For documentation on this error, please visit: http://seleniumhq.org/exceptions/no_such_element.html
Build info: version: &amp;apos;3.5.3&amp;apos;, revision: &amp;apos;a88d25fe6b&amp;apos;, time: &amp;apos;2017-08-29T12:42:44.417Z&amp;apos;
System info: host: &amp;apos;IVF111&amp;apos;, ip: &amp;apos;192.168.1.56&amp;apos;, os.name: &amp;apos;Windows 8.1&amp;apos;, os.arch: &amp;apos;amd64&amp;apos;, os.version: &amp;apos;6.3&amp;apos;, java.version: &amp;apos;1.8.0_161&amp;apos;
Driver info: org.openqa.selenium.chrome.ChromeDriver
Capabilities [{mobileEmulationEnabled=false, hasTouchScreen=false, platform=WIN8_1, acceptSslCerts=false, acceptInsecureCerts=false, webStorageEnabled=true, browserName=chrome, takesScreenshot=true, javascriptEnabled=true, platformName=WIN8_1, setWindowRect=true, unexpectedAlertBehaviour=, applicationCacheEnabled=false, rotatable=false, networkConnectionEnabled=false, chrome={chromedriverVersion=2.36.540470 (e522d04694c7ebea4ba8821272dbef4f9b818c91), userDataDir=C:\Users\paragb\AppData\Local\Temp\scoped_dir17720_10321}, takesHeapSnapshot=true, pageLoadStrategy=normal, unhandledPromptBehavior=, databaseEnabled=false, handlesAlerts=true, version=67.0.3396.99, browserConnectionEnabled=false, nativeEvents=true, locationContextEnabled=true, cssSelectorsEnabled=true}]
Session ID: a42f2b4258c039c8afcaac1f45702f7f
*** Element info: {Using=xpath, value=//li[text()=&amp;apos;Cycles&amp;apos;]}">
      <![CDATA[org.openqa.selenium.NoSuchElementException: no such element: Unable to locate element: {"method":"xpath","selector":"//li[text()='Cycles']"}
  (Session info: chrome=67.0.3396.99)
  (Driver info: chromedriver=2.36.540470 (e522d04694c7ebea4ba8821272dbef4f9b818c91),platform=Windows NT 6.3.9600 x86_64) (WARNING: The server did not provide any stacktrace information)
Command duration or timeout: 0 milliseconds
For documentation on this error, please visit: http://seleniumhq.org/exceptions/no_such_element.html
Build info: version: '3.5.3', revision: 'a88d25fe6b', time: '2017-08-29T12:42:44.417Z'
System info: host: 'IVF111', ip: '192.168.1.56', os.name: 'Windows 8.1', os.arch: 'amd64', os.version: '6.3', java.version: '1.8.0_161'
Driver info: org.openqa.selenium.chrome.ChromeDriver
Capabilities [{mobileEmulationEnabled=false, hasTouchScreen=false, platform=WIN8_1, acceptSslCerts=false, acceptInsecureCerts=false, webStorageEnabled=true, browserName=chrome, takesScreenshot=true, javascriptEnabled=true, platformName=WIN8_1, setWindowRect=true, unexpectedAlertBehaviour=, applicationCacheEnabled=false, rotatable=false, networkConnectionEnabled=false, chrome={chromedriverVersion=2.36.540470 (e522d04694c7ebea4ba8821272dbef4f9b818c91), userDataDir=C:\Users\paragb\AppData\Local\Temp\scoped_dir17720_10321}, takesHeapSnapshot=true, pageLoadStrategy=normal, unhandledPromptBehavior=, databaseEnabled=false, handlesAlerts=true, version=67.0.3396.99, browserConnectionEnabled=false, nativeEvents=true, locationContextEnabled=true, cssSelectorsEnabled=true}]
Session ID: a42f2b4258c039c8afcaac1f45702f7f
*** Element info: {Using=xpath, value=//li[text()='Cycles']}
	at org.openqa.selenium.remote.ErrorHandler.createThrowable(ErrorHandler.java:215)
	at org.openqa.selenium.remote.ErrorHandler.throwIfResponseFailed(ErrorHandler.java:167)
	at org.openqa.selenium.remote.http.JsonHttpResponseCodec.reconstructValue(JsonHttpResponseCodec.java:40)
	at org.openqa.selenium.remote.http.AbstractHttpResponseCodec.decode(AbstractHttpResponseCodec.java:82)
	at org.openqa.selenium.remote.http.AbstractHttpResponseCodec.decode(AbstractHttpResponseCodec.java:45)
	at org.openqa.selenium.remote.HttpCommandExecutor.execute(HttpCommandExecutor.java:164)
	at org.openqa.selenium.remote.service.DriverCommandExecutor.execute(DriverCommandExecutor.java:82)
	at org.openqa.selenium.remote.RemoteWebDriver.execute(RemoteWebDriver.java:646)
	at org.openqa.selenium.remote.RemoteWebDriver.findElement(RemoteWebDriver.java:416)
	at org.openqa.selenium.remote.RemoteWebDriver.findElementByXPath(RemoteWebDriver.java:518)
	at org.openqa.selenium.By$ByXPath.findElement(By.java:361)
	at org.openqa.selenium.remote.RemoteWebDriver.findElement(RemoteWebDriver.java:408)
	at org.openqa.selenium.support.events.EventFiringWebDriver$2.invoke(EventFiringWebDriver.java:105)
	at com.sun.proxy.$Proxy9.findElement(Unknown Source)
	at org.openqa.selenium.support.events.EventFiringWebDriver.findElement(EventFiringWebDriver.java:189)
	at org.openqa.selenium.support.pagefactory.DefaultElementLocator.findElement(DefaultElementLocator.java:69)
	at org.openqa.selenium.support.pagefactory.internal.LocatingElementHandler.invoke(LocatingElementHandler.java:38)
	at com.sun.proxy.$Proxy13.getCoordinates(Unknown Source)
	at org.openqa.selenium.interactions.internal.MouseAction.getActionLocation(MouseAction.java:67)
	at org.openqa.selenium.interactions.MoveMouseAction.perform(MoveMouseAction.java:43)
	at org.openqa.selenium.interactions.CompositeAction.perform(CompositeAction.java:36)
	at org.openqa.selenium.interactions.Actions$BuiltAction.perform(Actions.java:641)
	at org.openqa.selenium.interactions.Actions.perform(Actions.java:594)
	at com_milan_POM.WOPUCycyclePage.AlreadySavedCycle(WOPUCycyclePage.java:422)
	at com_Milan_Test.WOPUCycyclePageTest.ARTCycleAvailabilityMessageBeforeSaveTest(WOPUCycyclePageTest.java:140)
	at java.util.concurrent.FutureTask.run(Unknown Source)
	at java.util.concurrent.ThreadPoolExecutor.runWorker(Unknown Source)
	at java.util.concurrent.ThreadPoolExecutor$Worker.run(Unknown Source)
	at java.lang.Thread.run(Unknown Source)
... Removed 23 stack frames]]>
    </failure>
  </testcase> <!-- ARTCycleAvailabilityMessageBeforeSaveTest -->
  <testcase name="LoginTest" time="2.712" classname="com_Milan_Test.LoginPageTest"/>
  <testcase name="UnFavoriteTheFavioriteTest" time="8.426" classname="com_Milan_Test.FemaleDiagnosisTest"/>
  <testcase name="FamilyHistoryTest" time="30.218" classname="com_Milan_Test.WomenHistoryPageTest"/>
  <testcase name="EnabledconditionARTTypeTest" time="0.0" classname="com_Milan_Test.CycleListPageTest">
    <skipped/>
  </testcase> <!-- EnabledconditionARTTypeTest -->
  <testcase name="ValueInLivebirthoptionTest" time="0.0" classname="com_Milan_Test.WObstetricHistoryPageTest">
    <skipped/>
  </testcase> <!-- ValueInLivebirthoptionTest -->
  <testcase name="AmenorrheaTypeTest" time="0.209" classname="com_Milan_Test.WMenstrualHistoryTest"/>
  <testcase name="ValueInARTTypeTest" time="4.822" classname="com_Milan_Test.CycleOverviewPageTest">
    <skipped/>
  </testcase> <!-- ValueInARTTypeTest -->
  <testcase name="ValueInARTTypeTest" time="4.85" classname="com_Milan_Test.CycleOverviewPageTest">
    <skipped/>
  </testcase> <!-- ValueInARTTypeTest -->
  <testcase name="ValueInARTTypeTest" time="4.875" classname="com_Milan_Test.CycleOverviewPageTest">
    <skipped/>
  </testcase> <!-- ValueInARTTypeTest -->
  <testcase name="ValueInARTTypeTest" time="4.868" classname="com_Milan_Test.CycleOverviewPageTest">
    <failure type="org.openqa.selenium.StaleElementReferenceException" message="stale element reference: element is not attached to the page document
  (Session info: chrome=67.0.3396.99)
  (Driver info: chromedriver=2.36.540470 (e522d04694c7ebea4ba8821272dbef4f9b818c91),platform=Windows NT 6.3.9600 x86_64) (WARNING: The server did not provide any stacktrace information)
Command duration or timeout: 0 milliseconds
For documentation on this error, please visit: http://seleniumhq.org/exceptions/stale_element_reference.html
Build info: version: &amp;apos;3.5.3&amp;apos;, revision: &amp;apos;a88d25fe6b&amp;apos;, time: &amp;apos;2017-08-29T12:42:44.417Z&amp;apos;
System info: host: &amp;apos;IVF111&amp;apos;, ip: &amp;apos;192.168.1.56&amp;apos;, os.name: &amp;apos;Windows 8.1&amp;apos;, os.arch: &amp;apos;amd64&amp;apos;, os.version: &amp;apos;6.3&amp;apos;, java.version: &amp;apos;1.8.0_161&amp;apos;
Driver info: org.openqa.selenium.chrome.ChromeDriver
Capabilities [{mobileEmulationEnabled=false, hasTouchScreen=false, platform=WIN8_1, acceptSslCerts=false, acceptInsecureCerts=false, webStorageEnabled=true, browserName=chrome, takesScreenshot=true, javascriptEnabled=true, platformName=WIN8_1, setWindowRect=true, unexpectedAlertBehaviour=, applicationCacheEnabled=false, rotatable=false, networkConnectionEnabled=false, chrome={chromedriverVersion=2.36.540470 (e522d04694c7ebea4ba8821272dbef4f9b818c91), userDataDir=C:\Users\paragb\AppData\Local\Temp\scoped_dir18144_16860}, takesHeapSnapshot=true, pageLoadStrategy=normal, unhandledPromptBehavior=, databaseEnabled=false, handlesAlerts=true, version=67.0.3396.99, browserConnectionEnabled=false, nativeEvents=true, locationContextEnabled=true, cssSelectorsEnabled=true}]
Session ID: 16161e54fcb8dadde96578d125769618">
      <![CDATA[org.openqa.selenium.StaleElementReferenceException: stale element reference: element is not attached to the page document
  (Session info: chrome=67.0.3396.99)
  (Driver info: chromedriver=2.36.540470 (e522d04694c7ebea4ba8821272dbef4f9b818c91),platform=Windows NT 6.3.9600 x86_64) (WARNING: The server did not provide any stacktrace information)
Command duration or timeout: 0 milliseconds
For documentation on this error, please visit: http://seleniumhq.org/exceptions/stale_element_reference.html
Build info: version: '3.5.3', revision: 'a88d25fe6b', time: '2017-08-29T12:42:44.417Z'
System info: host: 'IVF111', ip: '192.168.1.56', os.name: 'Windows 8.1', os.arch: 'amd64', os.version: '6.3', java.version: '1.8.0_161'
Driver info: org.openqa.selenium.chrome.ChromeDriver
Capabilities [{mobileEmulationEnabled=false, hasTouchScreen=false, platform=WIN8_1, acceptSslCerts=false, acceptInsecureCerts=false, webStorageEnabled=true, browserName=chrome, takesScreenshot=true, javascriptEnabled=true, platformName=WIN8_1, setWindowRect=true, unexpectedAlertBehaviour=, applicationCacheEnabled=false, rotatable=false, networkConnectionEnabled=false, chrome={chromedriverVersion=2.36.540470 (e522d04694c7ebea4ba8821272dbef4f9b818c91), userDataDir=C:\Users\paragb\AppData\Local\Temp\scoped_dir18144_16860}, takesHeapSnapshot=true, pageLoadStrategy=normal, unhandledPromptBehavior=, databaseEnabled=false, handlesAlerts=true, version=67.0.3396.99, browserConnectionEnabled=false, nativeEvents=true, locationContextEnabled=true, cssSelectorsEnabled=true}]
Session ID: 16161e54fcb8dadde96578d125769618
	at org.openqa.selenium.remote.ErrorHandler.createThrowable(ErrorHandler.java:215)
	at org.openqa.selenium.remote.ErrorHandler.throwIfResponseFailed(ErrorHandler.java:167)
	at org.openqa.selenium.remote.http.JsonHttpResponseCodec.reconstructValue(JsonHttpResponseCodec.java:40)
	at org.openqa.selenium.remote.http.AbstractHttpResponseCodec.decode(AbstractHttpResponseCodec.java:82)
	at org.openqa.selenium.remote.http.AbstractHttpResponseCodec.decode(AbstractHttpResponseCodec.java:45)
	at org.openqa.selenium.remote.HttpCommandExecutor.execute(HttpCommandExecutor.java:164)
	at org.openqa.selenium.remote.service.DriverCommandExecutor.execute(DriverCommandExecutor.java:82)
	at org.openqa.selenium.remote.RemoteWebDriver.execute(RemoteWebDriver.java:646)
	at org.openqa.selenium.remote.RemoteWebElement.execute(RemoteWebElement.java:275)
	at org.openqa.selenium.remote.RemoteWebElement.getText(RemoteWebElement.java:159)
	at org.openqa.selenium.support.events.EventFiringWebDriver$EventFiringWebElement$1.invoke(EventFiringWebDriver.java:350)
	at com.sun.proxy.$Proxy14.getText(Unknown Source)
	at org.openqa.selenium.support.events.EventFiringWebDriver$EventFiringWebElement.getText(EventFiringWebDriver.java:400)
	at com_milan_POM.CycleOverviewPage.ValueInARTType(CycleOverviewPage.java:141)
	at com_Milan_Test.CycleOverviewPageTest.ValueInARTTypeTest(CycleOverviewPageTest.java:121)
	at java.util.concurrent.FutureTask.run(Unknown Source)
	at java.util.concurrent.ThreadPoolExecutor.runWorker(Unknown Source)
	at java.util.concurrent.ThreadPoolExecutor$Worker.run(Unknown Source)
	at java.lang.Thread.run(Unknown Source)
... Removed 22 stack frames]]>
    </failure>
  </testcase> <!-- ValueInARTTypeTest -->
  <testcase name="ClickOnInvestigationTest" time="2.205" classname="com_Milan_Test.EMRDashBoardPageTest"/>
  <testcase name="FillSexsuslHistorytest" time="5.58" classname="com_Milan_Test.WSexsualHistoryTest"/>
  <testcase name="ClickOnCmrTest" time="36.079" classname="com_Milan_Test.HomePageTest">
    <skipped/>
  </testcase> <!-- ClickOnCmrTest -->
  <testcase name="ClickOnCmrTest" time="37.612" classname="com_Milan_Test.HomePageTest">
    <skipped/>
  </testcase> <!-- ClickOnCmrTest -->
  <testcase name="ClickOnCmrTest" time="38.375" classname="com_Milan_Test.HomePageTest">
    <skipped/>
  </testcase> <!-- ClickOnCmrTest -->
  <testcase name="ClickOnCmrTest" time="37.569" classname="com_Milan_Test.HomePageTest">
    <failure type="org.openqa.selenium.NoSuchElementException" message="no such element: Unable to locate element: {&amp;quot;method&amp;quot;:&amp;quot;xpath&amp;quot;,&amp;quot;selector&amp;quot;:&amp;quot;//div[@id=&amp;apos;tableToExport&amp;apos;]/table/tbody/tr[1]/td[4]&amp;quot;}
  (Session info: chrome=67.0.3396.99)
  (Driver info: chromedriver=2.36.540470 (e522d04694c7ebea4ba8821272dbef4f9b818c91),platform=Windows NT 6.3.9600 x86_64) (WARNING: The server did not provide any stacktrace information)
Command duration or timeout: 0 milliseconds
For documentation on this error, please visit: http://seleniumhq.org/exceptions/no_such_element.html
Build info: version: &amp;apos;3.5.3&amp;apos;, revision: &amp;apos;a88d25fe6b&amp;apos;, time: &amp;apos;2017-08-29T12:42:44.417Z&amp;apos;
System info: host: &amp;apos;IVF111&amp;apos;, ip: &amp;apos;192.168.1.56&amp;apos;, os.name: &amp;apos;Windows 8.1&amp;apos;, os.arch: &amp;apos;amd64&amp;apos;, os.version: &amp;apos;6.3&amp;apos;, java.version: &amp;apos;1.8.0_161&amp;apos;
Driver info: org.openqa.selenium.chrome.ChromeDriver
Capabilities [{mobileEmulationEnabled=false, hasTouchScreen=false, platform=WIN8_1, acceptSslCerts=false, acceptInsecureCerts=false, webStorageEnabled=true, browserName=chrome, takesScreenshot=true, javascriptEnabled=true, platformName=WIN8_1, setWindowRect=true, unexpectedAlertBehaviour=, applicationCacheEnabled=false, rotatable=false, networkConnectionEnabled=false, chrome={chromedriverVersion=2.36.540470 (e522d04694c7ebea4ba8821272dbef4f9b818c91), userDataDir=C:\Users\paragb\AppData\Local\Temp\scoped_dir17532_25915}, takesHeapSnapshot=true, pageLoadStrategy=normal, unhandledPromptBehavior=, databaseEnabled=false, handlesAlerts=true, version=67.0.3396.99, browserConnectionEnabled=false, nativeEvents=true, locationContextEnabled=true, cssSelectorsEnabled=true}]
Session ID: b7c86a4109b8e68d60f7b4533fbad44c
*** Element info: {Using=xpath, value=//div[@id=&amp;apos;tableToExport&amp;apos;]/table/tbody/tr[1]/td[4]}">
      <![CDATA[org.openqa.selenium.NoSuchElementException: no such element: Unable to locate element: {"method":"xpath","selector":"//div[@id='tableToExport']/table/tbody/tr[1]/td[4]"}
  (Session info: chrome=67.0.3396.99)
  (Driver info: chromedriver=2.36.540470 (e522d04694c7ebea4ba8821272dbef4f9b818c91),platform=Windows NT 6.3.9600 x86_64) (WARNING: The server did not provide any stacktrace information)
Command duration or timeout: 0 milliseconds
For documentation on this error, please visit: http://seleniumhq.org/exceptions/no_such_element.html
Build info: version: '3.5.3', revision: 'a88d25fe6b', time: '2017-08-29T12:42:44.417Z'
System info: host: 'IVF111', ip: '192.168.1.56', os.name: 'Windows 8.1', os.arch: 'amd64', os.version: '6.3', java.version: '1.8.0_161'
Driver info: org.openqa.selenium.chrome.ChromeDriver
Capabilities [{mobileEmulationEnabled=false, hasTouchScreen=false, platform=WIN8_1, acceptSslCerts=false, acceptInsecureCerts=false, webStorageEnabled=true, browserName=chrome, takesScreenshot=true, javascriptEnabled=true, platformName=WIN8_1, setWindowRect=true, unexpectedAlertBehaviour=, applicationCacheEnabled=false, rotatable=false, networkConnectionEnabled=false, chrome={chromedriverVersion=2.36.540470 (e522d04694c7ebea4ba8821272dbef4f9b818c91), userDataDir=C:\Users\paragb\AppData\Local\Temp\scoped_dir17532_25915}, takesHeapSnapshot=true, pageLoadStrategy=normal, unhandledPromptBehavior=, databaseEnabled=false, handlesAlerts=true, version=67.0.3396.99, browserConnectionEnabled=false, nativeEvents=true, locationContextEnabled=true, cssSelectorsEnabled=true}]
Session ID: b7c86a4109b8e68d60f7b4533fbad44c
*** Element info: {Using=xpath, value=//div[@id='tableToExport']/table/tbody/tr[1]/td[4]}
	at org.openqa.selenium.remote.ErrorHandler.createThrowable(ErrorHandler.java:215)
	at org.openqa.selenium.remote.ErrorHandler.throwIfResponseFailed(ErrorHandler.java:167)
	at org.openqa.selenium.remote.http.JsonHttpResponseCodec.reconstructValue(JsonHttpResponseCodec.java:40)
	at org.openqa.selenium.remote.http.AbstractHttpResponseCodec.decode(AbstractHttpResponseCodec.java:82)
	at org.openqa.selenium.remote.http.AbstractHttpResponseCodec.decode(AbstractHttpResponseCodec.java:45)
	at org.openqa.selenium.remote.HttpCommandExecutor.execute(HttpCommandExecutor.java:164)
	at org.openqa.selenium.remote.service.DriverCommandExecutor.execute(DriverCommandExecutor.java:82)
	at org.openqa.selenium.remote.RemoteWebDriver.execute(RemoteWebDriver.java:646)
	at org.openqa.selenium.remote.RemoteWebDriver.findElement(RemoteWebDriver.java:416)
	at org.openqa.selenium.remote.RemoteWebDriver.findElementByXPath(RemoteWebDriver.java:518)
	at org.openqa.selenium.By$ByXPath.findElement(By.java:361)
	at org.openqa.selenium.remote.RemoteWebDriver.findElement(RemoteWebDriver.java:408)
	at org.openqa.selenium.support.events.EventFiringWebDriver$2.invoke(EventFiringWebDriver.java:105)
	at com.sun.proxy.$Proxy9.findElement(Unknown Source)
	at org.openqa.selenium.support.events.EventFiringWebDriver.findElement(EventFiringWebDriver.java:189)
	at com_milan_POM.HomePage.ClickonEMR(HomePage.java:120)
	at com_Milan_Test.HomePageTest.ClickOnCmrTest(HomePageTest.java:51)
	at java.util.concurrent.FutureTask.run(Unknown Source)
	at java.util.concurrent.ThreadPoolExecutor.runWorker(Unknown Source)
	at java.util.concurrent.ThreadPoolExecutor$Worker.run(Unknown Source)
	at java.lang.Thread.run(Unknown Source)
... Removed 23 stack frames]]>
    </failure>
  </testcase> <!-- ClickOnCmrTest -->
  <testcase name="SearchcycleTest" time="3.884" classname="com_Milan_Test.WOPUCycyclePageTest"/>
  <testcase name="TypeSelectionboxEnableconditionForOtherfavorireTest" time="0.355" classname="com_Milan_Test.FemaleDiagnosisTest"/>
  <testcase name="SurgicalHistoryTest" time="0.223" classname="com_Milan_Test.WomenHistoryPageTest"/>
  <testcase name="ValueInEctopicTest" time="0.0" classname="com_Milan_Test.WObstetricHistoryPageTest">
    <skipped/>
  </testcase> <!-- ValueInEctopicTest -->
  <testcase name="CycleDurationTest" time="0.176" classname="com_Milan_Test.WMenstrualHistoryTest"/>
  <testcase name="ClickOnVitalTest" time="32.333" classname="com_Milan_Test.EMRDashBoardPageTest"/>
  <testcase name="SexInrelationshipsinceMonthsTest" time="5.673" classname="com_Milan_Test.WSexsualHistoryTest"/>
  <testcase name="DeleteTheSeviceBeforeSaveTest" time="52.915" classname="com_Milan_Test.WOPUCycyclePageTest">
    <skipped/>
  </testcase> <!-- DeleteTheSeviceBeforeSaveTest -->
  <testcase name="DeleteTheSeviceBeforeSaveTest" time="30.045" classname="com_Milan_Test.WOPUCycyclePageTest">
    <skipped/>
  </testcase> <!-- DeleteTheSeviceBeforeSaveTest -->
  <testcase name="DeleteTheSeviceBeforeSaveTest" time="52.979" classname="com_Milan_Test.WOPUCycyclePageTest">
    <skipped/>
  </testcase> <!-- DeleteTheSeviceBeforeSaveTest -->
  <testcase name="DeleteTheSeviceBeforeSaveTest" time="53.337" classname="com_Milan_Test.WOPUCycyclePageTest">
    <failure type="java.lang.AssertionError" message="expected [Record deleted successfully.] but found [Cycle is created against this package,You can not delete package.]">
      <![CDATA[java.lang.AssertionError: expected [Record deleted successfully.] but found [Cycle is created against this package,You can not delete package.]
	at com_Milan_Test.WOPUCycyclePageTest.DeleteTheSeviceBeforeSaveTest(WOPUCycyclePageTest.java:199)
	at java.util.concurrent.FutureTask.run(Unknown Source)
	at java.util.concurrent.ThreadPoolExecutor.runWorker(Unknown Source)
	at java.util.concurrent.ThreadPoolExecutor$Worker.run(Unknown Source)
	at java.lang.Thread.run(Unknown Source)
... Removed 22 stack frames]]>
    </failure>
  </testcase> <!-- DeleteTheSeviceBeforeSaveTest -->
  <testcase name="PreviousTreatmentHistoryTest" time="0.228" classname="com_Milan_Test.WomenHistoryPageTest"/>
  <testcase name="ProtocolandselectionTest" time="0.0" classname="com_Milan_Test.CycleListPageTest">
    <skipped/>
  </testcase> <!-- ProtocolandselectionTest -->
  <testcase name="DeliveryTypeEnableconditionTest" time="0.0" classname="com_Milan_Test.WObstetricHistoryPageTest">
    <skipped/>
  </testcase> <!-- DeliveryTypeEnableconditionTest -->
  <testcase name="SavevaluesTest" time="0.453" classname="com_Milan_Test.WMenstrualHistoryTest"/>
  <testcase name="ClickOnComplaintTest" time="4.084" classname="com_Milan_Test.EMRDashBoardPageTest"/>
  <testcase name="numberofcharacterexualDysfunctionTest" time="0.396" classname="com_Milan_Test.WSexsualHistoryTest"/>
  <testcase name="NoofCyclesTest" time="35.777" classname="com_Milan_Test.WOPUCycyclePageTest"/>
  <testcase name="checkboxclickTest" time="6.702" classname="com_Milan_Test.FemaleDiagnosisTest"/>
  <testcase name="pastMedicationHistoryTest" time="0.229" classname="com_Milan_Test.WomenHistoryPageTest"/>
  <testcase name="MethodOfSemenCollectionTest" time="0.0" classname="com_Milan_Test.CycleListPageTest">
    <skipped/>
  </testcase> <!-- MethodOfSemenCollectionTest -->
  <testcase name="LiveBirthEnableTest" time="0.0" classname="com_Milan_Test.WObstetricHistoryPageTest">
    <skipped/>
  </testcase> <!-- LiveBirthEnableTest -->
  <testcase name="MenstruationTest1" time="0.133" classname="com_Milan_Test.WMenstrualHistoryTest"/>
  <testcase name="DyspareuniatextTest" time="0.24" classname="com_Milan_Test.WSexsualHistoryTest"/>
  <testcase name="ClickonCycletabTest" time="83.11" classname="com_Milan_Test.WOPUCycyclePageTest"/>
  <testcase name="AllergiesTest" time="90.119" classname="com_Milan_Test.WomenHistoryPageTest">
    <skipped/>
  </testcase> <!-- AllergiesTest -->
  <testcase name="AllergiesTest" time="0.211" classname="com_Milan_Test.WomenHistoryPageTest"/>
  <testcase name="SourceofspermPartnerTest" time="0.0" classname="com_Milan_Test.CycleListPageTest">
    <skipped/>
  </testcase> <!-- SourceofspermPartnerTest -->
  <testcase name="RowGridEnableTest" time="0.0" classname="com_Milan_Test.WObstetricHistoryPageTest">
    <skipped/>
  </testcase> <!-- RowGridEnableTest -->
  <testcase name="MenstrualFlowtextTest" time="0.231" classname="com_Milan_Test.WMenstrualHistoryTest"/>
  <testcase name="Lubricationusedtext" time="0.266" classname="com_Milan_Test.WSexsualHistoryTest"/>
  <testcase name="AddictionsTest" time="0.264" classname="com_Milan_Test.WomenHistoryPageTest"/>
  <testcase name="VaccinationTest" time="0.202" classname="com_Milan_Test.WomenHistoryPageTest"/>
  <testcase name="SourceofSpermselectionDonorTest" time="0.0" classname="com_Milan_Test.CycleListPageTest">
    <skipped/>
  </testcase> <!-- SourceofSpermselectionDonorTest -->
  <testcase name="StillBornEnableTest" time="0.0" classname="com_Milan_Test.WObstetricHistoryPageTest">
    <skipped/>
  </testcase> <!-- StillBornEnableTest -->
  <testcase name="Remarktexttest" time="2.297" classname="com_Milan_Test.WSexsualHistoryTest"/>
  <testcase name="socialHistoryTest" time="0.207" classname="com_Milan_Test.WomenHistoryPageTest"/>
  <testcase name="SimulationDrugTest" time="0.0" classname="com_Milan_Test.CycleListPageTest">
    <skipped/>
  </testcase> <!-- SimulationDrugTest -->
  <testcase name="EctopiccEnableCondititionTest" time="0.0" classname="com_Milan_Test.WObstetricHistoryPageTest">
    <skipped/>
  </testcase> <!-- EctopiccEnableCondititionTest -->
  <testcase name="TryingToConcieveSinceYearTest" time="0.0" classname="com_Milan_Test.WSexsualHistoryTest"/>
  <testcase name="SaveTheCycleTest" time="0.0" classname="com_Milan_Test.CycleListPageTest">
    <skipped/>
  </testcase> <!-- SaveTheCycleTest -->
  <testcase name="AbortionEnableCondititionTest" time="0.0" classname="com_Milan_Test.WObstetricHistoryPageTest">
    <skipped/>
  </testcase> <!-- AbortionEnableCondititionTest -->
  <testcase name="TryingToConcieveSinceMonthTest" time="0.0" classname="com_Milan_Test.WSexsualHistoryTest"/>
  <testcase name="DeliveryEnableCondititionTest" time="0.0" classname="com_Milan_Test.WObstetricHistoryPageTest">
    <skipped/>
  </testcase> <!-- DeliveryEnableCondititionTest -->
  <testcase name="ComplicationsEnableCondititionTest" time="0.0" classname="com_Milan_Test.WObstetricHistoryPageTest">
    <skipped/>
  </testcase> <!-- ComplicationsEnableCondititionTest -->
  <testcase name="CongenitalAnamolyEnableCondititionTest" time="0.0" classname="com_Milan_Test.WObstetricHistoryPageTest">
    <skipped/>
  </testcase> <!-- CongenitalAnamolyEnableCondititionTest -->
  <testcase name="LiveBirthPretermconditionTest" time="0.0" classname="com_Milan_Test.WObstetricHistoryPageTest">
    <skipped/>
  </testcase> <!-- LiveBirthPretermconditionTest -->
  <testcase name="LiveBirthFullTermconditionTest" time="0.0" classname="com_Milan_Test.WObstetricHistoryPageTest">
    <skipped/>
  </testcase> <!-- LiveBirthFullTermconditionTest -->
  <testcase name="saveAdictions" time="5.934" classname="com_Milan_Test.WAddictionsTest">
    <skipped/>
  </testcase> <!-- saveAdictions -->
  <testcase name="saveAdictions" time="7.166" classname="com_Milan_Test.WAddictionsTest"/>
  <testcase name="saveAdictions" time="8.301" classname="com_Milan_Test.WAddictionsTest"/>
  <testcase name="saveAdictions" time="8.277" classname="com_Milan_Test.WAddictionsTest"/>
  <testcase name="saveAdictions" time="8.341" classname="com_Milan_Test.WAddictionsTest"/>
  <testcase name="saveAdictions" time="8.338" classname="com_Milan_Test.WAddictionsTest"/>
  <testcase name="LiveBirthAbovePostTermconditionTest" time="0.0" classname="com_Milan_Test.WObstetricHistoryPageTest">
    <skipped/>
  </testcase> <!-- LiveBirthAbovePostTermconditionTest -->
  <testcase name="SaveOutcometypesTest" time="0.0" classname="com_Milan_Test.WObstetricHistoryPageTest">
    <skipped/>
  </testcase> <!-- SaveOutcometypesTest -->
  <testcase name="SinceWhenEnableconditionSinceWhenCaffeineAddictionTest" time="0.0" classname="com_Milan_Test.WAddictionsTest">
    <ignored/>
  </testcase> <!-- SinceWhenEnableconditionSinceWhenCaffeineAddictionTest -->
  <testcase name="OptionSelectedOnAllergyCurrentStstusTest" time="0.0" classname="com_Milan_Test.WAllergiesTest">
    <ignored/>
  </testcase> <!-- OptionSelectedOnAllergyCurrentStstusTest -->
  <testcase name="CurrentStatusEnableConditionAlkoholTest" time="0.0" classname="com_Milan_Test.WAddictionsTest">
    <ignored/>
  </testcase> <!-- CurrentStatusEnableConditionAlkoholTest -->
  <testcase name="SinceWhenEnableconditionSinceWhenMonthForCaffeineAddictionTest" time="0.0" classname="com_Milan_Test.WAddictionsTest">
    <ignored/>
  </testcase> <!-- SinceWhenEnableconditionSinceWhenMonthForCaffeineAddictionTest -->
  <testcase name="SinceWhenEnableconditionSinceWhenMonthAlkoholTest" time="0.0" classname="com_Milan_Test.WAddictionsTest">
    <ignored/>
  </testcase> <!-- SinceWhenEnableconditionSinceWhenMonthAlkoholTest -->
  <testcase name="SenceWhenEnableconditionSinceWhenYearAlkoholTest" time="0.0" classname="com_Milan_Test.WAddictionsTest">
    <ignored/>
  </testcase> <!-- SenceWhenEnableconditionSinceWhenYearAlkoholTest -->
  <testcase name="CurrentStatusEnableConditionAdictionTest" time="0.0" classname="com_Milan_Test.WAddictionsTest">
    <ignored/>
  </testcase> <!-- CurrentStatusEnableConditionAdictionTest -->
  <testcase name="SaveMessage" time="0.0" classname="com_Milan_Test.WAllergiesTest">
    <ignored/>
  </testcase> <!-- SaveMessage -->
  <testcase name="OPUCycleTest" time="0.0" classname="com_Milan_Test.WInvestigationPageTest">
    <ignored/>
  </testcase> <!-- OPUCycleTest -->
  <testcase name="SenceWhenEnableconditionSinceWhenYearTobacoTest" time="0.0" classname="com_Milan_Test.WAddictionsTest">
    <ignored/>
  </testcase> <!-- SenceWhenEnableconditionSinceWhenYearTobacoTest -->
  <testcase name="DeleteFromFavoriteTest" time="0.0" classname="com_Milan_Test.FemaleDiagnosisTest">
    <ignored/>
  </testcase> <!-- DeleteFromFavoriteTest -->
  <testcase name="CurrentStatusEnableConditionTobacoTest" time="0.0" classname="com_Milan_Test.WAddictionsTest">
    <ignored/>
  </testcase> <!-- CurrentStatusEnableConditionTobacoTest -->
  <testcase name="SinceWhenEnableconditionSinceWhenMonthSmokeTest" time="0.0" classname="com_Milan_Test.WAddictionsTest">
    <ignored/>
  </testcase> <!-- SinceWhenEnableconditionSinceWhenMonthSmokeTest -->
  <testcase name="ExistingPatientDrugAllergyTypeTest" time="0.0" classname="com_Milan_Test.WAllergiesTest">
    <ignored/>
  </testcase> <!-- ExistingPatientDrugAllergyTypeTest -->
  <testcase name="DatacreationTest" time="0.0" classname="com_Milan_Test.HomePageTest">
    <ignored/>
  </testcase> <!-- DatacreationTest -->
  <testcase name="CycleCreationTest" time="0.0" classname="com_Milan_Test.WInvestigationPageTest">
    <ignored/>
  </testcase> <!-- CycleCreationTest -->
  <testcase name="CurrentStatusEnableConditionCaffeineAddictionTest" time="0.0" classname="com_Milan_Test.WAddictionsTest">
    <ignored/>
  </testcase> <!-- CurrentStatusEnableConditionCaffeineAddictionTest -->
  <testcase name="SinceWhenEnableconditionSinceWhenMonthForDrugAdictionTest" time="0.0" classname="com_Milan_Test.WAddictionsTest">
    <ignored/>
  </testcase> <!-- SinceWhenEnableconditionSinceWhenMonthForDrugAdictionTest -->
  <testcase name="ARTTypeOptionTest" time="0.0" classname="com_Milan_Test.CycleListPageTest">
    <ignored/>
  </testcase> <!-- ARTTypeOptionTest -->
  <testcase name="CurrentStatusEnableConditionSmokeTest" time="0.0" classname="com_Milan_Test.WAddictionsTest">
    <ignored/>
  </testcase> <!-- CurrentStatusEnableConditionSmokeTest -->
  <testcase name="SenceWhenEnableconditionSinceWhenDrugAddictionYearTest" time="0.0" classname="com_Milan_Test.WAddictionsTest">
    <ignored/>
  </testcase> <!-- SenceWhenEnableconditionSinceWhenDrugAddictionYearTest -->
  <testcase name="SenceWhenEnableconditionSinceWhenYearSmokeTest" time="0.0" classname="com_Milan_Test.WAddictionsTest">
    <ignored/>
  </testcase> <!-- SenceWhenEnableconditionSinceWhenYearSmokeTest -->
  <testcase name="SinceWhenEnableconditionSinceWhenMonthTobocoTest" time="0.0" classname="com_Milan_Test.WAddictionsTest">
    <ignored/>
  </testcase> <!-- SinceWhenEnableconditionSinceWhenMonthTobocoTest -->
  <testcase name="AddNewAllergiesTest" time="0.0" classname="com_Milan_Test.WAllergiesTest">
    <ignored/>
  </testcase> <!-- AddNewAllergiesTest -->
  <testcase name="FoodAllergyvalidationTest" time="0.0" classname="com_Milan_Test.WAllergiesTest">
    <ignored/>
  </testcase> <!-- FoodAllergyvalidationTest -->
  <testcase name="saveNewAdictions" time="0.0" classname="com_Milan_Test.WAddictionsTest">
    <ignored/>
  </testcase> <!-- saveNewAdictions -->
</testsuite> <!-- IVFTEST -->
