<?xml version="1.0" encoding="UTF-8"?>
<!-- Generated by org.testng.reporters.JUnitXMLReporter -->
<testsuite hostname="IVF111" ignored="25" name="IVFTEST" tests="138" failures="4" timestamp="02 Jul 2018 21:40:18 GMT" time="7824.569" errors="0">
  <testcase name="@BeforeMethod Setup" time="137.42" classname="com_Milan_Test.WMenstrualHistoryTest">
    <failure type="org.openqa.selenium.NoSuchElementException" message="no such element: Unable to locate element: {&amp;quot;method&amp;quot;:&amp;quot;xpath&amp;quot;,&amp;quot;selector&amp;quot;:&amp;quot;//main[@id=&amp;apos;wrapper&amp;apos;]/section/div/section/div[1]/form/div/div[1]/div/div[2]/div[1]//li[1]&amp;quot;}
  (Session info: chrome=67.0.3396.99)
  (Driver info: chromedriver=2.36.540470 (e522d04694c7ebea4ba8821272dbef4f9b818c91),platform=Windows NT 6.3.9600 x86_64) (WARNING: The server did not provide any stacktrace information)
Command duration or timeout: 0 milliseconds
For documentation on this error, please visit: http://seleniumhq.org/exceptions/no_such_element.html
Build info: version: &amp;apos;3.5.3&amp;apos;, revision: &amp;apos;a88d25fe6b&amp;apos;, time: &amp;apos;2017-08-29T12:42:44.417Z&amp;apos;
System info: host: &amp;apos;IVF111&amp;apos;, ip: &amp;apos;192.168.1.56&amp;apos;, os.name: &amp;apos;Windows 8.1&amp;apos;, os.arch: &amp;apos;amd64&amp;apos;, os.version: &amp;apos;6.3&amp;apos;, java.version: &amp;apos;1.8.0_161&amp;apos;
Driver info: org.openqa.selenium.chrome.ChromeDriver
Capabilities [{mobileEmulationEnabled=false, hasTouchScreen=false, platform=WIN8_1, acceptSslCerts=false, acceptInsecureCerts=false, webStorageEnabled=true, browserName=chrome, takesScreenshot=true, javascriptEnabled=true, platformName=WIN8_1, setWindowRect=true, unexpectedAlertBehaviour=, applicationCacheEnabled=false, rotatable=false, networkConnectionEnabled=false, chrome={chromedriverVersion=2.36.540470 (e522d04694c7ebea4ba8821272dbef4f9b818c91), userDataDir=C:\Users\paragb\AppData\Local\Temp\scoped_dir16200_32739}, takesHeapSnapshot=true, pageLoadStrategy=normal, unhandledPromptBehavior=, databaseEnabled=false, handlesAlerts=true, version=67.0.3396.99, browserConnectionEnabled=false, nativeEvents=true, locationContextEnabled=true, cssSelectorsEnabled=true}]
Session ID: 0214504e14e796f9cae00f3e9da03bde
*** Element info: {Using=xpath, value=//main[@id=&amp;apos;wrapper&amp;apos;]/section/div/section/div[1]/form/div/div[1]/div/div[2]/div[1]//li[1]}">
      <![CDATA[org.openqa.selenium.NoSuchElementException: no such element: Unable to locate element: {"method":"xpath","selector":"//main[@id='wrapper']/section/div/section/div[1]/form/div/div[1]/div/div[2]/div[1]//li[1]"}
  (Session info: chrome=67.0.3396.99)
  (Driver info: chromedriver=2.36.540470 (e522d04694c7ebea4ba8821272dbef4f9b818c91),platform=Windows NT 6.3.9600 x86_64) (WARNING: The server did not provide any stacktrace information)
Command duration or timeout: 0 milliseconds
For documentation on this error, please visit: http://seleniumhq.org/exceptions/no_such_element.html
Build info: version: '3.5.3', revision: 'a88d25fe6b', time: '2017-08-29T12:42:44.417Z'
System info: host: 'IVF111', ip: '192.168.1.56', os.name: 'Windows 8.1', os.arch: 'amd64', os.version: '6.3', java.version: '1.8.0_161'
Driver info: org.openqa.selenium.chrome.ChromeDriver
Capabilities [{mobileEmulationEnabled=false, hasTouchScreen=false, platform=WIN8_1, acceptSslCerts=false, acceptInsecureCerts=false, webStorageEnabled=true, browserName=chrome, takesScreenshot=true, javascriptEnabled=true, platformName=WIN8_1, setWindowRect=true, unexpectedAlertBehaviour=, applicationCacheEnabled=false, rotatable=false, networkConnectionEnabled=false, chrome={chromedriverVersion=2.36.540470 (e522d04694c7ebea4ba8821272dbef4f9b818c91), userDataDir=C:\Users\paragb\AppData\Local\Temp\scoped_dir16200_32739}, takesHeapSnapshot=true, pageLoadStrategy=normal, unhandledPromptBehavior=, databaseEnabled=false, handlesAlerts=true, version=67.0.3396.99, browserConnectionEnabled=false, nativeEvents=true, locationContextEnabled=true, cssSelectorsEnabled=true}]
Session ID: 0214504e14e796f9cae00f3e9da03bde
*** Element info: {Using=xpath, value=//main[@id='wrapper']/section/div/section/div[1]/form/div/div[1]/div/div[2]/div[1]//li[1]}
	at org.openqa.selenium.remote.ErrorHandler.createThrowable(ErrorHandler.java:215)
	at org.openqa.selenium.remote.ErrorHandler.throwIfResponseFailed(ErrorHandler.java:167)
	at org.openqa.selenium.remote.http.JsonHttpResponseCodec.reconstructValue(JsonHttpResponseCodec.java:40)
	at org.openqa.selenium.remote.http.AbstractHttpResponseCodec.decode(AbstractHttpResponseCodec.java:82)
	at org.openqa.selenium.remote.http.AbstractHttpResponseCodec.decode(AbstractHttpResponseCodec.java:45)
	at org.openqa.selenium.remote.HttpCommandExecutor.execute(HttpCommandExecutor.java:164)
	at org.openqa.selenium.remote.service.DriverCommandExecutor.execute(DriverCommandExecutor.java:82)
	at org.openqa.selenium.remote.RemoteWebDriver.execute(RemoteWebDriver.java:646)
	at org.openqa.selenium.remote.RemoteWebDriver.findElement(RemoteWebDriver.java:416)
	at org.openqa.selenium.remote.RemoteWebDriver.findElementByXPath(RemoteWebDriver.java:518)
	at org.openqa.selenium.By$ByXPath.findElement(By.java:361)
	at org.openqa.selenium.remote.RemoteWebDriver.findElement(RemoteWebDriver.java:408)
	at org.openqa.selenium.support.events.EventFiringWebDriver$2.invoke(EventFiringWebDriver.java:105)
	at com.sun.proxy.$Proxy9.findElement(Unknown Source)
	at org.openqa.selenium.support.events.EventFiringWebDriver.findElement(EventFiringWebDriver.java:189)
	at org.openqa.selenium.support.pagefactory.DefaultElementLocator.findElement(DefaultElementLocator.java:69)
	at org.openqa.selenium.support.pagefactory.internal.LocatingElementHandler.invoke(LocatingElementHandler.java:38)
	at com.sun.proxy.$Proxy13.click(Unknown Source)
	at com_milan_POM.WomenHistoryPage.ClickOnMenstrualHistory(WomenHistoryPage.java:251)
	at com_Milan_Test.WMenstrualHistoryTest.Setup(WMenstrualHistoryTest.java:45)
	at java.util.concurrent.FutureTask.run(Unknown Source)
	at java.util.concurrent.ThreadPoolExecutor.runWorker(Unknown Source)
	at java.util.concurrent.ThreadPoolExecutor$Worker.run(Unknown Source)
	at java.lang.Thread.run(Unknown Source)
... Removed 25 stack frames]]>
    </failure>
  </testcase> <!-- @BeforeMethod Setup -->
  <testcase name="@BeforeMethod Setup" time="129.22" classname="com_Milan_Test.CycleOverviewPageTest">
    <failure type="org.openqa.selenium.NoSuchElementException" message="no such element: Unable to locate element: {&amp;quot;method&amp;quot;:&amp;quot;xpath&amp;quot;,&amp;quot;selector&amp;quot;:&amp;quot;//table[@class=&amp;apos;table table-hover table-striped&amp;apos;]//tbody//tr//td[3]/a[@class=&amp;apos;txt_bold ng-binding&amp;apos;]&amp;quot;}
  (Session info: chrome=67.0.3396.99)
  (Driver info: chromedriver=2.36.540470 (e522d04694c7ebea4ba8821272dbef4f9b818c91),platform=Windows NT 6.3.9600 x86_64) (WARNING: The server did not provide any stacktrace information)
Command duration or timeout: 0 milliseconds
For documentation on this error, please visit: http://seleniumhq.org/exceptions/no_such_element.html
Build info: version: &amp;apos;3.5.3&amp;apos;, revision: &amp;apos;a88d25fe6b&amp;apos;, time: &amp;apos;2017-08-29T12:42:44.417Z&amp;apos;
System info: host: &amp;apos;IVF111&amp;apos;, ip: &amp;apos;192.168.1.56&amp;apos;, os.name: &amp;apos;Windows 8.1&amp;apos;, os.arch: &amp;apos;amd64&amp;apos;, os.version: &amp;apos;6.3&amp;apos;, java.version: &amp;apos;1.8.0_161&amp;apos;
Driver info: org.openqa.selenium.chrome.ChromeDriver
Capabilities [{mobileEmulationEnabled=false, hasTouchScreen=false, platform=WIN8_1, acceptSslCerts=false, acceptInsecureCerts=false, webStorageEnabled=true, browserName=chrome, takesScreenshot=true, javascriptEnabled=true, platformName=WIN8_1, setWindowRect=true, unexpectedAlertBehaviour=, applicationCacheEnabled=false, rotatable=false, networkConnectionEnabled=false, chrome={chromedriverVersion=2.36.540470 (e522d04694c7ebea4ba8821272dbef4f9b818c91), userDataDir=C:\Users\paragb\AppData\Local\Temp\scoped_dir15204_18201}, takesHeapSnapshot=true, pageLoadStrategy=normal, unhandledPromptBehavior=, databaseEnabled=false, handlesAlerts=true, version=67.0.3396.99, browserConnectionEnabled=false, nativeEvents=true, locationContextEnabled=true, cssSelectorsEnabled=true}]
Session ID: 5a60721b15a43a54032a0c93fbff8c3e
*** Element info: {Using=xpath, value=//table[@class=&amp;apos;table table-hover table-striped&amp;apos;]//tbody//tr//td[3]/a[@class=&amp;apos;txt_bold ng-binding&amp;apos;]}">
      <![CDATA[org.openqa.selenium.NoSuchElementException: no such element: Unable to locate element: {"method":"xpath","selector":"//table[@class='table table-hover table-striped']//tbody//tr//td[3]/a[@class='txt_bold ng-binding']"}
  (Session info: chrome=67.0.3396.99)
  (Driver info: chromedriver=2.36.540470 (e522d04694c7ebea4ba8821272dbef4f9b818c91),platform=Windows NT 6.3.9600 x86_64) (WARNING: The server did not provide any stacktrace information)
Command duration or timeout: 0 milliseconds
For documentation on this error, please visit: http://seleniumhq.org/exceptions/no_such_element.html
Build info: version: '3.5.3', revision: 'a88d25fe6b', time: '2017-08-29T12:42:44.417Z'
System info: host: 'IVF111', ip: '192.168.1.56', os.name: 'Windows 8.1', os.arch: 'amd64', os.version: '6.3', java.version: '1.8.0_161'
Driver info: org.openqa.selenium.chrome.ChromeDriver
Capabilities [{mobileEmulationEnabled=false, hasTouchScreen=false, platform=WIN8_1, acceptSslCerts=false, acceptInsecureCerts=false, webStorageEnabled=true, browserName=chrome, takesScreenshot=true, javascriptEnabled=true, platformName=WIN8_1, setWindowRect=true, unexpectedAlertBehaviour=, applicationCacheEnabled=false, rotatable=false, networkConnectionEnabled=false, chrome={chromedriverVersion=2.36.540470 (e522d04694c7ebea4ba8821272dbef4f9b818c91), userDataDir=C:\Users\paragb\AppData\Local\Temp\scoped_dir15204_18201}, takesHeapSnapshot=true, pageLoadStrategy=normal, unhandledPromptBehavior=, databaseEnabled=false, handlesAlerts=true, version=67.0.3396.99, browserConnectionEnabled=false, nativeEvents=true, locationContextEnabled=true, cssSelectorsEnabled=true}]
Session ID: 5a60721b15a43a54032a0c93fbff8c3e
*** Element info: {Using=xpath, value=//table[@class='table table-hover table-striped']//tbody//tr//td[3]/a[@class='txt_bold ng-binding']}
	at org.openqa.selenium.remote.ErrorHandler.createThrowable(ErrorHandler.java:215)
	at org.openqa.selenium.remote.ErrorHandler.throwIfResponseFailed(ErrorHandler.java:167)
	at org.openqa.selenium.remote.http.JsonHttpResponseCodec.reconstructValue(JsonHttpResponseCodec.java:40)
	at org.openqa.selenium.remote.http.AbstractHttpResponseCodec.decode(AbstractHttpResponseCodec.java:82)
	at org.openqa.selenium.remote.http.AbstractHttpResponseCodec.decode(AbstractHttpResponseCodec.java:45)
	at org.openqa.selenium.remote.HttpCommandExecutor.execute(HttpCommandExecutor.java:164)
	at org.openqa.selenium.remote.service.DriverCommandExecutor.execute(DriverCommandExecutor.java:82)
	at org.openqa.selenium.remote.RemoteWebDriver.execute(RemoteWebDriver.java:646)
	at org.openqa.selenium.remote.RemoteWebDriver.findElement(RemoteWebDriver.java:416)
	at org.openqa.selenium.remote.RemoteWebDriver.findElementByXPath(RemoteWebDriver.java:518)
	at org.openqa.selenium.By$ByXPath.findElement(By.java:361)
	at org.openqa.selenium.remote.RemoteWebDriver.findElement(RemoteWebDriver.java:408)
	at org.openqa.selenium.support.events.EventFiringWebDriver$2.invoke(EventFiringWebDriver.java:105)
	at com.sun.proxy.$Proxy9.findElement(Unknown Source)
	at org.openqa.selenium.support.events.EventFiringWebDriver.findElement(EventFiringWebDriver.java:189)
	at org.openqa.selenium.support.pagefactory.DefaultElementLocator.findElement(DefaultElementLocator.java:69)
	at org.openqa.selenium.support.pagefactory.internal.LocatingElementHandler.invoke(LocatingElementHandler.java:38)
	at com.sun.proxy.$Proxy13.getCoordinates(Unknown Source)
	at org.openqa.selenium.interactions.internal.MouseAction.getActionLocation(MouseAction.java:67)
	at org.openqa.selenium.interactions.MoveMouseAction.perform(MoveMouseAction.java:43)
	at org.openqa.selenium.interactions.CompositeAction.perform(CompositeAction.java:36)
	at org.openqa.selenium.interactions.Actions$BuiltAction.perform(Actions.java:641)
	at org.openqa.selenium.interactions.Actions.perform(Actions.java:594)
	at com_milan_POM.CycleListPage.ClickOnCycleCode(CycleListPage.java:664)
	at com_Milan_Test.CycleOverviewPageTest.Setup(CycleOverviewPageTest.java:87)
	at java.util.concurrent.FutureTask.run(Unknown Source)
	at java.util.concurrent.ThreadPoolExecutor.runWorker(Unknown Source)
	at java.util.concurrent.ThreadPoolExecutor$Worker.run(Unknown Source)
	at java.lang.Thread.run(Unknown Source)
... Removed 25 stack frames]]>
    </failure>
  </testcase> <!-- @BeforeMethod Setup -->
  <testcase name="@BeforeMethod Setup" time="204.142" classname="com_Milan_Test.SimulationChartPageTest">
    <failure type="org.openqa.selenium.NoSuchElementException" message="no such element: Unable to locate element: {&amp;quot;method&amp;quot;:&amp;quot;xpath&amp;quot;,&amp;quot;selector&amp;quot;:&amp;quot;//button[@class=&amp;apos;f-right btn-txt-link&amp;apos;]&amp;quot;}
  (Session info: chrome=67.0.3396.99)
  (Driver info: chromedriver=2.36.540470 (e522d04694c7ebea4ba8821272dbef4f9b818c91),platform=Windows NT 6.3.9600 x86_64) (WARNING: The server did not provide any stacktrace information)
Command duration or timeout: 0 milliseconds
For documentation on this error, please visit: http://seleniumhq.org/exceptions/no_such_element.html
Build info: version: &amp;apos;3.5.3&amp;apos;, revision: &amp;apos;a88d25fe6b&amp;apos;, time: &amp;apos;2017-08-29T12:42:44.417Z&amp;apos;
System info: host: &amp;apos;IVF111&amp;apos;, ip: &amp;apos;192.168.1.56&amp;apos;, os.name: &amp;apos;Windows 8.1&amp;apos;, os.arch: &amp;apos;amd64&amp;apos;, os.version: &amp;apos;6.3&amp;apos;, java.version: &amp;apos;1.8.0_161&amp;apos;
Driver info: org.openqa.selenium.chrome.ChromeDriver
Capabilities [{mobileEmulationEnabled=false, hasTouchScreen=false, platform=WIN8_1, acceptSslCerts=false, acceptInsecureCerts=false, webStorageEnabled=true, browserName=chrome, takesScreenshot=true, javascriptEnabled=true, platformName=WIN8_1, setWindowRect=true, unexpectedAlertBehaviour=, applicationCacheEnabled=false, rotatable=false, networkConnectionEnabled=false, chrome={chromedriverVersion=2.36.540470 (e522d04694c7ebea4ba8821272dbef4f9b818c91), userDataDir=C:\Users\paragb\AppData\Local\Temp\scoped_dir19924_6087}, takesHeapSnapshot=true, pageLoadStrategy=normal, unhandledPromptBehavior=, databaseEnabled=false, handlesAlerts=true, version=67.0.3396.99, browserConnectionEnabled=false, nativeEvents=true, locationContextEnabled=true, cssSelectorsEnabled=true}]
Session ID: 140a85f194d87e300a9083f99039c075
*** Element info: {Using=xpath, value=//button[@class=&amp;apos;f-right btn-txt-link&amp;apos;]}">
      <![CDATA[org.openqa.selenium.NoSuchElementException: no such element: Unable to locate element: {"method":"xpath","selector":"//button[@class='f-right btn-txt-link']"}
  (Session info: chrome=67.0.3396.99)
  (Driver info: chromedriver=2.36.540470 (e522d04694c7ebea4ba8821272dbef4f9b818c91),platform=Windows NT 6.3.9600 x86_64) (WARNING: The server did not provide any stacktrace information)
Command duration or timeout: 0 milliseconds
For documentation on this error, please visit: http://seleniumhq.org/exceptions/no_such_element.html
Build info: version: '3.5.3', revision: 'a88d25fe6b', time: '2017-08-29T12:42:44.417Z'
System info: host: 'IVF111', ip: '192.168.1.56', os.name: 'Windows 8.1', os.arch: 'amd64', os.version: '6.3', java.version: '1.8.0_161'
Driver info: org.openqa.selenium.chrome.ChromeDriver
Capabilities [{mobileEmulationEnabled=false, hasTouchScreen=false, platform=WIN8_1, acceptSslCerts=false, acceptInsecureCerts=false, webStorageEnabled=true, browserName=chrome, takesScreenshot=true, javascriptEnabled=true, platformName=WIN8_1, setWindowRect=true, unexpectedAlertBehaviour=, applicationCacheEnabled=false, rotatable=false, networkConnectionEnabled=false, chrome={chromedriverVersion=2.36.540470 (e522d04694c7ebea4ba8821272dbef4f9b818c91), userDataDir=C:\Users\paragb\AppData\Local\Temp\scoped_dir19924_6087}, takesHeapSnapshot=true, pageLoadStrategy=normal, unhandledPromptBehavior=, databaseEnabled=false, handlesAlerts=true, version=67.0.3396.99, browserConnectionEnabled=false, nativeEvents=true, locationContextEnabled=true, cssSelectorsEnabled=true}]
Session ID: 140a85f194d87e300a9083f99039c075
*** Element info: {Using=xpath, value=//button[@class='f-right btn-txt-link']}
	at org.openqa.selenium.remote.ErrorHandler.createThrowable(ErrorHandler.java:215)
	at org.openqa.selenium.remote.ErrorHandler.throwIfResponseFailed(ErrorHandler.java:167)
	at org.openqa.selenium.remote.http.JsonHttpResponseCodec.reconstructValue(JsonHttpResponseCodec.java:40)
	at org.openqa.selenium.remote.http.AbstractHttpResponseCodec.decode(AbstractHttpResponseCodec.java:82)
	at org.openqa.selenium.remote.http.AbstractHttpResponseCodec.decode(AbstractHttpResponseCodec.java:45)
	at org.openqa.selenium.remote.HttpCommandExecutor.execute(HttpCommandExecutor.java:164)
	at org.openqa.selenium.remote.service.DriverCommandExecutor.execute(DriverCommandExecutor.java:82)
	at org.openqa.selenium.remote.RemoteWebDriver.execute(RemoteWebDriver.java:646)
	at org.openqa.selenium.remote.RemoteWebDriver.findElement(RemoteWebDriver.java:416)
	at org.openqa.selenium.remote.RemoteWebDriver.findElementByXPath(RemoteWebDriver.java:518)
	at org.openqa.selenium.By$ByXPath.findElement(By.java:361)
	at org.openqa.selenium.remote.RemoteWebDriver.findElement(RemoteWebDriver.java:408)
	at org.openqa.selenium.support.events.EventFiringWebDriver$2.invoke(EventFiringWebDriver.java:105)
	at com.sun.proxy.$Proxy9.findElement(Unknown Source)
	at org.openqa.selenium.support.events.EventFiringWebDriver.findElement(EventFiringWebDriver.java:189)
	at org.openqa.selenium.support.pagefactory.DefaultElementLocator.findElement(DefaultElementLocator.java:69)
	at org.openqa.selenium.support.pagefactory.internal.LocatingElementHandler.invoke(LocatingElementHandler.java:38)
	at com.sun.proxy.$Proxy13.isEnabled(Unknown Source)
	at com_milan_POM.CycleListPage.NewCycleButtonEnableCondition(CycleListPage.java:70)
	at com_milan_POM.CycleListPage.ClickonNewCycle(CycleListPage.java:100)
	at com_milan_POM.CycleListPage.NewPatientSaveTheCycle(CycleListPage.java:588)
	at com_Milan_Test.SimulationChartPageTest.Setup(SimulationChartPageTest.java:74)
	at java.util.concurrent.FutureTask.run(Unknown Source)
	at java.util.concurrent.ThreadPoolExecutor.runWorker(Unknown Source)
	at java.util.concurrent.ThreadPoolExecutor$Worker.run(Unknown Source)
	at java.lang.Thread.run(Unknown Source)
... Removed 25 stack frames]]>
    </failure>
  </testcase> <!-- @BeforeMethod Setup -->
  <testcase name="@BeforeMethod Setup" time="0.0" classname="com_Milan_Test.WMenstrualHistoryTest">
    <skipped/>
  </testcase> <!-- @BeforeMethod Setup -->
  <testcase name="@BeforeMethod Setup" time="0.0" classname="com_Milan_Test.CycleOverviewPageTest">
    <skipped/>
  </testcase> <!-- @BeforeMethod Setup -->
  <testcase name="@BeforeMethod Setup" time="0.0" classname="com_Milan_Test.SimulationChartPageTest">
    <skipped/>
  </testcase> <!-- @BeforeMethod Setup -->
  <testcase name="@BeforeMethod Setup" time="75.187" classname="com_Milan_Test.WPastMedicationHistoryTest">
    <failure type="org.openqa.selenium.NoSuchElementException" message="no such element: Unable to locate element: {&amp;quot;method&amp;quot;:&amp;quot;xpath&amp;quot;,&amp;quot;selector&amp;quot;:&amp;quot;(//input[@type=&amp;apos;checkbox&amp;apos;])[1]&amp;quot;}
  (Session info: chrome=67.0.3396.99)
  (Driver info: chromedriver=2.36.540470 (e522d04694c7ebea4ba8821272dbef4f9b818c91),platform=Windows NT 6.3.9600 x86_64) (WARNING: The server did not provide any stacktrace information)
Command duration or timeout: 0 milliseconds
For documentation on this error, please visit: http://seleniumhq.org/exceptions/no_such_element.html
Build info: version: &amp;apos;3.5.3&amp;apos;, revision: &amp;apos;a88d25fe6b&amp;apos;, time: &amp;apos;2017-08-29T12:42:44.417Z&amp;apos;
System info: host: &amp;apos;IVF111&amp;apos;, ip: &amp;apos;192.168.1.56&amp;apos;, os.name: &amp;apos;Windows 8.1&amp;apos;, os.arch: &amp;apos;amd64&amp;apos;, os.version: &amp;apos;6.3&amp;apos;, java.version: &amp;apos;1.8.0_161&amp;apos;
Driver info: org.openqa.selenium.chrome.ChromeDriver
Capabilities [{mobileEmulationEnabled=false, hasTouchScreen=false, platform=WIN8_1, acceptSslCerts=false, acceptInsecureCerts=false, webStorageEnabled=true, browserName=chrome, takesScreenshot=true, javascriptEnabled=true, platformName=WIN8_1, setWindowRect=true, unexpectedAlertBehaviour=, applicationCacheEnabled=false, rotatable=false, networkConnectionEnabled=false, chrome={chromedriverVersion=2.36.540470 (e522d04694c7ebea4ba8821272dbef4f9b818c91), userDataDir=C:\Users\paragb\AppData\Local\Temp\scoped_dir19316_13614}, takesHeapSnapshot=true, pageLoadStrategy=normal, unhandledPromptBehavior=, databaseEnabled=false, handlesAlerts=true, version=67.0.3396.99, browserConnectionEnabled=false, nativeEvents=true, locationContextEnabled=true, cssSelectorsEnabled=true}]
Session ID: 86762d84d3dd9cabd091b33e763a1d23
*** Element info: {Using=xpath, value=(//input[@type=&amp;apos;checkbox&amp;apos;])[1]}">
      <![CDATA[org.openqa.selenium.NoSuchElementException: no such element: Unable to locate element: {"method":"xpath","selector":"(//input[@type='checkbox'])[1]"}
  (Session info: chrome=67.0.3396.99)
  (Driver info: chromedriver=2.36.540470 (e522d04694c7ebea4ba8821272dbef4f9b818c91),platform=Windows NT 6.3.9600 x86_64) (WARNING: The server did not provide any stacktrace information)
Command duration or timeout: 0 milliseconds
For documentation on this error, please visit: http://seleniumhq.org/exceptions/no_such_element.html
Build info: version: '3.5.3', revision: 'a88d25fe6b', time: '2017-08-29T12:42:44.417Z'
System info: host: 'IVF111', ip: '192.168.1.56', os.name: 'Windows 8.1', os.arch: 'amd64', os.version: '6.3', java.version: '1.8.0_161'
Driver info: org.openqa.selenium.chrome.ChromeDriver
Capabilities [{mobileEmulationEnabled=false, hasTouchScreen=false, platform=WIN8_1, acceptSslCerts=false, acceptInsecureCerts=false, webStorageEnabled=true, browserName=chrome, takesScreenshot=true, javascriptEnabled=true, platformName=WIN8_1, setWindowRect=true, unexpectedAlertBehaviour=, applicationCacheEnabled=false, rotatable=false, networkConnectionEnabled=false, chrome={chromedriverVersion=2.36.540470 (e522d04694c7ebea4ba8821272dbef4f9b818c91), userDataDir=C:\Users\paragb\AppData\Local\Temp\scoped_dir19316_13614}, takesHeapSnapshot=true, pageLoadStrategy=normal, unhandledPromptBehavior=, databaseEnabled=false, handlesAlerts=true, version=67.0.3396.99, browserConnectionEnabled=false, nativeEvents=true, locationContextEnabled=true, cssSelectorsEnabled=true}]
Session ID: 86762d84d3dd9cabd091b33e763a1d23
*** Element info: {Using=xpath, value=(//input[@type='checkbox'])[1]}
	at org.openqa.selenium.remote.ErrorHandler.createThrowable(ErrorHandler.java:215)
	at org.openqa.selenium.remote.ErrorHandler.throwIfResponseFailed(ErrorHandler.java:167)
	at org.openqa.selenium.remote.http.JsonHttpResponseCodec.reconstructValue(JsonHttpResponseCodec.java:40)
	at org.openqa.selenium.remote.http.AbstractHttpResponseCodec.decode(AbstractHttpResponseCodec.java:82)
	at org.openqa.selenium.remote.http.AbstractHttpResponseCodec.decode(AbstractHttpResponseCodec.java:45)
	at org.openqa.selenium.remote.HttpCommandExecutor.execute(HttpCommandExecutor.java:164)
	at org.openqa.selenium.remote.service.DriverCommandExecutor.execute(DriverCommandExecutor.java:82)
	at org.openqa.selenium.remote.RemoteWebDriver.execute(RemoteWebDriver.java:646)
	at org.openqa.selenium.remote.RemoteWebDriver.findElement(RemoteWebDriver.java:416)
	at org.openqa.selenium.remote.RemoteWebDriver.findElementByXPath(RemoteWebDriver.java:518)
	at org.openqa.selenium.By$ByXPath.findElement(By.java:361)
	at org.openqa.selenium.remote.RemoteWebDriver.findElement(RemoteWebDriver.java:408)
	at org.openqa.selenium.support.events.EventFiringWebDriver$2.invoke(EventFiringWebDriver.java:105)
	at com.sun.proxy.$Proxy9.findElement(Unknown Source)
	at org.openqa.selenium.support.events.EventFiringWebDriver.findElement(EventFiringWebDriver.java:189)
	at org.openqa.selenium.support.pagefactory.DefaultElementLocator.findElement(DefaultElementLocator.java:69)
	at org.openqa.selenium.support.pagefactory.internal.LocatingElementHandler.invoke(LocatingElementHandler.java:38)
	at com.sun.proxy.$Proxy13.isDisplayed(Unknown Source)
	at com_milan_POM.HomePage.searchPaient(HomePage.java:272)
	at com_Milan_Test.WPastMedicationHistoryTest.Setup(WPastMedicationHistoryTest.java:46)
	at java.util.concurrent.FutureTask.run(Unknown Source)
	at java.util.concurrent.ThreadPoolExecutor.runWorker(Unknown Source)
	at java.util.concurrent.ThreadPoolExecutor$Worker.run(Unknown Source)
	at java.lang.Thread.run(Unknown Source)
... Removed 25 stack frames]]>
    </failure>
  </testcase> <!-- @BeforeMethod Setup -->
  <testcase name="@BeforeMethod Setup" time="0.0" classname="com_Milan_Test.WMenstrualHistoryTest">
    <skipped/>
  </testcase> <!-- @BeforeMethod Setup -->
  <testcase name="@BeforeMethod Setup" time="0.0" classname="com_Milan_Test.CycleOverviewPageTest">
    <skipped/>
  </testcase> <!-- @BeforeMethod Setup -->
  <testcase name="@BeforeMethod Setup" time="0.0" classname="com_Milan_Test.SimulationChartPageTest">
    <skipped/>
  </testcase> <!-- @BeforeMethod Setup -->
  <testcase name="@BeforeMethod Setup" time="0.0" classname="com_Milan_Test.WMenstrualHistoryTest">
    <skipped/>
  </testcase> <!-- @BeforeMethod Setup -->
  <testcase name="@BeforeMethod Setup" time="0.0" classname="com_Milan_Test.CycleOverviewPageTest">
    <skipped/>
  </testcase> <!-- @BeforeMethod Setup -->
  <testcase name="@BeforeMethod Setup" time="0.0" classname="com_Milan_Test.SimulationChartPageTest">
    <skipped/>
  </testcase> <!-- @BeforeMethod Setup -->
  <testcase name="@BeforeMethod Setup" time="0.0" classname="com_Milan_Test.WMenstrualHistoryTest">
    <skipped/>
  </testcase> <!-- @BeforeMethod Setup -->
  <testcase name="@BeforeMethod Setup" time="0.0" classname="com_Milan_Test.SimulationChartPageTest">
    <skipped/>
  </testcase> <!-- @BeforeMethod Setup -->
  <testcase name="@BeforeMethod Setup" time="0.0" classname="com_Milan_Test.WMenstrualHistoryTest">
    <skipped/>
  </testcase> <!-- @BeforeMethod Setup -->
  <testcase name="@BeforeMethod Setup" time="0.0" classname="com_Milan_Test.WMenstrualHistoryTest">
    <skipped/>
  </testcase> <!-- @BeforeMethod Setup -->
  <testcase name="@BeforeMethod Setup" time="0.0" classname="com_Milan_Test.WMenstrualHistoryTest">
    <skipped/>
  </testcase> <!-- @BeforeMethod Setup -->
  <testcase name="@BeforeMethod setup" time="76.238" classname="com_Milan_Test.WomenHistoryPageTest">
    <failure type="org.openqa.selenium.NoSuchElementException" message="no such element: Unable to locate element: {&amp;quot;method&amp;quot;:&amp;quot;xpath&amp;quot;,&amp;quot;selector&amp;quot;:&amp;quot;(//input[@type=&amp;apos;checkbox&amp;apos;])[1]&amp;quot;}
  (Session info: chrome=67.0.3396.99)
  (Driver info: chromedriver=2.36.540470 (e522d04694c7ebea4ba8821272dbef4f9b818c91),platform=Windows NT 6.3.9600 x86_64) (WARNING: The server did not provide any stacktrace information)
Command duration or timeout: 0 milliseconds
For documentation on this error, please visit: http://seleniumhq.org/exceptions/no_such_element.html
Build info: version: &amp;apos;3.5.3&amp;apos;, revision: &amp;apos;a88d25fe6b&amp;apos;, time: &amp;apos;2017-08-29T12:42:44.417Z&amp;apos;
System info: host: &amp;apos;IVF111&amp;apos;, ip: &amp;apos;192.168.1.56&amp;apos;, os.name: &amp;apos;Windows 8.1&amp;apos;, os.arch: &amp;apos;amd64&amp;apos;, os.version: &amp;apos;6.3&amp;apos;, java.version: &amp;apos;1.8.0_161&amp;apos;
Driver info: org.openqa.selenium.chrome.ChromeDriver
Capabilities [{mobileEmulationEnabled=false, hasTouchScreen=false, platform=WIN8_1, acceptSslCerts=false, acceptInsecureCerts=false, webStorageEnabled=true, browserName=chrome, takesScreenshot=true, javascriptEnabled=true, platformName=WIN8_1, setWindowRect=true, unexpectedAlertBehaviour=, applicationCacheEnabled=false, rotatable=false, networkConnectionEnabled=false, chrome={chromedriverVersion=2.36.540470 (e522d04694c7ebea4ba8821272dbef4f9b818c91), userDataDir=C:\Users\paragb\AppData\Local\Temp\scoped_dir19660_22183}, takesHeapSnapshot=true, pageLoadStrategy=normal, unhandledPromptBehavior=, databaseEnabled=false, handlesAlerts=true, version=67.0.3396.99, browserConnectionEnabled=false, nativeEvents=true, locationContextEnabled=true, cssSelectorsEnabled=true}]
Session ID: 85880d5adbfac04a0bdf21136a7788d6
*** Element info: {Using=xpath, value=(//input[@type=&amp;apos;checkbox&amp;apos;])[1]}">
      <![CDATA[org.openqa.selenium.NoSuchElementException: no such element: Unable to locate element: {"method":"xpath","selector":"(//input[@type='checkbox'])[1]"}
  (Session info: chrome=67.0.3396.99)
  (Driver info: chromedriver=2.36.540470 (e522d04694c7ebea4ba8821272dbef4f9b818c91),platform=Windows NT 6.3.9600 x86_64) (WARNING: The server did not provide any stacktrace information)
Command duration or timeout: 0 milliseconds
For documentation on this error, please visit: http://seleniumhq.org/exceptions/no_such_element.html
Build info: version: '3.5.3', revision: 'a88d25fe6b', time: '2017-08-29T12:42:44.417Z'
System info: host: 'IVF111', ip: '192.168.1.56', os.name: 'Windows 8.1', os.arch: 'amd64', os.version: '6.3', java.version: '1.8.0_161'
Driver info: org.openqa.selenium.chrome.ChromeDriver
Capabilities [{mobileEmulationEnabled=false, hasTouchScreen=false, platform=WIN8_1, acceptSslCerts=false, acceptInsecureCerts=false, webStorageEnabled=true, browserName=chrome, takesScreenshot=true, javascriptEnabled=true, platformName=WIN8_1, setWindowRect=true, unexpectedAlertBehaviour=, applicationCacheEnabled=false, rotatable=false, networkConnectionEnabled=false, chrome={chromedriverVersion=2.36.540470 (e522d04694c7ebea4ba8821272dbef4f9b818c91), userDataDir=C:\Users\paragb\AppData\Local\Temp\scoped_dir19660_22183}, takesHeapSnapshot=true, pageLoadStrategy=normal, unhandledPromptBehavior=, databaseEnabled=false, handlesAlerts=true, version=67.0.3396.99, browserConnectionEnabled=false, nativeEvents=true, locationContextEnabled=true, cssSelectorsEnabled=true}]
Session ID: 85880d5adbfac04a0bdf21136a7788d6
*** Element info: {Using=xpath, value=(//input[@type='checkbox'])[1]}
	at org.openqa.selenium.remote.ErrorHandler.createThrowable(ErrorHandler.java:215)
	at org.openqa.selenium.remote.ErrorHandler.throwIfResponseFailed(ErrorHandler.java:167)
	at org.openqa.selenium.remote.http.JsonHttpResponseCodec.reconstructValue(JsonHttpResponseCodec.java:40)
	at org.openqa.selenium.remote.http.AbstractHttpResponseCodec.decode(AbstractHttpResponseCodec.java:82)
	at org.openqa.selenium.remote.http.AbstractHttpResponseCodec.decode(AbstractHttpResponseCodec.java:45)
	at org.openqa.selenium.remote.HttpCommandExecutor.execute(HttpCommandExecutor.java:164)
	at org.openqa.selenium.remote.service.DriverCommandExecutor.execute(DriverCommandExecutor.java:82)
	at org.openqa.selenium.remote.RemoteWebDriver.execute(RemoteWebDriver.java:646)
	at org.openqa.selenium.remote.RemoteWebDriver.findElement(RemoteWebDriver.java:416)
	at org.openqa.selenium.remote.RemoteWebDriver.findElementByXPath(RemoteWebDriver.java:518)
	at org.openqa.selenium.By$ByXPath.findElement(By.java:361)
	at org.openqa.selenium.remote.RemoteWebDriver.findElement(RemoteWebDriver.java:408)
	at org.openqa.selenium.support.events.EventFiringWebDriver$2.invoke(EventFiringWebDriver.java:105)
	at com.sun.proxy.$Proxy9.findElement(Unknown Source)
	at org.openqa.selenium.support.events.EventFiringWebDriver.findElement(EventFiringWebDriver.java:189)
	at org.openqa.selenium.support.pagefactory.DefaultElementLocator.findElement(DefaultElementLocator.java:69)
	at org.openqa.selenium.support.pagefactory.internal.LocatingElementHandler.invoke(LocatingElementHandler.java:38)
	at com.sun.proxy.$Proxy13.isDisplayed(Unknown Source)
	at com_milan_POM.HomePage.searchPaient(HomePage.java:272)
	at com_Milan_Test.WomenHistoryPageTest.setup(WomenHistoryPageTest.java:55)
	at java.util.concurrent.FutureTask.run(Unknown Source)
	at java.util.concurrent.ThreadPoolExecutor.runWorker(Unknown Source)
	at java.util.concurrent.ThreadPoolExecutor$Worker.run(Unknown Source)
	at java.lang.Thread.run(Unknown Source)
... Removed 24 stack frames]]>
    </failure>
  </testcase> <!-- @BeforeMethod setup -->
  <testcase name="@BeforeMethod setup" time="0.0" classname="com_Milan_Test.WomenHistoryPageTest">
    <skipped/>
  </testcase> <!-- @BeforeMethod setup -->
  <testcase name="SearchPatientUsingCalenderTest" time="17.218" classname="com_Milan_Test.SearchPageTest"/>
  <testcase name="AddOneServiceAtleastMessageTest" time="3.808" classname="com_Milan_Test.WOPUCycyclePageTest"/>
  <testcase name="InvalidusernameTest" time="3.379" classname="com_Milan_Test.LoginPageTest"/>
  <testcase name="DrugNameTest" time="6.185" classname="com_Milan_Test.WPastMedicationHistoryTest"/>
  <testcase name="NumberOfComplaintsTest" time="30.34" classname="com_Milan_Test.WcomplaintsTest"/>
  <testcase name="AllergySelectionTest" time="68.313" classname="com_Milan_Test.WAllergiesTest"/>
  <testcase name="ClickOnOtherDiagnosisTest" time="20.556" classname="com_Milan_Test.FemaleDiagnosisTest"/>
  <testcase name="SexualHistoryTest" time="0.306" classname="com_Milan_Test.WomenHistoryPageTest"/>
  <testcase name="ClickonNewCycleTest" time="5.963" classname="com_Milan_Test.CycleListPageTest"/>
  <testcase name="BirthWeightValueTextTest" time="0.32" classname="com_Milan_Test.WObstetricHistoryPageTest"/>
  <testcase name="AgeOfMenarcheRangeSartTest" time="0.0" classname="com_Milan_Test.WMenstrualHistoryTest">
    <skipped/>
  </testcase> <!-- AgeOfMenarcheRangeSartTest -->
  <testcase name="BMITest" time="2.427" classname="com_Milan_Test.WVitalsTest"/>
  <testcase name="BMITest" time="2.464" classname="com_Milan_Test.WVitalsTest"/>
  <testcase name="BMITest" time="2.455" classname="com_Milan_Test.WVitalsTest"/>
  <testcase name="BMITest" time="2.467" classname="com_Milan_Test.WVitalsTest"/>
  <testcase name="BMITest" time="2.481" classname="com_Milan_Test.WVitalsTest"/>
  <testcase name="BPSystolicBundryValueTest" time="0.167" classname="com_Milan_Test.WVitalsTest"/>
  <testcase name="BPSystolicBundryValueTest" time="0.21" classname="com_Milan_Test.WVitalsTest"/>
  <testcase name="BPSystolicBundryValueTest" time="0.179" classname="com_Milan_Test.WVitalsTest"/>
  <testcase name="BPSystolicBundryValueTest" time="0.138" classname="com_Milan_Test.WVitalsTest"/>
  <testcase name="BPSystolicBundryValueTest" time="0.134" classname="com_Milan_Test.WVitalsTest"/>
  <testcase name="ValueInSourceofSpermOptionTest" time="0.0" classname="com_Milan_Test.CycleOverviewPageTest">
    <skipped/>
  </testcase> <!-- ValueInSourceofSpermOptionTest -->
  <testcase name="ClickonWoomenPaientFieldTest" time="30.988" classname="com_Milan_Test.EMRDashBoardPageTest"/>
  <testcase name="AddDrugNames" time="0.0" classname="com_Milan_Test.SimulationChartPageTest">
    <skipped/>
  </testcase> <!-- AddDrugNames -->
  <testcase name="InrelationshipsinceYearsTest" time="0.125" classname="com_Milan_Test.WSexsualHistoryTest"/>
  <testcase name="SearchPatientUsingPatientTabTest" time="39.113" classname="com_Milan_Test.SearchPageTest"/>
  <testcase name="AleadySavedCycleTest" time="31.861" classname="com_Milan_Test.WOPUCycyclePageTest"/>
  <testcase name="InvalidPasswordTest" time="6.702" classname="com_Milan_Test.LoginPageTest"/>
  <testcase name="IVFPACKAGEARTCyclecountTest" time="5.936" classname="com_Milan_Test.WInvestigationPageTest"/>
  <testcase name="DrugNameFieldEnableconditionTest" time="6.313" classname="com_Milan_Test.WPastMedicationHistoryTest"/>
  <testcase name="SaveTheComplaintsTest" time="102.986" classname="com_Milan_Test.WcomplaintsTest">
    <skipped/>
  </testcase> <!-- SaveTheComplaintsTest -->
  <testcase name="SaveTheComplaintsTest" time="30.166" classname="com_Milan_Test.WcomplaintsTest">
    <skipped/>
  </testcase> <!-- SaveTheComplaintsTest -->
  <testcase name="SaveTheComplaintsTest" time="30.564" classname="com_Milan_Test.WcomplaintsTest">
    <failure type="org.openqa.selenium.NoSuchElementException" message="Cannot locate element with text: Decreased
For documentation on this error, please visit: http://seleniumhq.org/exceptions/no_such_element.html
Build info: version: &amp;apos;3.5.3&amp;apos;, revision: &amp;apos;a88d25fe6b&amp;apos;, time: &amp;apos;2017-08-29T12:42:44.417Z&amp;apos;
System info: host: &amp;apos;IVF111&amp;apos;, ip: &amp;apos;192.168.1.56&amp;apos;, os.name: &amp;apos;Windows 8.1&amp;apos;, os.arch: &amp;apos;amd64&amp;apos;, os.version: &amp;apos;6.3&amp;apos;, java.version: &amp;apos;1.8.0_161&amp;apos;
Driver info: driver.version: unknown">
      <![CDATA[org.openqa.selenium.NoSuchElementException: Cannot locate element with text: Decreased
For documentation on this error, please visit: http://seleniumhq.org/exceptions/no_such_element.html
Build info: version: '3.5.3', revision: 'a88d25fe6b', time: '2017-08-29T12:42:44.417Z'
System info: host: 'IVF111', ip: '192.168.1.56', os.name: 'Windows 8.1', os.arch: 'amd64', os.version: '6.3', java.version: '1.8.0_161'
Driver info: driver.version: unknown
	at org.openqa.selenium.support.ui.Select.selectByVisibleText(Select.java:151)
	at com_milan_POM.WComplaintsPage.ExistingPatientPresentingComplaints(WComplaintsPage.java:145)
	at com_milan_POM.WComplaintsPage.SaveTheComplaints(WComplaintsPage.java:364)
	at com_Milan_Test.WcomplaintsTest.SaveTheComplaintsTest(WcomplaintsTest.java:55)
	at java.util.concurrent.FutureTask.run(Unknown Source)
	at java.util.concurrent.ThreadPoolExecutor.runWorker(Unknown Source)
	at java.util.concurrent.ThreadPoolExecutor$Worker.run(Unknown Source)
	at java.lang.Thread.run(Unknown Source)
... Removed 16 stack frames]]>
    </failure>
  </testcase> <!-- SaveTheComplaintsTest -->
  <testcase name="CodevalueTest" time="0.001" classname="com_Milan_Test.FemaleDiagnosisTest"/>
  <testcase name="ObstetricHistoryTest" time="0.218" classname="com_Milan_Test.WomenHistoryPageTest"/>
  <testcase name="CycleListTitleTest" time="1.222" classname="com_Milan_Test.CycleListPageTest"/>
  <testcase name="BirthWeightEnableConditionTest" time="0.258" classname="com_Milan_Test.WObstetricHistoryPageTest"/>
  <testcase name="MenarcheRangeEndTest" time="0.0" classname="com_Milan_Test.WMenstrualHistoryTest">
    <skipped/>
  </testcase> <!-- MenarcheRangeEndTest -->
  <testcase name="SaveAllVitalsValuesTest" time="2.928" classname="com_Milan_Test.WVitalsTest"/>
  <testcase name="SaveAllVitalsValuesTest" time="2.95" classname="com_Milan_Test.WVitalsTest"/>
  <testcase name="SaveAllVitalsValuesTest" time="2.928" classname="com_Milan_Test.WVitalsTest"/>
  <testcase name="SaveAllVitalsValuesTest" time="2.926" classname="com_Milan_Test.WVitalsTest"/>
  <testcase name="SaveAllVitalsValuesTest" time="2.895" classname="com_Milan_Test.WVitalsTest"/>
  <testcase name="ValueInMethodOfSemenCollectionOptionTest" time="0.0" classname="com_Milan_Test.CycleOverviewPageTest">
    <skipped/>
  </testcase> <!-- ValueInMethodOfSemenCollectionOptionTest -->
  <testcase name="ClickOnMenPaientHistory" time="30.881" classname="com_Milan_Test.EMRDashBoardPageTest"/>
  <testcase name="EnableconditionAddSimulationDrugTest" time="0.0" classname="com_Milan_Test.SimulationChartPageTest">
    <skipped/>
  </testcase> <!-- EnableconditionAddSimulationDrugTest -->
  <testcase name="testRelationtlists" time="0.919" classname="com_Milan_Test.WSexsualHistoryTest"/>
  <testcase name="SearchPatientUsingPatientTabTest" time="11.609" classname="com_Milan_Test.HomePageTest"/>
  <testcase name="SaveOPUsubtypeICSITest" time="72.799" classname="com_Milan_Test.WOPUCycyclePageTest"/>
  <testcase name="ButtonEnableConditionTest" time="0.131" classname="com_Milan_Test.LoginPageTest"/>
  <testcase name="OUIARTSubTypesTest" time="8.084" classname="com_Milan_Test.WInvestigationPageTest"/>
  <testcase name="pastMedicationHistorysetdataTest" time="0.0" classname="com_Milan_Test.WPastMedicationHistoryTest">
    <skipped/>
  </testcase> <!-- pastMedicationHistorysetdataTest -->
  <testcase name="NextFollowUpTest" time="0.477" classname="com_Milan_Test.WcomplaintsTest">
    <skipped/>
  </testcase> <!-- NextFollowUpTest -->
  <testcase name="NextFollowUpTest" time="0.495" classname="com_Milan_Test.WcomplaintsTest">
    <skipped/>
  </testcase> <!-- NextFollowUpTest -->
  <testcase name="NextFollowUpTest" time="0.504" classname="com_Milan_Test.WcomplaintsTest">
    <failure type="java.lang.AssertionError" message="expected [false] but found [true]">
      <![CDATA[java.lang.AssertionError: expected [false] but found [true]
	at com_Milan_Test.WcomplaintsTest.NextFollowUpTest(WcomplaintsTest.java:76)
	at java.util.concurrent.FutureTask.run(Unknown Source)
	at java.util.concurrent.ThreadPoolExecutor.runWorker(Unknown Source)
	at java.util.concurrent.ThreadPoolExecutor$Worker.run(Unknown Source)
	at java.lang.Thread.run(Unknown Source)
... Removed 20 stack frames]]>
    </failure>
  </testcase> <!-- NextFollowUpTest -->
  <testcase name="AddFavoriteFromListTest" time="6.959" classname="com_Milan_Test.FemaleDiagnosisTest"/>
  <testcase name="MedicalHistoryTest" time="0.229" classname="com_Milan_Test.WomenHistoryPageTest"/>
  <testcase name="NewCycleButtonEnableConditionTest" time="2.126" classname="com_Milan_Test.CycleListPageTest"/>
  <testcase name="ValueInAbortiontionTest" time="0.252" classname="com_Milan_Test.WObstetricHistoryPageTest"/>
  <testcase name="LMPcalenderdateSelectionTest" time="0.0" classname="com_Milan_Test.WMenstrualHistoryTest">
    <skipped/>
  </testcase> <!-- LMPcalenderdateSelectionTest -->
  <testcase name="ValueInProtocolTest" time="0.0" classname="com_Milan_Test.CycleOverviewPageTest">
    <skipped/>
  </testcase> <!-- ValueInProtocolTest -->
  <testcase name="ClickOnDiagnosisTest" time="33.25" classname="com_Milan_Test.EMRDashBoardPageTest"/>
  <testcase name="SaveSimulationTest" time="0.0" classname="com_Milan_Test.SimulationChartPageTest">
    <skipped/>
  </testcase> <!-- SaveSimulationTest -->
  <testcase name="textboxSexualDysfunctionTest" time="0.389" classname="com_Milan_Test.WSexsualHistoryTest"/>
  <testcase name="SearchPatientUsingCalenderTest" time="19.501" classname="com_Milan_Test.HomePageTest"/>
  <testcase name="MessageforAlreadtyavailableCycleTest" time="107.096" classname="com_Milan_Test.WOPUCycyclePageTest"/>
  <testcase name="LoginTest" time="2.603" classname="com_Milan_Test.LoginPageTest"/>
  <testcase name="UnFavoriteTheFavioriteTest" time="8.408" classname="com_Milan_Test.FemaleDiagnosisTest"/>
  <testcase name="FamilyHistoryTest" time="30.249" classname="com_Milan_Test.WomenHistoryPageTest"/>
  <testcase name="EnabledconditionARTTypeTest" time="7.084" classname="com_Milan_Test.CycleListPageTest"/>
  <testcase name="ValueInLivebirthoptionTest" time="0.265" classname="com_Milan_Test.WObstetricHistoryPageTest"/>
  <testcase name="AmenorrheaTypeTest" time="0.0" classname="com_Milan_Test.WMenstrualHistoryTest">
    <skipped/>
  </testcase> <!-- AmenorrheaTypeTest -->
  <testcase name="ValueInARTTypeTest" time="0.0" classname="com_Milan_Test.CycleOverviewPageTest">
    <skipped/>
  </testcase> <!-- ValueInARTTypeTest -->
  <testcase name="ClickOnInvestigationTest" time="2.217" classname="com_Milan_Test.EMRDashBoardPageTest"/>
  <testcase name="SimulationDrugValidationTest" time="0.0" classname="com_Milan_Test.SimulationChartPageTest">
    <skipped/>
  </testcase> <!-- SimulationDrugValidationTest -->
  <testcase name="FillSexsuslHistorytest" time="5.491" classname="com_Milan_Test.WSexsualHistoryTest"/>
  <testcase name="ClickOnCmrTest" time="34.472" classname="com_Milan_Test.HomePageTest"/>
  <testcase name="ARTCycleAvailabilityMessageBeforeSaveTheCycleTest" time="106.943" classname="com_Milan_Test.WOPUCycyclePageTest"/>
  <testcase name="TypeSelectionboxEnableconditionForOtherfavorireTest" time="0.328" classname="com_Milan_Test.FemaleDiagnosisTest"/>
  <testcase name="SurgicalHistoryTest" time="0.185" classname="com_Milan_Test.WomenHistoryPageTest"/>
  <testcase name="ARTTypeOptionTest" time="35.709" classname="com_Milan_Test.CycleListPageTest"/>
  <testcase name="ValueInEctopicTest" time="0.228" classname="com_Milan_Test.WObstetricHistoryPageTest"/>
  <testcase name="CycleDurationTest" time="0.0" classname="com_Milan_Test.WMenstrualHistoryTest">
    <skipped/>
  </testcase> <!-- CycleDurationTest -->
  <testcase name="ClickOnVitalTest" time="32.314" classname="com_Milan_Test.EMRDashBoardPageTest"/>
  <testcase name="InvalidDateTest" time="0.0" classname="com_Milan_Test.SimulationChartPageTest">
    <skipped/>
  </testcase> <!-- InvalidDateTest -->
  <testcase name="SexInrelationshipsinceMonthsTest" time="5.652" classname="com_Milan_Test.WSexsualHistoryTest"/>
  <testcase name="SearchcycleTest" time="3.872" classname="com_Milan_Test.WOPUCycyclePageTest"/>
  <testcase name="PreviousTreatmentHistoryTest" time="0.207" classname="com_Milan_Test.WomenHistoryPageTest"/>
  <testcase name="ProtocolandselectionTest" time="38.533" classname="com_Milan_Test.CycleListPageTest"/>
  <testcase name="DeliveryTypeEnableconditionTest" time="0.337" classname="com_Milan_Test.WObstetricHistoryPageTest"/>
  <testcase name="SavevaluesTest" time="0.0" classname="com_Milan_Test.WMenstrualHistoryTest">
    <skipped/>
  </testcase> <!-- SavevaluesTest -->
  <testcase name="ClickOnComplaintTest" time="4.053" classname="com_Milan_Test.EMRDashBoardPageTest"/>
  <testcase name="numberofcharacterexualDysfunctionTest" time="0.445" classname="com_Milan_Test.WSexsualHistoryTest"/>
  <testcase name="DeleteTheSeviceBeforeSaveThecycleTest" time="32.035" classname="com_Milan_Test.WOPUCycyclePageTest">
    <skipped/>
  </testcase> <!-- DeleteTheSeviceBeforeSaveThecycleTest -->
  <testcase name="DeleteTheSeviceBeforeSaveThecycleTest" time="32.116" classname="com_Milan_Test.WOPUCycyclePageTest">
    <skipped/>
  </testcase> <!-- DeleteTheSeviceBeforeSaveThecycleTest -->
  <testcase name="DeleteTheSeviceBeforeSaveThecycleTest" time="32.507" classname="com_Milan_Test.WOPUCycyclePageTest">
    <failure type="org.openqa.selenium.NoSuchElementException" message="no such element: Unable to locate element: {&amp;quot;method&amp;quot;:&amp;quot;xpath&amp;quot;,&amp;quot;selector&amp;quot;:&amp;quot;//table[@class=&amp;apos;table table-hover table-striped&amp;apos;]//tbody//tr//td[3]/a&amp;quot;}
  (Session info: chrome=67.0.3396.99)
  (Driver info: chromedriver=2.36.540470 (e522d04694c7ebea4ba8821272dbef4f9b818c91),platform=Windows NT 6.3.9600 x86_64) (WARNING: The server did not provide any stacktrace information)
Command duration or timeout: 0 milliseconds
For documentation on this error, please visit: http://seleniumhq.org/exceptions/no_such_element.html
Build info: version: &amp;apos;3.5.3&amp;apos;, revision: &amp;apos;a88d25fe6b&amp;apos;, time: &amp;apos;2017-08-29T12:42:44.417Z&amp;apos;
System info: host: &amp;apos;IVF111&amp;apos;, ip: &amp;apos;192.168.1.56&amp;apos;, os.name: &amp;apos;Windows 8.1&amp;apos;, os.arch: &amp;apos;amd64&amp;apos;, os.version: &amp;apos;6.3&amp;apos;, java.version: &amp;apos;1.8.0_161&amp;apos;
Driver info: org.openqa.selenium.chrome.ChromeDriver
Capabilities [{mobileEmulationEnabled=false, hasTouchScreen=false, platform=WIN8_1, acceptSslCerts=false, acceptInsecureCerts=false, webStorageEnabled=true, browserName=chrome, takesScreenshot=true, javascriptEnabled=true, platformName=WIN8_1, setWindowRect=true, unexpectedAlertBehaviour=, applicationCacheEnabled=false, rotatable=false, networkConnectionEnabled=false, chrome={chromedriverVersion=2.36.540470 (e522d04694c7ebea4ba8821272dbef4f9b818c91), userDataDir=C:\Users\paragb\AppData\Local\Temp\scoped_dir20668_8953}, takesHeapSnapshot=true, pageLoadStrategy=normal, unhandledPromptBehavior=, databaseEnabled=false, handlesAlerts=true, version=67.0.3396.99, browserConnectionEnabled=false, nativeEvents=true, locationContextEnabled=true, cssSelectorsEnabled=true}]
Session ID: c598d682cff041dd6056a4b4ae649b29
*** Element info: {Using=xpath, value=//table[@class=&amp;apos;table table-hover table-striped&amp;apos;]//tbody//tr//td[3]/a}">
      <![CDATA[org.openqa.selenium.NoSuchElementException: no such element: Unable to locate element: {"method":"xpath","selector":"//table[@class='table table-hover table-striped']//tbody//tr//td[3]/a"}
  (Session info: chrome=67.0.3396.99)
  (Driver info: chromedriver=2.36.540470 (e522d04694c7ebea4ba8821272dbef4f9b818c91),platform=Windows NT 6.3.9600 x86_64) (WARNING: The server did not provide any stacktrace information)
Command duration or timeout: 0 milliseconds
For documentation on this error, please visit: http://seleniumhq.org/exceptions/no_such_element.html
Build info: version: '3.5.3', revision: 'a88d25fe6b', time: '2017-08-29T12:42:44.417Z'
System info: host: 'IVF111', ip: '192.168.1.56', os.name: 'Windows 8.1', os.arch: 'amd64', os.version: '6.3', java.version: '1.8.0_161'
Driver info: org.openqa.selenium.chrome.ChromeDriver
Capabilities [{mobileEmulationEnabled=false, hasTouchScreen=false, platform=WIN8_1, acceptSslCerts=false, acceptInsecureCerts=false, webStorageEnabled=true, browserName=chrome, takesScreenshot=true, javascriptEnabled=true, platformName=WIN8_1, setWindowRect=true, unexpectedAlertBehaviour=, applicationCacheEnabled=false, rotatable=false, networkConnectionEnabled=false, chrome={chromedriverVersion=2.36.540470 (e522d04694c7ebea4ba8821272dbef4f9b818c91), userDataDir=C:\Users\paragb\AppData\Local\Temp\scoped_dir20668_8953}, takesHeapSnapshot=true, pageLoadStrategy=normal, unhandledPromptBehavior=, databaseEnabled=false, handlesAlerts=true, version=67.0.3396.99, browserConnectionEnabled=false, nativeEvents=true, locationContextEnabled=true, cssSelectorsEnabled=true}]
Session ID: c598d682cff041dd6056a4b4ae649b29
*** Element info: {Using=xpath, value=//table[@class='table table-hover table-striped']//tbody//tr//td[3]/a}
	at org.openqa.selenium.remote.ErrorHandler.createThrowable(ErrorHandler.java:215)
	at org.openqa.selenium.remote.ErrorHandler.throwIfResponseFailed(ErrorHandler.java:167)
	at org.openqa.selenium.remote.http.JsonHttpResponseCodec.reconstructValue(JsonHttpResponseCodec.java:40)
	at org.openqa.selenium.remote.http.AbstractHttpResponseCodec.decode(AbstractHttpResponseCodec.java:82)
	at org.openqa.selenium.remote.http.AbstractHttpResponseCodec.decode(AbstractHttpResponseCodec.java:45)
	at org.openqa.selenium.remote.HttpCommandExecutor.execute(HttpCommandExecutor.java:164)
	at org.openqa.selenium.remote.service.DriverCommandExecutor.execute(DriverCommandExecutor.java:82)
	at org.openqa.selenium.remote.RemoteWebDriver.execute(RemoteWebDriver.java:646)
	at org.openqa.selenium.remote.RemoteWebDriver.findElement(RemoteWebDriver.java:416)
	at org.openqa.selenium.remote.RemoteWebDriver.findElementByXPath(RemoteWebDriver.java:518)
	at org.openqa.selenium.By$ByXPath.findElement(By.java:361)
	at org.openqa.selenium.remote.RemoteWebDriver.findElement(RemoteWebDriver.java:408)
	at org.openqa.selenium.support.events.EventFiringWebDriver$2.invoke(EventFiringWebDriver.java:105)
	at com.sun.proxy.$Proxy9.findElement(Unknown Source)
	at org.openqa.selenium.support.events.EventFiringWebDriver.findElement(EventFiringWebDriver.java:189)
	at org.openqa.selenium.support.pagefactory.DefaultElementLocator.findElement(DefaultElementLocator.java:69)
	at org.openqa.selenium.support.pagefactory.internal.LocatingElementHandler.invoke(LocatingElementHandler.java:38)
	at com.sun.proxy.$Proxy13.isDisplayed(Unknown Source)
	at com_milan_POM.WOPUCycyclePage.CycleAvailability(WOPUCycyclePage.java:349)
	at com_Milan_Test.WOPUCycyclePageTest.DeleteTheSeviceBeforeSaveThecycleTest(WOPUCycyclePageTest.java:192)
	at java.util.concurrent.FutureTask.run(Unknown Source)
	at java.util.concurrent.ThreadPoolExecutor.runWorker(Unknown Source)
	at java.util.concurrent.ThreadPoolExecutor$Worker.run(Unknown Source)
	at java.lang.Thread.run(Unknown Source)
... Removed 23 stack frames]]>
    </failure>
  </testcase> <!-- DeleteTheSeviceBeforeSaveThecycleTest -->
  <testcase name="checkboxclickTest" time="6.659" classname="com_Milan_Test.FemaleDiagnosisTest"/>
  <testcase name="pastMedicationHistoryTest" time="0.257" classname="com_Milan_Test.WomenHistoryPageTest"/>
  <testcase name="MethodOfSemenCollectionTest" time="36.135" classname="com_Milan_Test.CycleListPageTest"/>
  <testcase name="LiveBirthEnableTest" time="0.075" classname="com_Milan_Test.WObstetricHistoryPageTest"/>
  <testcase name="MenstruationTest1" time="0.0" classname="com_Milan_Test.WMenstrualHistoryTest">
    <skipped/>
  </testcase> <!-- MenstruationTest1 -->
  <testcase name="DyspareuniatextTest" time="0.252" classname="com_Milan_Test.WSexsualHistoryTest"/>
  <testcase name="ClickonCycletabTest" time="82.576" classname="com_Milan_Test.WOPUCycyclePageTest"/>
  <testcase name="NoofCyclesTest" time="36.786" classname="com_Milan_Test.WOPUCycyclePageTest"/>
  <testcase name="AllergiesTest" time="0.186" classname="com_Milan_Test.WomenHistoryPageTest"/>
  <testcase name="SourceofspermPartnerTest" time="36.567" classname="com_Milan_Test.CycleListPageTest"/>
  <testcase name="RowGridEnableTest" time="0.045" classname="com_Milan_Test.WObstetricHistoryPageTest"/>
  <testcase name="MenstrualFlowtextTest" time="0.0" classname="com_Milan_Test.WMenstrualHistoryTest">
    <skipped/>
  </testcase> <!-- MenstrualFlowtextTest -->
  <testcase name="Lubricationusedtext" time="0.262" classname="com_Milan_Test.WSexsualHistoryTest"/>
  <testcase name="AddictionsTest" time="0.258" classname="com_Milan_Test.WomenHistoryPageTest"/>
  <testcase name="VaccinationTest" time="90.122" classname="com_Milan_Test.WomenHistoryPageTest">
    <skipped/>
  </testcase> <!-- VaccinationTest -->
  <testcase name="VaccinationTest" time="0.0" classname="com_Milan_Test.WomenHistoryPageTest">
    <skipped/>
  </testcase> <!-- VaccinationTest -->
  <testcase name="SourceofSpermselectionDonorTest" time="37.994" classname="com_Milan_Test.CycleListPageTest"/>
  <testcase name="StillBornEnableTest" time="0.048" classname="com_Milan_Test.WObstetricHistoryPageTest"/>
  <testcase name="Remarktexttest" time="2.661" classname="com_Milan_Test.WSexsualHistoryTest"/>
  <testcase name="socialHistoryTest" time="0.0" classname="com_Milan_Test.WomenHistoryPageTest">
    <skipped/>
  </testcase> <!-- socialHistoryTest -->
  <testcase name="SimulationDrugTest" time="37.107" classname="com_Milan_Test.CycleListPageTest"/>
  <testcase name="EctopiccEnableCondititionTest" time="0.055" classname="com_Milan_Test.WObstetricHistoryPageTest"/>
  <testcase name="TryingToConcieveSinceYearTest" time="0.001" classname="com_Milan_Test.WSexsualHistoryTest"/>
  <testcase name="LMPDateTest" time="37.587" classname="com_Milan_Test.CycleListPageTest"/>
  <testcase name="AbortionEnableCondititionTest" time="0.055" classname="com_Milan_Test.WObstetricHistoryPageTest"/>
  <testcase name="TryingToConcieveSinceMonthTest" time="0.0" classname="com_Milan_Test.WSexsualHistoryTest"/>
  <testcase name="SaveTheCycleTest" time="112.053" classname="com_Milan_Test.CycleListPageTest">
    <skipped/>
  </testcase> <!-- SaveTheCycleTest -->
  <testcase name="SaveTheCycleTest" time="4.665" classname="com_Milan_Test.CycleListPageTest">
    <skipped/>
  </testcase> <!-- SaveTheCycleTest -->
  <testcase name="SaveTheCycleTest" time="5.564" classname="com_Milan_Test.CycleListPageTest">
    <failure type="java.lang.AssertionError" message="expected [Record updated successfully.] but found [Cycle is closed,You can not update.]">
      <![CDATA[java.lang.AssertionError: expected [Record updated successfully.] but found [Cycle is closed,You can not update.]
	at com_Milan_Test.CycleListPageTest.SaveTheCycleTest(CycleListPageTest.java:358)
	at java.util.concurrent.FutureTask.run(Unknown Source)
	at java.util.concurrent.ThreadPoolExecutor.runWorker(Unknown Source)
	at java.util.concurrent.ThreadPoolExecutor$Worker.run(Unknown Source)
	at java.lang.Thread.run(Unknown Source)
... Removed 22 stack frames]]>
    </failure>
  </testcase> <!-- SaveTheCycleTest -->
  <testcase name="DeliveryEnableCondititionTest" time="0.227" classname="com_Milan_Test.WObstetricHistoryPageTest"/>
  <testcase name="ComplicationsEnableCondititionTest" time="0.27" classname="com_Milan_Test.WObstetricHistoryPageTest"/>
  <testcase name="CongenitalAnamolyEnableCondititionTest" time="0.266" classname="com_Milan_Test.WObstetricHistoryPageTest"/>
  <testcase name="LiveBirthPretermconditionTest" time="0.567" classname="com_Milan_Test.WObstetricHistoryPageTest"/>
  <testcase name="LiveBirthFullTermconditionTest" time="0.626" classname="com_Milan_Test.WObstetricHistoryPageTest"/>
  <testcase name="saveAdictions" time="5.238" classname="com_Milan_Test.WAddictionsTest">
    <skipped/>
  </testcase> <!-- saveAdictions -->
  <testcase name="saveAdictions" time="6.65" classname="com_Milan_Test.WAddictionsTest"/>
  <testcase name="saveAdictions" time="8.0" classname="com_Milan_Test.WAddictionsTest"/>
  <testcase name="saveAdictions" time="7.617" classname="com_Milan_Test.WAddictionsTest"/>
  <testcase name="saveAdictions" time="7.399" classname="com_Milan_Test.WAddictionsTest"/>
  <testcase name="saveAdictions" time="7.578" classname="com_Milan_Test.WAddictionsTest"/>
  <testcase name="LiveBirthAbovePostTermconditionTest" time="0.656" classname="com_Milan_Test.WObstetricHistoryPageTest"/>
  <testcase name="SaveOutcometypesTest" time="13.055" classname="com_Milan_Test.WObstetricHistoryPageTest"/>
  <testcase name="SinceWhenEnableconditionSinceWhenCaffeineAddictionTest" time="0.0" classname="com_Milan_Test.WAddictionsTest">
    <ignored/>
  </testcase> <!-- SinceWhenEnableconditionSinceWhenCaffeineAddictionTest -->
  <testcase name="OptionSelectedOnAllergyCurrentStstusTest" time="0.0" classname="com_Milan_Test.WAllergiesTest">
    <ignored/>
  </testcase> <!-- OptionSelectedOnAllergyCurrentStstusTest -->
  <testcase name="CurrentStatusEnableConditionAlkoholTest" time="0.0" classname="com_Milan_Test.WAddictionsTest">
    <ignored/>
  </testcase> <!-- CurrentStatusEnableConditionAlkoholTest -->
  <testcase name="SinceWhenEnableconditionSinceWhenMonthForCaffeineAddictionTest" time="0.0" classname="com_Milan_Test.WAddictionsTest">
    <ignored/>
  </testcase> <!-- SinceWhenEnableconditionSinceWhenMonthForCaffeineAddictionTest -->
  <testcase name="SinceWhenEnableconditionSinceWhenMonthAlkoholTest" time="0.0" classname="com_Milan_Test.WAddictionsTest">
    <ignored/>
  </testcase> <!-- SinceWhenEnableconditionSinceWhenMonthAlkoholTest -->
  <testcase name="SenceWhenEnableconditionSinceWhenYearAlkoholTest" time="0.0" classname="com_Milan_Test.WAddictionsTest">
    <ignored/>
  </testcase> <!-- SenceWhenEnableconditionSinceWhenYearAlkoholTest -->
  <testcase name="CurrentStatusEnableConditionAdictionTest" time="0.0" classname="com_Milan_Test.WAddictionsTest">
    <ignored/>
  </testcase> <!-- CurrentStatusEnableConditionAdictionTest -->
  <testcase name="SaveMessage" time="0.0" classname="com_Milan_Test.WAllergiesTest">
    <ignored/>
  </testcase> <!-- SaveMessage -->
  <testcase name="OPUCycleTest" time="0.0" classname="com_Milan_Test.WInvestigationPageTest">
    <ignored/>
  </testcase> <!-- OPUCycleTest -->
  <testcase name="SenceWhenEnableconditionSinceWhenYearTobacoTest" time="0.0" classname="com_Milan_Test.WAddictionsTest">
    <ignored/>
  </testcase> <!-- SenceWhenEnableconditionSinceWhenYearTobacoTest -->
  <testcase name="DeleteFromFavoriteTest" time="0.0" classname="com_Milan_Test.FemaleDiagnosisTest">
    <ignored/>
  </testcase> <!-- DeleteFromFavoriteTest -->
  <testcase name="CurrentStatusEnableConditionTobacoTest" time="0.0" classname="com_Milan_Test.WAddictionsTest">
    <ignored/>
  </testcase> <!-- CurrentStatusEnableConditionTobacoTest -->
  <testcase name="SinceWhenEnableconditionSinceWhenMonthSmokeTest" time="0.0" classname="com_Milan_Test.WAddictionsTest">
    <ignored/>
  </testcase> <!-- SinceWhenEnableconditionSinceWhenMonthSmokeTest -->
  <testcase name="ExistingPatientDrugAllergyTypeTest" time="0.0" classname="com_Milan_Test.WAllergiesTest">
    <ignored/>
  </testcase> <!-- ExistingPatientDrugAllergyTypeTest -->
  <testcase name="DatacreationTest" time="0.0" classname="com_Milan_Test.HomePageTest">
    <ignored/>
  </testcase> <!-- DatacreationTest -->
  <testcase name="CycleCreationTest" time="0.0" classname="com_Milan_Test.WInvestigationPageTest">
    <ignored/>
  </testcase> <!-- CycleCreationTest -->
  <testcase name="CurrentStatusEnableConditionCaffeineAddictionTest" time="0.0" classname="com_Milan_Test.WAddictionsTest">
    <ignored/>
  </testcase> <!-- CurrentStatusEnableConditionCaffeineAddictionTest -->
  <testcase name="SinceWhenEnableconditionSinceWhenMonthForDrugAdictionTest" time="0.0" classname="com_Milan_Test.WAddictionsTest">
    <ignored/>
  </testcase> <!-- SinceWhenEnableconditionSinceWhenMonthForDrugAdictionTest -->
  <testcase name="CurrentStatusEnableConditionSmokeTest" time="0.0" classname="com_Milan_Test.WAddictionsTest">
    <ignored/>
  </testcase> <!-- CurrentStatusEnableConditionSmokeTest -->
  <testcase name="SenceWhenEnableconditionSinceWhenDrugAddictionYearTest" time="0.0" classname="com_Milan_Test.WAddictionsTest">
    <ignored/>
  </testcase> <!-- SenceWhenEnableconditionSinceWhenDrugAddictionYearTest -->
  <testcase name="SenceWhenEnableconditionSinceWhenYearSmokeTest" time="0.0" classname="com_Milan_Test.WAddictionsTest">
    <ignored/>
  </testcase> <!-- SenceWhenEnableconditionSinceWhenYearSmokeTest -->
  <testcase name="SinceWhenEnableconditionSinceWhenMonthTobocoTest" time="0.0" classname="com_Milan_Test.WAddictionsTest">
    <ignored/>
  </testcase> <!-- SinceWhenEnableconditionSinceWhenMonthTobocoTest -->
  <testcase name="AddNewAllergiesTest" time="0.0" classname="com_Milan_Test.WAllergiesTest">
    <ignored/>
  </testcase> <!-- AddNewAllergiesTest -->
  <testcase name="FoodAllergyvalidationTest" time="0.0" classname="com_Milan_Test.WAllergiesTest">
    <ignored/>
  </testcase> <!-- FoodAllergyvalidationTest -->
  <testcase name="saveNewAdictions" time="0.0" classname="com_Milan_Test.WAddictionsTest">
    <ignored/>
  </testcase> <!-- saveNewAdictions -->
</testsuite> <!-- IVFTEST -->
